-0.000000000000000000e+00
-0.000000000000000000e+00
-2.017271260036350693e-03
-8.559346136385396694e-03
-2.058072204477788200e-02
-3.906871238235010146e-02
-6.461792968947235871e-02
-9.695977218262868957e-02
-1.346539350960599124e-01
-1.751406703459341130e-01
-2.152103206837598648e-01
-2.517350295513015590e-01
-2.823664517027933973e-01
-3.059309367598960772e-01
-3.224253710054380551e-01
-3.327098959004788359e-01
-3.380894691718444034e-01
-3.399485674378618372e-01
-3.395134011923870432e-01
-3.377372105298482863e-01
-3.352680777620815067e-01
-3.324580681472066868e-01
-3.293883955849908896e-01
-3.259035574942745206e-01
-3.216607234330888798e-01
-3.162052378221798521e-01
-3.090766596928309351e-01
-2.999334883747073466e-01
-2.886661629282837871e-01
-2.754597795802554150e-01
-2.607797733705643495e-01
-2.452821380829550979e-01
-2.296782637688826179e-01
-2.145964058530991092e-01
-2.004730788250180806e-01
-1.874877561994596487e-01
-1.755364139241941401e-01
-1.642314576673022108e-01
-1.529176666091452697e-01
-1.407018506189230411e-01
-1.265030279364829369e-01
-1.091358208939487012e-01
-8.743884113171246364e-02
-6.044956915305647188e-02
-2.760812662636300333e-02
1.104961341322875309e-02
5.476279060142789229e-02
1.020281673970863529e-01
1.507164666109946927e-01
1.983069585433471504e-01
2.421913074305225566e-01
2.799796121880510635e-01
3.097431113058820018e-01
3.301477554072348441e-01
3.404656119154657601e-01
3.404871993512509354e-01
3.303842526018516135e-01
3.105788697000140264e-01
2.816609733056811837e-01
2.443704993310190920e-01
1.996351729700023003e-01
1.486367351618643751e-01
9.287042607380362191e-02
3.416371440480561739e-02
-2.537088064536157164e-02
-8.345895414435486326e-02
-1.378537061378677653e-01
-1.865604505300311744e-01
-2.280468114916349154e-01
-2.613833617145478461e-01
-2.862732577467306805e-01
-3.029622759908531804e-01
-3.120594614009485346e-01
-3.143244735568380133e-01
-3.104796724239465844e-01
-3.010871259585135018e-01
-2.865061542852512244e-01
-2.669267691222339534e-01
-2.424619718679973945e-01
-2.132754536394259604e-01
-1.797179721867184221e-01
-1.424445139829897400e-01
-1.024860306012183586e-01
-6.125518715295363847e-02
-2.047548255333198064e-02
1.796334987372780537e-02
5.220485589968813095e-02
8.064558357330064986e-02
1.021290157971331686e-01
1.160676679135660971e-01
1.224633011815852712e-01
1.218243302794932009e-01
1.150098145793042453e-01
1.030469690938963928e-01
8.696781071446679778e-02
6.769516994733679183e-02
4.598892514392000086e-02
2.244785832222899458e-02
-2.446371235591970547e-03
-2.826022155016458606e-02
-5.453192700609069132e-02
-8.070474430786751807e-02
-1.060848339024200726e-01
-1.298352140277665989e-01
-1.510111307135101888e-01
-1.686336388107577688e-01
-1.817886110303663094e-01
-1.897306214725034690e-01
-1.919685271439913743e-01
-1.883141615117971679e-01
-1.788864079975904520e-01
-1.640758698848724939e-01
-1.444850708624660363e-01
-1.208621723131564907e-01
-9.404269865894163138e-02
-6.490659001778777137e-02
-3.435051681637366766e-02
-3.270172990635308603e-03
2.745490593666557316e-02
5.698075198416729242e-02
8.452646342175899885e-02
1.094095087053825466e-01
1.310843032808512720e-01
1.491765033886940373e-01
1.635048438218084932e-01
1.740846284819632106e-01
1.811115292426362378e-01
1.849294949805704025e-01
1.859903588160118360e-01
1.848138607765189290e-01
1.819551856966765413e-01
1.779836979473012060e-01
1.734726751793141952e-01
1.689966214293531499e-01
1.651308029223855500e-01
1.624471938226332568e-01
1.615019960174836622e-01
1.628121348627765974e-01
1.668213148295111248e-01
1.738597760364568034e-01
1.841049510206764772e-01
1.975517511176675955e-01
2.140004121188143760e-01
2.330665840999443794e-01
2.542134585027089888e-01
2.768006711656045282e-01
3.001410660376640505e-01
3.235551527286295026e-01
3.464143669241009915e-01
3.681674063394568264e-01
3.883479412493743288e-01
4.065658787456982171e-01
4.224873609639574479e-01
4.358104198278565655e-01
4.462436006213844619e-01
4.534939648373078058e-01
4.572688055531531348e-01
4.572923400301609487e-01
4.533349690679296939e-01
4.452491431755475348e-01
4.330034957859472122e-01
4.167066895483930722e-01
3.966147472640125238e-01
3.731198600673416022e-01
3.467232893645598724e-01
3.179983846431246874e-01
2.875509670399964968e-01
2.559834147496544698e-01
2.238665172490746091e-01
1.917205466325717367e-01
1.600048116795744491e-01
1.291136052907023712e-01
9.937597320348093288e-02
7.105695614876603172e-02
4.435864016926071435e-02
1.942023603035528817e-02
-3.682727356783376069e-03
-2.493935057905501129e-02
-4.440337432402702983e-02
-6.219121302776631222e-02
-7.847733329269138136e-02
-9.348684993986711156e-02
-1.074857694513628309e-01
-1.207696981522778518e-01
-1.336519428521704966e-01
-1.464517573240629589e-01
-1.594831172457492896e-01
-1.730439861887555220e-01
-1.874057210458336953e-01
-2.028021746241474021e-01
-2.194182371284128241e-01
-2.373779903269703506e-01
-2.567332280326901084e-01
-2.774536675535162478e-01
-2.994205574574917428e-01
-3.224254153608938078e-01
-3.461752133893288286e-01
-3.703044875871399078e-01
-3.943937255547609877e-01
-4.179922302262547018e-01
-4.406427546465220835e-01
-4.619048024254173712e-01
-4.813737280658589857e-01
-4.986936283935935466e-01
-5.135633069281938523e-01
-5.257360154566729227e-01
-5.350148908010429194e-01
-5.412467208533798813e-01
-5.443167282112030270e-01
-5.441464493582901518e-01
-5.406956674074100411e-01
-5.339680049759512048e-01
-5.240185433621862288e-01
-5.109610332191203419e-01
-4.949721231397217203e-01
-4.762905943723003133e-01
-4.552106801482522780e-01
-4.320698376127457552e-01
-4.072324617256544155e-01
-3.810717078708589223e-01
-3.539517184363132341e-01
-3.262121958905003227e-01
-2.981566104069026113e-01
-2.700445837706617058e-01
-2.420883275424858538e-01
-2.144525379058494774e-01
-1.872568965314265477e-01
-1.605802754301027813e-01
-1.344658416559540715e-01
-1.089264420435643171e-01
-8.394986118922358187e-02
-5.950374366312218000e-02
-3.554012686574070656e-02
-1.199963291838923932e-02
1.118458176256338990e-02
3.408301180883881870e-02
5.676603453767461310e-02
7.930013211852388055e-02
1.017440857874779975e-01
1.241451610383651205e-01
1.465353409284193831e-01
1.689277071173476696e-01
1.913131180098611439e-01
2.136573895251286381e-01
2.358992394089862443e-01
2.579492966304536283e-01
2.796904843262548734e-01
3.009800385567660830e-01
3.216533123201534283e-01
3.415293342525841380e-01
3.604178619450759680e-01
3.781274281273251381e-01
3.944736759885310029e-01
4.092871723969425668e-01
4.224199161955582427e-01
4.337499354844379096e-01
4.431836672624820950e-01
4.506561742458804476e-01
4.561295964060965713e-01
4.595904809686264247e-01
4.610467315360479712e-01
4.605248505117295332e-01
4.580679446843884395e-01
4.537346770378851701e-01
4.475990476423671871e-01
4.397506389368857072e-01
4.302948153440518952e-01
4.193523482908594890e-01
4.070580414071895414e-01
3.935581273324567086e-01
3.790064497912177810e-01
3.635596788681214053e-01
3.473719866774898635e-01
3.305897045394216027e-01
3.133464827479832682e-01
2.957593921175324381e-01
2.779262693274507923e-01
2.599244481522637318e-01
2.418108660297616508e-01
2.236234118574026153e-01
2.053832974240770992e-01
1.870981923826978699e-01
1.687658547139464782e-01
1.503780050419127878e-01
1.319242233191567915e-01
1.133956815699489612e-01
9.478856082294162544e-02
7.610703133271701226e-02
5.736570220899971095e-02
3.859147041172093784e-02
1.982472080118497307e-02
1.119849334462443219e-03
-1.745489910047386475e-02
-3.581826824195920300e-02
-5.387747566489951845e-02
-7.153030020464527794e-02
-8.866770740019873365e-02
-1.051769276912189466e-01
-1.209448779627663451e-01
-1.358617903594046272e-01
-1.498248855269401492e-01
-1.627419050603367001e-01
-1.745343058703887340e-01
-1.851399235024578094e-01
-1.945149365607694580e-01
-2.026350112743789678e-01
-2.094955702540580444e-01
-2.151112044405291968e-01
-2.195143207909275862e-01
-2.227531784031493711e-01
-2.248895027918349221e-01
-2.259958767938685109e-01
-2.261530877791184113e-01
-2.254475705838356603e-01
-2.239690337118616092e-01
-2.218083039986351312e-01
-2.190553820642154315e-01
-2.157976743707821776e-01
-2.121183603384927396e-01
-2.080948634240646078e-01
-2.037974186220473660e-01
-1.992877587146488494e-01
-1.946179703840741071e-01
-1.898295924486975150e-01
-1.849530373641345149e-01
-1.800074116988126249e-01
-1.750007922099932611e-01
-1.699309843953502042e-01
-1.647867545358202845e-01
-1.595494894638114780e-01
-1.541952054630189861e-01
-1.486968026443108160e-01
-1.430264461396529019e-01
-1.371579511653287231e-01
-1.310690546115154675e-01
-1.247434694136708294e-01
-1.181726370355168504e-01
-1.113571152862919550e-01
-1.043075610004359638e-01
-9.704528794105607425e-02
-8.960239841984751763e-02
-8.202150199086451210e-02
-7.435504618387517306e-02
-6.666429302398881040e-02
-5.901798169848893050e-02
-5.149072288682874504e-02
-4.416117456505089245e-02
-3.711005291799457373e-02
-3.041803546909952957e-02
-2.416361654885078661e-02
-1.842097746027024710e-02
-1.325793475174999805e-02
-8.734029452491923196e-03
-4.898817613809242771e-03
-1.790417808711191423e-03
5.656356929039691069e-04
2.157194441195761647e-03
2.985923376495368004e-03
3.067338344042152155e-03
2.430451029049442678e-03
1.117032845474412277e-03
-8.194768167818769142e-04
-3.315379607554673914e-03
-6.298394757652739720e-03
-9.689544327886450217e-03
-1.340518208024481066e-02
-1.735909776434292617e-02
-2.146462871697171412e-02
-2.563671380578852119e-02
-2.979383045444574177e-02
-3.385976311218914792e-02
-3.776516031579956606e-02
-4.144884667541895440e-02
-4.485886504115815798e-02
-4.795323230202871295e-02
-5.070039949259606132e-02
-5.307941313631026753e-02
-5.507978024965187042e-02
-5.670104453231360891e-02
-5.795208641350173967e-02
-5.885016523676338956e-02
-5.941972826714207040e-02
-5.969101853364741639e-02
-5.969852166587102937e-02
-5.947930043945132833e-02
-5.907127399497655307e-02
-5.851150564434063478e-02
-5.783456764279081702e-02
-5.707105206167990830e-02
-5.624629289804000676e-02
-5.537935517435955274e-02
-5.448233204272889818e-02
-5.355997165941278615e-02
-5.260963353896705441e-02
-5.162155163969765759e-02
-5.057936136468248883e-02
-4.946083268989019677e-02
-4.823874385570559725e-02
-4.688183052803297085e-02
-4.535575376803475944e-02
-4.362404491322410816e-02
-4.164900383613340251e-02
-3.939254565820923815e-02
-3.681700649120189794e-02
-3.388592839577391630e-02
-3.056484583983109377e-02
-2.682209027863003553e-02
-2.262961730417680645e-02
-1.796384460939782698e-02
-1.280647206149819473e-02
-7.145240934983723008e-03
-9.745807921170309947e-04
5.703908463617671752e-03
1.288118469363764944e-02
2.054073285379551597e-02
2.865878742682041042e-02
3.720479868890616548e-02
4.614211350690448216e-02
5.542882506273555387e-02
6.501873508648400857e-02
7.486236755256638065e-02
8.490797407987196732e-02
9.510247747530248263e-02
1.053923095789788267e-01
1.157241113537691435e-01
1.260452757394765200e-01
1.363043262049820625e-01
1.464511355570542739e-01
1.564370000530644900e-01
1.662145930343544853e-01
1.757378300174995966e-01
1.849616832771767971e-01
1.938419881434901015e-01
2.023352851054368295e-01
2.103987408426012118e-01
2.179901869484769106e-01
2.250683068989455249e-01
2.315929895487350287e-01
2.375258513386199200e-01
2.428309103170603889e-01
2.474753746041774005e-01
2.514304883517505251e-01
2.546723623946734461e-01
2.571827075725568457e-01
2.589493885911894888e-01
2.599667266724701165e-01
2.602354998844962908e-01
2.597626188901390742e-01
2.585604891809377692e-01
2.566461038903465330e-01
2.540399390664471735e-01
2.507647417192151451e-01
2.468443075699167100e-01
2.423023398135790707e-01
2.371614639758957699e-01
2.314424502853835441e-01
2.251636679235423100e-01
2.183407691696618302e-01
2.109865793419237745e-01
2.031111530264452791e-01
1.947219495953959878e-01
1.858240814016697828e-01
1.764205951705682673e-01
1.665127590556854942e-01
1.561003422050558087e-01
1.451818880434000703e-01
1.337549946538105772e-01
1.218166240495015817e-01
1.093634659237118639e-01
9.639238059610397147e-02
8.290094096013704561e-02
6.888808537630020101e-02
5.435488396886514750e-02
3.930541095668317608e-02
2.374770653966247827e-02
7.694804176195163894e-03
-8.834206872690777979e-03
-2.581311816375271920e-02
-4.320757532381805377e-02
-6.097412774584391737e-02
-7.905939683605511803e-02
-9.739940771281634102e-02
-1.159191328302411894e-01
-1.345323001952670738e-01
-1.531415229295354785e-01
-1.716388094986686375e-01
-1.899065129600772672e-01
-2.078187705876786417e-01
-2.252434696718580986e-01
-2.420447491332270440e-01
-2.580860090467955170e-01
-2.732333524879964615e-01
-2.873593301449815507e-01
-3.003468045398117181e-01
-3.120927063582766836e-01
-3.225114300566692682e-01
-3.315376180691073094e-01
-3.391281173243295144e-01
-3.452629573546414643e-01
-3.499452883650924218e-01
-3.532003168275821836e-01
-3.550733690275799104e-01
-3.556272838237577449e-01
-3.549393735129394711e-01
-3.530981920730085211e-01
-3.502003169033841568e-01
-3.463472936217807940e-01
-3.416428272303244640e-01
-3.361902410172056266e-01
-3.300901781964347137e-01
-3.234384971390817376e-01
-3.163243103920976851e-01
-3.088281369136615107e-01
-3.010201689497765676e-01
-2.929586909214164647e-01
-2.846887189985010669e-01
-2.762409499742742303e-01
-2.676311128105619552e-01
-2.588598052753389722e-01
-2.499128738685539031e-01
-2.407623622440347722e-01
-2.313680170258934077e-01
-2.216793055026462789e-01
-2.116378712450922295e-01
-2.011803336753838767e-01
-1.902413267197622104e-01
-1.787566691244941441e-01
-1.666665629880202948e-01
-1.539187252233784886e-01
-1.404713666087074597e-01
-1.262959426835347232e-01
-1.113796083811435661e-01
-9.572731296393786893e-02
-7.936347327220572012e-02
-6.233316199066073898e-02
-4.470274485298671857e-02
-2.655989848493396643e-02
-8.012941643150557972e-03
1.081057991726682224e-02
2.976609766207259297e-02
4.869502711334027650e-02
6.742854831492392509e-02
8.579207608168272492e-02
1.036102728143602492e-01
1.207123917219026649e-01
1.369376814207658444e-01
1.521405451151061627e-01
1.661951392044118958e-01
1.789991241297344549e-01
1.904763455855261189e-01
2.005783205455599905e-01
2.092845164132217939e-01
2.166015247080621819e-01
2.225613238181374798e-01
2.272188828351954515e-01
2.306493720350288879e-01
2.329452160776478431e-01
2.342131631297440786e-01
2.345714626524992019e-01
2.341471646494208969e-01
2.330734901070623810e-01
2.314871875947298319e-01
2.295257891053809063e-01
2.273247067274202504e-01
2.250141622549358122e-01
2.227160023360887919e-01
2.205405092632929664e-01
2.185833607641366472e-01
2.169229136067523933e-01
2.156179826764287322e-01
2.147062612915932867e-01
2.142034854896934237e-01
2.141033925283271078e-01
2.143784699871890409e-01
2.149814435607238505e-01
2.158474137155947381e-01
2.168965261720961213e-01
2.180370486595223367e-01
2.191687248336373073e-01
2.201862828179461107e-01
2.209829873571429737e-01
2.214541380359544287e-01
2.215004289265109783e-01
2.210310956037312979e-01
2.199667827292726141e-01
2.182420691874928653e-01
2.158075887049328290e-01
2.126316833953003360e-01
2.087015277746406272e-01
2.040236639216831127e-01
1.986238971029071765e-01
1.925465174092428899e-01
1.858528378847811580e-01
1.786190729604262006e-01
1.709336206845911976e-01
1.628938544500496688e-01
1.546025694258088834e-01
1.461642598347630551e-01
1.376814200874930394e-01
1.292510616623165631e-01
1.209616171466742496e-01
1.128903648013429295e-01
1.051014562423744358e-01
9.764457357134265214e-02
9.055418878245873049e-02
8.384935525419889846e-02
7.753393427364554946e-02
7.159715142708258928e-02
6.601438741801347876e-02
6.074813139453733024e-02
5.574905593850080360e-02
5.095720437781281476e-02
4.630330645875402329e-02
4.171025283063112266e-02
3.709475995791559205e-02
3.236924547160060367e-02
2.744391255677544258e-02
2.222901539701208767e-02
1.663725125122912998e-02
1.058620326969279650e-02
4.000745160255622136e-03
-3.184684084131301877e-03
-1.102402032733815554e-02
-1.955779958878675964e-02
-2.881171936641753820e-02
-3.879556599489775853e-02
-4.950251879054463899e-02
-6.090882634321086869e-02
-7.297384007840738984e-02
-8.564038542156128531e-02
-9.883545099030555114e-02
-1.124711800260609351e-01
-1.264461541500066788e-01
-1.406469656710390148e-01
-1.549500791993021209e-01
-1.692239844089421241e-01
-1.833316378405843439e-01
-1.971331814377795255e-01
-2.104889085385918401e-01
-2.232624247273540807e-01
-2.353239229720406056e-01
-2.465534629041777892e-01
-2.568441173026776436e-01
-2.661048300013937884e-01
-2.742628236952807108e-01
-2.812654074306927821e-01
-2.870810635186490378e-01
-2.916997405412662392e-01
-2.951323378934486152e-01
-2.974094299497961891e-01
-2.985793351465607093e-01
-2.987056782955447298e-01
-2.978646171020193911e-01
-2.961419038237920742e-01
-2.936299322638776244e-01
-2.904248845195998019e-01
-2.866240491146722635e-01
-2.823233408482629381e-01
-2.776150202451539428e-01
-2.725855917300580300e-01
-2.673138562610103963e-01
-2.618691046703970904e-01
-2.563094583445947872e-01
-2.506803885307420932e-01
-2.450134685234638954e-01
-2.393254290538446016e-01
-2.336175928374142619e-01
-2.278757580616394551e-01
-2.220705834439133664e-01
-2.161585020440164040e-01
-2.100831611011962918e-01
-2.037773549509105664e-01
-1.971653912858397362e-01
-1.901658103679762513e-01
-1.826943636646612135e-01
-1.746671528355031866e-01
-1.660038309981279603e-01
-1.566307739649727415e-01
-1.464841375508358634e-01
-1.355127260186876348e-01
-1.236806045099751589e-01
-1.109693936858731078e-01
-9.738018724371022561e-02
-8.293503265106096090e-02
-6.767791327865949058e-02
-5.167516772893205462e-02
-3.501528175893659639e-02
-1.780799239589516553e-02
-1.826553486531879908e-04
1.771415199829460066e-02
3.572178737505400659e-02
5.366941207578026368e-02
7.138047039521167036e-02
8.867762229799037998e-02
1.053879168435239155e-01
1.213479501461850879e-01
1.364087279150169585e-01
1.504399564416586399e-01
1.633335212789963631e-01
1.750059784687673925e-01
1.853999716878795279e-01
1.944845874227606464e-01
2.022547535064876667e-01
2.087298585814509611e-01
2.139518096045859019e-01
2.179827462739183375e-01
2.209025978227732723e-01
2.228066085879901181e-01
2.238028883338756547e-01
2.240099770818631264e-01
2.235543657341894919e-01
2.225678920066706257e-01
2.211849389064310945e-01
2.195393968340002278e-01
2.177614020088874114e-01
2.159739220897075596e-01
2.142893129597834567e-01
2.128060089547531009e-01
2.116055261631035744e-01
2.107499529854433840e-01
2.102800761366829529e-01
2.102142490550129583e-01
2.105480602342629237e-01
2.112548084617462962e-01
2.122867463659786347e-01
2.135770172229890518e-01
2.150421846536315629e-01
2.165852407056467754e-01
2.180989733687741239e-01
2.194695773876753353e-01
2.205803994956050396e-01
2.213157181423987541e-01
2.215644660931732068e-01
2.212238102307269305e-01
2.202025056061721331e-01
2.184239402518503848e-01
2.158287844452307924e-01
2.123771548369828566e-01
2.080502026973042040e-01
2.028510394448733434e-01
1.968049244479829762e-01
1.899586619613206073e-01
1.823791867894713481e-01
1.741513608283719317e-01
1.653750519451371304e-01
1.561616177081968093e-01
1.466299629099000745e-01
1.369023748690727793e-01
1.271003582086658867e-01
1.173406872713542437e-01
1.077318687063063551e-01
9.837116170567566931e-02
8.934224488986115820e-02
8.071355534732764514e-02
7.253726616860950438e-02
6.484882250665945091e-02
5.766692885776048688e-02
5.099387445589451118e-02
4.481609803782823920e-02
3.910492285565995291e-02
3.381743031460861942e-02
2.889747766566339027e-02
2.427689411426854280e-02
1.987690491525305816e-02
1.560983191578628818e-02
1.138110229993791710e-02
7.091568648759358218e-03
2.640108552729636751e-03
-2.073562646346858128e-03
-7.145960946965761694e-03
-1.266689771912181926e-02
-1.871665749665667178e-02
-2.536340194431296879e-02
-3.266089612952306764e-02
-4.064663055407026493e-02
-4.934038723764516687e-02
-5.874327408133394463e-02
-6.883723152263088174e-02
-7.958500077092418856e-02
-9.093053420031617373e-02
-1.027998253016384478e-01
-1.151021367171447540e-01
-1.277316085313018046e-01
-1.405692330912432508e-01
-1.534851849870456919e-01
-1.663414933203012924e-01
-1.789950362241556903e-01
-1.913008235651211253e-01
-2.031155126036561787e-01
-2.143010741715404011e-01
-2.247284962639982397e-01
-2.342813820652911161e-01
-2.428592758018456033e-01
-2.503805383747987889e-01
-2.567846006438860851e-01
-2.620334485576341077e-01
-2.661122407404694634e-01
-2.690290213853946955e-01
-2.708135614542864222e-01
-2.715154290419849459e-01
-2.712014448718574888e-01
-2.699527128795036202e-01
-2.678614242577306293e-01
-2.650276165843854503e-01
-2.615560327586989309e-01
-2.575531758072217015e-01
-2.531246050116001678e-01
-2.483724754950890345e-01
-2.433932943219357659e-01
-2.382758548701856549e-01
-2.330993175745312285e-01
-2.279314256052100418e-01
-2.228268727592273568e-01
-2.178258707854160703e-01
-2.129529878004889631e-01
-2.082163431157272315e-01
-2.036072437551925407e-01
-1.991003339648978465e-01
-1.946543033453366212e-01
-1.902131659922005336e-01
-1.857080872146059936e-01
-1.810597009311143424e-01
-1.761808336839589817e-01
-1.709795328260671210e-01
-1.653622876132153086e-01
-1.592373319466406922e-01
-1.525179245038947307e-01
-1.451255134800726876e-01
-1.369927065034991787e-01
-1.280659791069077569e-01
-1.183080655762171612e-01
-1.076999829127018998e-01
-9.624264165897190859e-02
-8.395799688337619859e-02
-7.088968989640952179e-02
-5.710312819809786750e-02
-4.268495021007966822e-02
-2.774182535509502057e-02
-1.239855182601294452e-02
3.204563739297329635e-03
1.891502725186445730e-02
3.457211733707249435e-02
5.001137095509256697e-02
6.506942559929695946e-02
7.958899855575775339e-02
9.342374642972446630e-02
1.064427329239590186e-01
1.185342462474633929e-01
1.296087519582861669e-01
1.396008393500648981e-01
1.484701106994103514e-01
1.562010592244260365e-01
1.628020678987845971e-01
1.683037231471287420e-01
1.727566653687057641e-01
1.762291894486631427e-01
1.788047674885833160e-01
1.805796035868192373e-01
1.816602608490965609e-01
1.821613385403015872e-01
1.822031344436620681e-01
1.819092113249912990e-01
1.814037983094674289e-01
1.808089937088553645e-01
1.802417867551444897e-01
1.798109708330276613e-01
1.796140691838309933e-01
1.797344268241566900e-01
1.802386343486957476e-01
1.811744393584683033e-01
1.825692723670904460e-01
1.844294719200539334e-01
1.867402454093904651e-01
1.894663546373612784e-01
1.925534742094807683e-01
1.959301399296848323e-01
1.995101849569962671e-01
2.031955530811931643e-01
2.068793792216034877e-01
2.104492345093737227e-01
2.137904442057462218e-01
2.167893985341884100e-01
2.193367869957495442e-01
2.213306942256921817e-01
2.226794989720234930e-01
2.233045171632827008e-01
2.231423259766912859e-01
2.221466998926150127e-01
2.202900842975891449e-01
2.175645302019793281e-01
2.139820181307328650e-01
2.095741128457933866e-01
2.043909147943179516e-01
1.984993088962338226e-01
1.919805542903573192e-01
1.849273057054163782e-01
1.774402023654164939e-01
1.696241972115304641e-01
1.615848216207605159e-01
1.534245843387415376e-01
1.452396863950534966e-01
1.371171980295695370e-01
1.291327940392588969e-01
1.213490877899991299e-01
1.138145498449062015e-01
1.065629526498973745e-01
9.961325390505436361e-02
9.296982100431182283e-02
8.662290665546337753e-02
8.054930773975178815e-02
7.471316959979291961e-02
6.906692921434574861e-02
6.355241646274713274e-02
5.810214783549742801e-02
5.264084889022288549e-02
4.708723063249652119e-02
4.135602350147983552e-02
3.536024525904819110e-02
2.901365110140429610e-02
2.223329069921559445e-02
1.494208133904719425e-02
7.071300771468698801e-03
-1.437092300219501659e-03
-1.062838967202170762e-02
-2.053337880753886013e-02
-3.116694361224840726e-02
-4.252704375231363548e-02
-5.459407976844820459e-02
-6.733064021742102279e-02
-8.068162118125468685e-02
-9.457470733599789015e-02
-1.089212063354123017e-01
-1.236172330460542923e-01
-1.385452453747692547e-01
-1.535759370926959855e-01
-1.685704931718839394e-01
-1.833832078213950001e-01
-1.978644531110481941e-01
-2.118639659736634151e-01
-2.252343937564507681e-01
-2.378350051216055194e-01
-2.495354374861847857e-01
-2.602193195154267058e-01
-2.697875837388048481e-01
-2.781612765132596699e-01
-2.852836853076260448e-01
-2.911216387179563214e-01
-2.956658907851512086e-01
-2.989305717577388499e-01
-3.009517625719402290e-01
-3.017853185022319473e-01
-3.015041180061077131e-01
-3.001949383469406096e-01
-2.979551576323246631e-01
-2.948894562727881752e-01
-2.911066468192982648e-01
-2.867167095781333885e-01
-2.818280626235943886e-01
-2.765450574437868236e-01
-2.709656708967752570e-01
-2.651793619925136847e-01
-2.592650760804786070e-01
-2.532894042089244846e-01
-2.473049349358129589e-01
-2.413488626540166992e-01
-2.354419345490121052e-01
-2.295878237164476199e-01
-2.237730074194649865e-01
-2.179672082541364020e-01
-2.121244255125690481e-01
-2.061845489423226041e-01
-2.000755123278118441e-01
-1.937159141650230398e-01
-1.870180101853348431e-01
-1.798909690394125127e-01
-1.722442779557368797e-01
-1.639911882629724593e-01
-1.550520991264854320e-01
-1.453577891852520787e-01
-1.348524175716144524e-01
-1.234962260577061460e-01
-1.112678814353178641e-01
-9.816640108773187767e-02
-8.421260524129207947e-02
-6.945003758096564284e-02
-5.394529351949083062e-02
-3.778769480419880838e-02
-2.108825314364737649e-02
-3.977877060268500582e-03
1.339520221015286922e-02
3.086877663424636084e-02
4.827072495956045983e-02
6.542368532593774433e-02
8.215016918234574472e-02
9.827789243910342587e-02
1.136450553821052312e-01
1.281052799554193988e-01
1.415319194413251769e-01
1.538214952708937266e-01
1.648960868936736046e-01
1.747045951087994597e-01
1.832229032734927765e-01
1.904530576138021014e-01
1.964216613246556054e-01
2.011777154537787993e-01
2.047901380173533237e-01
2.073451548260385191e-01
2.089436916986646131e-01
2.096988232456645229e-01
2.097332644217733688e-01
2.091768414073147397e-01
2.081638568876409412e-01
2.068302738826797715e-01
2.053106780262792808e-01
2.037350316964037789e-01
2.022252929359723006e-01
2.008920257111546925e-01
1.998311658553227343e-01
1.991211229406885386e-01
1.988203907002462911e-01
1.989658101111987931e-01
1.995715856225843965e-01
2.006291036651002557e-01
2.021075509645646751e-01
2.039552844876011406e-01
2.061018692331186841e-01
2.084606764167190873e-01
2.109319226857808427e-01
2.134060291126086695e-01
2.157671841818555591e-01
2.178970048201307186e-01
2.196782008399162378e-01
2.209981585628914835e-01
2.217523670786166468e-01
2.218476145985163739e-01
2.212048825742146951e-01
2.197618624816071176e-01
2.174750161512561952e-01
2.143210977443815446e-01
2.102980568993517985e-01
2.054252511850003515e-01
1.997429141878830638e-01
1.933108545004434131e-01
1.862063999658116753e-01
1.785216481003719935e-01
1.703601329843222600e-01
1.618330649218761019e-01
1.530553351041848142e-01
1.441414972846412346e-01
1.352019379314862990e-01
1.263394242288345126e-01
1.176461778944524056e-01
1.092015676242779482e-01
1.010704520586569316e-01
9.330214750679650948e-02
8.592994859961251841e-02
7.897110165113055413e-02
7.242712252319365163e-02
6.628436217672781239e-02
6.051474942253143308e-02
5.507667482665694336e-02
4.991601447018767512e-02
4.496732004353966305e-02
4.015521718004903817e-02
3.539605438491363887e-02
3.059983086095020843e-02
2.567240621539988027e-02
2.051796363349818464e-02
1.504166657886274287e-02
9.152422929915466146e-03
2.765653719613801569e-03
-4.194041725629791412e-03
-1.179042667110623971e-02
-2.007346142522132074e-02
-2.907749814962067025e-02
-3.881987984603971209e-02
-4.929996549801057837e-02
-6.049858521563888231e-02
-7.237791635099531662e-02
-8.488176439790008632e-02
-9.793623061296972965e-02
-1.114507505291894018e-01
-1.253194922196305960e-01
-1.394231083472751709e-01
-1.536308396080640348e-01
-1.678029670553632113e-01
-1.817936051083393345e-01
-1.954538143835040376e-01
-2.086349932422615627e-01
-2.211924797009951482e-01
-2.329892632155765864e-01
-2.438996726254322178e-01
-2.538128775216097477e-01
-2.626360216464377895e-01
-2.702968045436169309e-01
-2.767453457802678818e-01
-2.819552057943415235e-01
-2.859234959000579446e-01
-2.886700802582194969e-01
-2.902359446932011866e-01
-2.906808700433931025e-01
-2.900805915359087050e-01
-2.885236442816064839e-01
-2.861080870739061144e-01
-2.829382659500539465e-01
-2.791217331366658838e-01
-2.747663858957399841e-01
-2.699778432535424599e-01
-2.648570445502048676e-01
-2.594980368663915016e-01
-2.539859195521251278e-01
-2.483949306276210245e-01
-2.427866863615898985e-01
-2.372086150135741811e-01
-2.316926516411496606e-01
-2.262542773206456526e-01
-2.208919895715132087e-01
-2.155872802937178201e-01
-2.103051747614921863e-01
-2.049953538054598567e-01
-1.995938460269389425e-01
-1.940252426331812163e-01
-1.882053584292922022e-01
-1.820442414673619225e-01
-1.754494220371534408e-01
-1.683292887492476020e-01
-1.605964838671248007e-01
-1.521712195016531599e-01
-1.429844282392380150e-01
-1.329806738343747852e-01
-1.221207578179406283e-01
-1.103839649684551505e-01
-9.776989403914267129e-02
-8.429982020344121973e-02
-7.001753344191419259e-02
-5.498959434639483224e-02
-3.930494798094263248e-02
-2.307384033705525694e-02
-6.425993448396295424e-03
1.049198311342570966e-02
2.751993334780587427e-02
4.448819273183186873e-02
6.122221319542454215e-02
7.754760733132315398e-02
9.329538912553937691e-02
1.083071459362228844e-01
1.224398555362343072e-01
1.355700702827525028e-01
1.475972314192030010e-01
1.584459479960864114e-01
1.680671684966577872e-01
1.764382752705188628e-01
1.835622258765526038e-01
1.894659357918177522e-01
1.941981324418116939e-01
1.978269069632391797e-01
2.004371512533947297e-01
2.021280043036391139e-01
2.030103584647606485e-01
2.032044089585751945e-01
2.028371820181472662e-01
2.020399569353311942e-01
2.009455071960533079e-01
1.996851218032232866e-01
1.983854209799506552e-01
1.971650391679999892e-01
1.961313008422817805e-01
1.953770515010761488e-01
1.949778213464472554e-01
1.949894911570113631e-01
1.954466013493104393e-01
1.963614019844587555e-01
1.977236908343677768e-01
1.995014359147501137e-01
2.016421341941654066e-01
2.040748235378032627e-01
2.067126421187750751e-01
2.094558182764297838e-01
2.121949723576407598e-01
2.148146177891821218e-01
2.171967585280026036e-01
2.192244912871926799e-01
2.207855311493655825e-01
2.217755866096654815e-01
2.221015137641808579e-01
2.216841791674931950e-01
2.204609576360703760e-01
2.183877866896431208e-01
2.154406958964966146e-01
2.116167301077985508e-01
2.069341934482283596e-01
2.014321584246890340e-01
1.951692128573034590e-01
1.882214559924366981e-01
1.806798015071967856e-01
1.726466945174546241e-01
1.642323959999505978e-01
1.555510244873217485e-01
1.467165653690714056e-01
1.378390583967820104e-01
1.290211527397681912e-01
1.203551783226894933e-01
1.119208276715255995e-01
1.037834820299702171e-01
9.599315805369497412e-02
8.858400526835513711e-02
8.157425579698242279e-02
7.496651941107965178e-02
6.874832779230533042e-02
6.289285767328535448e-02
5.735979652020851277e-02
5.209634888632294625e-02
4.703840927174393616e-02
4.211194287399860209e-02
3.723461634493744482e-02
3.231770698105419781e-02
2.726829382887117556e-02
2.199170309159081613e-02
1.639414887678078761e-02
1.038548420224472829e-02
3.881960314694774851e-03
-3.191113238108248158e-03
-1.089690988190257503e-02
-1.928491620841066290e-02
-2.838911824465736172e-02
-3.822658827048313473e-02
-4.879649502955664409e-02
-6.007954218052508760e-02
-7.203782700483282730e-02
-8.461510421393776682e-02
-9.773743774595983203e-02
-1.113142255608767089e-01
-1.252395869897181269e-01
-1.393941072180955865e-01
-1.536469368950661996e-01
-1.678582445730495976e-01
-1.818820138233105677e-01
-1.955691640177946999e-01
-2.087709533110894411e-01
-2.213425948789742581e-01
-2.331469850926261578e-01
-2.440584088469939517e-01
-2.539660580490983310e-01
-2.627771805057264043e-01
-2.704196740746054872e-01
-2.768439592097240998e-01
-2.820240030811576593e-01
-2.859574273725245530e-01
-2.886647026439976838e-01
-2.901875047232126970e-01
-2.905863717999378482e-01
-2.899378449604609886e-01
-2.883312935779517860e-01
-2.858656189663009717e-01
-2.826459987552324971e-01
-2.787807883158923139e-01
-2.743786441665739817e-01
-2.695458875115113728e-01
-2.643840918613951096e-01
-2.589878617348496115e-01
-2.534427706198967845e-01
-2.478234429814578921e-01
-2.421917917148762034e-01
-2.365954521863951332e-01
-2.310664799297363348e-01
-2.256203954681827162e-01
-2.202556630623624945e-01
-2.149536795411856327e-01
-2.096793264164426851e-01
-2.043821068786086104e-01
-1.989978538191462809e-01
-1.934509606562898332e-01
-1.876570576401782042e-01
-1.815260352987722592e-01
-1.749653049533092253e-01
-1.678831834310832716e-01
-1.601922936725522773e-01
-1.518128825630618295e-01
-1.426759694501254783e-01
-1.327262510242692428e-01
-1.219246985977214121e-01
-1.102507910235802080e-01
-9.770433003621088741e-02
-8.430678494299084780e-02
-7.010211143351627316e-02
-5.515698660662018971e-02
-3.956040157409928398e-02
-2.342255700958478098e-02
-6.873018663649535336e-03
9.941888352863467032e-03
2.686243432283959981e-02
4.371953168725584843e-02
6.033936293270127094e-02
7.654842081442284063e-02
9.217873761829882551e-02
1.070730381452147939e-01
1.210895308507484031e-01
1.341060605226170599e-01
1.460233874426312140e-01
1.567674298759519358e-01
1.662904004331499097e-01
1.745708686144659683e-01
