7.853981633974483900e-01
7.853981633974483900e-01
7.662492116991592717e-01
7.108323862657339731e-01
6.225827274680623136e-01
5.056196962926016170e-01
3.647852867600399618e-01
2.055541136173263672e-01
3.382396631431078965e-02
-1.443213974023247470e-01
-3.227839588721309605e-01
-4.955621290545376145e-01
-6.568995798437065048e-01
-8.015471552457607007e-01
-9.250880609843652458e-01
-1.024187406197026862e+00
-1.096661474419828197e+00
-1.141369455601928040e+00
-1.158009245858794944e+00
-1.146908945948750258e+00
-1.108872940064069779e+00
-1.045103436693909815e+00
-9.571923761800238406e-01
-8.471643381886949653e-01
-7.175427583048239466e-01
-5.714057938431935657e-01
-4.123956311564219157e-01
-2.446507947276962691e-01
-7.264959712829280325e-02
9.901820367881508655e-02
2.659076011484894919e-01
4.239489753411932460e-01
5.696129820904293206e-01
6.999958150925187361e-01
8.128348759685681824e-01
9.064774310483272313e-01
9.798266316441678336e-01
1.032285330430313453e+00
1.063712332359044499e+00
1.074399250277954021e+00
1.065068523711320658e+00
1.036883983417298483e+00
9.914558508360494793e-01
9.308163304617389500e-01
8.573461608054682159e-01
7.736505485463511800e-01
6.824100469422487159e-01
5.862530231355451704e-01
4.876947414311091911e-01
3.891594679123678291e-01
2.930596673250604467e-01
2.018729246609860528e-01
1.181516178005654893e-01
4.442848113823849587e-02
-1.696889225950359847e-02
-6.413657323134558386e-02
-9.577338181890016067e-02
-1.112692898363955019e-01
-1.106907024003518369e-01
-9.468324421293883297e-02
-6.432902365863690797e-02
-2.099764084657251839e-02
3.377481515219560304e-02
9.835336669880900828e-02
1.710058149414355189e-01
2.498438365479004331e-01
3.327304592913242764e-01
4.172004689371433539e-01
5.004475070894351951e-01
5.794156828909371448e-01
6.509938514802922072e-01
7.122651265077191152e-01
7.607406650026689032e-01
7.945200100696249157e-01
8.123578578173724640e-01
8.136521856137068909e-01
7.983836497614739125e-01
7.670319376371357301e-01
7.204827783656752027e-01
6.599303455825051845e-01
5.867786049503120882e-01
5.025504741566793054e-01
4.088201937044782519e-01
3.071857565127139034e-01
1.992905312492879721e-01
8.688675936161971425e-02
-2.808618252039529750e-02
-1.434497798759303278e-01
-2.567998421716520263e-01
-3.656025872517848496e-01
-4.673557516356979247e-01
-5.597685282115495431e-01
-6.409091727624252055e-01
-7.092891021211685798e-01
-7.638817809057952823e-01
-8.040958237044222301e-01
-8.297273418703335901e-01
-8.409106950828615368e-01
-8.380773686153619728e-01
-8.219252970088722909e-01
-7.933973798017317502e-01
-7.536673388637286086e-01
-7.041315138042794075e-01
-6.464047450422669705e-01
-5.823160559260204261e-01
-5.138959174554580400e-01
-4.433438505817192121e-01
-3.729663412304445314e-01
-3.050824786793679966e-01
-2.419065252983376157e-01
-1.854270702092395973e-01
-1.373054366132482329e-01
-9.880973985005025995e-02
-7.078915432205146185e-02
-5.368176916978584234e-02
-4.754328926860151849e-02
-5.208347117125167181e-02
-6.670070336883215933e-02
-9.051017463476096481e-02
-1.223659688472613083e-01
-1.608813100235832461e-01
-2.044535108137942037e-01
-2.513004153296064525e-01
-2.995129037543823869e-01
-3.471236396543872504e-01
-3.921870100034193785e-01
-4.328611579338856874e-01
-4.674818622647212707e-01
-4.946201683152757766e-01
-5.131199741116674318e-01
-5.221163180633912049e-01
-5.210383348965907935e-01
-5.096021446136178579e-01
-4.877985731543190151e-01
-4.558792092158777676e-01
-4.143424782497846515e-01
-3.639195831566315875e-01
-3.055586400832552840e-01
-2.404044591026904265e-01
-1.697715278746411149e-01
-9.510902974233115259e-02
-1.795891701440494037e-02
6.008962101197079519e-02
1.374445783101831409e-01
2.125500706594629641e-01
2.839174633169451734e-01
3.501491932959316378e-01
4.099581498452123940e-01
4.621864238459291174e-01
5.058266087268459277e-01
5.400471768003293205e-01
5.642215923246063358e-01
5.779593840063153021e-01
5.811365456172763455e-01
5.739221022219478385e-01
5.567970831385963271e-01
5.305613490310761016e-01
4.963231204956726761e-01
4.554665219808877730e-01
4.095948804407437693e-01
3.604520580623270520e-01
3.098296001923838139e-01
2.594717203999951094e-01
2.109910219435136569e-01
1.658047767618839319e-01
1.250959173502665389e-01
8.979707926635149828e-02
6.059210367797779329e-02
3.792810846257260726e-02
2.203207891306696586e-02
1.292788034737557545e-02
1.045171084620183377e-02
1.426573386362717244e-02
2.387076621031519741e-02
3.861947222664885437e-02
5.773162982227320050e-02
8.031278801464059036e-02
1.053771157861694285e-01
1.318745436750383693e-01
1.587215450602215139e-01
1.848342390165470528e-01
2.091620572559042546e-01
2.307200877223777313e-01
2.486183878430362204e-01
2.620869713016619196e-01
2.704956858578737022e-01
2.733686880401950958e-01
2.703935941964360490e-01
2.614256140941554896e-01
2.464870739916056874e-01
2.257627664232159104e-01
1.995915885017294777e-01
1.684549964784802789e-01
1.329629190485394630e-01
9.383789239205597710e-02
5.189822165774815588e-02
8.040843198186931051e-03
-3.677579305184969227e-02
-8.154904578321753306e-02
-1.252504263122382056e-01
-1.668462060548719372e-01
-2.053215696379844524e-01
-2.397091310545233223e-01
-2.691217026540122514e-01
-2.927880255895565775e-01
-3.100890388290090116e-01
-3.205914625327955236e-01
-3.240751619395110805e-01
-3.205509602502985000e-01
-3.102662186056482918e-01
-2.936965271754843343e-01
-2.715232053903469667e-01
-2.445979138085361271e-01
-2.138973399448033663e-01
-1.804722928082236055e-01
-1.453962298045985979e-01
-1.097179845451312641e-01
-7.442230243316799720e-02
-4.040007290812813734e-02
-8.428383758329272002e-03
2.084083591216739917e-02
4.688554087082857924e-02
6.931372371304173052e-02
8.786072457012250592e-02
1.023848853038457074e-01
1.128621887655726352e-01
1.193800837907679213e-01
1.221304097079948803e-01
1.214011951699485725e-01
1.175670858225961735e-01
1.110782187339584559e-01
1.024474770708853621e-01
9.223620044437397247e-02
8.103857348422527362e-02
6.946504944073467192e-02
5.812527138320283671e-02
4.761101874639522835e-02
3.847972452168102464e-02
3.123907776138684644e-02
2.633315361756749517e-02
2.413041113677999450e-02
2.491378355156959046e-02
2.887297411012512693e-02
3.609897858064747833e-02
4.658079635007045249e-02
6.020427394550542655e-02
7.675305060608383911e-02
9.591164075800290290e-02
1.172707792708125862e-01
1.403352479219119320e-01
1.645344613216613849e-01
1.892360783311777817e-01
2.137627864965303548e-01
2.374121669445571348e-01
2.594792019467344057e-01
2.792805897105355983e-01
2.961796611414532210e-01
3.096104370119139304e-01
3.190992848375565627e-01
3.242827537534295201e-01
3.249204568705237328e-01
3.209022746981171625e-01
3.122496008393479405e-01
2.991107836262681952e-01
2.817512964215658222e-01
2.605394747738390970e-01
2.359288795156904706e-01
2.084384722254703504e-01
1.786318152719955643e-01
1.470964311704679450e-01
1.144242862768998781e-01
8.119412859056229781e-02
4.795614694584526827e-02
1.521916992688826520e-02
-1.655957972428445668e-02
-4.698229778568863146e-02
-7.571617373282046870e-02
-1.024969427844817371e-01
-1.271306125985643964e-01
-1.494935291539487010e-01
-1.695309116793665138e-01
-1.872539602182607399e-01
-2.027356262111384422e-01
-2.161051370719021536e-01
-2.275413783861744421e-01
-2.372652589816807711e-01
-2.455312110233179856e-01
-2.526180056217131042e-01
-2.588190905533803710e-01
-2.644326774626686860e-01
-2.697518191847093627e-01
-2.750547227053412591e-01
-2.805955402782472352e-01
-2.865958720973915130e-01
-2.932372011166791137e-01
-3.006544664536417444e-01
-3.089309676351780221e-01
-3.180947772948206631e-01
-3.281168222286354741e-01
-3.389107674755636457e-01
-3.503347998608223879e-01
-3.621953513834548222e-01
-3.742527265913198620e-01
-3.862285035227443486e-01
-3.978144718705932670e-01
-4.086827664078565570e-01
-4.184967628596440448e-01
-4.269222415017162597e-01
-4.336383013666330610e-01
-4.383475293674100604e-01
-4.407849910047958453e-01
-4.407257033924810163e-01
-4.379903639867746001e-01
-4.324492256237357779e-01
-4.240241180212224181e-01
-4.126887090581493611e-01
-3.984671711682166162e-01
-3.814314679253696383e-01
-3.616975048168790119e-01
-3.394203993123099949e-01
-3.147891223013205009e-01
-2.880207494457371897e-01
-2.593545402294774593e-01
-2.290460371553834085e-01
-1.973613496456927963e-01
-1.645717581839332699e-01
-1.309487450886205884e-01
-9.675952979507873586e-02
-6.226315935321902195e-02
-2.770717980517967138e-02
6.675107960757209469e-03
4.066682255508247135e-02
7.406913516986313173e-02
1.067023991691054552e-01
1.384068188243092745e-01
1.690427011036537142e-01
1.984903332360626327e-01
2.266495264293023060e-01
2.534388638473449862e-01
2.787946896711718803e-01
3.026698762593490466e-01
3.250324080769319557e-01
3.458638237142164229e-01
3.651575601885774236e-01
3.829172458779204202e-01
3.991549889667894702e-01
4.138897064846481788e-01
4.271455344933929865e-01
4.389503527536275373e-01
4.493344477061305686e-01
4.583293266706253699e-01
4.659666849026046775e-01
4.722775168216371555e-01
4.772913545643608368e-01
4.810356120415159586e-01
4.835350115286147776e-01
4.848110726285439487e-01
4.848816497932867398e-01
4.837605135475803175e-01
4.814569807954126035e-01
4.779756095892200296e-01
4.733159820126567885e-01
4.674726041407821775e-01
4.604349536062811166e-01
4.521877028723300107e-01
4.427111402078527380e-01
4.319818013826518532e-01
4.199733143968607529e-01
4.066574484415091395e-01
3.920053480336980756e-01
3.759889249548159507e-01
3.585823749794542215e-01
3.397637837348636003e-01
3.195167862559092908e-01
2.978322473733536757e-01
2.747099341451145205e-01
2.501601560559155724e-01
2.242053525502950562e-01
1.968816095915423281e-01
1.682400865474665830e-01
1.383483313379875179e-01
1.072914554273349808e-01
7.517313138233039371e-02
4.211636530726825534e-02
8.263985882194568866e-03
-2.622121735339921766e-02
-6.115677962271470758e-02
-9.634134438971342362e-02
-1.315560130593432797e-01
-1.665663164352442216e-01
-2.011248432134449260e-01
-2.349745336982562716e-01
-2.678526143455638997e-01
-2.994951126597864000e-01
-3.296418548331154774e-01
-3.580418129600004273e-01
-3.844586372707803901e-01
-4.086761839044137368e-01
-4.305038321207922403e-01
-4.497813778162833565e-01
-4.663832934380119366e-01
-4.802221580149909075e-01
-4.912510846626005345e-01
-4.994650057798469267e-01
-5.049007171074915146e-01
-5.076356293985335721e-01
-5.077852289012376730e-01
-5.054993030424980160e-01
-5.009570431036821647e-01
-4.943611883920374095e-01
-4.859314232336419681e-01
-4.758972757995361680e-01
-4.644907933708572467e-01
-4.519392799092298851e-01
-4.384583775882456291e-01
-4.242457544937999758e-01
-4.094756276715906251e-01
-3.942943069765361130e-01
-3.788168944760807455e-01
-3.631252204950836115e-01
-3.472670445569961961e-01
-3.312565006197757955e-01
-3.150757233751179109e-01
-2.986775572699781334e-01
-2.819892227532120876e-01
-2.649167948074349632e-01
-2.473503363968104218e-01
-2.291695230714975717e-01
-2.102495935044765840e-01
-1.904674630217523257e-01
-1.697078420344373395e-01
-1.478692075320970911e-01
-1.248694823861712377e-01
-1.006512832729429263e-01
-7.518660302864066391e-02
-4.848079716440045761e-02
-2.057574770545467224e-02
8.447918198988380034e-03
3.846967032712189649e-02
6.932908111014224328e-02
1.008270777904216597e-01
1.327284935955792555e-01
1.647659293871260866e-01
1.966448857312771414e-01
2.280500659095352489e-01
2.586526873550986094e-01
2.881185780487709458e-01
3.161167817146594561e-01
3.423283568388105214e-01
3.664550336545225884e-01
3.882273921415430040e-01
4.074122422446596059e-01
4.238189223903681691e-01
4.373042801535241830e-01
4.477761553787389381e-01
4.551952473180381209e-01
4.595753103271272844e-01
4.609816851755484945e-01
4.595282335553568798e-01
4.553728006999863687e-01
4.487113838434186319e-01
4.397712309151607935e-01
4.288031323615899559e-01
4.160731971085433467e-01
4.018544194066184239e-01
3.864183451943827285e-01
3.700271341951685833e-01
3.529262879131372377e-01
3.353382758613049353e-01
3.174572455478252841e-01
2.994449493856003452e-01
2.814279673813352978e-01
2.634962515986001841e-01
2.457029698465507117e-01
2.280655839815619035e-01
2.105680640089240274e-01
1.931641134825017314e-01
1.757812645202725399e-01
1.583256915385281571e-01
1.406875905598029552e-01
1.227469742797930863e-01
1.043797402440288513e-01
8.546387842780001076e-02
6.588569292874035810e-02
4.554591795690321465e-02
2.436560855777192280e-02
2.291679738336771521e-03
-2.069804692243915056e-02
-4.459045175767151203e-02
-6.933356903023335516e-02
-9.483409562703026818e-02
-1.209561853540955800e-01
-1.475217552141451227e-01
-1.743124997855195479e-01
-2.010737448722992315e-01
-2.275201701801579102e-01
-2.533432985516924085e-01
-2.782205001030627622e-01
-3.018251138833741298e-01
-3.238371705413746193e-01
-3.439541273074613326e-01
-3.619010138433784718e-01
-3.774394355876291018e-01
-3.903749805222365699e-01
-4.005627082604251155e-01
-4.079105463870825732e-01
-4.123805592450303092e-01
-4.139881751814920019e-01
-4.127995523835325531e-01
-4.089273293303911094e-01
-4.025250460916278694e-01
-3.937805417864547186e-01
-3.829086365566465866e-01
-3.701433979560729837e-01
-3.557302753431260678e-01
-3.399183642689068141e-01
-3.229530376470716724e-01
-3.050691525907416324e-01
-2.864850116146492875e-01
-2.673972245799280945e-01
-2.479765834649427791e-01
-2.283650261604300846e-01
-2.086737287357041115e-01
-1.889823290749698126e-01
-1.693392497531065466e-01
-1.497630559055449506e-01
-1.302447559598500781e-01
-1.107509305334735128e-01
-9.122755835749785103e-02
-7.160439820342412442e-02
-5.179978252092554136e-02
-3.172568144940723922e-02
-1.129290415146033677e-02
9.583683420454569557e-03
3.098003119354231227e-02
5.295796158895793582e-02
7.556049368995065851e-02
9.880751487265204691e-02
1.226918844742221903e-01
1.471760680786460274e-01
1.721894234629323117e-01
1.976262868620586310e-01
2.233450349879255725e-01
2.491683157670383508e-01
2.748846392457284793e-01
3.002514902307676925e-01
3.250000596683408904e-01
3.488415918341839506e-01
3.714752159674674648e-01
3.925969886654792074e-01
4.119097375862993404e-01
4.291331899151367146e-01
4.440138093557017829e-01
4.563337638558883635e-01
4.659185031928259058e-01
4.726425312810076940e-01
4.764330960178015384e-01
4.772716703788189019e-01
4.751932444972937764e-01
4.702835759737158949e-01
4.626746462683996586e-01
4.525386412455618124e-01
4.400808141469002566e-01
4.255316025576300065e-01
4.091383620648958441e-01
3.911570539525549561e-01
3.718441882299358126e-01
3.514492818022504350e-01
3.302080487366778616e-01
3.083364978996897543e-01
2.860260737243169871e-01
2.634399383037722142e-01
2.407104566030423554e-01
2.179379105769003733e-01
1.951904321226751726e-01
1.725051094836586030e-01
1.498901879092781053e-01
1.273282542921544414e-01
1.047802683175788063e-01
8.219028029471575625e-02
5.949065887632243310e-02
3.660764062543298003e-02
1.346700800867173253e-02
-1.000029701046289965e-02
-3.385280996305395362e-02
-5.813360497105835023e-02
-8.286593505990358377e-02
-1.080495833482576495e-01
-1.336580295205866964e-01
-1.596365066816568534e-01
-1.859009944120458835e-01
-2.123381666344187346e-01
-2.388062893193806380e-01
-2.651370437473252739e-01
-2.911382354594007627e-01
-3.165973354875410983e-01
-3.412857864910980865e-01
-3.649639894962778408e-01
-3.873868652180747496e-01
-4.083098570953237472e-01
-4.274952127195196239e-01
-4.447183496221814858e-01
-4.597740849648559447e-01
-4.724824913998111331e-01
-4.826941373386191003e-01
-4.902944815808001344e-01
-4.952072201649670991e-01
-4.973964258282761453e-01
-4.968673743937438436e-01
-4.936660135504309377e-01
-4.878770932957167128e-01
-4.796210393836369823e-01
-4.690497075893796941e-01
-4.563412042835087723e-01
-4.416939953495322424e-01
-4.253205493968822415e-01
-4.074407719651522708e-01
-3.882754853502177195e-01
-3.680401950062580640e-01
-3.469393600397988608e-01
-3.251613543665348161e-01
-3.028742690390725523e-01
-2.802226673727951090e-01
-2.573253648557365381e-01
-2.342742671771115281e-01
-2.111342634814535879e-01
-1.879441392761829199e-01
-1.647184450987712045e-01
-1.414502335422177515e-01
-1.181145585953868871e-01
-9.467261708035690226e-02
-7.107640141823123869e-02
-4.727372481167657625e-02
-2.321347277297058920e-02
1.149072626646763240e-03
2.584699835890058583e-02
5.089678906749173226e-02
7.629380332880086879e-02
1.020083922453449699e-01
1.279828603245066754e-01
1.541294644334246788e-01
1.803296281230173381e-01
2.064345115914334450e-01
2.322670198811310760e-01
2.576252547535878845e-01
2.822873242948744643e-01
3.060173278022577659e-01
3.285722436419638015e-01
3.497093767133732101e-01
3.691939798460097677e-01
3.868066553559872389e-01
4.023501689255921665e-01
4.156553624370153965e-01
4.265859261581487205e-01
4.350418731152200236e-01
4.409616398425972861e-01
4.443228107068574184e-01
4.451415235266288351e-01
4.434706610292471485e-01
4.393969667103023724e-01
4.330372469776098132e-01
4.245338364758193261e-01
4.140495123364074104e-01
4.017620473147981430e-01
3.878585921934060154e-01
3.725300746320718837e-01
3.559657945416893066e-01
3.383483845095073272e-01
3.198492873203196973e-01
3.006248810067022603e-01
2.808133554409929511e-01
2.605324141649348890e-01
2.398778424006489107e-01
2.189229488391420952e-01
1.977188568373173805e-01
1.762955919323188070e-01
1.546638886377914579e-01
1.328176213937626304e-01
1.107367528542191337e-01
8.839068744613454154e-02
6.574191885641988975e-02
4.274986586926188270e-02
1.937480041956007870e-02
-4.418216914930828132e-03
-2.865546757961356938e-02
-5.335083674284224475e-02
-7.850226689899686416e-02
-1.040884668612090946e-01
-1.300659500157580473e-01
-1.563664937756038542e-01
-1.828951361353476912e-01
-2.095288513000311825e-01
-2.361160687005786629e-01
-2.624772108841398888e-01
-2.884064177805686358e-01
-3.136745907696060209e-01
-3.380338259577526649e-01
-3.612232132569873633e-01
-3.829758635209823403e-01
-4.030269033415324609e-01
-4.211220633544725533e-01
-4.370263989377143332e-01
-4.505326366410395966e-01
-4.614686436402608560e-01
-4.697035708108859842e-01
-4.751523147676850467e-01
-4.777780670277400610e-01
-4.775928536107041378e-01
-4.746561008613852106e-01
-4.690713808387648731e-01
-4.609815838321665860e-01
-4.505628318993336601e-01
-4.380174847079632006e-01
-4.235665992184264317e-01
-4.074421919241967283e-01
-3.898796220382189093e-01
-3.711103724235256252e-01
-3.513554582111290125e-01
-3.308196458255081573e-01
-3.096866207780235580e-01
-2.881152025121322957e-01
-2.662366686993424825e-01
-2.441532186847867880e-01
-2.219375750232277511e-01
-1.996336922967176797e-01
-1.772585133248195666e-01
-1.548046847361849165e-01
-1.322441173700421579e-01
-1.095322530207422096e-01
-8.661287854206456416e-02
-6.342331212966634268e-02
-3.989977547211831510e-02
-1.598276015546440387e-02
8.377802031438119634e-03
3.321774675255040332e-02
5.855442849408121209e-02
8.438315782094685247e-02
1.106744365896361604e-01
1.373720684573667139e-01
1.643921854622351075e-01
1.916231963940019378e-01
2.189266324387384444e-01
2.461388426957739073e-01
2.730734776978801515e-01
2.995246921926498773e-01
3.252709964847791957e-01
3.500796846109747174e-01
3.737117632173683202e-01
3.959272937892646116e-01
4.164910413087504759e-01
4.351782954655650792e-01
4.517806996814702769e-01
4.661118936935974011e-01
4.780127532107307786e-01
4.873560005313304355e-01
4.940499666323391326e-01
4.980413094387283746e-01
4.993165337177674079e-01
4.979022122561387320e-01
4.938638712526847163e-01
4.873035700982598639e-01
4.783562717361613537e-01
4.671851597843381665e-01
4.539761084309080763e-01
4.389315476295633234e-01
4.222639873636787611e-01
4.041894701328413442e-01
3.849212111755389021e-01
3.646636633818758355e-01
3.436072114047453718e-01
3.219236606280361235e-01
2.997626448133527965e-01
2.772490343582716399e-01
2.544813873728095643e-01
2.315314496608450456e-01
2.084446779565541918e-01
1.852417336912096646e-01
1.619208720895289888e-01
1.384611332052794186e-01
1.148262270662641082e-01
9.096899363165478203e-02
6.683630874616808271e-02
4.237429849246965308e-02
1.753371504647838197e-02
-7.724683691455958012e-03
-3.342492122566198542e-02
-5.957094115480043861e-02
-8.614229612343871079e-02
-1.130905960069347183e-01
-1.403369263774398856e-01
-1.677704369031424170e-01
-1.952482695050219430e-01
-2.225969445757820520e-01
-2.496152502356675518e-01
-2.760785885369024806e-01
-3.017446321945544963e-01
-3.263600476647391391e-01
-3.496679582948686305e-01
-3.714157663378154783e-01
-3.913629321140141837e-01
-4.092883239057396594e-01
-4.249967987078505649e-01
-4.383247426934259172e-01
-4.491443801122571022e-01
-4.573667398206443524e-01
-4.629432417515217946e-01
-4.658659267954968763e-01
-4.661664014715498627e-01
-4.639136045500495964e-01
-4.592105289046439776e-01
-4.521900510773576576e-01
-4.430100356895819713e-01
-4.318478934494621724e-01
-4.188947806761537107e-01
-4.043496346873399760e-01
-3.884132421078685393e-01
-3.712825348159274341e-01
-3.531452995153401275e-01
-3.341754708662476592e-01
-3.145291544958240815e-01
-2.943414957207084459e-01
-2.737244740122182218e-01
-2.527656643885536347e-01
-2.315279676508432694e-01
-2.100502742993994865e-01
-1.883489943290982405e-01
-1.664203585907884086e-01
-1.442433780337888383e-01
-1.217833352704477123e-01
-9.899567829676214625e-02
-7.583018812412989362e-02
-5.223529934148252174e-02
-2.816246364686403325e-02
-3.570459217747679048e-03
2.157043879073139436e-02
4.727450166295732448e-02
7.353687479454285025e-02
1.003302619408117380e-01
1.276020478345559761e-01
1.552719573348708693e-01
1.832303701667484797e-01
2.113374313938237714e-01
2.394231128881233461e-01
2.672883829484743456e-01
2.947076227163971662e-01
3.214323838101942332e-01
3.471965099835155888e-01
3.717225500977622277e-01
3.947292793977187353e-01
4.159400348176622852e-01
4.350914739475174597e-01
4.519423014372209169e-01
4.662814816929373718e-01
4.779354766891378281e-01
4.867741092892999832e-01
4.927147463508396719e-01
4.957246093405296428e-01
4.958211398391099145e-01
4.930704614815220044e-01
4.875840798492122596e-01
4.795140421661736596e-01
4.690468368383591269e-01
4.563963487288890120e-01
4.417962011401043165e-01
4.254918126069305861e-01
4.077324794411277820e-01
3.887637674708613877e-01
3.688204623442308261e-01
3.481202901590190191e-01
3.268585811110547024e-01
3.052040094079326860e-01
2.832955032548546415e-01
2.612403793783815154e-01
2.391137175103517087e-01
2.169589520392082305e-01
1.947896215219468985e-01
1.725921829829272225e-01
1.503297678870187948e-01
1.279467310862391072e-01
1.053738232915454320e-01
8.253380183864233999e-02
5.934728371776865075e-02
3.573863912208541382e-02
1.164172344448410890e-02
-1.299474875718076294e-02
-3.820237219038302712e-02
-6.398892693015678645e-02
-9.033510144166179145e-02
-1.171921695890811854e-01
-1.444806920443193476e-01
-1.720902738889426020e-01
-1.998803725984202861e-01
-2.276821169148766089e-01
-2.553010695304315236e-01
-2.825208459066352873e-01
-3.091074872775910753e-01
-3.348144758523989850e-01
-3.593882715597287447e-01
-3.825742395488462844e-01
-4.041228242639784973e-01
-4.237958091115360260e-01
-4.413724823040048317e-01
-4.566555127091139754e-01
-4.694763285585514812e-01
-4.796997905830149289e-01
-4.872279623631861067e-01
-4.920028055895601105e-01
-4.940076658725106595e-01
-4.932674635199271185e-01
-4.898475599597124086e-01
-4.838513302803000293e-01
-4.754165316007691322e-01
-4.647106117712203055e-01
-4.519251498037362147e-01
-4.372696556551329827e-01
-4.209649805646249465e-01
-4.032365991133478600e-01
-3.843080206041508129e-01
-3.643945713782621443e-01
-3.436977632738907884e-01
-3.224004291531589184e-01
-3.006627670806678587e-01
-2.786193930548942488e-01
-2.563774605871217416e-01
-2.340158658689170945e-01
-2.115855212736221791e-01
-1.891106485500873013e-01
-1.665910169075526248e-01
-1.440050304536556469e-01
-1.213135538854631656e-01
-9.846435423819399624e-02
-7.539702871104081439e-02
-5.204828258519900164e-02
-2.835741529241975201e-02
-4.271865116663664530e-03
2.024734741426326146e-02
4.522045102762006774e-02
7.064421958274635927e-02
9.648793741198569140e-02
1.226902501960599468e-01
1.491571180920679973e-01
1.757610718256537030e-01
2.023419342432024592e-01
2.287091063125781254e-01
2.546454288151964729e-01
2.799125252231472460e-01
3.042574187822599807e-01
3.274201123271759384e-01
3.491417380470756004e-01
3.691728385497272669e-01
3.872813364817037085e-01
4.032597866654881180e-01
4.169315744461786766e-01
4.281558144498930352e-01
4.368308016604378619e-01
4.428959596767979567e-01
4.463323108781783732e-01
4.471615558897890086e-01
4.454438948386805208e-01
4.412747526085148975e-01
4.347805880884535457e-01
4.261139768540653794e-01
4.154481608203013376e-01
4.029712592143288585e-01
3.888803337288921913e-01
3.733754969912379540e-01
3.566542468692893708e-01
3.389061986127587245e-01
3.203083713783303477e-01
3.010211646808385044e-01
2.811851337747769408e-01
2.609186417207595143e-01
2.403164314815998681e-01
2.194491258900801434e-01
1.983636290051938866e-01
1.770843713747073389e-01
1.556153158169285566e-01
1.339426207513244593e-01
1.120378454757449127e-01
8.986157615144674260e-02
6.736735211683986257e-02
4.450577850795034429e-02
2.122872155315758125e-02
-2.506504560103595125e-03
-2.673303792442194293e-02
-5.147052507434501933e-02
-7.672139702177027676e-02
-1.024674312936679765e-01
-1.286666765411969005e-01
-1.552508348629696444e-01
-1.821232217320464253e-01
-2.091574502159163629e-01
-2.361970087560416598e-01
-2.630559122193918409e-01
-2.895205958710265204e-01
-3.153531842832254517e-01
-3.402961983906701571e-01
-3.640786657427323991e-01
-3.864234798125630865e-01
-4.070557283640882096e-01
-4.257115965185586104e-01
-4.421473655953308546e-01
-4.561479883305619154e-01
-4.675347317411226999e-01
-4.761714390950865239e-01
-4.819690628095175677e-01
-4.848882461653225562e-01
-4.849398673759106604e-01
-4.821835900123211394e-01
-4.767245776493450604e-01
-4.687086205032441333e-01
-4.583159843197971428e-01
-4.457543266366946755e-01
-4.312510351132711195e-01
-4.150453310602408852e-01
-3.973804539269969460e-01
-3.784962050133776623e-01
-3.586220863426864414e-01
-3.379712276017264871e-01
-3.167352528880001961e-01
-2.950802006685762091e-01
-2.731435745775190327e-01
-2.510325685610748092e-01
-2.288234765290749761e-01
-2.065622636517783217e-01
-1.842662439447404488e-01
-1.619267775318694591e-01
-1.395128719677737328e-01
-1.169755462409552971e-01
-9.425279440425926580e-02
-7.127496881192563194e-02
-4.797039117147838816e-02
-2.427099351640560343e-02
-1.177913124640328490e-04
2.453400218848145187e-02
4.971039706109603440e-02
7.541473844625545819e-02
1.016246356894535685e-01
1.282898018447176103e-01
1.553308596183755608e-01
1.826391328635983413e-01
2.100774089196679739e-01
2.374816291666631551e-01
2.646634447245853616e-01
2.914135612001826914e-01
3.175057889507404418e-01
3.427017102936358306e-01
3.667558686989242922e-01
3.894213740404851576e-01
4.104558007702654443e-01
4.296272329291022096e-01
4.467202839844629514e-01
4.615418950746769111e-01
4.739266975413047867e-01
4.837417193970012796e-01
4.908902239002451706e-01
4.953144929290814735e-01
4.969974074435558054e-01
4.959627292500735640e-01
4.922740485277155020e-01
4.860324255254623305e-01
4.773728177946199303e-01
4.664594419157130911e-01
4.534802671617242931e-01
4.386408749941655971e-01
4.221579408251726617e-01
4.042526023772163857e-01
3.851439727298620053e-01
3.650430373780609861e-01
3.441471458178068099e-01
3.226352722837266818e-01
3.006641803192061646e-01
2.783655846102434106e-01
2.558443632035596327e-01
2.331778355262644764e-01
2.104160876636838040e-01
1.875832968289420366e-01
1.646799822112768874e-01
1.416860894391079873e-01
1.185648004267654265e-01
9.526694871549978849e-02
7.173591152294100937e-02
4.791284222024405626e-02
2.374209934643589648e-02
-8.232808585676432145e-04
-2.581623299229796054e-02
-5.125061072910119808e-02
-7.711662862155976850e-02
-1.033770049015968473e-01
-1.299640202278632417e-01
-1.567777032034115559e-01
-1.836853319333541235e-01
-2.105223972475396277e-01
-2.370951055782660744e-01
-2.631844101480446119e-01
-2.885514552731813787e-01
-3.129442118113366922e-01
-3.361049862014356959e-01
-3.577784149233765865e-01
-3.777195207745582817e-01
-3.957014114035788399e-01
-4.115222415315434867e-01
-4.250111298524115178e-01
-4.360328078970926446e-01
-4.444908688137243491e-01
-4.503295687364445854e-01
-4.535342054144402835e-01
-4.541301551325747643e-01
-4.521806899512614275e-01
-4.477837252496648657e-01
-4.410676656495682302e-01
-4.321865287140565504e-01
-4.213145327614024049e-01
-4.086403391684526598e-01
-3.943611411449708948e-01
-3.786767897960142681e-01
-3.617841434384262422e-01
-3.438718164579591674e-01
-3.251154884967809577e-01
-3.056739129632489727e-01
-2.856857360229186904e-01
-2.652672044559711839e-01
-2.445108048658478639e-01
-2.234848399710893663e-01
-2.022339125035707008e-01
-1.807802557630997509e-01
-1.591258238801722680e-01
-1.372550354674646478e-01
-1.151380521274411040e-01
-9.273446817121355767e-02
-6.999728930382698167e-02
-4.687708487311070815e-02
-2.332620904836357756e-02
6.970009275506505730e-04
2.522412873166368641e-02
5.027275465334468674e-02
7.584276761827468682e-02
1.019129803611900087e-01
1.284381248550104937e-01
1.553463232407760186e-01
1.825371534061400736e-01
2.098804538388698848e-01
2.372160331832051661e-01
2.643544582999036718e-01
2.910790825118737546e-01
3.171494364958945544e-01
3.423060348640504236e-01
3.662765541231294275e-01
3.887832209332656719e-01
4.095511276232085551e-01
4.283170823755282353e-01
4.448385218044009770e-01
4.589019771520805868e-01
4.703305982624700343e-01
4.789902998250438193e-01
4.847941928169365866e-01
4.877050866491668968e-01
4.877359788848476541e-01
4.849485756160230032e-01
4.794499959458469185e-01
4.713879016402744426e-01
4.609443546179092799e-01
4.483287402724397408e-01
4.337701057381108116e-01
4.175092528976813711e-01
3.997909010695031018e-01
3.808561991702071881e-01
3.609358266599363985e-01
3.402438806521684844e-01
3.189727056999783761e-01
2.972887839879445604e-01
2.753297668748587723e-01
2.532026932966857657e-01
2.309834058160312731e-01
2.087171408748426105e-01
1.864202364055143057e-01
1.640828681617463314e-01
1.416726969239793243e-01
1.191392830451377671e-01
9.641910335985515168e-02
7.344098879801830293e-02
5.013178951527497151e-02
2.642206838739002972e-02
2.251623824147452879e-03
-2.242535036282400362e-02
-4.763564633219052880e-02
-7.338312176772165962e-02
-9.964560628001939424e-02
-1.263727294384124900e-01
-1.534847279869648862e-01
-1.808722522047182535e-01
-2.083971566546268805e-01
-2.358942315637381215e-01
-2.631738095185898185e-01
-2.900251681496683887e-01
-3.162206413584321973e-01
-3.415203463361120573e-01
-3.656774274463228114e-01
-3.884437077484438339e-01
-4.095756227445377373e-01
-4.288402891912697079e-01
-4.460215371172788767e-01
-4.609257098402536057e-01
-4.733870198569922749e-01
-4.832722426630076118e-01
-4.904845391324936799e-01
-4.949662213413363876e-01
-4.967003158135976371e-01
-4.957108294723355790e-01
-4.920616831838076077e-01
-4.858543411716714777e-01
-4.772242271177152828e-01
-4.663360751311350638e-01
-4.533784122180533060e-01
-4.385574054839267433e-01
-4.220903301224583348e-01
-4.041989225060227398e-01
-3.851028768243275335e-01
-3.650137252724909853e-01
-3.441293131943071737e-01
-3.226290447731682276e-01
-3.006700348590444216e-01
-2.783842610942159901e-01
-2.558767699368323933e-01
-2.332249521959095517e-01
-2.104788694643081604e-01
-1.876625830975923170e-01
-1.647764124954609333e-01
-1.418000294227335090e-01
-1.186962796383211893e-01
-9.541561149013755294e-02
-7.190098231102115545e-02
-4.809310603004890439e-02
-2.393589785553251748e-02
6.180372320144789100e-04
2.560203705348229608e-02
5.103031488617737477e-02
7.689338658967370677e-02
1.031542003310829125e-01
1.297451846894370764e-01
1.565664268679204385e-01
1.834851711379554828e-01
2.103367837829549503e-01
2.369272627911874762e-01
2.630372806881374759e-01
2.884276444613053103e-01
3.128459492120320151e-01
3.360341062170675297e-01
3.577363553546388797e-01
3.777073366178258507e-01
3.957197999534449728e-01
4.115715743026405748e-01
4.250914869680006980e-01
4.361440113157848408e-01
4.446325118806084831e-01
4.505010408038090386e-01
4.537347114432385142e-01
4.543587310765786480e-01
4.524362152385702496e-01
4.480649337911487562e-01
4.413731565724399175e-01
4.325147775426960717e-01
4.216639031739479737e-01
4.090090948753360989e-01
3.947474569750107909e-01
3.790787608140820941e-01
3.621997908921424925e-01
3.442990895532569429e-01
3.255522613913539587e-01
3.061179768762452014e-01
2.861347869118764375e-01
2.657188272350526903e-01
2.449624555752256683e-01
2.239338276196300992e-01
2.026773824822338810e-01
1.812151767703970018e-01
1.595489802325438244e-01
1.376630265114368035e-01
1.155273002513385050e-01
9.310123665064562459e-02
7.033771091678286957e-02
4.718720188640301849e-02
2.360202479639483819e-02
-4.594590969952960791e-04
-2.502873590427190376e-02
-5.012320558997807041e-02
-7.574248695366569972e-02
-1.018650287876530225e-01
-1.284451052482442623e-01
-1.554102915943087471e-01
-1.826595402041870653e-01
-2.100620019490445634e-01
-2.374567583053022179e-01
-2.646536372934558123e-01
-2.914352734334415551e-01
-3.175605319107709379e-01
-3.427693471155749405e-01
-3.667889280734298874e-01
-3.893411666949043726e-01
-4.101509634990625486e-01
-4.289550770700820692e-01
-4.455110252394071102e-01
