6.367866258292282922e+00
6.367866258292282922e+00
7.202600042933138269e+00
9.375066253636150648e+00
1.247651509025557104e+01
1.603005788263994802e+01
1.950399475899260082e+01
2.236266304717152309e+01
2.415308889715004881e+01
2.460080206702185279e+01
2.367305391371436940e+01
2.157700087581455151e+01
1.869190593014057811e+01
1.546637464796168260e+01
1.232217508801278605e+01
9.592712382956207762e+00
7.501551094258719132e+00
6.169989074847714861e+00
5.637800128734987481e+00
5.884477276574735072e+00
6.844212304844607075e+00
8.413070595576927602e+00
1.045040379740930092e+01
1.277869911268915359e+01
1.518702571026420145e+01
1.744277449015880777e+01
1.931401484460639040e+01
2.060051996094350812e+01
2.116661403948005216e+01
2.096596674042258002e+01
2.004962816738279940e+01
1.855413194015165601e+01
1.667371219383049663e+01
1.462572017640764876e+01
1.261888816800223623e+01
1.083077455022631241e+01
9.396031861403022489e+00
8.403455307177839728e+00
7.898140530474019982e+00
7.885286890153125228e+00
8.333456778161870915e+00
9.176723861576325803e+00
1.031664093039529817e+01
1.162601185793390002e+01
1.295675371730796677e+01
1.415338729298162690e+01
1.507182339211613709e+01
1.560057537541898043e+01
1.567940559440438797e+01
1.530998707455463759e+01
1.455506794104817914e+01
1.352620909806384297e+01
1.236371623364824934e+01
1.121422489136175571e+01
1.021093179791072281e+01
9.459390697585954300e+00
9.029407373515196511e+00
8.951928986207700945e+00
9.219310513233812898e+00
9.787754640601063372e+00
1.058157684280076793e+01
1.149972795990337815e+01
1.242529437923550617e+01
1.323825489760726448e+01
1.383064976229804266e+01
1.412191845410896107e+01
1.407118247374367748e+01
1.368335466567784309e+01
1.300735329318641931e+01
1.212689752272748400e+01
1.114639629842980462e+01
1.017544496118624586e+01
9.315135062944584377e+00
8.648141988314550943e+00
8.233079806678798462e+00
8.102493116841303689e+00
8.263346353630776520e+00
8.698915373564709341e+00
9.371367113576262398e+00
1.022479459724895356e+01
1.118887227777802096e+01
1.218349164175074506e+01
1.312467030354800457e+01
1.393170508353727399e+01
1.453504551312861359e+01
1.488386525329212517e+01
1.495201551197231638e+01
1.474112750719435461e+01
1.428012655528823771e+01
1.362118641696992682e+01
1.283292012247002489e+01
1.199210422011665855e+01
1.117532691937911871e+01
1.045167525332158931e+01
9.877102927899805707e+00
9.490652684661526450e+00
9.312392852686627975e+00
9.342820019080793514e+00
9.563543573323789460e+00
9.939213203932780516e+00
1.042076810400878273e+01
1.095008126280222172e+01
1.146589292765887258e+01
1.191059496633208070e+01
1.223704594507363907e+01
1.241432768028382050e+01
1.243135413624861840e+01
1.229757964920884028e+01
1.204065016634821106e+01
1.170150165181104462e+01
1.132790771808321395e+01
1.096766739211471631e+01
1.066249646004808938e+01
1.044335390237947259e+01
1.032755458133512150e+01
1.031771330111485341e+01
1.040238236916394321e+01
1.055816347607398953e+01
1.075303601048438118e+01
1.095059031726678711e+01
1.111476018570252222e+01
1.121453279178028950e+01
1.122803143179472940e+01
1.114538106756138092e+01
1.096991743978948364e+01
1.071757331966371396e+01
1.041460222635928545e+01
1.009408524742396729e+01
9.791829742241324297e+00
9.542277409892253814e+00
9.374917794904074952e+00
9.311514421021076515e+00
9.364264264118386194e+00
9.534877617091698454e+00
9.814503140230133482e+00
1.018442080501303515e+01
1.061745311378026280e+01
1.108006586097136115e+01
1.153511313883731404e+01
1.194511237227462885e+01
1.227582140520809695e+01
1.249976220022189288e+01
1.259924218684989761e+01
1.256841262966120176e+01
1.241400098374035288e+01
1.215455191817254388e+01
1.181826244097595513e+01
1.143973185781524826e+01
1.105610463196834559e+01
1.070313138799239816e+01
1.041161750293972688e+01
1.020460738081136221e+01
1.009551291142613749e+01
1.008727370799042689e+01
1.017254965629379448e+01
1.033488659213824334e+01
1.055074448933403808e+01
1.079221582516833955e+01
1.103018352312012951e+01
1.123758517536249002e+01
1.139239115991967921e+01
1.147990159407213895e+01
1.149404242423240063e+01
1.143749137889794021e+01
1.132065918053605813e+01
1.115974150020636557e+01
1.097419460045387041e+01
1.078404338663082918e+01
1.060740325775535631e+01
1.045850897015799674e+01
1.034642792090733110e+01
1.027452206301640913e+01
1.024063045318916032e+01
1.023787815415639457e+01
1.025597257850142618e+01
1.028281830836572119e+01
1.030626156649833014e+01
1.031576655470321668e+01
1.030383259569912724e+01
1.026698874717526699e+01
1.020625302503296972e+01
1.012701195104405194e+01
1.003835197334158025e+01
9.951943372700753798e+00
9.880627019932575195e+00
9.836877831419590379e+00
9.831316365069859842e+00
9.871418251752919204e+00
9.960539427455811889e+00
1.009734168666533449e+01
1.027567220892922784e+01
1.048492183712240156e+01
1.071085580987344876e+01
1.093687244500868516e+01
1.114559780622522389e+01
1.132067120746599365e+01
1.144852763582609967e+01
1.151995348002805741e+01
1.153119574362367317e+01
1.148445021004139122e+01
1.138763764466239614e+01
1.125348388715072190e+01
1.109802651315079558e+01
1.093875419879352329e+01
1.079262892377292360e+01
1.067424133635719130e+01
1.059431277773325597e+01
1.055869704868905146e+01
1.056796518917523997e+01
1.061758788640743667e+01
1.069866813281785234e+01
1.079912327620871260e+01
1.090517166123078319e+01
1.100294725279515973e+01
1.108005076748949591e+01
1.112685339318644395e+01
1.113740230284247268e+01
1.110983382434513089e+01
1.104627195695782049e+01
1.095226375447289513e+01
1.083586463055904225e+01
1.070652479134236756e+01
1.057393797357841514e+01
1.044699765206988396e+01
1.033297131969099070e+01
1.023695996237304229e+01
1.016166624658015571e+01
1.010745727961951701e+01
1.007267899035478820e+01
1.005415961707829453e+01
1.004782858358243303e+01
1.004937306419634524e+01
1.005485700711024322e+01
1.006123590515221977e+01
1.006671478774638473e+01
1.007091590735432085e+01
1.007484479566964453e+01
1.008066643353165937e+01
1.009132453079520886e+01
1.011005387236082242e+01
1.013984659019642720e+01
1.018293727633321133e+01
1.024036918013924868e+01
1.031169506681302650e+01
1.039485262458741488e+01
1.048623656387780656e+01
1.058096872676497746e+01
1.067334485315513604e+01
1.075741397308886960e+01
1.082762637462226962e+01
1.087947205769226500e+01
1.091002688746742244e+01
1.091833071959167967e+01
1.090554103537410668e+01
1.087483497250215336e+01
1.083106750050931844e+01
1.078022781372397176e+01
1.072876373634095160e+01
1.068286048606769612e+01
1.064776343407501003e+01
1.062722510092907413e+01
1.062313721345645234e+01
1.063538301983608747e+01
1.066191719193843035e+01
1.069905402241890080e+01
1.074192199287025140e+01
1.078502616665934077e+01
1.082285063242465739e+01
1.085043214692610114e+01
1.086384318775459690e+01
1.086053686724672751e+01
1.083952559907395674e+01
1.080138722616071156e+01
1.074811329961419659e+01
1.068283136216134999e+01
1.060944428892807068e+01
1.053223404500913318e+01
1.045547498177151624e+01
1.038309437997849827e+01
1.031840728986522393e+01
1.026394082350888581e+01
1.022135162173197465e+01
1.019143043196082310e+01
1.017418024192986614e+01
1.016894942525979317e+01
1.017459878986675470e+01
1.018968105244087674e+01
1.021261280797649462e+01
1.024182221445725816e+01
1.027586002802929954e+01
1.031346690398464716e+01
1.035359555060255765e+01
1.039539185023254930e+01
1.043814388575039587e+01
1.048121141051964322e+01
1.052395026442965431e+01
1.056564632536163195e+01
1.060547176410699421e+01
1.064247283917482356e+01
1.067559364284942092e+01
1.070373469200488614e+01
1.072583977169438363e+01
1.074099975275391827e+01
1.074855892091031428e+01
1.074820820381149034e+01
1.074005081566677866e+01
1.072462916079749107e+01
1.070290689234863990e+01
1.067620605577824833e+01
1.064610532969222945e+01
1.061431057379618892e+01
1.058251243468117408e+01
1.055224717304184878e+01
1.052477605528491011e+01
1.050099584970225131e+01
1.048138871479358691e+01
1.046601476102856942e+01
1.045454553841332590e+01
1.044633230315561256e+01
1.044049963830838657e+01
1.043605313003645563e+01
1.043198940139373398e+01
1.042739775224251986e+01
1.042154466709556893e+01
1.041393515539849091e+01
1.040434786977466253e+01
1.039284382031127585e+01
1.037975095408857840e+01
1.036562869148243848e+01
1.035121761445998700e+01
1.033737990683404639e+01
1.032503595755748016e+01
1.031510191339378046e+01
1.030843208174048975e+01
1.030576909979805045e+01
1.030770382968650445e+01
1.031464609210457972e+01
1.032680664956268046e+01
1.034419029207441554e+01
1.036659943637089931e+01
1.039364728681879946e+01
1.042477928816408728e+01
1.045930130681443515e+01
1.049641270807133253e+01
1.053524227141597258e+01
1.057488474032480141e+01
1.061443578000519317e+01
1.065302325460463706e+01
1.068983305794619554e+01
1.072412823632236822e+01
1.075526079571145033e+01
1.078267632624506867e+01
1.080591231854074685e+01
1.082459169351147565e+01
1.083841352895294463e+01
1.084714317303921405e+01
1.085060385195355792e+01
1.084867151332580093e+01
1.084127404835999187e+01
1.082839528830814757e+01
1.081008338180834727e+01
1.078646243992883846e+01
1.075774578375549773e+01
1.072424881491099491e+01
1.068639948397469119e+01
1.064474454537964476e+01
1.059995021250617064e+01
1.055279638876265125e+01
1.050416426188417240e+01
1.045501762447515404e+01
1.040637875526349099e+01
1.035930001984287330e+01
1.031483251440483606e+01
1.027399309736609290e+01
1.023773107088636714e+01
1.020689563894110208e+01
1.018220513511342773e+01
1.016421892745032629e+01
1.015331289880086985e+01
1.014965947561883297e+01
1.015321331797918702e+01
1.016370394615987394e+01
1.018063670246409558e+01
1.020330345662305405e+01
1.023080428306574952e+01
1.026208090411232732e+01
1.029596196683114684e+01
1.033121920657082171e+01
1.036663230456183626e+01
1.040105888802187195e+01
1.043350482281142355e+01
1.046318892499096087e+01
1.048959569373418788e+01
1.051250984038061276e+01
1.053202738098613267e+01
1.054853988555886701e+01
1.056269101450600978e+01
1.057530746497043417e+01
1.058730953109899176e+01
1.059960922898478231e+01
1.061300593278479099e+01
1.062809037399720857e+01
1.064516746833512961e+01
1.066420672700084893e+01
1.068482614276543430e+01
1.070631174980136713e+01
1.072767100454483291e+01
1.074771425599270813e+01
1.076515539422354628e+01
1.077872072571256012e+01
1.078725450623380766e+01
1.078981044236109810e+01
1.078572069996936023e+01
1.077463717663589193e+01
1.075654350116524860e+01
1.073173985465782110e+01
1.070080573840191107e+01
1.066454784535974198e+01
1.062394101124139745e+01
1.058006982267763085e+01
1.053407702751061414e+01
1.048712274840501735e+01
1.044035604018285746e+01
1.039489794952020851e+01
1.035183327176270396e+01
1.031220689428294790e+01
1.027702009286613460e+01
1.024722241432538894e+01
1.022369574216403976e+01
1.020722863559267779e+01
1.019848084446701009e+01
1.019793980697471270e+01
1.020587271450767197e+01
1.022227918448306738e+01
1.024685055544648549e+01
1.027894218455785236e+01
1.031756479882036359e+01
1.036139988368245213e+01
1.040884229286445972e+01
1.045807080490048335e+01
1.050714439241025566e+01
1.055411876437429086e+01
1.059717464142546817e+01
1.063474665476144665e+01
1.066564016887797806e+01
1.068912311209465038e+01
1.070498131106967321e+01
1.071352889990075319e+01
1.071556987634219560e+01
1.071231230742843898e+01
1.070524234060176383e+01
1.069597025696169545e+01
1.068606455584421155e+01
1.067689190472673744e+01
1.066948041897578747e+01
1.066442116703769827e+01
1.066181835597721239e+01
1.066129292504455428e+01
1.066203801491738545e+01
1.066291880439179529e+01
1.066260428515476377e+01
1.065971530058524586e+01
1.065297199401683770e+01
1.064132479190209501e+01
1.062405597567789961e+01
1.060084328288484556e+01
1.057178213474980844e+01
1.053736824271305039e+01
1.049844677745753074e+01
1.045613743455546718e+01
1.041174629154885700e+01
1.036667528766494684e+01
1.032233868369543117e+01
1.028009337146302116e+01
1.024118688763990903e+01
1.020672393653019938e+01
1.017764956261118314e+01
1.015474514193298106e+01
1.013863225206554297e+01
1.012977927077524321e+01
1.012850616789875602e+01
1.013498423022862127e+01
1.014922917590951279e+01
1.017108802404790424e+01
1.020022193337968019e+01
1.023608877263060890e+01
1.027793022825494873e+01
1.032476863243973852e+01
1.037541830565276157e+01
1.042851502776863626e+01
1.048256534200695533e+01
1.053601491702806925e+01
1.058733240581018009e+01
1.063510249547073627e+01
1.067811954721623735e+01
1.071547179160198127e+01
1.074660581711017215e+01
1.077136227522723821e+01
1.078997632501919846e+01
1.080304012166994454e+01
1.081142916058792380e+01
1.081619890269552187e+01
1.081846214514481375e+01
1.081926043713651708e+01
1.081944401087938346e+01
1.081957398819684180e+01
1.081985810210679233e+01
1.082012717779684863e+01
1.081985470010356920e+01
1.081821663299822944e+01
1.081418395384872788e+01
1.080663674735155055e+01
1.079448662993341124e+01
1.077679397184282450e+01
1.075286781426666494e+01
1.072233925239643071e+01
1.068520288049146494e+01
1.064182506405999007e+01
1.059292169937197592e+01
1.053951121638296051e+01
1.048285052578692955e+01
1.042436226789600617e+01
1.036556116828183249e+01
1.030798579543599303e+01
1.025313991173255523e+01
1.020244530993553411e+01
1.015720590222611008e+01
1.011858116674870089e+01
1.008756604062616269e+01
1.006497404791631567e+01
1.005142083276659193e+01
1.004730621614508479e+01
1.005279423500119940e+01
1.006779214778187459e+01
1.009193087947761391e+01
1.012455061725959915e+01
1.016469605824702072e+01
1.021112599142843180e+01
1.026234135253296387e+01
1.031663457704507536e+01
1.037216103305368975e+01
1.042703068804211597e+01
1.047941521280587907e+01
1.052766281971135243e+01
1.057041071562041168e+01
1.060668358314908133e+01
1.063596638469509870e+01
1.065824125567777081e+01
1.067398133054035725e+01
1.068409876976011574e+01
1.068984951079768742e+01
1.069270264115037783e+01
1.069418700077192241e+01
1.069573093683159826e+01
1.069851251701165396e+01
1.070333670036727192e+01
1.071055303204882847e+01
1.072002274358558616e+01
1.073113832552439462e+01
1.074289247063854091e+01
1.075398758451335368e+01
1.076297257812915475e+01
1.076839097211821539e+01
1.076892377537600787e+01
1.076351216481259421e+01
1.075144838959842275e+01
1.073242798871980597e+01
1.070656161125076800e+01
1.067434968696035824e+01
1.063662722217663159e+01
1.059448860355269950e+01
1.054920325786120117e+01
1.050213239276072841e+01
1.045465512027253041e+01
1.040810948704372052e+01
1.036375081336077741e+01
1.032272676327802863e+01
1.028606612855869074e+01
1.025467667720388576e+01
1.022934671860467404e+01
1.021074526315385000e+01
1.019941668477635588e+01
1.019576742979362827e+01
1.020004430548922691e+01
1.021230595838042454e+01
1.023239105330614152e+01
1.025988815387136022e+01
1.029411318748679705e+01
1.033410051248220718e+01
1.037861291300636957e+01
1.042617432814232714e+01
1.047512686124286319e+01
1.052371079826458100e+01
1.057016327433138159e+01
1.061282823863160019e+01
1.065026790729631756e+01
1.068136439091372303e+01
1.070539999393766628e+01
1.072210601257249252e+01
1.073167269491690412e+01
1.073471711329209910e+01
1.073221054258493901e+01
1.072537188311108558e+01
1.071553799565630172e+01
1.070402487895184862e+01
1.069199494441468445e+01
1.068034501818296533e+01
1.066962720587840430e+01
1.066001074195067844e+01
1.065128797248395109e+01
1.064292236658931579e+01
1.063413161435784104e+01
1.062399506741491173e+01
1.061157246895687223e+01
1.059602034095926371e+01
1.057669353614564223e+01
1.055322206992964063e+01
1.052555697613325236e+01
1.049398301344323770e+01
1.045909999622197262e+01
1.042177781308505224e+01
1.038309245802191150e+01
1.034425145371972121e+01
1.030651691729594788e+01
1.027113339678711768e+01
1.023926579937244163e+01
1.021195059546019479e+01
1.019006135979032379e+01
1.017428788460473399e+01
1.016512676487363365e+01
1.016288060730977527e+01
1.016766285668374792e+01
1.017940559132994061e+01
1.019786838552071551e+01
1.022264730679994571e+01
1.025318413583640265e+01
1.028877679530846834e+01
1.032859260549377822e+01
1.037168623695817971e+01
1.041702404311812735e+01
1.046351582388235180e+01
1.051005405632371748e+01
1.055555935316168004e+01
1.059902955356823284e+01
1.063958862913212577e+01
1.067653072530718639e+01
1.070935435337057484e+01
1.073778213359718414e+01
1.076176260375290994e+01
1.078145236804672180e+01
1.079717907345546912e+01
1.080938807162869786e+01
1.081857781271691543e+01
1.082523068454308657e+01
1.082974688201859870e+01
1.083238880527479608e+01
1.083324242120578873e+01
1.083220011037995434e+01
1.082896701651849547e+01
1.082309016353284292e+01
1.081400698343434819e+01
1.080110775991091820e+01
1.078380511074205295e+01
1.076160316202510714e+01
1.073415952359988168e+01
1.070133443646716387e+01
1.066322329664269297e+01
1.062017086461167992e+01
1.057276752907709216e+01
1.052182972861194976e+01
1.046836784500057504e+01
1.041354547104896788e+01
1.035863393498304852e+01
1.030496543760784078e+01
1.025388729594096304e+01
1.020671878575507385e+01
1.016471112781529307e+01
1.012901042765338566e+01
1.010062296400815995e+01
1.008038217447450791e+01
1.006891699769285964e+01
1.006662183730213656e+01
1.007362921093895025e+01
1.008978700627119451e+01
1.011464303760147843e+01
1.014744012921162941e+01
1.018712510297119245e+01
1.023237470024069395e+01
1.028164054734615362e+01
1.033321376906246769e+01
1.038530783816389480e+01
1.043615589096934215e+01
1.048411630715499321e+01
1.052777819550120597e+01
1.056605693342689456e+01
1.059826944155529205e+01
1.062417970123674316e+01
1.064400723890902611e+01
1.065839478233186455e+01
1.066833568507624896e+01
1.067506646749138532e+01
1.067993427161686171e+01
1.068425250729078968e+01
1.068915992260897418e+01
1.069549841878117036e+01
1.070372307136453216e+01
1.071385422339926308e+01
1.072547663864722978e+01
1.073778518614066435e+01
1.074967110374565671e+01
1.075983828115421659e+01
1.076693582150731388e+01
1.076969179357482886e+01
1.076703371539102783e+01
1.075818376663751152e+01
1.074272059255873302e+01
1.072060421786631679e+01
1.069216532158714372e+01
1.065806424869877134e+01
1.061922811033731762e+01
1.057677583436626634e+01
1.053194101275267336e+01
1.048600103186406685e+01
1.044021862799911737e+01
1.039579914408477279e+01
1.035386384956617079e+01
1.031543714095759867e+01
1.028144357475123449e+01
1.025270967507882958e+01
1.022996535086303638e+01
1.021384047932594896e+01
1.020485360236079764e+01
1.020339151702761527e+01
1.020968056914763444e+01
1.022375242410733875e+01
1.024540875385264727e+01
1.027419043958316003e+01
1.030935738678723190e+01
1.034988477842061805e+01
1.039448051270836970e+01
1.044162671879691118e+01
1.048964573767282715e+01
1.053678801400032938e+01
1.058133627794476439e+01
1.062171759286821171e+01
1.065661273131600950e+01
1.068505132133694602e+01
1.070648158281655782e+01
1.072080538040107633e+01
1.072837265804014351e+01
1.072993374690135227e+01
1.072655299747785840e+01
1.071949199074131087e+01
1.071007452790651726e+01
1.069954808533338841e+01
1.068895706239851506e+01
1.067904183260392159e+01
1.067017450724400973e+01
1.066233786636144742e+01
1.065514871493559568e+01
1.064792168324949628e+01
1.063976489615127541e+01
1.062969556741539634e+01
1.061676182921418743e+01
1.060015714412653054e+01
1.057931537513556641e+01
1.055397767954294252e+01
1.052422633870800084e+01
1.049048483685366406e+01
1.045348736554263525e+01
1.041422396433756781e+01
1.037386939385173790e+01
1.033370446308590118e+01
1.029503798698614148e+01
1.025913608021429013e+01
1.022716344329628235e+01
1.020013903994667892e+01
1.017890643963466779e+01
1.016411737220792588e+01
1.015622587839189173e+01
1.015548990586324152e+01
1.016197726808710833e+01
1.017557345183588424e+01
1.019598967837215042e+01
1.022277071394628578e+01
1.025530300196435185e+01
1.029282457805592088e+01
1.033443878444892761e+01
1.037913391790328355e+01
1.042581057682023626e+01
1.047331763284288719e+01
1.052049652409947100e+01
1.056623210236745969e+01
1.060950677231707928e+01
1.064945337954532967e+01
1.068540147903896731e+01
1.071691145233651454e+01
1.074379156554634207e+01
1.076609448315629436e+01
1.078409185429082306e+01
1.079822812243061136e+01
1.080905733475661634e+01
1.081716905771512316e+01
1.082311117648148979e+01
1.082731808750477320e+01
1.083005244000546696e+01
1.083136716112745290e+01
1.083109218891602232e+01
1.082884744971406832e+01
1.082408054901492633e+01
1.081612481704592987e+01
1.080427114066523764e+01
1.078784570100333617e+01
1.076628546186844559e+01
1.073920400004347542e+01
1.070644186866625347e+01
1.066809785550284317e+01
1.062453989042249347e+01
1.057639661713609058e+01
1.052453247284324256e+01
1.047001031283971173e+01
1.041404609344240306e+01
1.035795992459113357e+01
1.030312706180301063e+01
1.025093132909523952e+01
1.020272227730270309e+01
1.015977629913179037e+01
1.012326111309689125e+01
1.009420260162092653e+01
1.007345298519836518e+01
1.006165971173660090e+01
1.005923516114956584e+01
1.006632819205081653e+01
1.008279954475277762e+01
1.010820400316592682e+01
1.014178284622193793e+01
1.018247033677713631e+01
1.022891767832841659e+01
1.027953693722724005e+01
1.033256586547491906e+01
1.038615243781409525e+01
1.043845540972064256e+01
1.048775458806324856e+01
1.053256214974625493e+01
1.057172465836040232e+01
1.060450480899758219e+01
1.063063267304373838e+01
1.065031843763473773e+01
1.066422222581407553e+01
1.067338118261151791e+01
1.067909904632983498e+01
1.068280819217027400e+01
1.068591792416121677e+01
1.068966500118126817e+01
1.069498263131229976e+01
1.070240235697293762e+01
1.071199958161887622e+01
1.072338842544646553e+01
1.073576580830173377e+01
1.074799891130485641e+01
1.075874522869643890e+01
1.076659094091981217e+01
1.077019176629352337e+01
1.076840095424312160e+01
1.076037153532101520e+01
1.074562392217710105e+01
1.072407482249307265e+01
1.069602843121414537e+01
1.066213528678071576e+01
1.062332741841143857e+01
1.058074012480233606e+01
1.053563082584387978e+01
1.048930409116891482e+01
1.044304954211518144e+01
1.039809632745809864e+01
1.035558478933056747e+01
1.031655320847140800e+01
1.028193548152190573e+01
1.025256443451283950e+01
1.022917527361897960e+01
1.021240435059332263e+01
1.020277981327237704e+01
1.020070259342175767e+01
1.020641829389467325e+01
1.021998260810928372e+01
1.024122468790893947e+01
1.026971415556014833e+01
1.030473806267181303e+01
1.034529391953528155e+01
1.039010390428248165e+01
1.043765353989886613e+01
1.048625561390850258e+01
1.053413712299171401e+01
1.057954386305393157e+01
1.062085434660057714e+01
1.065669245044179547e+01
1.068602699861974514e+01
1.070824669624096614e+01
1.072320060689392740e+01
1.073119763570798213e+01
1.073296291517562828e+01
1.072955404041251626e+01
1.072224506823757295e+01
1.071239035404255979e+01
1.070128302287923461e+01
1.069002373455344568e+01
1.067941426254043336e+01
1.066988741556656350e+01
1.066148040564878308e+01
1.065385351788937385e+01
1.064635057455423706e+01
1.063809291425266323e+01
1.062809503123420996e+01
1.061538806400251644e+01
1.059913717495465058e+01
1.057874045415043085e+01
1.055389999897966824e+01
1.052465976727200037e+01
1.049140907005555334e+01
1.045485455436147326e+01
1.041596671315662448e+01
1.037590900538586780e+01
1.033595843904846134e+01
1.029742603448988980e+01
1.026158418057190680e+01
1.022960586456550303e+01
1.020251847403954315e+01
1.018117268514111728e+01
1.016622514305038116e+01
1.015813238608978253e+01
1.015715284067548296e+01
1.016335370188718024e+01
1.017662002027758739e+01
1.019666419319693063e+01
1.022303513203419634e+01
1.025512746039330203e+01
1.029219201748910351e+01
1.033334954764515956e+01
1.037760964314704282e+01
1.042389671924534156e+01
1.047108404455568298e+01
1.051803570271276378e+01
1.056365496343553900e+01
1.060693609078201938e+01
1.064701534656281545e+01
1.068321609552640439e+01
1.071508269006270275e+01
1.074239833588972814e+01
1.076518343882807471e+01
1.078367290226053399e+01
1.079827325792856385e+01
1.080950304619637592e+01
1.081792214569096799e+01
1.082405743034605194e+01
1.082833292468633246e+01
1.083101238259265386e+01
1.083216093269838076e+01
1.083163027397555922e+01
1.082906915919524948e+01
1.082395794939272271e+01
1.081566326417299706e+01
1.080350656022531552e+01
1.078683912242567722e+01
1.076511559519290095e+01
1.073795881234449645e+01
1.070521015272230692e+01
1.066696169234199232e+01
1.062356871086031163e+01
1.057564330066847091e+01
1.052403162754170829e+01
1.046977859955013734e+01
1.041408422746575724e+01
1.035825583289884300e+01
1.030365960506666312e+01
1.025167401353899521e+01
1.020364646876311276e+01
1.016085359044263825e+01
1.012446466208407081e+01
1.009550742692933767e+01
1.007483536013279846e+01
1.006309591650041568e+01
1.006069993119652928e+01
1.006779323030417927e+01
1.008423244874317248e+01
1.010956789930122568e+01
1.014303693002092999e+01
1.018357139975242731e+01
1.022982257061673650e+01
1.028020578253934936e+01
1.033296572479896192e+01
1.038626102418104935e+01
1.043826440121221921e+01
1.048727208095145258e+01
1.053181384497922934e+01
1.057075348314995544e+01
1.060336883387221008e+01
1.062940137786300454e+01
1.064906758489752292e+01
1.066302778869369305e+01
1.067231292076181859e+01
1.067821440118327203e+01
1.068214717051273333e+01
1.068549955107284610e+01
1.068948576013470131e+01
1.069501709046106797e+01
1.070260593419500594e+01
1.071231315824515917e+01
1.072374431040142895e+01
1.073609440667340920e+01
1.074823538220992347e+01
1.075883543476444260e+01
1.076649609266426921e+01
1.076989133494910433e+01
1.076789364296575258e+01
1.075967433138477425e+01
1.074476947061499565e+01
1.072310753604645228e+01
1.069499986165828354e+01
1.066109931824169621e+01
1.062233580562354085e+01
1.057983880022893430e+01
1.053485725881953883e+01
1.048868582306251263e+01
1.044260386686056030e+01
1.039783095604701124e+01
1.035549924334366878e+01
1.031664063823489030e+01
1.028218459921009398e+01
1.025296128641945614e+01
1.022970463988885648e+01
1.021305064378811522e+01
1.020352743738808954e+01
1.020153581121721764e+01
1.020732072310943828e+01
1.022093651917862189e+01
1.024221030262033061e+01
1.027070914599950413e+01
1.030571742358366194e+01
1.034623033802538927e+01
1.039096868379374250e+01
1.043841805747340779e+01
1.048689320921392820e+01
1.053462524368970854e+01
1.057986623336996956e+01
1.062100289326457947e+01
1.065666871937469296e+01
1.068584283031218440e+01
1.070792399665145922e+01
1.072277014749322355e+01
1.073069692985424695e+01
1.073243333338993466e+01
1.072903742818973072e+01
1.072178020181783253e+01
1.071200960118275347e+01
1.070100956190223584e+01
1.068986962725896817e+01
1.067937958261944154e+01
1.066996051643201326e+01
1.066163928531663529e+01
1.065406811972758305e+01
1.064658576561133430e+01
1.063831181880965815e+01
1.062826237282760822e+01
1.061547318593925482e+01
1.059911646353436154e+01
1.057859897180625985e+01
1.055363223431847253e+01
1.052426951176090775e+01
1.049090852349895364e+01
1.045426283232006170e+01
1.041530797204519843e+01
1.037521041275426192e+01
1.033524819972149444e+01
1.029673164369986438e+01
1.026093102121387268e+01
1.022901620616369200e+01
1.020201087432153386e+01
1.018076174790979493e+01
1.016592155280498311e+01
1.015794312262574906e+01
1.015708147559759134e+01
1.016340069169339522e+01
1.017678293419500513e+01
1.019693784424738148e+01
1.022341161246787600e+01
1.025559611328552734e+01
1.029273940096964246e+01
1.033395946362514195e+01
1.037826330622113602e+01
1.042457313258110574e+01
1.047176062837150923e+01
1.051868918927727847e+01
1.056426253380860913e+01
1.060747668751333705e+01
1.064747105893767731e+01
1.068357348557486475e+01
1.071533391369786870e+01
1.074254191793163216e+01
1.076522458462308229e+01
1.078362327063452497e+01
1.079815017583437964e+01
1.080932820784296844e+01
1.081771989980225968e+01
1.082385281006251532e+01
1.082814960819018246e+01
1.083087078385810287e+01
1.083207660904574077e+01
1.083161280187616171e+01
1.082912157674241271e+01
1.082407680009172957e+01
1.081583921061616671e+01
1.080372547636246949e+01
1.078708352698401818e+01
1.076536626164061694e+01
1.073819638513268515e+01
1.070541661475885498e+01
1.066712156118730626e+01
1.062366988528545519e+01
1.057567752801834615e+01
1.052399460880322124e+01
1.046966978720025843e+01
1.041390639692293085e+01
1.035801451986922217e+01
1.030336249864506826e+01
1.025133038083738235e+01
1.020326666467667032e+01
1.016044868000435386e+01
1.012404615680699749e+01
1.009508711403395687e+01
1.007442518718927538e+01
1.006270788527130478e+01
1.006034595382231700e+01
1.006748490798064211e+01
1.008398074652839327e+01
1.010938270895595892e+01
1.014292653376060827e+01
1.018354186917017401e+01
1.022987715440184431e+01
1.028034435152359904e+01
1.033318435101172383e+01
1.038655177003406749e+01
1.043861538437655234e+01
1.048766785964984649e+01
1.053223613834908257e+01
1.057118220461122782e+01
1.060378337611207300e+01
1.062978205127810405e+01
1.064939708264282991e+01
1.066329253591504767e+01
1.067250416662170664e+01
1.067832893119460103e+01
1.068218755205953663e+01
1.068547387283070194e+01
1.068940688052328447e+01
1.069490146423878763e+01
1.070247213292122090e+01
1.071218023361277538e+01
1.072363016521785184e+01
1.073601433460088117e+01
1.074820091498514785e+01
1.075885359728449764e+01
1.076656911727939026e+01
1.077001683281946676e+01
1.076806517949091102e+01
1.075988231104955517e+01
1.074500220926293004e+01
1.072335238852439154e+01
1.069524428023138718e+01
1.066133173985099525e+01
1.062254629948414753e+01
1.058001944584073328e+01
1.053500226232309522e+01
1.048879141193870268e+01
1.044266802558607488e+01
1.039785307658019775e+01
1.035547976415820237e+01
1.031658073541139586e+01
1.028208597537167712e+01
1.025282608114202532e+01
1.022953546186420937e+01
1.021285070347585844e+01
1.020330074161054412e+01
1.020128736989895302e+01
1.020705671408868653e+01
1.022066435993948019e+01
1.024193858738591345e+01
1.027044742181692705e+01
1.030547579827285531e+01
1.034601893427318586e+01
1.039079697514440248e+01
1.043829414124762778e+01
1.048682308619065928e+01
1.053461218261262466e+01
1.057991029823836016e+01
1.062110070192252209e+01
1.065681348307641763e+01
1.068602469702910795e+01
1.070813068842365823e+01
1.072298784798272031e+01
1.073091134684986692e+01
1.073263083695920450e+01
1.072920615216767182e+01
1.072191099673190351e+01
1.071209674090323993e+01
1.070105113260554219e+01
1.068986756232290602e+01
1.067933934627499681e+01
1.066989047718918115e+01
1.066154985279979428e+01
1.065397074149675483e+01
1.064649189148569342e+01
1.063823193810178225e+01
1.062820521560740161e+01
1.061544515519493537e+01
1.059912133440876580e+01
1.057863786118743477e+01
1.055370381329265683e+01
1.052437040867269680e+01
1.049103384937446748e+01
1.045440675460616831e+01
1.041546426677360593e+01
1.037537293779488223e+01
1.033541125014363615e+01
1.029689017129846818e+01
1.026108072090102041e+01
1.022915348956176196e+01
1.020213276363605459e+01
1.018086573000891804e+01
1.016600543423399827e+01
1.015800492156656176e+01
1.015711937763814099e+01
1.016341308410287425e+01
1.017676851977958208e+01
1.019689582237189107e+01
1.022334190295202561e+01
1.025549958990576371e+01
1.029261809623268320e+01
1.033381670601228386e+01
1.037810375551676323e+01
1.042440268802602610e+01
1.047158619756213938e+01
1.051851832179193025e+01
1.056410294083702084e+01
1.060733568527290593e+01
1.064735498720917839e+01
1.068348716115320762e+01
1.071528018030372742e+01
1.074252134820588367e+01
1.076523537635155137e+01
1.078366135952395233e+01
1.079820956323853842e+01
1.080940147686299468e+01
1.081779887051225053e+01
1.082392926740519812e+01
1.082821602682917472e+01
1.083092097429561207e+01
1.083210621871920054e+01
1.083161962243369558e+01
1.082910563191114761e+01
1.082404021434162900e+01
1.081578588379844952e+01
1.080366061036271219e+01
1.078701306467529974e+01
1.076529630437840979e+01
1.073813265242373660e+01
1.070536399933730465e+01
1.066708381651097071e+01
1.062364946298818857e+01
1.057567556307084899e+01
1.052401103268089066e+01
1.046970353637383155e+01
1.041395567673932554e+01
1.035807708265407712e+01
1.030343589909963598e+01
1.025141218028495338e+01
1.020335456678457753e+01
1.016054059255408326e+01
1.012414018528643389e+01
1.009518150200687714e+01
1.007451822470361869e+01
1.006279780958407422e+01
1.006043086643527573e+01
1.006756272872361713e+01
1.008404921975852808e+01
1.010943946956652084e+01
1.014296923240716630e+01
1.018356834772944453e+01
1.022988565499079705e+01
1.028033373619591195e+01
1.033315430523358458e+01
1.038650296183063659e+01
1.043854955306887433e+01
1.048758781351467917e+01
1.053214564911987949e+01
1.057108579780397406e+01
1.060368602860038223e+01
1.062968881980806302e+01
1.064931269740973363e+01
1.066322100026303588e+01
1.067244840610913847e+01
1.067829053208126844e+01
1.068216662079223589e+01
