5.107866258291599237e+00
5.107866258291599237e+00
5.553507290876050106e+00
6.488400470888969096e+00
7.804103926640989286e+00
9.396283790517285794e+00
1.116243455356231173e+01
1.300094916783829291e+01
1.481181820269397598e+01
1.649898479882174485e+01
1.797410784656429428e+01
1.916120989621373738e+01
2.000146137281382153e+01
2.045724490865016065e+01
2.051470473584909371e+01
2.018422582442426361e+01
1.949866002711273083e+01
1.850953026681427005e+01
1.728179209352177281e+01
1.588793119531338505e+01
1.440219278064059694e+01
1.289559704925180839e+01
1.143215628763138092e+01
1.006644722677421555e+01
8.842467885258233906e+00
7.793555429137573043e+00
6.943067641662942435e+00
6.305522948203184264e+00
5.887931015554366709e+00
5.691105774398983463e+00
5.710818079655206603e+00
5.938705373813773392e+00
6.362905770780555414e+00
6.968423244468379352e+00
7.737260721763853155e+00
8.648381204594905114e+00
9.677575500539077780e+00
1.079732945821119117e+01
1.197679296588288267e+01
1.318195503814787628e+01
1.437612068456828851e+01
1.552076241039876336e+01
1.657677992027932135e+01
1.750614656599944752e+01
1.827385526772272328e+01
1.885000974938032314e+01
1.921185233868920150e+01
1.934549151478723417e+01
1.924710182807216796e+01
1.892341941757754853e+01
1.839144196637100492e+01
1.767734712880894676e+01
1.681474721789676607e+01
1.584247944611742298e+01
1.480217543915929923e+01
1.373585589569603016e+01
1.268376097698157068e+01
1.168256649040914752e+01
1.076406546498362715e+01
9.954328379550180017e+00
9.273303032651444511e+00
8.734781538051475280e+00
8.346647179581324849e+00
8.111314581614742281e+00
8.026287985321324925e+00
8.084779334785098470e+00
8.276346089209940970e+00
8.587525080551984047e+00
9.002451453026289130e+00
9.503459953979863428e+00
1.007166964021285338e+01
1.068755307189005066e+01
1.133148833429251567e+01
1.198428801242789632e+01
1.262769484116617491e+01
1.324483033593651982e+01
1.382058117010041087e+01
1.434190889994050622e+01
1.479807187148840342e+01
1.518075334037377644e+01
1.548409619462972842e+01
1.570465118226875489e+01
1.584125120055470504e+01
1.589482818006290366e+01
1.586819090877216354e+01
1.576578170388576794e+01
1.559342744815050885e+01
1.535809674593144791e+01
1.506767055550519530e+01
1.473072935400814742e+01
1.435635630418581599e+01
1.395395342515711690e+01
1.353306659247429877e+01
1.310321524931892867e+01
1.267372376862562078e+01
1.225355312658305706e+01
1.185113355577990291e+01
1.147420079819371352e+01
1.112964020049345848e+01
1.082334401447511496e+01
1.056008780515733037e+01
1.034343183596636351e+01
1.017565275712984096e+01
1.005770996346233659e+01
9.989249710000187576e+00
9.968648567525697501e+00
9.993096138679948837e+00
1.005871520196519775e+01
1.016071566584797914e+01
1.029357697129921512e+01
1.045125196785696531e+01
1.062738392055429415e+01
1.081552731012145330e+01
1.100936259611217238e+01
1.120289522927653536e+01
1.139062998654323877e+01
1.156771315697564972e+01
1.173003714750372239e+01
1.187430454927601886e+01
1.199805139139360222e+01
1.209963196037013944e+01
1.217816993184883501e+01
1.223348243124601353e+01
1.226598486018473722e+01
1.227658482302189569e+01
1.226657327166597256e+01
1.223752014195904181e+01
1.219118041958087595e+01
1.212941491953002071e+01
1.205412826975810070e+01
1.196722482392954312e+01
1.187058163040121528e+01
1.176603625941954512e+01
1.165538630545344034e+01
1.154039676802537784e+01
1.142281127292838327e+01
1.130436320158566055e+01
1.118678320556302275e+01
1.107180023823225312e+01
1.096113406993957184e+01
1.085647819581927109e+01
1.075947302600999933e+01
1.067167019860328026e+01
1.059448971600391154e+01
1.052917232438785611e+01
1.047673009456921278e+01
1.043789849447416884e+01
1.041309335474555375e+01
1.040237601900242481e+01
1.040542964798927095e+01
1.042154913178150721e+01
1.044964638397136447e+01
1.048827198084462964e+01
1.053565320886037071e+01
1.058974764313653516e+01
1.064831045065246329e+01
1.070897275259237702e+01
1.076932764721856906e+01
1.082701994442820315e+01
1.087983534154396992e+01
1.092578471177281685e+01
1.096317939599680713e+01
1.099069387811334764e+01
1.100741295186166369e+01
1.101286139805250031e+01
1.100701521295094309e+01
1.099029447725659736e+01
1.096353894516392202e+01
1.092796828751432159e+01
1.088512958015952847e+01
1.083683505091982724e+01
1.078509327286741382e+01
1.073203693148019688e+01
1.067985003340482209e+01
1.063069701656154109e+01
1.058665572517459275e+01
1.054965569118826885e+01
1.052142267218321692e+01
1.050342998222627955e+01
1.049685684887774073e+01
1.050255385456098267e+01
1.052101547505130874e+01
1.055235979932554358e+01
1.059631567665376473e+01
1.065221775268706139e+01
1.071901008118956966e+01
1.079525918372477200e+01
1.087917752629056167e+01
1.096865834404807671e+01
1.106132253636789287e+01
1.115457795132691743e+01
1.124569077884077650e+01
1.133186799481277696e+01
1.141034889230187055e+01
1.147850277263886731e+01
1.153392894495356202e+01
1.157455440586352502e+01
1.159872405306262166e+01
1.160527812587567631e+01
1.159361183118306116e+01
1.156371283277671935e+01
1.151617343163494311e+01
1.145217576679700855e+01
1.137345009743086166e+01
1.128220802807589607e+01
1.118105423991945813e+01
1.107288172778943292e+01
1.096075658168360434e+01
1.084779890472199071e+01
1.073706649188339668e+01
1.063144742745856064e+01
1.053356686149429855e+01
1.044571200245600373e+01
1.036977793845400342e+01
1.030723540171286956e+01
1.025912014148870099e+01
1.022604226905781388e+01
1.020821286296470021e+01
1.020548432162936692e+01
1.021740044932748503e+01
1.024325206066200877e+01
1.028213397136774887e+01
1.033299957716259598e+01
1.039470976559533710e+01
1.046607360902415707e+01
1.054587909820104841e+01
1.063291304290384431e+01
1.072597013820408307e+01
1.082385202554797132e+01
1.092535792663331051e+01
1.102926905928187296e+01
1.113432952989662539e+01
1.123922671369162174e+01
1.134257426385808110e+01
1.144290082204894432e+01
1.153864722745451488e+01
1.162817453991466188e+01
1.170978451187414038e+01
1.178175328427122182e+01
1.184237807722493585e+01
1.189003554957119135e+01
1.192324938208274787e+01
1.194076358407481209e+01
1.194161712950279863e+01
1.192521489605146101e+01
1.189138959862343725e+01
1.184044954326015997e+01
1.177320760940540012e+01
1.169098788281832313e+01
1.159560774530166682e+01
1.148933487217498595e+01
1.137482035108516598e+01
1.125501085535119294e+01
1.113304432239492847e+01
1.101213476454053186e+01
1.089545257656616251e+01
1.078600694880370625e+01
1.068653674640640183e+01
1.059941551990539388e+01
1.052657525311865072e+01
1.046945213857245705e+01
1.042895621491167724e+01
1.040546522016639663e+01
1.039884161198726886e+01
1.040847046502611661e+01
1.043331494077356680e+01
1.047198527819388758e+01
1.052281679657020419e+01
1.058395223955776387e+01
1.065342390868852718e+01
1.072923141051637685e+01
1.080941143413534178e+01
1.089209673828636937e+01
1.097556240229155833e+01
1.105825832311522561e+01
1.113882786170994876e+01
1.121611339756626080e+01
1.128915029330029896e+01
1.135715136069821796e+01
1.141948433208160907e+01
1.147564506217893410e+01
1.152522921811636536e+01
1.156790506996860124e+01
1.160338969335266412e+01
1.163143046634521838e+01
1.165179321756845887e+01
1.166425779450556099e+01
1.166862120587641982e+01
1.166470788388547319e+01
1.165238604519498189e+01
1.163158863629833739e+01
1.160233695951850130e+01
1.156476481675305834e+01
1.151914089963374010e+01
1.146588720978856557e+01
1.140559151328287868e+01
1.133901220978972901e+01
1.126707450669243116e+01
1.119085739700889981e+01
1.111157160271649680e+01
1.103052931118885738e+01
1.094910714850394839e+01
1.086870434999962498e+01
1.079069846344144423e+01
1.071640112420474011e+01
1.064701645954095000e+01
1.058360451174941375e+01
1.052705173344540945e+01
1.047805013168685129e+01
1.043708606018851270e+01
1.040443902578625313e+01
1.038019023316602230e+01
1.036423998674845137e+01
1.035633253999661108e+01
1.035608656345197787e+01
1.036302911621884704e+01
1.037663086404679547e+01
1.039634029300271933e+01
1.042161481199235595e+01
1.045194690445828556e+01
1.048688385524799216e+01
1.052604001460233718e+01
1.056910103845262938e+01
1.061582003235951532e+01
1.066600599935877369e+01
1.071950542754227342e+01
1.077617823441057610e+01
1.083586960062917370e+01
1.089837946919441691e+01
1.096343165427617805e+01
1.103064459561140609e+01
1.109950580837429790e+01
1.116935201233220099e+01
1.123935677359137664e+01
1.130852725100072576e+01
1.137571130104587525e+01
1.143961575503431405e+01
1.149883614113015184e+01
1.155189749037925750e+01
1.159730516097882358e+01
1.163360387328507883e+01
1.165944241805118153e+01
1.167364084288602655e+01
1.167525640460607761e+01
1.166364426602217819e+01
1.163850887291264158e+01
1.159994221076985355e+01
1.154844572357932542e+01
1.148493355863869958e+01
1.141071592778549260e+01
1.132746266144605229e+01
1.123714837034532366e+01
1.114198190261995158e+01
1.104432387787709402e+01
1.094659689637093791e+01
1.085119349313477777e+01
1.076038699863499204e+01
1.067625018325490416e+01
1.060058593909428382e+01
1.053487335508992651e+01
1.048023145251558574e+01
1.043740166073341769e+01
1.040674891863842078e+01
1.038828016907194396e+01
1.038167804252610793e+01
1.038634675498721549e+01
1.040146670876043444e+01
1.042605400096614687e+01
1.045902101194161560e+01
1.049923444873928702e+01
1.054556762895304445e+01
1.059694436657955663e+01
1.065237251874356161e+01
1.071096601878647903e+01
1.077195500687484042e+01
1.083468442737856208e+01
1.089860215133708010e+01
1.096323827120597372e+01
1.102817768068558735e+01
1.109302838257003643e+01
1.115738815752093416e+01
1.122081227851110796e+01
1.128278487566981525e+01
1.134269635246043961e+01
1.139982893515516338e+01
1.145335201195623576e+01
1.150232839510216820e+01
1.154573203012247795e+01
1.158247699720573820e+01
1.161145692361139403e+01
1.163159318573823597e+01
1.164188956736398950e+01
1.164149040815785696e+01
1.162973878063698052e+01
1.160623093119495053e+01
1.157086316090445877e+01
1.152386753876622549e+01
1.146583334522780362e+01
1.139771192129198596e+01
1.132080360269202401e+01
1.123672657702673661e+01
1.114736872132591117e+01
1.105482465492952926e+01
1.096132127487106089e+01
1.086913583924206606e+01
1.078051116113669217e+01
1.069757263563444383e+01
1.062225163965126207e+01
1.055621934678002205e+01
1.050083423755468637e+01
1.045710563159798312e+01
1.042567450170129106e+01
1.040681173449375052e+01
1.040043295459802053e+01
1.040612809753913126e+01
1.042320315329476799e+01
1.045073094626584265e+01
1.048760748886179073e+01
1.053261035181631655e+01
1.058445562403383988e+01
1.064185036729768186e+01
1.070353797226020731e+01
1.076833445057344818e+01
1.083515440673122754e+01
1.090302617367555627e+01
1.097109632067314067e+01
1.103862440856165250e+01
1.110496943991638474e+01
1.116956990424457175e+01
1.123191963341938759e+01
1.129154185237566210e+01
1.134796383529133124e+01
1.140069446404474363e+01
1.144920674553545936e+01
1.149292699210631419e+01
1.153123192175872980e+01
1.156345441161162313e+01
1.158889806081224627e+01
1.160686011332721179e+01
1.161666168535784394e+01
1.161768367050217066e+01
1.160940619440571453e+01
1.159144909842289017e+01
1.156361068539552583e+01
1.152590189157939449e+01
1.147857317827545209e+01
1.142213177164938465e+01
1.135734740915952123e+01
1.128524544618145065e+01
1.120708698979164275e+01
1.112433659669080299e+01
1.103861892898495078e+01
1.095166653412460533e+01
1.086526153825651519e+01
1.078117446498542087e+01
1.070110358004941453e+01
1.062661810547680474e+01
1.055910835461353159e+01
1.049974534053002628e+01
1.044945175108530933e+01
1.040888541815012225e+01
1.037843559729749821e+01
1.035823157633479319e+01
1.034816240063534565e+01
1.034790588577267201e+01
1.035696461814596958e+01
1.037470634331750574e+01
1.040040601983507074e+01
1.043328687011432265e+01
1.047255797509731323e+01
1.051744631396879015e+01
1.056722161279407501e+01
1.062121290329205436e+01
1.067881626847008292e+01
1.073949383057731310e+01
1.080276458762176617e+01
1.086818820017208509e+01
1.093534324994142182e+01
1.100380182104906979e+01
1.107310248418617071e+01
1.114272388852103113e+01
1.121206118361727277e+01
1.128040740328890479e+01
1.134694174539493261e+01
1.141072637658639621e+01
1.147071298140773976e+01
1.152575976605091412e+01
1.157465902953507353e+01
1.161617474779751724e+01
1.164908890812379738e+01
1.167225462241377620e+01
1.168465338816509558e+01
1.168545331339499427e+01
1.167406473582991211e+01
1.165018950282794918e+01
1.161386027907188634e+01
1.156546663646295414e+01
1.150576534990464772e+01
1.143587324071765465e+01
1.135724201233635711e+01
1.127161572540469692e+01
1.118097275893749476e+01
1.108745519691007786e+01
1.099328946811154495e+01
1.090070267542652971e+01
1.081183932911733514e+01
1.072868313077377778e+01
1.065298805513451086e+01
1.058622229006460636e+01
1.052952768573426034e+01
1.048369631166986160e+01
1.044916460907025169e+01
1.042602453732804690e+01
1.041405012118126550e+01
1.041273696846999997e+01
1.042135169240980375e+01
1.043898776460074629e+01
1.046462415587402717e+01
1.049718318657517102e+01
1.053558428677029468e+01
1.057879082712538121e+01
1.062584778368393756e+01
1.067590869559163735e+01
1.072825111621291683e+01
1.078228049646111231e+01
1.083752313179775939e+01
1.089360941643811742e+01
1.095024915308742663e+01
1.100720104914407926e+01
1.106423878310839370e+01
1.112111614989552066e+01
1.117753379655153978e+01
1.123310995016421110e+01
1.128735732703326455e+01
1.133966810538418812e+01
1.138930845034655093e+01
1.143542360627882104e+01
1.147705402540872477e+01
1.151316239438291156e+01
1.154267076901634859e+01
1.156450635817167871e+01
1.157765384574911138e+01
1.158121154972533517e+01
1.157444823992176453e+01
1.155685712423093037e+01
1.152820341383925395e+01
1.148856202724991604e+01
1.143834240665627533e+01
1.137829809037649298e+01
1.130951957665242702e+01
1.123341006577407342e+01
1.115164479816983345e+01
1.106611582121505499e+01
1.097886502104711859e+01
1.089200906124856161e+01
1.080766040871159461e+01
1.072784885763743290e+01
1.065444787187868769e+01
1.058910967137976122e+01
1.053321233301358362e+01
1.048782132119867327e+01
1.045366688351233009e+01
1.043113771892607389e+01
1.042029032645004172e+01
1.042087253583698470e+01
1.043235896491648873e+01
1.045399557850596040e+01
1.048485016647326518e+01
1.052386542193745456e+01
1.056991137800784486e+01
1.062183423544457384e+01
1.067849905272246502e+01
1.073882433764170230e+01
1.080180723186303737e+01
1.086653867117794192e+01
1.093220859072426876e+01
1.099810188525741239e+01
1.106358639555964274e+01
1.112809464709701501e+01
1.119110139787377634e+01
1.125209924973216147e+01
1.131057463850592981e+01
1.136598644716019102e+01
1.141774929010647632e+01
1.146522320754697155e+01
1.150771109958782112e+01
1.154446473712997268e+01
1.157469962937958741e+01
1.159761842936320164e+01
1.161244194701137467e+01
1.161844624729135056e+01
1.161500377632139980e+01
1.160162602202076343e+01
1.157800491807264187e+01
1.154405007674292527e+01
1.149991901386271920e+01
1.144603782045404294e+01
1.138311023444701320e+01
1.131211374711497086e+01
1.123428219721649057e+01
1.115107520030231569e+01
1.106413565935538301e+01
1.097523743080785863e+01
1.088622590720320460e+01
1.079895476647751629e+01
1.071522238900310242e+01
1.063671144016994674e+01
1.056493486429343420e+01
1.050119106191129603e+01
1.044653037133070939e+01
1.040173420257202785e+01
1.036730733950470373e+01
1.034348309595089432e+01
1.033024024108206973e+01
1.032732994788268854e+01
1.033431050197961198e+01
1.035058716345986340e+01
1.037545441126367152e+01
1.040813781910093283e+01
1.044783300026540118e+01
1.049373939473938222e+01
1.054508712590874708e+01
1.060115569193767726e+01
1.066128384173846655e+01
1.072487058147637029e+01
1.079136783163287205e+01
1.086026577809071370e+01
1.093107241055280809e+01
1.100328910090173906e+01
1.107638433154568602e+01
1.114976783175938557e+01
1.122276741552213508e+01
1.129461073445536101e+01
1.136441396404916304e+01
1.143117913045537648e+01
1.149380136106716677e+01
1.155108681101837576e+01
1.160178139167354061e+01
1.164460972707064101e+01
1.167832302150289259e+01
1.170175377908207004e+01
1.171387462796623780e+01
1.171385792896002087e+01
1.170113245349857678e+01
1.167543325706135704e+01
1.163684099424440177e+01
1.158580734265890300e+01
1.152316391785061711e+01
1.145011303215189713e+01
1.136819980955687370e+01
1.127926642342213270e+01
1.118539046776326806e+01
1.108881059610787645e+01
1.099184346535843027e+01
1.089679662780060454e+01
1.080588227392123990e+01
1.072113662820272673e+01
1.064434935800364990e+01
1.057700662037349204e+01
1.052025041308285225e+01
1.047485579692453506e+01
1.044122640414020964e+01
1.041940752611983712e+01
1.040911505732435671e+01
1.040977772098717580e+01
1.042058936145371106e+01
1.044056768338746721e+01
1.046861566031818569e+01
1.050358191730251178e+01
1.054431669391928494e+01
1.058972048097014351e+01
1.063878305470576890e+01
1.069061135705473475e+01
1.074444543841816113e+01
1.079966244168939937e+01
1.085576931754043528e+01
1.091238558613191145e+01
1.096921797181951419e+01
1.102602912016350345e+01
1.108260285342250384e+01
1.113870853444597486e+01
1.119406709655875254e+01
1.124832116944793370e+01
1.130101149951166128e+01
1.135156153801582413e+01
1.139927166041545803e+01
1.144332399348283857e+01
1.148279827208312831e+01
1.151669853660191123e+01
1.154398983299923209e+01
1.156364341618999703e+01
1.157468831899615225e+01
1.157626657684392413e+01
1.156768894215762344e+01
1.154848763253932731e+01
1.151846257869865298e+01
1.147771780483819271e+01
1.142668499991677322e+01
1.136613201296248121e+01
1.129715489338102685e+01
1.122115313702956385e+01
1.113978890990321169e+01
1.105493211141703824e+01
1.096859411483242042e+01
1.088285379914157858e+01
1.079977999934875399e+01
1.072135471119056405e+01
1.064940128035196842e+01
1.058552140436573019e+01
1.053104411890915237e+01
1.048698909177787186e+01
1.045404557926204170e+01
1.043256738784811688e+01
1.042258320272663497e+01
1.042382075814891707e+01
1.043574258675225153e+01
1.045759053361246771e+01
1.048843587957503587e+01
1.052723179477261795e+01
1.057286493132638583e+01
1.062420324405524141e+01
1.068013757065833502e+01
1.073961506954238843e+01
1.080166326176370717e+01
1.086540410799965528e+01
1.093005822890607348e+01
1.099494000715998965e+01
1.105944485944446143e+01
1.112303041050652652e+01
1.118519362228444791e+01
1.124544612038148372e+01
1.130329001535130828e+01
1.135819644165023767e+01
1.140958884046280986e+01
1.145683270487528205e+01
1.149923310030782631e+01
1.153604078542451816e+01
1.156646720731245281e+01
1.158970805201596832e+01
1.160497442484850161e+01
1.161153014662344241e+01
1.160873311946701669e+01
1.159607827949533210e+01
1.157323935369876011e+01
1.154010651093815554e+01
1.149681706906912559e+01
1.144377670461857477e+01
1.138166910353596073e+01
1.131145266647660108e+01
1.123434369547588574e+01
1.115178638059514071e+01
1.106541080324111448e+01
1.097698100309380287e+01
1.088833584698367574e+01
1.080132593338532132e+01
1.071775002503353313e+01
1.063929450714510239e+01
1.056747912482119922e+01
1.050361178687924735e+01
1.044875457832232435e+01
1.040370235493574569e+01
1.036897446397011358e+01
1.034481930543257278e+01
1.033123067692188712e+01
1.032797418089495167e+01
1.033462145322175729e+01
1.035058962227149593e+01
1.037518324001306524e+01
1.040763594026858385e+01
1.044714926253075049e+01
1.049292641094779555e+01
1.054419916756413400e+01
1.060024671342587510e+01
1.066040569341765831e+01
1.072407145549708218e+01
1.079069096878162171e+01
1.085974844915206461e+01
1.093074517240609822e+01
1.100317531680056504e+01
1.107649993657683929e+01
1.115012131922447480e+01
1.122336001715660103e+01
1.129543676708499333e+01
1.136546131678934479e+01
1.143242986928997240e+01
1.149523243095002556e+01
1.155267081879595992e+01
1.160348745567757156e+01
1.164640438062027705e+01
1.168017115762392066e+01
1.170361962245202747e+01
1.171572271758421380e+01
1.171565409174643690e+01
1.170284474548714115e+01
1.167703284562763599e+01
1.163830295272450854e+01
1.158711132814699241e+01
1.152429470446962156e+01
1.145106087581569199e+01
1.136896062616290948e+01
1.127984177013246025e+01
1.118578732601711856e+01
1.108904096470392098e+01
1.099192378131652603e+01
1.089674704113236459e+01
1.080572580941854888e+01
1.072089827198820799e+01
1.064405510923712939e+01
1.057668254842283595e+01
1.051992175842645061e+01
1.047454614987656640e+01
1.044095698986946630e+01
1.041919661785533791e+01
1.040897753201823406e+01
1.040972476462477303e+01
1.042062832369472858e+01
1.044070207483474988e+01
1.046884527996130032e+01
1.050390309330279592e+01
1.054472261753649320e+01
1.059020161183875786e+01
1.063932757502043813e+01
1.069120565322721461e+01
1.074507459063905657e+01
1.080031070475492072e+01
1.085642057971304553e+01
1.091302379657480515e+01
1.096982753087051066e+01
1.102659523009242548e+01
1.108311183010997070e+01
1.113914808245384336e+01
1.119442655113774876e+01
1.124859170919794593e+01
1.130118633269740869e+01
1.135163606399508751e+01
1.139924360558948990e+01
1.144319351878496427e+01
1.148256804663024155e+01
1.151637377005461715e+01
1.154357825772459023e+01
1.156315520977308076e+01
1.157413595822508157e+01
1.157566461610464259e+01
1.156705371223247525e+01
1.154783685991889541e+01
1.151781493052257588e+01
1.147709236993730286e+01
1.142610072174785429e+01
1.136560709498370514e+01
1.129670620103005874e+01
1.122079562270731579e+01
1.113953508763673739e+01
1.105479160645719006e+01
1.096857331006868641e+01
1.088295559540190993e+01
1.080000370069076965e+01
1.072169603950575478e+01
1.064985251703072144e+01
1.058607165016798390e+01
1.053167965783108961e+01
1.048769384007769112e+01
1.045480159787377694e+01
1.043335543481332195e+01
1.042338330195394036e+01
1.042461276211741961e+01
1.043650671286255971e+01
1.045830785718510114e+01
1.048908877014663688e+01
1.052780428654088851e+01
1.057334302269652326e+01
1.062457512530705728e+01
1.068039378229039471e+01
1.073974859675690396e+01
1.080166957271818973e+01
1.086528114475722617e+01
1.092980636030914710e+01
1.099456195251064372e+01
1.105894559038407721e+01
1.112241703674922277e+01
1.118447526444633766e+01
1.124463377069571024e+01
1.130239638449781481e+01
1.135723578789594690e+01
1.140857677564864581e+01
1.145578597095697759e+01
1.149816931028920308e+01
1.153497812357640662e+01
1.156542408571942104e+01
1.158870272358512565e+01
1.160402455674543987e+01
1.161065236246393262e+01
1.160794252310086172e+01
1.159538797746050065e+01
1.157265999692856084e+01
1.153964587869582026e+01
1.149647971890612119e+01
1.144356371130642991e+01
1.138157790714432771e+01
1.131147704523310971e+01
1.123447387299521161e+01
1.115200927005747822e+01
1.106571038334385193e+01
1.097733881311233972e+01
1.088873158145703712e+01
1.080173811120631377e+01
1.071815670390804343e+01
1.063967401209270491e+01
1.056781075941628956e+01
1.050387649774394561e+01
1.044893554646997735e+01
1.040378549276933917e+01
1.036894880209381320e+01
1.034467725944852212e+01
1.033096819098252439e+01
1.032759075027092521e+01
1.033412003361283027e+01
1.034997643788182131e+01
1.037446750571790233e+01
1.040682951538244794e+01
1.044626625457479818e+01
1.049198274762434480e+01
1.054321215405888879e+01
1.059923458991809042e+01
1.065938720507268300e+01
1.072306544415607377e+01
1.078971599233468126e+01
1.085882243150681958e+01
1.092988508443658091e+01
1.100239688647023684e+01
1.107581738522895520e+01
1.114954712062174913e+01
1.122290467618161180e+01
1.129510861634924268e+01
1.136526633130281816e+01
1.143237150175657213e+01
1.149531147291772903e+01
1.155288529547848952e+01
1.160383256442018052e+01
1.164687248442409029e+01
1.168075184552037626e+01
1.170429984766076892e+01
1.171648702208163328e+01
1.171648492221860138e+01
1.170372286070799461e+01
1.167793780951835458e+01
1.163921370103837560e+01
1.158800679060940553e+01
1.152515445867585697e+01
1.145186580511556684e+01
1.136969355126535675e+01
1.128048802398717498e+01
1.118633524326139650e+01
1.108948226102097934e+01
1.099225380377976080e+01
1.089696487760432575e+01
1.080583425275326803e+01
1.072090364279134533e+01
1.064396694796530163e+01
1.057651319428844516e+01
1.051968583731456874e+01
1.047425999706347000e+01
1.044063803511452448e+01
1.041886276040338188e+01
1.040864653200668855e+01
1.040941367448592558e+01
1.042035297964301321e+01
1.044047666405629471e+01
1.046868199434340596e+01
1.050381187550609496e+01
1.054471100039853582e+01
1.059027464757985371e+01
1.063948784707957884e+01
1.069145336033510318e+01
1.074540769090729242e+01
1.080072510629423732e+01
1.085691036432501022e+01
1.091358146374417970e+01
1.097044425094030728e+01
1.102726109745045946e+01
1.108381610975964904e+01
1.113987944578459732e+01
1.119517329916236292e+01
1.124934198356857706e+01
1.130192831639477014e+01
1.135235817455646767e+01
1.139993468400776067e+01
1.144384301680370442e+01
1.148316621410693017e+01
1.151691184246620203e+01
1.154404864192607505e+01
1.156355166398480883e+01
1.157445376013950522e+01
1.157590071124520748e+01
1.156720683346260614e+01
1.154790760853650866e+01
1.151780580977271740e+01
1.147700776313249804e+01
1.142594680946048413e+01
1.136539170877950866e+01
1.129643861483456035e+01
1.122048628664005498e+01
1.113919531296400223e+01
1.105443321352576014e+01
1.096820825375247566e+01
1.088259558416826955e+01
1.079965982602760910e+01
1.072137843188929196e+01
1.064957004309743382e+01
1.058583166336491210e+01
1.053148781176908599e+01
1.048755397034878456e+01
1.045471567456960926e+01
1.043332358434718721e+01
1.042340389377749865e+01
1.042468255298880919e+01
1.043662103923695383e+01
1.045846086483348358e+01
1.048927366909683556e+01
1.052801361947857473e+01
1.057356893517997420e+01
1.062480962738047552e+01
1.068062899237539298e+01
1.073997696057525530e+01
1.080188405198993706e+01
1.086547537243259143e+01
1.092997476116662270e+01
1.099469982958609293e+01
1.105904917943296439e+01
1.112248353182567939e+01
1.118450281864269158e+01
1.124462147620051766e+01
1.130234423628250084e+01
1.135714463479167158e+01
1.140844826202093110e+01
1.145562247142163770e+01
1.149797385899639224e+01
1.153475433887082247e+01
1.156517609025763349e+01
1.158843505954069819e+01
1.160374209551247660e+01
1.161036020831820714e+01
1.160764591063657214e+01
1.159509216313960245e+01
1.157237014587230028e+01
1.153936694865972434e+01
1.149621634427087358e+01
1.144332009060214794e+01
1.138135769819492182e+01
1.131128327227653507e+01
1.123430885014386682e+01
1.115187454484264329e+01
1.106560670365309917e+01
1.097726611952503362e+01
1.088868902593710608e+01
1.080172410179242704e+01
1.071816897352162101e+01
1.063970970868729893e+01
1.056786655334991920e+01
1.050394870169138173e+01
1.044902024266096774e+01
1.040387866215377244e+01
1.036904645013964732e+01
1.034477553391788263e+01
1.033106348740357561e+01
1.032767980180573630e+01
1.033419998300611553e+01
1.035004489009062567e+01
1.037452256087271962e+01
1.040686978260776030e+01
1.044629084812415698e+01
1.049199126739781107e+01
1.054320465305189103e+01
1.059921153151489648e+01
1.065934941319088125e+01
1.072301404918220769e+01
1.078965237552323586e+01
1.085874817023689332e+01
1.092980190010899832e+01
1.100230659644661557e+01
1.107572185960561484e+01
1.114944824408855517e+01
1.122280431487182639e+01
1.129500858909688077e+01
1.136516838456615730e+01
1.143227728729443804e+01
1.149522252731130223e+01
1.155280302070447540e+01
1.160375820889663245e+01
1.164680712425018783e+01
1.168069636598377947e+01
1.170425492543299306e+01
1.171645310888670011e+01
1.171646223100539075e+01
1.170371135559219766e+01
1.167793720075155406e+01
1.163922344624817740e+01
1.158802610330156213e+01
1.152518232466075432e+01
1.145190100704918201e+01
1.136973470106104500e+01
1.128053360216173218e+01
1.118638364400994334e+01
1.108953184122240643e+01
1.099230293390529667e+01
1.089701199230690065e+01
1.080587789898337903e+01
1.072094252327498687e+01
1.064399995833446866e+01
1.057653945232114978e+01
1.051970470332120833e+01
1.047427108492486347e+01
1.044064121378773891e+01
1.041885814646992614e+01
1.040863447390497853e+01
1.040939472962606160e+01
1.042032788577490621e+01
1.044044630645402805e+01
1.046864737033289572e+01
1.050377405799894603e+01
1.054467110187370338e+01
1.059023378589164821e+01
1.063944711407480526e+01
1.069141379424480931e+01
1.074537025300200099e+01
1.080069066207774853e+01
1.085687966933399906e+01
1.091355515373935958e+01
1.097042283610981883e+01
1.102724496013975397e+01
1.108380550516410423e+01
1.113987450505194232e+01
1.119517403435008873e+01
1.124934829402000425e+01
1.130193999618630585e+01
1.135237492078147703e+01
1.139995610579053320e+01
1.144386864504484791e+01
1.148319551202841993e+01
1.151694421708245741e+01
1.154408345656447032e+01
1.156358825194451612e+01
1.157449143950089621e+01
1.157593880072091252e+01
1.156724466906789672e+01
1.154794456069022601e+01
1.151784130030469910e+01
1.147704128159693227e+01
1.142597792799808687e+01
1.136542009486165838e+01
1.129646404114956582e+01
1.122050863751683991e+01
1.113921458687763533e+01
1.105444952144660142e+01
1.096822181322371925e+01
1.088260670930695184e+01
1.079966891386175831e+01
1.072138594555121571e+01
1.064957649266152373e+01
1.058583758518931361e+01
1.053149374712181796e+01
1.048756044436773394e+01
1.045472317630182957e+01
1.043333254863713222e+01
1.042341468572931085e+01
1.042469545536299336e+01
1.043663624326550732e+01
1.045847846450030261e+01
1.048929365903207866e+01
1.052803589624187097e+01
1.057359330179403045e+01
1.062483580069881128e+01
1.068065661293234569e+01
1.074000560441908192e+01
1.080191324403848085e+01
1.086550460090193582e+01
1.093000349255526871e+01
1.099472752389443286e+01
1.105907530516631354e+01
1.112250758053042787e+01
1.118452431865508956e+01
1.124464000542881692e+01
1.130235943376755614e+01
1.135715621088616523e+01
1.140845600700514062e+01
1.145562626232341685e+01
1.149797366445856817e+01
1.153475022181321741e+01
1.156516820813572011e+01
1.158842366200961749e+01
1.160372751932399105e+01
1.161034286938992999e+01
1.160762629326607787e+01
1.159507080652899091e+01
1.157234762820379714e+01
1.153934386917650556e+01
1.149619330390431671e+01
1.144329767185537960e+01
1.138133644511301945e+01
1.131126367134515043e+01
1.123429131296598982e+01
1.115185939347449562e+01
1.106559415923339174e+01
1.097725629483170096e+01
1.088868192215578645e+01
1.080171960969851241e+01
1.071816687896265208e+01
1.063970970207102873e+01
1.056786824270219682e+01
1.050395162848685793e+01
1.044902389984804714e+01
1.040388251343227566e+01
1.036904994968471350e+01
1.034477814576979249e+01
1.033106470372488062e+01
1.032767915944396719e+01
1.033419707779314223e+01
1.035003938856109684e+01
1.037451420910311839e+01
1.040685841220308561e+01
1.044627637929653829e+01
1.049197370935591778e+01
1.054318410191013555e+01
1.059918816603035552e+01
1.065932348873226232e+01
1.072298589015659331e+01
1.078962236671153718e+01
1.085871674724148406e+01
1.092976953923172445e+01
1.100227380411951472e+01
1.107568916156442640e+01
1.114941617435438026e+01
1.122277340457197781e+01
1.129497935520299556e+01
1.136514131856524301e+01
1.143225284387779794e+01
1.149520111319864846e+01
1.155278498380030427e+01
1.160374382803862048e+01
1.164679659989216809e+01
1.168068981223048830e+01
1.170425236387273671e+01
1.171645446469343099e+01
1.171646733176222810e+01
1.170371993318948967e+01
1.167794889664883584e+01
1.163923782016287944e+01
1.158804264527272565e+01
1.152520047016739468e+01
1.145192015472119706e+01
1.136975423226444093e+01
1.128055290168227032e+01
1.118640212087532149e+01
1.108954894871468433e+01
1.099231818787386494e+01
1.089702498689669596e+01
1.080588831914418790e+01
1.072095015349603386e+01
1.064400468735441407e+01
1.057654127370152430e+01
1.051970371204764376e+01
1.047426747031028249e+01
1.044063524924792574e+01
1.041885017668731450e+01
1.040862490009825692e+01
1.040938399369459333e+01
1.042031645400692241e+01
1.044043465342079813e+01
1.046863596373883354e+01
1.050376334481906326e+01
1.054466149635833006e+01
1.059022565951391925e+01
1.063944078778419566e+01
1.069140953285424445e+01
1.074536826175081927e+01
1.080069108514847898e+01
1.085688259005294753e+01
1.091356059621771379e+01
1.097043076799715067e+01
1.102725529620904510e+01
1.108381811145799389e+01
1.113988920338762512e+01
1.119519060701008684e+01
1.124936648856613175e+01
1.130195953034463940e+01
1.135239548743704319e+01
1.139997737815722445e+01
1.144389028209687886e+01
1.148321716429385297e+01
1.151696553286951641e+01
1.154410408866306881e+01
1.156360786478511571e+01
1.157450971668037809e+01
1.157595545274868343e+01
1.156725944107606807e+01
1.154795723984084432e+01
1.151785172251373268e+01
1.147704933723188603e+01
1.142598356619619082e+01
1.136542332610142836e+01
1.129646493787226547e+01
1.122050733260382316e+01
1.113921126996336852e+01
