-5.560504201833402771e-01
-5.560504201833402771e-01
-4.543284981240436893e-01
-3.464826397749691811e-01
-2.328509431799189455e-01
-1.112249337052648723e-01
2.151605779875340185e-02
1.671709448920682128e-01
3.240527675701376231e-01
4.858238849143453608e-01
6.420399916615684432e-01
7.803334711118504741e-01
8.892940069536154901e-01
9.607893209071607377e-01
9.909121428322784642e-01
9.795298932831772998e-01
9.289899762996769450e-01
8.426621661728678214e-01
7.238094895058712064e-01
5.750097316083429000e-01
3.981500512748155640e-01
1.949116176242073339e-01
-3.239306956827300160e-02
-2.798196128081789635e-01
-5.408869926479130674e-01
-8.060904210486613541e-01
-1.063145720581082143e+00
-1.298133529835441502e+00
-1.497419004589899627e+00
-1.649882743860288326e+00
-1.748794706501888507e+00
-1.792742880792772997e+00
-1.785377666693869880e+00
-1.734165015201637683e+00
-1.648632021092164113e+00
-1.538629859864058425e+00
-1.412981370114921864e+00
-1.278656883877042461e+00
-1.140445027152430457e+00
-1.000999901693735428e+00
-8.611393349905520633e-01
-7.203031183524246650e-01
-5.771187603237373231e-01
-4.300406826132885940e-01
-2.780169188472026987e-01
-1.211007892159172983e-01
3.911461519484754623e-02
1.993713848575438541e-01
3.550162154611520293e-01
5.006440404366543362e-01
6.309699880048391663e-01
7.416987857629977476e-01
8.301624605084952924e-01
8.955847307069464414e-01
9.389574470010771945e-01
9.626218297907367383e-01
9.696991451518391925e-01
9.635114716349073571e-01
9.470964977735155665e-01
9.228770971484040464e-01
8.925122389085269337e-01
8.569325152375829591e-01
8.165444400521172374e-01
7.715650573761324571e-01
7.224208621393995999e-01
6.701207495168214345e-01
6.165065083334235752e-01
5.643083697259517750e-01
5.169858795137076690e-01
4.783973130101664140e-01
4.523869861944904702e-01
4.423897357356099125e-01
4.511251211957886254e-01
4.804075317265739109e-01
5.310549589304456308e-01
6.028547907947940931e-01
6.945440683058962117e-01
8.037794095228091296e-01
9.270992767584098626e-01
1.059909178052254264e+00
1.196540544370316539e+00
1.330439297126156939e+00
1.454525140664404192e+00
1.561726012544117914e+00
1.645639734703917778e+00
1.701221402446496445e+00
1.725361050545969110e+00
1.717219929921248278e+00
1.678240874619912004e+00
1.611825776019587098e+00
1.522753753080065442e+00
1.416468432493299900e+00
1.298375626602840116e+00
1.173266266541263203e+00
1.044930804120942414e+00
9.159812728545110305e-01
7.878606510693514364e-01
6.610008731438209439e-01
5.350870426998515228e-01
4.093883022257062132e-01
2.831180618602063270e-01
1.557841339129417135e-01
2.748392274756716880e-02
-1.009033244300006071e-01
-2.276688489024680517e-01
-3.503922209331610804e-01
-4.662120355799571625e-01
-5.721995095891692085e-01
-6.657575809126995425e-01
-7.449618654491141356e-01
-8.087776934099133452e-01
-8.571223332528494776e-01
-8.907803043711822744e-01
-9.112099455391509117e-01
-9.202944614977598414e-01
-9.200906296918398564e-01
-9.126177607746197573e-01
-8.997139361368587940e-01
-8.829702004618956712e-01
-8.637385203783287668e-01
-8.431969556295354495e-01
-8.224464831857483116e-01
-8.026094910600788390e-01
-7.849013565080508181e-01
-7.706540341429893859e-01
-7.612827154428358778e-01
-7.582001599342893527e-01
-7.626943988227951055e-01
-7.757913344082155715e-01
-7.981236323825869894e-01
-8.298227751102740246e-01
-8.704449730381355055e-01
-9.189364035702956013e-01
-9.736403281907195506e-01
-1.032347854347849703e+00
-1.092394083465689114e+00
-1.150800265248526744e+00
-1.204458843443566796e+00
-1.250351464158927284e+00
-1.285781157177249501e+00
-1.308591506772694535e+00
-1.317341052210154295e+00
-1.311403352682849910e+00
-1.290973238838303505e+00
-1.256976111080702951e+00
-1.210895545663192019e+00
-1.154549683902983626e+00
-1.089854703483352782e+00
-1.018612584642457408e+00
-9.423518825103255336e-01
-8.622377670234070424e-01
-7.790549286084275105e-01
-6.932566470521087654e-01
-6.050662510619068124e-01
-5.146128730641532645e-01
-4.220808536035414726e-01
-3.278507668253280438e-01
-2.326100516268415908e-01
-1.374135997572758228e-01
-4.368043468274165203e-02
4.687788880750061449e-02
1.323894653786903131e-01
2.109950798265380068e-01
2.810337397363181777e-01
3.412097782467968798e-01
3.907150472057525636e-01
4.292898014553159780e-01
4.572185428400681317e-01
4.752688554480517524e-01
4.845894554475431160e-01
4.865871673196825453e-01
4.828016927807319836e-01
4.747931764415852518e-01
4.640522699968074316e-01
4.519369810782283281e-01
4.396359276212503109e-01
4.281541353467451794e-01
4.183153563935686492e-01
4.107740354300833951e-01
4.060303954293841833e-01
4.044434534814445037e-01
4.062387905542061417e-01
4.115101754251221378e-01
4.202162421757880684e-01
4.321749745471866744e-01
4.470595468352867030e-01
4.643990827561250700e-01
4.835872437979233940e-01
5.039004451450904698e-01
5.245261199723137979e-01
5.445999747284498982e-01
5.632497323315922566e-01
5.796415872725184659e-01
5.930246772560591184e-01
6.027685297535920750e-01
6.083888740144736129e-01
6.095585181402417563e-01
6.061020763109354892e-01
5.979758562237449393e-01
5.852366641045418927e-01
5.680051034227897588e-01
5.464297306162676504e-01
5.206580644709748462e-01
4.908191034901903116e-01
4.570200656275329454e-01
4.193579406159579914e-01
3.779444432193187486e-01
3.329412200585441517e-01
2.846007193479259123e-01
2.333069950348499177e-01
1.796099838222793010e-01
1.242466849544792973e-01
6.814346875487900523e-02
1.239564352880184045e-02
-4.177661401954432807e-02
-9.309319081572629828e-02
-1.402933955156217827e-01
-1.822205019811684312e-01
-2.179010247008482393e-01
-2.466090053512785540e-01
-2.679081036796476245e-01
-2.816679497658924891e-01
-2.880551452862111228e-01
-2.875026481979885973e-01
-2.806634574304633922e-01
-2.683553306261371452e-01
-2.515028687453137457e-01
-2.310820637729512628e-01
-2.080707820763908478e-01
-1.834070472610385971e-01
-1.579556701316823797e-01
-1.324828843095133823e-01
-1.076381946614199392e-01
-8.394255518828339091e-02
-6.178213984544722592e-02
-4.140721904010952886e-02
-2.293588678576865755e-02
-6.362511800965777592e-03
8.429236164522235786e-03
2.164911193497074879e-02
3.357940668373374238e-02
4.455146360071646217e-02
5.492100802082129640e-02
6.504403081456947011e-02
7.525515281241848542e-02
8.585037921562344021e-02
9.707587399642572668e-02
1.091238236521224342e-01
1.221356434026897170e-01
1.362117932927745245e-01
1.514264628459402462e-01
1.678445367504942110e-01
1.855377557003849986e-01
2.045969696013597294e-01
2.251378829760772859e-01
2.472986384588037323e-01
2.712288004529460617e-01
2.970705650215624827e-01
3.249341238799732245e-01
3.548699028263416766e-01
3.868408158190663748e-01
4.206977371405029587e-01
4.561611491345743397e-01
4.928114307517082460e-01
5.300895547672278552e-01
5.673090849359954113e-01
6.036793377091266288e-01
6.383384555306083064e-01
6.703940366037884901e-01
6.989680295588289738e-01
7.232419964430687465e-01
7.424987104451348241e-01
7.561564476341877672e-01
7.637932138858941622e-01
7.651593768604568746e-01
7.601785366097447705e-01
7.489377373292376294e-01
7.316691031740893969e-01
7.087255549210994543e-01
6.805534049244471584e-01
6.476643909160562096e-01
6.106092061692659501e-01
5.699539482896354148e-01
5.262602675086779369e-01
4.800694448617278676e-01
4.318902288166879821e-01
3.821900238750431944e-01
3.313889412370588650e-01
2.798562516532925870e-01
2.279088744268679134e-01
1.758116440118349943e-01
1.237791752622060815e-01
7.197917381828147776e-02
2.053700165299870983e-02
-3.045877977880043219e-02
-8.095027907716048632e-02
-1.309040501321802330e-01
-1.803053220856800642e-01
-2.291532121672374134e-01
-2.774573352645812729e-01
-3.252360184967876822e-01
-3.725160545618237951e-01
-4.193336246609880025e-01
-4.657357425531599704e-01
-5.117813702212261617e-01
-5.575412784624591556e-01
-6.030957992606775786e-01
-6.485298422343365177e-01
-6.939248988453738942e-01
-7.393481867698847854e-01
-7.848395307513345021e-01
-8.303969713184459200e-01
-8.759623839571072379e-01
-9.214085406395403632e-01
-9.665290356395995763e-01
-1.011032331101909376e+00
-1.054540874721440202e+00
-1.096595834651581836e+00
-1.136667526365164216e+00
-1.174171118341454934e+00
-1.208486745222733250e+00
-1.238982773302242268e+00
-1.265040692323557314e+00
-1.286079977153264942e+00
-1.301581285539235688e+00
-1.311106529054191450e+00
-1.314314651138254630e+00
-1.310972332059614276e+00
-1.300959269710672661e+00
-1.284268109434384408e+00
-1.260999472412397848e+00
-1.231352827906661673e+00
-1.195614150964535938e+00
-1.154141399566134929e+00
-1.107348841676799811e+00
-1.055691180508446569e+00
-9.996482877980416015e-01
-9.397111835296410032e-01
-8.763697177018446860e-01
-8.101022328673992412e-01
-7.413673276580828864e-01
-6.705977087953685079e-01
-5.981960153161789417e-01
-5.245324237521198363e-01
-4.499437944446449400e-01
-3.747340934982297256e-01
-2.991758180866581629e-01
-2.235121610438813855e-01
-1.479596703628082988e-01
-7.271118733550513413e-02
2.061119051947751801e-03
7.620276651851121130e-02
1.495741290231168696e-01
2.220478296260145201e-01
2.935063890517756735e-01
3.638401304543780745e-01
4.329453143244461066e-01
5.007224573016866298e-01
5.670747755782605815e-01
6.319066879179991991e-01
6.951223149930567669e-01
7.566239202980710177e-01
8.163102525515574248e-01
8.740747691727636104e-01
9.298037438680866185e-01
9.833742871839344923e-01
1.034652335649183019e+00
1.083490691414418450e+00
1.129727218747195172e+00
1.173183325088380968e+00
1.213662871420504219e+00
1.250951668276533590e+00
1.284817718614448490e+00
1.315012365679100181e+00
1.341272491381808152e+00
1.363323887008794033e+00
1.380885881539514415e+00
1.393677261986202121e+00
1.401423453973598132e+00
1.403864849281904137e+00
1.400766071908963184e+00
1.391925869210505873e+00
1.377187206422599397e+00
1.356447040926245240e+00
1.329665169362066912e+00
1.296871490552200301e+00
1.258171025032449819e+00
1.213746090965405866e+00
1.163855164852881874e+00
1.108828154887268047e+00
1.049058076221634606e+00
9.849894211640453090e-01
9.171038333419699873e-01
8.459039860055732607e-01
7.718967913667843517e-01
6.955771948102316138e-01
6.174138100559449782e-01
5.378375195282145693e-01
4.572339069582014304e-01
3.759400325934824094e-01
2.942456448754286469e-01
2.123984933192896163e-01
1.306130138253936146e-01
4.908134276744771651e-02
-3.201458707173299167e-02
-1.124911873323080069e-01
-1.921528447631002667e-01
-2.707841008771114666e-01
-3.481451395012969963e-01
-4.239709684706174375e-01
-4.979742786958494816e-01
-5.698515765840260761e-01
-6.392918587194139635e-01
-7.059868673775786529e-01
-7.696418549412454846e-01
-8.299858006499186702e-01
-8.867801526429044401e-01
-9.398253852025405530e-01
-9.889649291627338190e-01
-1.034086313716194194e+00
-1.075119615688369556e+00
-1.112033522548611764e+00
-1.144829464814102193e+00
-1.173534360684486799e+00
-1.198192548595300222e+00
-1.218857475125785683e+00
-1.235583670770906251e+00
-1.248419496601462564e+00
-1.257401088364495267e+00
-1.262547863402834647e+00
-1.263859887539431570e+00
-1.261317318447343627e+00
-1.254882042978170187e+00
-1.244501504129964076e+00
-1.230114568362962624e+00
-1.211659120874795104e+00
-1.189080906590589626e+00
-1.162342975452640204e+00
-1.131434964227710394e+00
-1.096381377575021299e+00
-1.057248040707853720e+00
-1.014146000218628441e+00
-9.672323528024115991e-01
-9.167077730187643825e-01
-8.628108638040090650e-01
-8.058098255217466255e-01
-7.459922799812741534e-01
-6.836543431001387283e-01
-6.190901702915672100e-01
-5.525831759609383109e-01
-4.843999491974878557e-01
-4.147875721884420330e-01
-3.439746366145042256e-01
-2.721757999010738227e-01
-1.995992855196772608e-01
-1.264563632999635145e-01
-5.297159016986935365e-02
2.060752228877048287e-02
9.400270703917712467e-02
1.669001111353091982e-01
2.389492196767707688e-01
3.097659045124077637e-01
3.789395077553406321e-01
4.460434186456795902e-01
5.106482156842339082e-01
5.723361730719207507e-01
6.307158046227488990e-01
6.854351512988570150e-01
7.361926985583413519e-01
7.827451040179922437e-01
8.249112774630105172e-01
8.625727319286209394e-01
8.956704687532274223e-01
9.241989352615626041e-01
9.481977809034094484e-01
9.677422320024052782e-01
9.829329155372544813e-01
9.938859056203813713e-01
1.000723662712635686e+00
1.003567403999032770e+00
1.002531298521518677e+00
9.977187321626522776e-01
9.892207402000214866e-01
9.771165605450542468e-01
9.614761196067723725e-01
9.423641268447610075e-01
9.198453282973498846e-01
8.939903623035030389e-01
8.648815844988416712e-01
8.326181983534318709e-01
7.973200560387920799e-01
7.591295924826164665e-01
7.182115258612948860e-01
6.747501927105804542e-01
6.289446653779219298e-01
5.810020923582165375e-01
5.311299688927987317e-01
4.795282448767458350e-01
4.263822739441011644e-01
3.718575787107961106e-01
3.160972477527146940e-01
2.592225050826619803e-01
2.013366355523684703e-01
1.425320548600863824e-01
8.289993058947801863e-02
2.254143804041751353e-02
-3.842049027559031604e-02
-9.983016428775162709e-02
-1.614900954278623013e-01
-2.231549619167757237e-01
-2.845293495210723944e-01
-3.452696740409333387e-01
-4.049902818325218923e-01
-4.632733126664773105e-01
-5.196815418733031766e-01
-5.737731385437790932e-01
-6.251171155250403455e-01
-6.733082211873991918e-01
-7.179801297804845328e-01
-7.588160058444789469e-01
-7.955558137502494187e-01
-8.280000738742122612e-01
-8.560100904350792517e-01
-8.795049580951005419e-01
-8.984558721959394756e-01
-9.128784112079684210e-01
-9.228235315414092810e-01
-9.283680244361440792e-01
-9.296051462594726589e-01
-9.266360611202144604e-01
-9.195626391756417384e-01
-9.084820419387955592e-01
-8.934833997432513053e-01
-8.746467460928242232e-01
-8.520442182945279219e-01
-8.257433649408542076e-01
-7.958122239995282232e-01
-7.623256614782633056e-01
-7.253723064957975364e-01
-6.850613051613853033e-01
-6.415280656935311576e-01
-5.949382011111628010e-01
-5.454890068328057673e-01
-4.934080398771469866e-01
-4.389486797910686078e-01
-3.823829180525630811e-01
-3.239919973305993017e-01
-2.640558511561340582e-01
-2.028425253398874195e-01
-1.405988524850199650e-01
-7.754357712735493458e-02
-1.386389296367998569e-02
5.028401808369836745e-02
1.147703154419202898e-01
1.794830578597709780e-01
2.443168057526702297e-01
3.091594511849785620e-01
3.738786941019326404e-01
4.383096604891479897e-01
5.022450686546700016e-01
5.654291034681746542e-01
6.275557816508015030e-01
6.882721254423747048e-01
7.471859600100597687e-01
8.038776708701870222e-01
8.579148593541484624e-01
9.088685651746981620e-01
9.563296162060662686e-01
9.999237242433666184e-01
1.039324154731354310e+00
1.074261120150187709e+00
1.104527429400041560e+00
1.129980314127539076e+00
1.150539698785890019e+00
1.166183449324890153e+00
1.176940308156520176e+00
1.182881299890922833e+00
1.184110386249626945e+00
1.180755080605683238e+00
1.172957626197096870e+00
1.160867218152235036e+00
1.144633623383993326e+00
1.124402432691175679e+00
1.100312068382080843e+00
1.072492566414712911e+00
1.041066050688339351e+00
1.006148715872713595e+00
9.678540342620025605e-01
9.262968062381499168e-01
8.815975922776815299e-01
8.338870098575024148e-01
7.833093652933862394e-01
7.300251309354809370e-01
6.742118795033323897e-01
6.160634485529223880e-01
5.557873176159199291e-01
4.936004163479852380e-01
4.297238135674550374e-01
3.643769298537441470e-01
2.977720378446701011e-01
2.301098401901916501e-01
1.615768342810781355e-01
9.234499035546006596e-02
2.257400594690281426e-02
-4.758391237173389965e-02
-1.179771097536332081e-01
-1.884460451893392174e-01
-2.588142352086864051e-01
-3.288795859516007170e-01
-3.984071359185260564e-01
-4.671241324258024741e-01
-5.347181593620974338e-01
-6.008387428744572656e-01
-6.651025161503101302e-01
-7.271016632904750976e-01
-7.864150277240244957e-01
-8.426210031307044268e-01
-8.953111569267727665e-01
-9.441034872959745972e-01
-9.886542871891077500e-01
-1.028667768379272429e+00
-1.063902857122850820e+00
-1.094176873058365640e+00
-1.119366105418232449e+00
-1.139403570464191162e+00
-1.154274445367968527e+00
-1.164009812032756885e+00
-1.168679406370700224e+00
-1.168384060357754883e+00
-1.163248457940978753e+00
-1.153414716600352108e+00
-1.139037169227955060e+00
-1.120278569562394466e+00
-1.097307790012636453e+00
-1.070298932558785721e+00
-1.039431639391563911e+00
-1.004892277370895926e+00
-9.668755865954641315e-01
-9.255863357985517625e-01
-8.812405227890582893e-01
-8.340657018153854185e-01
-7.843001131651641256e-01
-7.321904299962451734e-01
-6.779881133853090658e-01
-6.219445622186490219e-01
-5.643054374569917986e-01
-5.053047048494824223e-01
-4.451590511414661444e-01
-3.840633657040120608e-01
-3.221879305299452101e-01
-2.596778264156494043e-01
-1.966548539973053678e-01
-1.332220082740417366e-01
-6.947026518411109075e-02
-5.487172699802450593e-03
5.863348091415762631e-02
1.227817962133743446e-01
1.868226207187620724e-01
2.505880279881074757e-01
3.138721768309313265e-01
3.764290983166223015e-01
4.379736901881868261e-01
4.981859022967295436e-01
5.567178043421925349e-01
6.132029698143920404e-01
6.672674147159300961e-01
7.185412159209531024e-01
7.666699111055258475e-01
8.113248478727651536e-01
8.522117910449749090e-01
8.890772929069529207e-01
9.217125557300663852e-01
9.499547431608020842e-01
9.736859044518436646e-01
9.928298465580900345e-01
1.007347414468653390e+00
1.017230717161684783e+00
1.022496867745962712e+00
1.023181797200207077e+00
1.019334658049600106e+00
1.011013263104136639e+00
9.982809093811674250e-01
9.812048216108925081e-01
9.598563158903594683e-01
9.343126355866381294e-01
9.046602542584022411e-01
8.709992833732830286e-01
8.334484790953219369e-01
7.921502290445446848e-01
7.472748352166559416e-01
6.990234108556548920e-01
6.476287901590521701e-01
5.933540150007217129e-01
5.364882053463562173e-01
4.773399191425837795e-01
4.162284297801860378e-01
3.534736521966760359e-01
2.893856868333911092e-01
2.242550836047352836e-01
1.583449282251457868e-01
9.188571183466333336e-02
2.507367408535535191e-02
-4.192705872074975471e-02
-1.089786395335822777e-01
-1.759604900012880224e-01
-2.427580018315623478e-01
-3.092501121902122563e-01
-3.752970626557023959e-01
-4.407296558744787651e-01
-5.053411851905661445e-01
-5.688829448383745380e-01
-6.310638607101948239e-01
-6.915543551207000705e-01
-7.499941224223450886e-01
-8.060030974182553765e-01
-8.591945925698988296e-01
-9.091893986753984969e-01
-9.556296050859368618e-01
-9.981909970043918445e-01
-1.036593106461510816e+00
-1.070606292444058472e+00
-1.100055558854407867e+00
-1.124821141651302314e+00
-1.144836171853630624e+00
-1.160081925179031526e+00
-1.170581292539115692e+00
-1.176391152064182988e+00
-1.177594305813912667e+00
-1.174291580623387343e+00
-1.166594600730410880e+00
-1.154619634948127027e+00
-1.138482813280472516e+00
-1.118296901897760431e+00
-1.094169721963293096e+00
-1.066204195253506848e+00
-1.034499896038583833e+00
-9.991558844079924118e-01
-9.602744946782451052e-01
-9.179656613029747447e-01
-8.723512950416795197e-01
-8.235691873778067107e-01
-7.717759343009900075e-01
-7.171484411353279409e-01
-6.598837010399073444e-01
-6.001967249251801695e-01
-5.383167233389993811e-01
-4.744818755049501346e-01
-4.089332350071261390e-01
-3.419084822341808549e-01
-2.736363120458720211e-01
-2.043322231038470771e-01
-1.341963492644327738e-01
-6.341375538279719892e-02
7.842664244210262314e-03
7.940686119289125378e-02
1.511123639412311759e-01
2.227838051860303592e-01
2.942281662599607883e-01
3.652267395021950303e-01
4.355287788703857688e-01
5.048476694953876187e-01
5.728602116902039576e-01
6.392093084552297189e-01
7.035100011526795871e-01
7.653584550232110928e-01
8.243431952372327620e-01
8.800576716649557429e-01
9.321131131385600455e-01
9.801506319685795443e-01
1.023851652703266391e+00
1.062945945883600363e+00
1.097216816419011254e+00
1.126503289922745621e+00
1.150699422245918813e+00
1.169751097130398376e+00
1.183650853851812901e+00
1.192431391560131670e+00
1.196158430481912172e+00
1.194923580537518681e+00
1.188837787958736625e+00
1.178025814294870965e+00
1.162622063136686812e+00
1.142767919438545388e+00
1.118610613922825348e+00
1.090303478713135599e+00
1.058007327548564858e+00
1.021892582487117451e+00
9.821416874375809014e-01
9.389513061377824377e-01
8.925338067046582058e-01
8.431175927148086835e-01
7.909459536736406227e-01
7.362742711016813102e-01
6.793656180631533203e-01
6.204850097806260401e-01
5.598927747769071317e-01
4.978376904490433574e-01
4.345506362084582408e-01
3.702395397923549658e-01
3.050863173129992889e-01
2.392463378381904926e-01
1.728506954614564273e-01
1.060112743498341364e-01
3.882828106224144038e-02
-2.860036843345108160e-02
-9.616864736607716457e-02
-1.637519842239796852e-01
-2.311978168918572274e-01
-2.983180869351777509e-01
-3.648844575107288990e-01
-4.306267877142679334e-01
-4.952350901967100816e-01
-5.583648704285026909e-01
-6.196454305941008212e-01
-6.786904529367085992e-01
-7.351099850358511212e-01
-7.885228520737511682e-01
-8.385685255479256028e-01
-8.849175779936586661e-01
-9.272800313236002623e-01
-9.654111362693371667e-01
-9.991143723445443658e-01
-1.028241703119072925e+00
-1.052691337031446572e+00
-1.072403413844206677e+00
-1.087354153926096023e+00
-1.097549071896800621e+00
-1.103015872983516887e+00
-1.103797627340593612e+00
-1.099946762271162282e+00
-1.091520330868357203e+00
-1.078576911969960639e+00
-1.061175372583684107e+00
-1.039375581569774720e+00
-1.013241004892673658e+00
-9.828429434968930511e-01
-9.482660042987507421e-01
-9.096142371554865047e-01
-8.670172444810647638e-01
-8.206354963875180930e-01
-7.706640831419648840e-01
-7.173342238330596699e-01
-6.609120316028426201e-01
-6.016943045560045888e-01
-5.400014450737509186e-01
-4.761679716128668916e-01
-4.105314283792667052e-01
-3.434207682473107703e-01
-2.751454371664927012e-01
-2.059863927469526290e-01
-1.361901355801882763e-01
-6.596653281184777784e-02
4.509194923293130541e-03
7.509041856055076458e-02
1.456495389347488290e-01
2.160658879909207464e-01
2.862123651316307305e-01
3.559422437426306152e-01
4.250775881952699176e-01
4.934005688895168329e-01
5.606486685118927671e-01
6.265143684539782321e-01
6.906494352000599468e-01
7.526734464411078962e-01
8.121857627734366813e-01
8.687798155475834339e-01
9.220583844256513562e-01
9.716484995935101843e-01
1.017214720285067431e+00
1.058469787872967194e+00
1.095181985722877283e+00
1.127178908082684394e+00
1.154347696195874517e+00
1.176632100599467323e+00
1.194026948009775602e+00
1.206570719663895286e+00
1.214336990603072319e+00
1.217425451816223303e+00
1.215953160252137177e+00
1.210046556397568196e+00
1.199834672580906147e+00
1.185443838706506714e+00
1.166994080871540218e+00
1.144597302354157353e+00
1.118357232975728754e+00
1.088371028636375915e+00
1.054732296694980143e+00
1.017535217362408151e+00
9.768793335415940637e-01
9.328745030132286065e-01
8.856454617677402830e-01
8.353354501035381574e-01
7.821084152748658536e-01
7.261494308689937505e-01
6.676631591566979385e-01
6.068704128431422484e-01
5.440031209841070803e-01
4.792982369307240420e-01
4.129913083223780701e-01
3.453105287599118056e-01
2.764720865659320292e-01
2.066775115926517969e-01
1.361135066351838452e-01
6.495446111151700896e-02
-6.632482342978002210e-03
-7.848026140243523352e-02
-1.504133607089249702e-01
-2.222388467429937120e-01
-2.937380057476640660e-01
-3.646596043410386123e-01
-4.347156621619259753e-01
-5.035803928359724457e-01
-5.708926576815021026e-01
-6.362619197273147176e-01
-6.992773244125627397e-01
-7.595192106281088984e-01
-8.165721108316276178e-01
-8.700381615148412573e-01
-9.195498303964695364e-01
-9.647809721810106653e-01
-1.005455431646714803e+00
-1.041352689285285127e+00
-1.072310351800099815e+00
-1.098223588458346445e+00
-1.119041871587728387e+00
-1.134763572588367131e+00
-1.145429082647523078e+00
-1.151113169781615264e+00
-1.151917259138711902e+00
-1.147962244932952069e+00
-1.139382324979797634e+00
-1.126320206913636879e+00
-1.108923881118061061e+00
-1.087344999194679751e+00
-1.061738746662553190e+00
-1.032264961898122557e+00
-9.990901375476657353e-01
-9.623898538362942734e-01
-9.223511439165783532e-01
-8.791742878279307227e-01
-8.330735800278888936e-01
-7.842767181468046633e-01
-7.330226140640015986e-01
-6.795576217504185612e-01
-6.241303910900040108e-01
-5.669857681892253032e-01
-5.083583420569893763e-01
-4.484663571733669696e-01
-3.875067490244971657e-01
-3.256520027319748101e-01
-2.630493839319330007e-01
-1.998228602397098819e-01
-1.360777471046008269e-01
-7.190780787816888897e-02
-7.404251711931500446e-03
5.733416065687550744e-02
1.221908461028095166e-01
1.870219605204140045e-01
2.516487390817249148e-01
3.158524117878032667e-01
3.793722570333763477e-01
4.419070636357187443e-01
5.031199523211433711e-01
5.626461954897916673e-01
6.201034029331046193e-01
6.751032399402847606e-01
7.272637330796892785e-01
7.762212065411836504e-01
8.216409743445354241e-01
8.632260754153942006e-01
9.007235553263451822e-01
9.339280418766199299e-01
9.626826034954606426e-01
9.868770960031152395e-01
1.006444377989439865e+00
1.021354899456586862e+00
1.031610241187222998e+00
1.037236207630438445e+00
1.038276060857480809e+00
1.034784434714643098e+00
1.026822392857405619e+00
1.014453996088610754e+00
9.977446258094304632e-01
9.767611732030512250e-01
9.515740506365000240e-01
9.222608178190678796e-01
8.889110494745566804e-01
8.516319171335662297e-01
8.105538326842796071e-01
7.658354255318347015e-01
7.176671181300154911e-01
6.662726414076518555e-01
6.119079986679516470e-01
5.548576378876213244e-01
4.954279073758404150e-01
4.339382137518975613e-01
3.707106290151268579e-01
3.060589561713895068e-01
2.402784162465655127e-01
1.736371326456821185e-01
1.063704506244982917e-01
3.867885168724574663e-02
-2.927016237855811776e-02
-9.733628522948942208e-02
-1.653972382475032421e-01
-2.333371319357458451e-01
-3.010335662243464050e-01
-3.683448442483165941e-01
-4.350986881836033104e-01
-5.010837073090937954e-01
-5.660445922276194919e-01
-6.296816249088914574e-01
-6.916546446180702468e-01
-7.515911466060648527e-01
-8.090977687048365175e-01
-8.637740916236408273e-01
-9.152274807579395821e-01
-9.630876510936395851e-01
-1.007019740537907992e+00
-1.046734907392213643e+00
-1.081997784655241768e+00
-1.112630478617253171e+00
-1.138513143402092975e+00
-1.159581456825898860e+00
-1.175821540178925817e+00
-1.187262995017054790e+00
-1.193970777738652789e+00
-1.196036611867121957e+00
-1.193570568072350735e+00
-1.186693342940999374e+00
-1.175529655897404213e+00
-1.160203070603524234e+00
-1.140832437927693288e+00
-1.117530052690251186e+00
-1.090401513607676787e+00
-1.059547172501086099e+00
-1.025064954105536774e+00
-9.870542244573028423e-01
-9.456202909346147489e-01
-9.008790417136492978e-01
-8.529611904026993541e-01
-8.020155967694733157e-01
-7.482111975479782684e-01
-6.917372066404587905e-01
-6.328014267519064262e-01
-5.716267391196783176e-01
-5.084460790316028822e-01
-4.434964297142673373e-01
-3.770125413338465403e-01
-3.092211748526187964e-01
-2.403366620630296990e-01
-1.705584575436064343e-01
-1.000711459950156257e-01
-2.904708452666006357e-02
4.234846040698067582e-02
1.139501371697449333e-01
1.855840217137219028e-01
2.570587413574400570e-01
3.281572264091884295e-01
3.986300883484108493e-01
4.681914927240299340e-01
5.365181642501863912e-01
6.032518544314545705e-01
6.680052517017506242e-01
7.303709603621512114e-01
7.899328594518556512e-01
8.462789143931453983e-01
8.990143816212982086e-01
9.477743338993864786e-01
9.922345391832604333e-01
1.032119930004891994e+00
1.067210172000162549e+00
1.097342141317009023e+00
1.122409413075176721e+00
1.142359114632063521e+00
1.157186685923412783e+00
1.166929203864712328e+00
1.171657968642450198e+00
1.171471024748307999e+00
1.166486211742103984e+00
1.156835223623951858e+00
1.142659015377690102e+00
1.124104742805666746e+00
1.101324267116197575e+00
1.074474107091993424e+00
1.043716586554086057e+00
1.009221810855894130e+00
9.711700215165186556e-01
9.297538314804008053e-01
8.851798430360575676e-01
8.376692022263538817e-01
7.874567496634808927e-01
7.347885840333379104e-01
6.799180498757506630e-01
6.231003764977187664e-01
5.645864048744173580e-01
5.046160155507541933e-01
4.434119852413085372e-01
3.811750311910437894e-01
3.180807387045149759e-01
2.542789099426155941e-01
1.898956361347355903e-01
1.250381075930003805e-01
5.980187099424755237e-02
-5.720041383634799637e-03
-7.142691578612950232e-02
-1.372000475254851193e-01
-2.028933191777071432e-01
-2.683256106259632734e-01
-3.332758289147012554e-01
-3.974811071681249031e-01
-4.606384261317321704e-01
-5.224095909190624720e-01
-5.824291839130940618e-01
-6.403148461456253937e-01
-6.956790424193497469e-01
-7.481413595901855729e-01
-7.973403807778399743e-01
-8.429442661597427167e-01
-8.846593372410689327e-01
-9.222361814290707116e-01
-9.554730386342215054e-01
-9.842164733626700412e-01
-1.008359550917532488e+00
-1.027837908726282556e+00
-1.042624235391076848e+00
-1.052721739983035976e+00
-1.058157216755910124e+00
-1.058974292907201686e+00
-1.055227396681475582e+00
-1.046976906083874281e+00
-1.034285838829701820e+00
-1.017218324240149352e+00
-9.958399593005129447e-01
-9.702199966504972961e-01
-9.404351470935788937e-01
-9.065746124449045595e-01
-8.687458098890059599e-01
-8.270801243120500246e-01
-7.817379505484480795e-01
-7.329122828213398000e-01
-6.808301890102979037e-01
-6.257516790129703521e-01
-5.679657329647033182e-01
-5.077835752365302824e-01
-4.455296285078767515e-01
-3.815309129433832047e-01
-3.161059190902618110e-01
-2.495541350625190835e-01
-1.821474180603133430e-01
-1.141242566483615384e-01
-4.568768578712950612e-02
2.299277510730859952e-02
9.177524078706714161e-02
1.605361669851018136e-01
2.291585751556607375e-01
2.975190224657540128e-01
3.654747074589722589e-01
4.328521124566196421e-01
4.994384407127541170e-01
5.649768247669211263e-01
6.291658927312646643e-01
6.916638247085789004e-01
7.520965644764207036e-01
8.100694274876063528e-01
8.651810163304597401e-01
9.170381580829348733e-01
9.652705346403209763e-01
1.009543784850002623e+00
1.049570092177292802e+00
1.085115592935245843e+00
1.116004298463692423e+00
1.142118571255485104e+00
1.163396489837178249e+00
1.179826654290058174e+00
1.191441113633161075e+00
1.198307142199634967e+00
1.200518569267714497e+00
1.198187294391743762e+00
1.191435520250847091e+00
1.180389122060184093e+00
1.165172458795558086e+00
1.145904821888870773e+00
1.122698612053468770e+00
1.095659232089033042e+00
1.064886580104670077e+00
1.030477922695144377e+00
9.925318239182165936e-01
9.511527105608533761e-01
9.064555783545537038e-01
8.585703013425551866e-01
8.076450114851390083e-01
7.538480787027880270e-01
6.973683473327663140e-01
6.384134685774724982e-01
5.772063944182298512e-01
5.139803410359987668e-01
4.489727562780703174e-01
3.824190013276007605e-01
3.145465508156897183e-01
2.455705077291597815e-01
1.756911137949825896e-01
1.050937230249252841e-01
3.395142100440209920e-02
-3.756984888920800181e-02
-1.093041082298177730e-01
-1.810768444099877250e-01
-2.526961149091356829e-01
-3.239442754834492288e-01
-3.945713349919956481e-01
-4.642908088472205153e-01
-5.327787117643641990e-01
-5.996760223272848966e-01
-6.645946002792408880e-01
-7.271261823883883313e-01
-7.868537663038175367e-01
-8.433644524841739099e-01
-8.962626809971260267e-01
-9.451827872844815737e-01
-9.897999064420882620e-01
-1.029838460364632002e+00
-1.065077734749387162e+00
-1.095354355171099803e+00
-1.120561764943912575e+00
-1.140647059958328935e+00
-1.155605724813493884e+00
-1.165474929596813425e+00
-1.170326087529949488e+00
-1.170257348516169582e+00
-1.165386625386738872e+00
-1.155845633088002034e+00
-1.141775280267044446e+00
-1.123322599839444713e+00
-1.100639250093529142e+00
-1.073881468951827456e+00
-1.043211228657864087e+00
-1.008798223986689946e+00
-9.708222422933410201e-01
-9.294754169521840526e-01
-8.849638651624569530e-01
-8.375082627948113867e-01
-7.873430149733141592e-01
-7.347138374624542223e-01
-6.798737593208654673e-01
-6.230777727489098528e-01
-5.645765663582328342e-01
-5.046099546419132720e-01
-4.434007315532151883e-01
-3.811497079083937534e-01
-3.180326290533955769e-01
-2.541995121799169866e-01
-1.897767068223504827e-01
-1.248716942236532818e-01
-5.958033609649160400e-02
6.004001835723998814e-03
7.178025656236682039e-02
1.376293579897702180e-01
2.034048043960937913e-01
2.689250681451238467e-01
3.339686205977145383e-01
3.982721264762306146e-01
4.615320621433297577e-01
5.234096910733050390e-01
5.835390178727486443e-01
6.415370732466448844e-01
6.970156849079331973e-01
7.495937832800890765e-01
7.989092839647984334e-01
8.446296767163992136e-01
8.864606169048462325e-01
9.241520355090719896e-01
9.575015288069665953e-01
9.863550309696001994e-01
1.010604988254031333e+00
1.030186426215174311e+00
1.045071423217068585e+00
1.055262573660913139e+00
1.060786047124612219e+00
1.061684832091588815e+00
1.058012702548148498e+00
1.049829368549193509e+00
1.037197171975507093e+00
1.020179568486232036e+00
9.988414978146102907e-01
9.732515897081064349e-01
9.434859872149536919e-01
9.096334018527885146e-01
8.718008602059187373e-01
8.301194765555487409e-01
7.847495115414830913e-01
7.358839723087560181e-01
6.837500902845886630e-01
6.286081849230041874e-01
5.707476789967083075e-01
5.104803520291164576e-01
4.481312677012771473e-01
3.840281425570332141e-01
3.184901874387606191e-01
2.518176052350792893e-01
1.842829378291027942e-01
1.161253109688257928e-01
4.754834051002279627e-02
