-7.250299886066370603e-02
-7.250299886066370603e-02
-8.966471859169759806e-02
-1.051305062976849586e-01
-1.185551739355017731e-01
-1.291332509130538597e-01
-1.358509193745010002e-01
-1.379595613542394239e-01
-1.355284676686746015e-01
-1.298078232918558894e-01
-1.231456792366585618e-01
-1.184183896347589526e-01
-1.182234636131938021e-01
-1.242153509908499043e-01
-1.368420974793544964e-01
-1.554920921653332733e-01
-1.788801994454085054e-01
-2.054725717208104319e-01
-2.338207796385916026e-01
-2.627640632974527213e-01
-2.915144011617409325e-01
-3.196568013052857316e-01
-3.470916936784799733e-01
-3.739344791117368283e-01
-4.003808722442119272e-01
-4.265510790317307843e-01
-4.523396885507073861e-01
-4.773125710580007341e-01
-5.006933719790324089e-01
-5.214605695810190511e-01
-5.385361361974632111e-01
-5.510091460303614408e-01
-5.583252504518643189e-01
-5.603929788058756856e-01
-5.575961735408605513e-01
-5.507355067569753571e-01
-5.409360216654027775e-01
-5.295516750726485533e-01
-5.180808481057976866e-01
-5.080884710636918156e-01
-5.011170323312590380e-01
-4.985636223313171245e-01
-5.015057942603443619e-01
-5.104776265279089564e-01
-5.252284371571661614e-01
-5.445323895688454208e-01
-5.661402042895935516e-01
-5.869521015818432996e-01
-6.034319283892605190e-01
-6.121910249712813057e-01
-6.105898085847704104e-01
-5.971827549060475526e-01
-5.718857065455709154e-01
-5.358453388188548772e-01
-4.910860845337760017e-01
-4.400584834877857565e-01
-3.852072713673233562e-01
-3.286383171736415587e-01
-2.719188449890505010e-01
-2.160134588047746274e-01
-1.613427581285024892e-01
-1.079448479869809935e-01
-5.571310219343965364e-02
-4.670477094766728454e-03
4.477591065449664648e-02
9.166564788900199989e-02
1.344564857583325224e-01
1.711561250187957073e-01
1.995840331474426077e-01
2.176908431334280136e-01
2.238496298138700491e-01
2.170544527597108864e-01
1.970037566193287015e-01
1.640875278905179480e-01
1.193205268110942019e-01
6.426473749835090454e-02
9.681411610991258465e-04
-6.807615533102219507e-02
-1.399677693064391160e-01
-2.114649732268718829e-01
-2.791123736650765741e-01
-3.394533533439995088e-01
-3.893266327565902407e-01
-4.262138700729816154e-01
-4.485735435372620872e-01
-4.560788133476897932e-01
-4.496854308662300292e-01
-4.314929054006457765e-01
-4.044175165556836427e-01
-3.717484574294650512e-01
-3.366873310405933406e-01
-3.019663917769394579e-01
-2.696080035241622541e-01
-2.408433888076967067e-01
-2.161704491169746667e-01
-1.955085809889921533e-01
-1.784037897515592386e-01
-1.642442204710245768e-01
-1.524569348826451398e-01
-1.426658148992549779e-01
-1.347959065385323785e-01
-1.291126956006008741e-01
-1.261889862404576568e-01
-1.268003275244335426e-01
-1.317630790114560080e-01
-1.417443555820946111e-01
-1.570842868536805326e-01
-1.776720250297414150e-01
-2.029050155905921249e-01
-2.317393245216565201e-01
-2.628151573914638273e-01
-2.946246821954391915e-01
-3.256838663104525411e-01
-3.546758489546949500e-01
-3.805459463223026528e-01
-4.025422540207276301e-01
-4.202070193948097554e-01
-4.333309879470244597e-01
-4.418861370329074112e-01
-4.459526530546988332e-01
-4.456545078347192157e-01
-4.411148364492767926e-01
-4.324375753864022620e-01
-4.197158745998012530e-01
-4.030617061659591549e-01
-3.826463982457647961e-01
-3.587398944126893308e-01
-3.317378450861468986e-01
-3.021694633425870968e-01
-2.706838788928777051e-01
-2.380169041978759115e-01
-2.049427342825894394e-01
-1.722160912446062120e-01
-1.405103314674131243e-01
-1.103568880929616802e-01
-8.209167744025000490e-02
-5.581476256159254717e-02
-3.137008421072288306e-02
-8.351544444619215385e-03
1.386066576386046911e-02
3.603414280394942604e-02
5.899544050774327419e-02
8.353098259300144324e-02
1.102941793659748260e-01
1.397351972791334995e-01
1.720655399000700359e-01
2.072621591109896078e-01
2.451075068192362094e-01
2.852552002136449216e-01
3.273073972930836684e-01
3.708898167026903336e-01
4.157127130408405091e-01
4.616097001071143291e-01
5.085499916633249295e-01
5.566229023881965610e-01
6.059964060941980257e-01
6.568545290945895232e-01
7.093215393720362361e-01
7.633839564566292646e-01
8.188234812390621231e-01
8.751739009288079796e-01
9.317120425989410260e-01
9.874869999893354233e-01
1.041384354605409568e+00
1.092214999774379525e+00
1.138813549100645695e+00
1.180130436647072845e+00
1.215304646127894905e+00
1.243709307023974198e+00
1.264968374873805423e+00
1.278947660964162347e+00
1.285726658803641786e+00
1.285558772304125297e+00
1.278827088979088478e+00
1.266001401577414143e+00
1.247600364625745639e+00
1.224160898492181238e+00
1.196215446802306515e+00
1.164276538563185470e+00
1.128827321619915613e+00
1.090316314833207345e+00
1.049154557606715388e+00
1.005713579365270505e+00
9.603230946349023966e-01
9.132679438937939542e-01
8.647844243520589336e-01
8.150566786186148605e-01
7.642141551495648111e-01
7.123312812391483506e-01
6.594303844149516092e-01
6.054885671285578086e-01
5.504487049822426314e-01
4.942340497139346978e-01
4.367651667318965814e-01
3.779772647821609821e-01
3.178355572178334087e-01
2.563462928768936999e-01
1.935615963136380069e-01
1.295772184470372068e-01
6.452353331592169949e-02
-1.448657684867488138e-03
-6.818502130413817142e-02
-1.355443481459271404e-01
-2.034121067684597495e-01
-2.717085377458318685e-01
-3.403896890972577527e-01
-4.094406545421405141e-01
-4.788611486467753142e-01
-5.486444226520842404e-01
-6.187514051574100060e-01
-6.890828218104588787e-01
-7.594528025179632102e-01
-8.295679278630527786e-01
-8.990155626002739320e-01
-9.672644937814696142e-01
-1.033679318353559085e+00
-1.097547924688183851e+00
-1.158119211607876675e+00
-1.214646412386473528e+00
-1.266430490201545522e+00
-1.312858261768137691e+00
-1.353431096282393886e+00
-1.387781872925928139e+00
-1.415679879778804162e+00
-1.437025052173967365e+00
-1.451834087756193492e+00
-1.460221448780401277e+00
-1.462378152709816970e+00
-1.458550745350741806e+00
-1.449022157078851958e+00
-1.434095440482304973e+00
-1.414080794964341692e+00
-1.389285855397442759e+00
-1.360008962263831833e+00
-1.326535012230336097e+00
-1.289133468308284680e+00
-1.248058143269935139e+00
-1.203548420703885125e+00
-1.155831617211791063e+00
-1.105126200652619017e+00
-1.051645558245249967e+00
-9.956019602306449556e-01
-9.372103040702155496e-01
-8.766911724007151463e-01
-8.142727213592978464e-01
-7.501909609428525361e-01
-6.846881162858661218e-01
-6.180089747558998869e-01
-5.503954139276825419e-01
-4.820796302692788027e-01
-4.132768869180142302e-01
-3.441788015037747783e-01
-2.749482422097571099e-01
-2.057167632270703317e-01
-1.365852038300588156e-01
-6.762765519808028314e-02
1.101450979348675419e-03
6.955777368977533737e-02
1.376959349658596898e-01
2.054578945799994116e-01
2.727618995543631963e-01
3.394929975417662615e-01
4.054959614562807513e-01
4.705712967361061483e-01
5.344747977306995024e-01
5.969208779122298081e-01
6.575896111003006750e-01
7.161370922197402011e-01
7.722083832643092949e-01
8.254520021061970692e-01
8.755346986509591201e-01
9.221551978927077231e-01
9.650557007412524646e-01
1.004030212148062429e+00
1.038929165803670118e+00
1.069660263496501562e+00
1.096185866425894329e+00
1.118517599875697544e+00
1.136709023464092194e+00
1.150847270405173761e+00
1.161044491909946297e+00
1.167429794810105781e+00
1.170142173942919639e+00
1.169324752260661349e+00
1.165120475743695927e+00
1.157669278500198518e+00
1.147106636297854143e+00
1.133563357531319982e+00
1.117166410139651012e+00
1.098040543472373898e+00
1.076310431586082306e+00
1.052103039576687715e+00
1.025549901908795469e+00
9.967890080942204412e-01
9.659660231886967319e-01
9.332346326763215627e-01
8.987558933083774626e-01
8.626965877785801595e-01
8.252267105268354941e-01
7.865163384941509239e-01
7.467322455781257862e-01
7.060346843151740215e-01
6.645747680760973886e-01
6.224928341292281786e-01
5.799180544513998781e-01
5.369694000953781909e-01
4.937578786903258354e-01
4.503897815518302927e-01
4.069705258406339232e-01
3.636085821510161020e-01
3.204189532086131331e-01
2.775257175102511242e-01
2.350632637127777202e-01
1.931759994580933559e-01
1.520164992354832711e-01
1.117422361019127924e-01
7.251120028733082368e-02
3.447682711273669653e-02
-2.217274052782065158e-03
-3.744228437232599571e-02
-7.108836989687127017e-02
-1.030677331227427412e-01
-1.333162788576684188e-01
-1.617938042601103632e-01
-1.884827804495893544e-01
-2.133859364001363945e-01
-2.365229678289325066e-01
-2.579267618283420660e-01
-2.776395457510086873e-01
-2.957093371805828985e-01
-3.121869982388496556e-01
-3.271240946284018625e-01
-3.405716431123845256e-01
-3.525797162644360161e-01
-3.631977739849153730e-01
-3.724755176065279172e-01
-3.804640201906409613e-01
-3.872168772582504914e-01
-3.927911433074314784e-01
-3.972478657414444947e-01
-4.006520920946897713e-01
-4.030723006246544338e-01
-4.045792803043734009e-01
-4.052445564433522218e-01
-4.051385161052782347e-01
-4.043284281251650070e-01
-4.028765725105454831e-01
-4.008386918739353377e-01
-3.982629537958681798e-01
-3.951895700778381704e-01
-3.916511608523690069e-01
-3.876738839256500535e-01
-3.832792787970996651e-01
-3.784867069622839253e-01
-3.733162113556546813e-01
-3.677915731424577506e-01
-3.619433171835387264e-01
-3.558114104542390299e-01
-3.494474109849645682e-01
-3.429158574664314396e-01
-3.362947391347499426e-01
-3.296749483635910694e-01
-3.231586900452300681e-01
-3.168568971386266919e-01
-3.108857751131924307e-01
-3.053626638186492381e-01
-3.004014583917173908e-01
-2.961078669077377157e-01
-2.925747986660733879e-01
-2.898781719844227833e-01
-2.880734046667125514e-01
-2.871928061105519236e-01
-2.872440309729627494e-01
-2.882096850829025114e-01
-2.900481000808428633e-01
-2.926952193601803920e-01
-2.960674692345078851e-01
-3.000654302009160279e-01
-3.045780772517773238e-01
-3.094873280658056447e-01
-3.146726253151707620e-01
-3.200152850525481707e-01
-3.254023670055271045e-01
-3.307298633879074967e-01
-3.359050582008911157e-01
-3.408479754222758507e-01
-3.454919072554348825e-01
-3.497830869559134248e-01
-3.536796381452047000e-01
-3.571499872347815296e-01
-3.601709614637865209e-01
-3.627258074265306553e-01
-3.648023515347888490e-01
-3.663914853953180728e-01
-3.674860996909992683e-01
-3.680805169927438003e-01
-3.681703963366871335e-01
-3.677530105711911412e-01
-3.668277409185762838e-01
-3.653965993102424870e-01
-3.634645820904000013e-01
-3.610396792690312995e-01
-3.581324087453598426e-01
-3.547548089675168215e-01
-3.509188983829535369e-01
-3.466346866420085271e-01
-3.419078915052362055e-01
-3.367375681489382377e-01
-3.311138870723371874e-01
-3.250162986379734331e-01
-3.184122952963385766e-01
-3.112569294417261156e-01
-3.034931720497168195e-01
-2.950531142429511089e-01
-2.858599318443753590e-01
-2.758304627626401717e-01
-2.648781976001410854e-01
-2.529164604991947507e-01
-2.398615609406133942e-01
-2.256357247901627783e-01
-2.101696579282258948e-01
-1.934046501096864934e-01
-1.752941819456855232e-01
-1.558050469561598206e-01
-1.349180385177415065e-01
-1.126282757028548576e-01
-8.894525224863641943e-02
-6.389269078623756315e-02
-3.750827268015222149e-02
-9.843295510816370275e-03
1.903771156827581412e-02
4.905740700168679386e-02
8.012610425332022945e-02
1.121423194969724813e-01
1.449934454524620109e-01
1.785566053553943600e-01
2.126997421626201923e-01
2.472829910658124464e-01
2.821603674296928599e-01
3.171817773362271553e-01
3.521953251094348536e-01
3.870498541021172301e-01
4.215976177841897488e-01
4.556969431536420645e-01
4.892147235619027090e-01
5.220285685091584638e-01
5.540284473651229113e-01
5.851176931288240013e-01
6.152132788868609481e-01
6.442453382325108446e-01
6.721559642122175715e-01
6.988973813801624413e-01
7.244296351192131000e-01
7.487179764080005295e-01
7.717301361823848405e-01
7.934336814262593629e-01
8.137936272258405879e-01
8.327704485434994641e-01
8.503185962224597549e-01
8.663855775277210514e-01
8.809116159786978262e-01
8.938298617605477947e-01
9.050670858840309529e-01
9.145447615305263289e-01
9.221804171929401939e-01
9.278891399234291404e-01
9.315851135312187559e-01
9.331830947253061392e-01
9.325997572978079742e-01
9.297548667707212777e-01
9.245722813158629982e-01
9.169808052752801419e-01
9.069149461133567680e-01
8.943156420710223209e-01
8.791310352317683874e-01
8.613173631169018796e-01
8.408400318636540804e-01
8.176749163380099272e-01
7.918099081160795416e-01
7.632467021077972147e-01
7.320027778516593475e-01
6.981134937515169891e-01
6.616341740128508508e-01
6.226420319117909052e-01
5.812377434018403122e-01
5.375464668460470108e-01
4.917181031606687180e-01
4.439266108433628788e-01
3.943682358781251951e-01
3.432585885085226440e-01
2.908285948579908409e-01
2.373194643907056700e-01
1.829769326629016868e-01
1.280451473032042375e-01
7.276064638084175917e-02
1.734691597106388650e-02
-3.799000409505257081e-02
-9.306447500654901894e-02
-1.477125155243422805e-01
-2.017912743738337344e-01
-2.551768235782294059e-01
-3.077605612687434045e-01
-3.594446633865293617e-01
-4.101371221886799812e-01
-4.597469438949448040e-01
-5.081800457364074042e-01
-5.553363002944783355e-01
-6.011080352904670798e-01
-6.453801271989838551e-01
-6.880316465729418018e-01
-7.289388413058558447e-01
-7.679790993264957732e-01
-8.050354296484856231e-01
-8.400009511206604218e-01
-8.727828866098166216e-01
-9.033056247186030951e-01
-9.315125223695183143e-01
-9.573662644231163421e-01
-9.808477518890230673e-01
-1.001953638561163595e+00
-1.020692760108263375e+00
-1.037081788228041646e+00
-1.051140490638351244e+00
-1.062886987213246259e+00
-1.072333370272305908e+00
-1.079482012325444495e+00
-1.084322826999868372e+00
-1.086831686027844190e+00
-1.086970131539545470e+00
-1.084686459672087988e+00
-1.079918187256640350e+00
-1.072595845336628884e+00
-1.062647968963708944e+00
-1.050007071263736602e+00
-1.034616303149870520e+00
-1.016436413790942517e+00
-9.954525500938251614e-01
-9.716803780246923150e-01
-9.451709880959014987e-01
-9.160140746953374657e-01
-8.843389637299690076e-01
-8.503132086231922626e-01
-8.141386754921828839e-01
-7.760452783641913488e-01
-7.362827784795227259e-01
-6.951112945323993930e-01
-6.527913471190681660e-01
-6.095743488572062940e-01
-5.656944307476919898e-01
-5.213623607587855036e-01
-4.767620761179117705e-01
-4.320500468563546193e-01
-3.873573565203932700e-01
-3.427940721127044066e-01
-2.984552205666207159e-01
-2.544275242628794009e-01
-2.107959901708597317e-01
-1.676494984131802757e-01
-1.250846856632072401e-01
-8.320764575372471827e-02
-4.213324592590804440e-02
-1.982149661903236104e-03
3.712408802877528030e-02
7.506926191542806492e-02
1.117493550028339500e-01
1.470791801659446507e-01
1.809980751985558745e-01
2.134740351708359074e-01
2.445058668132411295e-01
2.741231860915709917e-01
3.023843171784663664e-01
3.293723565556656574e-01
3.551898163148712317e-01
3.799523439396769731e-01
4.037820323320234217e-01
4.268007943051511099e-01
4.491241974878002474e-01
4.708560580790193129e-01
4.920839929227751597e-01
5.128760421513505197e-01
5.332784064732072338e-01
5.533142954787024781e-01
5.729838527643694723e-01
5.922651038937868373e-01
6.111158568548193948e-01
6.294764651862033711e-01
6.472733370318113355e-01
6.644230379059659075e-01
6.808367932769738839e-01
6.964251547659616737e-01
7.111025587592325614e-01
7.247914875330598861e-01
7.374259489227501518e-01
7.489540269512650061e-01
7.593393242593128312e-01
7.685612138294640738e-01
7.766139328712378109e-01
7.835046715600972878e-01
7.892509166493971717e-01
7.938773881518716991e-01
7.974129432057128763e-01
7.998878080401332635e-01
8.013314375489881680e-01
8.017712009483284330e-01
8.012319659742633826e-01
7.997365210737853447e-01
7.973066533922530397e-01
7.939646060186091869e-01
7.897345825436279387e-01
7.846439567702080398e-01
7.787238809899222902e-01
7.720090628081399675e-01
7.645365884979151705e-01
7.563437969254247495e-01
7.474653364306397263e-01
7.379296512946774689e-01
7.277552298207577985e-01
7.169469917011359605e-01
7.054931930184547006e-01
6.933631842990423122e-01
6.805062781140429617e-01
6.668518801332572465e-01
6.523109258765594776e-01
6.367785588481685854e-01
6.201378956564265188e-01
6.022646571904207713e-01
5.830324042800275608e-01
5.623180996741644622e-01
5.400077209137459366e-01
5.160016647374618959e-01
4.902197072497315733e-01
4.626053107978322920e-01
4.331290959816483932e-01
4.017913252560596504e-01
3.686232748034948825e-01
3.336874065171444026e-01
2.970762950365243293e-01
2.589103180605554777e-01
2.193341821816811588e-01
1.785124293610679813e-01
1.366241461902647780e-01
9.385717178619694401e-02
5.040216097696528785e-02
6.446896945437929904e-03
-3.782874778003691985e-02
-8.225683773556755063e-02
-1.266840999029837933e-01
-1.709731725060245344e-01
-2.150023413004530093e-01
-2.586638784075964703e-01
-3.018612426389696290e-01
-3.445055185766029426e-01
-3.865115488149030165e-01
-4.277942395424128019e-01
-4.682654907351706530e-01
-5.078321224418672619e-01
-5.463950479873059818e-01
-5.838497979568154639e-01
-6.200883425795089554e-01
-6.550020120536633739e-01
-6.884851904616411389e-01
-7.204393722183196624e-01
-7.507771292389054940e-01
-7.794255457664378550e-01
-8.063287339834444012e-01
-8.314491395557426223e-01
-8.547674699258452913e-01
-8.762812143494848049e-01
-8.960018574694120774e-01
-9.139510033946560696e-01
-9.301557142251126731e-01
-9.446434200997433361e-01
-9.574367767360435488e-01
-9.685488350922152323e-01
-9.779788531719288969e-01
-9.857090300926951709e-01
-9.917023846141275190e-01
-9.959019395959777254e-01
-9.982313129026282317e-01
-9.985967541266048686e-01
-9.968906033778409670e-01
-9.929960807985522830e-01
-9.867932415317368644e-01
-9.781658505461868769e-01
-9.670088477525833337e-01
-9.532359923219171360e-01
-9.367872054234522849e-01
-9.176350846895453550e-01
-8.957900546323128710e-01
-8.713036569207470716e-01
-8.442695809960989450e-01
-8.148221904425591022e-01
-7.831325063731056080e-01
-7.494018483530078267e-01
-7.138535793951471531e-01
-6.767236215375956876e-01
-6.382505686682871104e-01
-5.986662950656744808e-01
-5.581879243689258363e-01
-5.170118827322075505e-01
-4.753105269348279482e-01
-4.332315429820278174e-01
-3.908999924197643638e-01
-3.484225839870681574e-01
-3.058935049913874549e-01
-2.634009882071952080e-01
-2.210337321815478706e-01
-1.788863386978732928e-01
-1.370630720718772066e-01
-9.567946231358795406e-02
-5.486154176711534325e-02
-1.474279128906235900e-02
2.454085624934805587e-02
6.285738270211829737e-02
1.000856986331186416e-01
1.361225226212365857e-01
1.708883815398264394e-01
2.043321124696983182e-01
2.364334376453633146e-01
2.672034099282357689e-01
2.966827543544541812e-01
3.249383310059350549e-01
3.520580936140054740e-01
3.781450057619848426e-01
4.033104024928036990e-01
4.276672591178002358e-01
4.513237665243094443e-01
4.743775306838396988e-01
4.969106291292620936e-01
5.189856805300487874e-01
5.406430214533932688e-01
5.618990379964969861e-01
5.827456660065404304e-01
6.031510462461584510e-01
6.230612935012072029e-01
6.424033055835852712e-01
6.610884961141647587e-01
6.790172837804091532e-01
6.960841139562018443e-01
7.121827330068786210e-01
7.272113906197795741e-01
7.410776214861781730e-01
7.537022641211761353e-01
7.650224180560991627e-01
7.749931225865774875e-01
7.835876558643521950e-01
7.907964908882892940e-01
7.966250878609125730e-01
8.010908303764622262e-01
8.042195064219919143e-01
8.060417788504585790e-01
8.065900757864254977e-01
8.058962602837714817e-01
8.039903202070398658e-01
8.009001704096522234e-01
7.966525004025916123e-01
7.912744529777547831e-01
7.847958013999027926e-01
7.772512190036834356e-01
7.686822137536803989e-01
7.591383337184467450e-01
7.486773334091016974e-01
7.373641156391103069e-01
7.252684140740864871e-01
7.124613394962578949e-01
6.990110581132826795e-01
6.849779843866906637e-01
6.704099394033863346e-01
6.553377409257868935e-01
6.397716530216644992e-01
6.236990394211733291e-01
6.070834493174672719e-01
5.898652342307089125e-01
5.719636667242189443e-01
5.532804201702250513e-01
5.337041825367269121e-01
5.131161199616854907e-01
4.913958764593851503e-01
4.684277897752279207e-01
4.441070138436805093e-01
4.183452593005856923e-01
3.910758903052041768e-01
3.622581459940318882e-01
3.318802880078469131e-01
2.999615134150859785e-01
2.665525178009676144e-01
2.317346491426359734e-01
1.956176610795170023e-01
1.583361539154805875e-01
1.200448798528039179e-01
8.091317904216267787e-02
4.111889559316461717e-02
8.421863317657207748e-04
-3.974033186977557475e-02
-8.046065776829305904e-02
-1.211633195681229846e-01
-1.617078414215053495e-01
-2.019696150493971998e-01
-2.418391912025351087e-01
-2.812201731831961427e-01
-3.200260459960248549e-01
-3.581763898056945505e-01
-3.955929897550350960e-01
-4.321963573902058986e-01
-4.679031216588918074e-01
-5.026246372357660031e-01
-5.362670086782447276e-01
-5.687325586606000183e-01
-5.999225970455088763e-01
-6.297411940659292107e-01
-6.580995421557617187e-01
-6.849204196280110901e-01
-7.101422527151642905e-01
-7.337223114750650588e-01
-7.556386642012820065e-01
-7.758906427194864897e-01
-7.944977211645496418e-01
-8.114968650755280954e-01
-8.269385479432298514e-01
-8.408817439469820076e-01
-8.533882790931894835e-01
-8.645169552278175740e-01
-8.743178553995150093e-01
-8.828272023940511026e-01
-8.900630850200038635e-01
-8.960222991282684735e-01
-9.006784808030013911e-01
-9.039816429988164481e-01
-9.058591660032941917e-01
-9.062182353389371947e-01
-9.049496650027154532e-01
-9.019329856113992294e-01
-8.970426132873706715e-01
-8.901548453090014634e-01
-8.811553550066790752e-01
-8.699467868783115065e-01
-8.564559924442799455e-01
-8.406404094031588725e-01
-8.224930835358886805e-01
-8.020458756508203058e-01
-7.793704919498412043e-01
-7.545771263454242872e-01
-7.278106997133743095e-01
-6.992449066039418959e-01
-6.690745088199643309e-01
-6.375065163439349591e-01
-6.047510377592779651e-01
-5.710126385560296836e-01
-5.364830018025348313e-01
-5.013355419932064017e-01
-4.657223958240631623e-01
-4.297739330487540532e-01
-3.936006344701529769e-01
-3.572969120550897326e-01
-3.209462326970367041e-01
-2.846267771184807227e-01
-2.484168314180480452e-01
-2.123991710455266635e-01
-1.766638447283151170e-01
-1.413089794250124154e-01
-1.064394806392833515e-01
-7.216376531410431672e-02
-3.858890578765433038e-02
-5.814753801739053381e-03
2.607226991036894204e-02
5.700500600725980083e-02
8.694035250265730319e-02
1.158625093085209612e-01
1.437843461812902957e-01
1.707467851118582014e-01
1.968162972371545472e-01
2.220807888365136651e-01
2.466442722269847065e-01
2.706207776878962190e-01
2.941279649889232406e-01
3.172808491766039296e-01
3.401859813409579547e-01
3.629363384664238690e-01
3.856070921701079679e-01
4.082523546475428922e-01
4.309029465763704048e-01
4.535651960461248855e-01
4.762207557641741640e-01
4.988274114408842719e-01
5.213208403507957334e-01
5.436172595357332549e-01
5.656168741038328784e-01
5.872079967531140809e-01
6.082716625080222261e-01
6.286865133435154407e-01
6.483336839559368237e-01
6.671013917348288524e-01
6.848889299432816546e-01
7.016097899645683533e-01
7.171936989659546402e-01
7.315874508540317622e-01
7.447545224970387734e-01
7.566735902430490324e-01
7.673361768884751077e-01
7.767437492019122480e-01
7.849046365355073496e-01
7.918311433753404405e-01
7.975371818214583852e-01
8.020366605866725562e-01
8.053427481805183197e-01
8.074679964567129664e-01
8.084251846697569910e-01
8.082286400313848374e-01
8.068957213117329275e-01
8.044481253265840515e-01
8.009126949129592443e-01
7.963214686003886600e-01
7.907108090080190443e-01
7.841195671014136170e-01
7.765863677609841087e-01
7.681462221930038803e-01
7.588267689386618553e-01
7.486445052290949809e-01
7.376013871123391352e-01
7.256821495497234320e-01
7.128526323941659637e-01
6.990593057830465362e-01
6.842300827849560063e-01
6.682764020424943885e-01
6.510964702707738860e-01
6.325794814905708607e-01
6.126105799717654898e-01
5.910763061295805088e-01
5.678702552429568673e-01
5.428986826734568671e-01
5.160858012087697899e-01
4.873785325021567916e-01
4.567504935807908395e-01
4.242050214381421491e-01
3.897770659806748528e-01
3.535338173059348055e-01
3.155739807746606451e-01
2.760256749352651973e-01
2.350430033616338621e-01
1.928014392932259624e-01
1.494922557116687423e-01
1.053163240151629987e-01
6.047768018633285780e-02
1.517730578924075813e-02
-3.039241906988790487e-02
-7.605217033548966610e-02
-1.216387068966947871e-01
-1.670062633700692412e-01
-2.120262625764983422e-01
-2.565854748883853453e-01
-3.005829165470974562e-01
-3.439259139804617948e-01
-3.865258481395363876e-01
-4.282941204387490375e-01
-4.691388466193602835e-01
-5.089626916042078175e-01
-5.476621191119983578e-01
-5.851281614631435035e-01
-6.212486373266469242e-01
-6.559115781317643723e-01
-6.890094857113432392e-01
-7.204439491134042584e-01
-7.501301070688444206e-01
-7.780004579392536534e-01
-8.040075881035629868e-01
-8.281255033265422227e-01
-8.503493910864137195e-01
-8.706937973026557254e-01
-8.891893500048800858e-01
-9.058782890532068865e-01
-9.208091534766579267e-01
-9.340310307197677853e-01
-9.455877855926072550e-01
-9.555126665921419571e-01
-9.638236422743277076e-01
-9.705197602015489533e-01
-9.755787542259860556e-01
-9.789560584633203444e-01
-9.805853210081381111e-01
-9.803804469853516501e-01
-9.782391365531732941e-01
-9.740478158141115950e-01
-9.676877847646110364e-01
-9.590423259531655198e-01
-9.480044329943252412e-01
-9.344847356569832009e-01
-9.184191275617475947e-01
-8.997755559381793722e-01
-8.785594238996243810e-01
-8.548170966261074977e-01
-8.286371020788599884e-01
-8.001487759014103140e-01
-7.695183112393607638e-01
-7.369424192354101510e-01
-7.026400573684500328e-01
-6.668429067966055168e-01
-6.297854416952257672e-01
-5.916955041042286645e-01
-5.527862597249801890e-01
-5.132502623734802594e-01
-4.732561137686658870e-01
-4.329479023502540991e-01
-3.924472806780108791e-01
-3.518577387435715131e-01
-3.112703885704416473e-01
-2.707704220337033840e-01
-2.304433541743475533e-01
-1.903802202771028296e-01
-1.506810463806453337e-01
-1.114561395461494131e-01
-7.282501856235962245e-02
-3.491309545045642726e-02
2.153511042530885378e-03
3.825442926288855072e-02
7.328201348099189216e-02
1.071480583383902230e-01
1.397895103883321777e-01
1.711725762614142721e-01
2.012948287756997634e-01
2.301851459400263145e-01
2.579015488898886432e-01
2.845272027441604346e-01
3.101649874378651361e-01
3.349311236631342670e-01
3.589483537686513626e-01
3.823391399300520854e-01
4.052192689569472650e-01
4.276921631733821005e-01
4.498441062769600318e-01
4.717405137781373603e-01
4.934233157200672570e-01
5.149094755542873436e-01
5.361906396106248529e-01
5.572338901969903224e-01
5.779835548538597711e-01
5.983639984774300480e-01
6.182832900579712243e-01
6.376375910200424713e-01
6.563160605398818959e-01
6.742060210236869855e-01
6.911980829555307571e-01
7.071909025322127285e-01
7.220952472421277024e-01
7.358370805176313034e-01
7.483594489444336251e-01
7.596230604537943520e-01
7.696055693410132070e-01
7.782997183186192158e-01
7.857106104301426752e-01
7.918524759027305571e-01
7.967453459214687284e-01
8.004120385323048037e-01
8.028758014663052167e-01
8.041588510361667996e-01
8.042819105198693030e-01
8.032647046915690758e-01
8.011272292209472567e-01
7.978915022887295150e-01
7.935834345221804975e-01
7.882344304132344881e-01
7.818823620381821771e-01
7.745716305971005466e-01
7.663521440236944482e-01
7.572771760168124366e-01
7.474002163220107020e-01
7.367710555879931622e-01
7.254314534091387268e-01
7.134108017984528427e-01
7.007222109164938928e-01
6.873594093118744475e-01
6.732947742763346621e-01
6.584787018519018265e-01
6.428404062116681583e-01
6.262901202071987639e-01
6.087225657680794821e-01
5.900214830006046407e-01
5.700649536264527084e-01
5.487312266368506997e-01
5.259047472986115856e-01
5.014820990133551648e-01
4.753775852161008508e-01
4.475282011402258453e-01
4.178977706425702210e-01
3.864800514211434446e-01
3.533006448022965040e-01
3.184175868684054889e-01
2.819205491713052680e-01
2.439286417356980041e-01
2.045868885352075117e-01
1.640615332827473627e-01
1.225344251098810094e-01
8.019682031961798685e-02
3.724300646700613726e-02
-6.135803533615341587e-03
-4.975685740007010360e-02
-9.345012368509592049e-02
-1.370611115558922899e-01
-1.804520681007110994e-01
-2.235015320829946694e-01
-2.661023938804780720e-01
-3.081587705853655601e-01
-3.495821320224943851e-01
-3.902871908600846762e-01
-4.301880878055808211e-01
-4.691953589416648640e-01
-5.072140724628264596e-01
-5.441433790965017891e-01
-5.798775517061502960e-01
-6.143084146371246002e-01
-6.473289019235664021e-01
-6.788373530968527803e-01
-7.087420698442059575e-01
-7.369656248408066324e-01
-7.634484383123973927e-01
-7.881512143337316978e-01
-8.110559473982468237e-01
-8.321653553049276342e-01
-8.515007489412801389e-01
-8.690984949574476204e-01
-8.850053480674426876e-01
-8.992730150468628558e-01
-9.119523577528662051e-01
-9.230876490713515459e-01
-9.327112698750084085e-01
-9.408391860474890622e-01
-9.474674822159455667e-01
-9.525701614811922235e-01
-9.560983538232833423e-01
-9.579810123784959774e-01
-9.581271158188161552e-01
-9.564293339580897113e-01
-9.527690490965631254e-01
-9.470225548832515994e-01
-9.390681770839586218e-01
-9.287939791065079609e-01
-9.161056355250655203e-01
-9.009339886806470021e-01
-8.832417588738558090e-01
-8.630288709506980238e-01
-8.403359012865960764e-01
-8.152452474407563265e-01
-7.878797794529954768e-01
-7.583989391654999412e-01
-7.269924942124775802e-01
-6.938723993295473624e-01
-6.592634362269321757e-01
-6.233934604572968219e-01
-5.864841510779350564e-01
-5.487431197496128732e-01
-5.103580894745251006e-01
-4.714936157683192741e-01
-4.322905256137644647e-01
-3.928679321456552964e-01
-3.533273878642546051e-01
-3.137585037028528534e-01
-2.742452129327410115e-01
-2.348718123742132569e-01
-1.957279702449065406e-01
-1.569120399370259045e-01
-1.185322421372291962e-01
-8.070554684545500068e-02
-4.355437023705657773e-02
-7.201465444693619378e-03
2.823640049529688514e-02
6.265525496364780789e-02
9.597044129316731342e-02
1.281221338944158739e-01
1.590792647806541504e-01
1.888414784756747289e-01
2.174389617658440410e-01
2.449302208016244653e-01
2.713980707790611402e-01
2.969442417570188342e-01
3.216830784936446364e-01
3.457348244323846242e-01
3.692189412996418341e-01
3.922478429081661111e-01
4.149213328586366933e-01
4.373219469614376687e-01
4.595113238847398640e-01
4.815276676990188354e-01
5.033843241308668670e-01
5.250694646771331131e-01
5.465468528705332840e-01
5.677576477883077288e-01
5.886231751688711933e-01
6.090485623882521127e-01
6.289270893817489050e-01
6.481450562664734516e-01
6.665869161307323987e-01
6.841403769423435310e-01
7.007011497244508558e-01
7.161770204301594056e-01
7.304909571098815446e-01
7.435830343323843739e-01
7.554110598353358519e-01
7.659499141972657688e-01
7.751897476600512205e-01
7.831333005862659569e-01
7.897927068604455592e-01
7.951861878073939183e-01
7.993350393880755966e-01
8.022612573137402059e-01
8.039860413811125150e-01
8.045292866007301980e-01
8.039100233884636237e-01
8.021476318927271976e-01
7.992635441245543593e-01
7.952830755494446624e-01
7.902370034793260167e-01
7.841625354464604181e-01
7.771033834112766048e-01
7.691087703808949794e-01
7.602313313576325449e-01
7.505240137052424654e-01
7.400362148009305141e-01
7.288095000696860337e-01
7.168733087083992706e-01
7.042410700916178490e-01
6.909071207324674058e-01
6.768447366039594959e-01
6.620054910634424195e-01
6.463200300491472872e-01
6.297002391521799858e-01
6.120426744954956533e-01
5.932330495396536119e-01
5.731515164172390486e-01
5.516784520809346892e-01
5.287004521276283953e-01
5.041162428091499059e-01
4.778422387541580996e-01
4.498174959963929798e-01
4.200078348341920731e-01
3.884089348953920773e-01
3.550482374837312660e-01
3.199855308739113502e-01
2.833121458177693119e-01
2.451487532079931475e-01
2.056418336297795579e-01
1.649589765418889298e-01
1.232832589242533056e-01
8.080704016800978329e-02
3.772558030072688251e-02
-5.769069790864111980e-03
-4.949345533789270557e-02
-9.327697525956385460e-02
-1.369646953446478910e-01
-1.804185351496754852e-01
-2.235168082511870824e-01
-2.661522668485067911e-01
-3.082289613786686200e-01
-3.496583528180874367e-01
-3.903551927403063893e-01
-4.302337037215976934e-01
-4.692045481999576051e-01
-5.071729733608960622e-01
-5.440383758130884484e-01
-5.796953602087956403e-01
-6.140361903312987479e-01
-6.469543692473519458e-01
-6.783489545528577080e-01
-7.081291293666387432e-01
-7.362185182312193099e-01
-7.625587619971514464e-01
-7.871119430784608850e-01
-8.098615719320403361e-01
-8.308119920209235953e-01
-8.499862158066934237e-01
-8.674223502587636858e-01
-8.831688913578980005e-01
-8.972792523640249485e-01
-9.098059355717322827e-01
-9.207947633386751596e-01
-9.302795576983891035e-01
-9.382776081211219310e-01
-9.447862038615315594e-01
-9.497804393292479386e-01
-9.532124337582235096e-01
-9.550120425467804042e-01
-9.550890763953738816e-01
-9.533369831323679211e-01
-9.496378825344639063e-01
-9.438687739139161037e-01
-9.359086592249779013e-01
-9.256462434557731767e-01
-9.129877951785644319e-01
-8.978646828188927564e-01
-8.802400585724419191e-01
-8.601141551035672572e-01
-8.375277021585729731e-01
-8.125630690345375662e-01
-7.853428957024154444e-01
-7.560261824704312961e-01
-7.248020474862434392e-01
-6.918816060475477814e-01
-6.574886425798516232e-01
-6.218499014660593405e-01
-5.851858885258870435e-01
-5.477030344110357385e-01
-5.095879239862322052e-01
-4.710040583732246766e-01
-4.320913197100119674e-01
