0.000000000000000000e+00
0.000000000000000000e+00
-5.784427191975700114e-07
-4.602193261531361313e-06
-1.533507954169542945e-05
-3.540076727751357866e-05
-6.627775732701204480e-05
-1.078760476859024631e-04
-1.583637081793377237e-04
-2.143858033135296703e-04
-2.716837201653226610e-04
-3.259418655007258322e-04
-3.735797328895044782e-04
-4.122482293257056021e-04
-4.409447940043349085e-04
-4.598221448249680747e-04
-4.698446659461541475e-04
-4.724355578057395314e-04
-4.691999986043051546e-04
-4.617502430484959094e-04
-4.516200590184360963e-04
-4.402393767224781749e-04
-4.289378370633421464e-04
-4.189506211633189882e-04
-4.114075232705421037e-04
-4.072956424916597106e-04
-4.073971745039616714e-04
-4.122152485215586481e-04
-4.219091057649239883e-04
-4.362607972275157745e-04
-4.546869314846271057e-04
-4.762937824449103787e-04
-4.999595176858798564e-04
-5.244205561155492780e-04
-5.483425369255651551e-04
-5.703669307220042345e-04
-5.891362414204593398e-04
-6.033095270043954250e-04
-6.115839395109055584e-04
-6.127375781183547546e-04
-6.057050776258915024e-04
-5.896903586279812889e-04
-5.643106427793739398e-04
-5.297524107561123706e-04
-4.869055045462190282e-04
-4.374309052220499245e-04
-3.837178618398471544e-04
-3.287030009896479391e-04
-2.755578427146508874e-04
-2.272923629597178689e-04
-1.863540714757477498e-04
-1.543088940318467915e-04
-1.316675081540453975e-04
-1.178789443325884161e-04
-1.114709572232785892e-04
-1.102899038724470095e-04
-1.117871909069735034e-04
-1.133098412849179457e-04
-1.123694177893301983e-04
-1.068773566522713284e-04
-9.534081472968618720e-05
-7.701118327063262285e-05
-5.197091995925605043e-05
-2.113895289079657897e-05
1.382343652532588058e-05
5.071192595067564100e-05
8.706724323361124277e-05
1.205107335706989599e-04
1.490688123412928147e-04
1.714267076038247589e-04
1.870689434623658005e-04
1.962925720864575085e-04
2.001080127852678556e-04
2.000617017061305058e-04
1.980205779561626425e-04
1.959528773312883712e-04
1.957283639851303326e-04
1.989496905465144697e-04
2.068187132689111628e-04
2.200384735145247193e-04
2.387523797259764999e-04
2.625248870305552725e-04
2.903702006888565649e-04
3.208349148048530021e-04
3.521355909522649896e-04
3.823432131546461638e-04
4.095953399433090820e-04
4.323073325304765632e-04
4.493502461870308839e-04
4.601671819723700480e-04
4.648114632128679978e-04
4.639053594519799788e-04
4.585323556374941109e-04
4.500851906621131842e-04
4.400945475857470689e-04
4.300604328262508727e-04
4.213025443039440654e-04
4.148400373665169774e-04
4.113068495927503813e-04
4.109065783688011474e-04
4.134100447861793369e-04
4.181976440399607199e-04
4.243458781011956145e-04
4.307523134752793835e-04
4.362861374467891695e-04
4.399444732417619685e-04
4.409904769293574345e-04
4.390503854976415864e-04
4.341537646858950107e-04
4.267124928288452686e-04
4.174460493161373563e-04
4.072698347022832917e-04
3.971673537645259476e-04
3.880660961808804336e-04
3.807324971376468037e-04
3.756956830483425508e-04
3.732045708686244803e-04
3.732190681880685735e-04
3.754334638275573575e-04
3.793279649500395727e-04
3.842421313979142218e-04
3.894615369626788196e-04
3.943067973100389842e-04
3.982130053307258413e-04
4.007884498165588502e-04
4.018445992453560244e-04
4.013942501074306557e-04
3.996203069352050616e-04
3.968224628491300249e-04
3.933519796659124207e-04
3.895454141188903143e-04
3.856668160317875023e-04
3.818654014370904959e-04
3.781528084901910627e-04
3.744013675738009413e-04
3.703625959560669957e-04
3.657033075005640117e-04
3.600551319109737019e-04
3.530717512900105582e-04
3.444868646420871710e-04
3.341650873875914494e-04
3.221381158792187348e-04
3.086199001259857318e-04
2.939973392050719060e-04
2.787967713120928547e-04
2.636305008340958703e-04
2.491308510582492864e-04
2.358809933041818247e-04
2.243517779132712280e-04
2.148522104154911244e-04
2.074986919325231302e-04
2.022053905585919839e-04
1.986956740041960772e-04
1.965326469078075902e-04
1.951654442788299177e-04
1.939868330367371075e-04
1.923966956660570196e-04
1.898651141121687693e-04
1.859882541222249131e-04
1.805304275593987552e-04
1.734469097393241622e-04
1.648844050723324904e-04
1.551592143366856439e-04
1.447165371026845951e-04
1.340771551398221829e-04
1.237793170314917387e-04
1.143236735478243225e-04
1.061277435124235400e-04
9.949412314195342792e-05
9.459412790956767201e-05
9.146632564739152062e-05
9.002780435051872343e-05
9.009508862111767068e-05
9.141126486816912805e-05
9.367591336128473019e-05
9.657471014245191010e-05
9.980595822532045875e-05
1.031018128247267299e-04
1.062425979853713745e-04
1.090633855086914529e-04
1.114528921439859817e-04
1.133456612836352789e-04
1.147093029742019763e-04
1.155291384591511654e-04
1.157928371535324143e-04
1.154775139212154447e-04
1.145413096646860917e-04
1.129207940706375283e-04
1.105347100149912547e-04
1.072937212884967484e-04
1.031150063857897288e-04
9.793982358028675784e-05
9.175161772885012375e-05
8.459191946334743660e-05
7.657128492471923075e-05
6.787291173381340952e-05
5.874737268301463532e-05
4.949807927675045367e-05
4.045846825731262903e-05
3.196325526994385355e-05
2.431714861296095827e-05
1.776493608410272305e-05
1.246673955905828480e-05
8.481515686272208824e-06
5.760738702352611938e-06
4.152873685755753947e-06
3.417969099268680929e-06
3.250634005774384474e-06
3.308898928560064662e-06
3.246000437870466669e-06
2.741954855013535581e-06
1.531873984394375329e-06
-5.716790687076248256e-07
-3.664389186318505528e-06
-7.745184823586703809e-06
-1.272073143490430118e-05
-1.841852089565287014e-05
-2.460665603390105617e-05
-3.101770902095685292e-05
-3.737372012539450579e-05
-4.340954274918622864e-05
-4.889227595729741041e-05
-5.363532104569876451e-05
-5.750648084153546730e-05
-6.043032697620311447e-05
-6.238567615615392794e-05
-6.339938890193549720e-05
-6.353783810275158547e-05
-6.289733388452110961e-05
-6.159459685840836646e-05
-5.975810437182354086e-05
-5.752084338506740271e-05
-5.501472407177742215e-05
-5.236666239618477766e-05
-4.969614086428670636e-05
-4.711391196749112196e-05
-4.472142281646460083e-05
-4.261051374128888345e-05
-4.086297684297763059e-05
-3.954964756362112395e-05
-3.872883413478533807e-05
-3.844405305239186586e-05
-3.872121667305623047e-05
-3.956559177991960101e-05
-4.095899343973991204e-05
-4.285777359405274178e-05
-4.519218676267854111e-05
-4.786764901721772981e-05
-5.076824378014233919e-05
-5.376257667013253558e-05
-5.671176756079504013e-05
-5.947903527192501991e-05
-6.194003514879664032e-05
-6.399290976074885166e-05
-6.556695313259386230e-05
-6.662888954042149267e-05
-6.718601782899715261e-05
-6.728583092890701048e-05
-6.701212789958946683e-05
-6.647802778763723178e-05
-6.581661573283977733e-05
-6.517016593330392292e-05
-6.467897898966725291e-05
-6.447084729851239619e-05
-6.465203869774942215e-05
-6.530048897607549263e-05
-6.646164372741803601e-05
-6.814711526519788207e-05
-7.033604694380660171e-05
-7.297883124195503400e-05
-7.600263382255097102e-05
-7.931805347239044427e-05
-8.282620903410440726e-05
-8.642558949572499353e-05
-9.001812030351404915e-05
-9.351406528539439958e-05
-9.683557084242205523e-05
-9.991883840048513296e-05
-1.027150585200396255e-04
-1.051903400796850625e-04
-1.073249150132966629e-04
-1.091118967119383246e-04
-1.105558287129615767e-04
-1.116711938549401657e-04
-1.124809778552633357e-04
-1.130153091628174048e-04
-1.133101399871800486e-04
-1.134058988890449877e-04
-1.133460364314953212e-04
-1.131754013736803314e-04
-1.129384214964508014e-04
-1.126771134482982466e-04
-1.124290013640477133e-04
-1.122250752487553778e-04
-1.120879586096785470e-04
-1.120304735106399823e-04
-1.120547854518072814e-04
-1.121522785294254822e-04
-1.123042547476979129e-04
-1.124834749873390662e-04
-1.126564708912384643e-04
-1.127864671741243239e-04
-1.128366743943656439e-04
-1.127736547896805513e-04
-1.125704382676775218e-04
-1.122090782264642967e-04
-1.116823884836429113e-04
-1.109946881570179027e-04
-1.101614902074002979e-04
-1.092081868148223891e-04
-1.081678945307261268e-04
-1.070787092275072964e-04
-1.059806741145551232e-04
-1.049127779661612872e-04
-1.039102758262239347e-04
-1.030025669621689862e-04
-1.022117848785487789e-04
-1.015521639085240345e-04
-1.010301583951556749e-04
-1.006452141627372772e-04
-1.003910354133588043e-04
-1.002571575035680619e-04
-1.002306279685526538e-04
-1.002976123632581834e-04
-1.004447733886538753e-04
-1.006603153780529257e-04
-1.009346350815546665e-04
-1.012605677470930618e-04
-1.016332597627930703e-04
-1.020497321016401325e-04
-1.025082206511950439e-04
-1.030073899280867385e-04
-1.035455166454231243e-04
-1.041197309666289653e-04
-1.047253883374340118e-04
-1.053556259153635218e-04
-1.060011369958471246e-04
-1.066501762918006194e-04
-1.072887898679132700e-04
-1.079012469702367782e-04
-1.084706375952865280e-04
-1.089795898153273851e-04
-1.094110548213270162e-04
-1.097491054037758723e-04
-1.099796950556922263e-04
-1.100913297839915377e-04
-1.100756126106874579e-04
-1.099276310024683819e-04
-1.096461692772254971e-04
-1.092337404533248372e-04
-1.086964440215625505e-04
-1.080436667544329784e-04
-1.072876520904615481e-04
-1.064429692586170743e-04
-1.055259158794152809e-04
-1.045538873931252361e-04
-1.035447437575156280e-04
-1.025161991303916929e-04
-1.014852545620174292e-04
-1.004676879442252123e-04
-9.947761035625198652e-05
-9.852709404739477741e-05
-9.762587484805561289e-05
-9.678113074410717132e-05
-9.599733836025868485e-05
-9.527620966877383920e-05
-9.461671178764312546e-05
-9.401517271127793742e-05
-9.346547481507788094e-05
-9.295933578081409874e-05
-9.248667321692080384e-05
-9.203604492349531420e-05
-9.159515186951484097e-05
-9.115138600246689652e-05
-9.069240051770034988e-05
-9.020667665632151999e-05
-8.968405886808375146e-05
-8.911622954595870298e-05
-8.849709566783520219e-05
-8.782306261431801640e-05
-8.709317512571819518e-05
-8.630911169956627989e-05
-8.547502653228407788e-05
-8.459724212525035394e-05
-8.368380556507889491e-05
-8.274393178484074963e-05
-8.178736719410989746e-05
-8.082371613238720470e-05
-7.986177969265482719e-05
-7.890896052035029334e-05
-7.797078717753561214e-05
-7.705060672006031671e-05
-7.614948380241548011e-05
-7.526632901790826263e-05
-7.439825914165995515e-05
-7.354116907878228547e-05
-7.269047191666940834e-05
-7.184194227535270710e-05
-7.099258198334698600e-05
-7.014141850853014993e-05
-6.929014735427654914e-05
-6.844354054453130403e-05
-6.760956386483124678e-05
-6.679917390788708256e-05
-6.602579926013404813e-05
-6.530454460068325874e-05
-6.465118792729331672e-05
-6.408106558806590141e-05
-6.360795400205446724e-05
-6.324305882539696388e-05
-6.299421136517544375e-05
-6.286534948913129477e-05
-6.285632896029354428e-05
-6.296307508937815621e-05
-6.317804849103419681e-05
-6.349096707175431802e-05
-6.388970286375276575e-05
-6.436125929757409686e-05
-6.489273271572116024e-05
-6.547217054085065994e-05
-6.608925542812280941e-05
-6.673576705900747489e-05
-6.740579781300280510e-05
-6.809572243883828941e-05
-6.880394266836593149e-05
-6.953044388798019896e-05
-7.027621175541577648e-05
-7.104256204317311262e-05
-7.183043763286494623e-05
-7.263972351085058970e-05
-7.346862504084375760e-05
-7.431314790282391781e-05
-7.516671087366107510e-05
-7.601991573313036151e-05
-7.686049225650505470e-05
-7.767343034722203694e-05
-7.844130538772892938e-05
-7.914479617386460241e-05
-7.976338668441208552e-05
-8.027623298488583466e-05
-8.066316476940068897e-05
-8.090577798894495317e-05
-8.098856191611425654e-05
-8.089999261857613291e-05
-8.063351722464246808e-05
-8.018835157006865607e-05
-7.957001932660785846e-05
-7.879057414486078726e-05
-7.786846714944719791e-05
-7.682804854780266317e-05
-7.569872139725801680e-05
-7.451379438530060517e-05
-7.330910545852430420e-05
-7.212150645620395649e-05
-7.098730868370898173e-05
-6.994078988497800685e-05
-6.901285478727394482e-05
-6.822992570803450567e-05
-6.761311871187034885e-05
-6.717773690165632398e-05
-6.693308807521827916e-05
-6.688261142877570701e-05
-6.702427910235639363e-05
-6.735122447545439147e-05
-6.785254093863256472e-05
-6.851419240867392903e-05
-6.931997946534095099e-05
-7.025251142998595755e-05
-7.129414335015734543e-05
-7.242784593971785488e-05
-7.363798445675492563e-05
-7.491098812709106843e-05
-7.623589451896037306e-05
-7.760475343503988677e-05
-7.901287326004586718e-05
-8.045889062329182584e-05
-8.194464328512827717e-05
-8.347482787474597773e-05
-8.505642973160681920e-05
-8.669792235472308919e-05
-8.840824891054606242e-05
-9.019561725043590320e-05
-9.206616161477811523e-05
-9.402254672111276057e-05
-9.606261084117845013e-05
-9.817816104806218218e-05
-1.003540432289104229e-04
-1.025676090133451074e-04
-1.047886892059390646e-04
-1.069801571935957414e-04
-1.090991259338274601e-04
-1.110987700009774206e-04
-1.129307032567082705e-04
-1.145477785876172566e-04
-1.159071161884116209e-04
-1.169731194951338735e-04
-1.177202113910992640e-04
-1.181350244029569159e-04
-1.182178108392389963e-04
-1.179829014823755744e-04
-1.174581290589014773e-04
-1.166832354902793160e-04
-1.157073870850369111e-04
-1.145860155936378891e-04
-1.133772728912106414e-04
-1.121384237571786011e-04
-1.109225002807379443e-04
-1.097755036250453386e-04
-1.087343700063386846e-04
-1.078258275065611634e-04
-1.070661708618697317e-04
-1.064618854099332604e-04
-1.060109705745826685e-04
-1.057047566224928793e-04
-1.055299812086828387e-04
-1.054708954020153281e-04
-1.055111991860892533e-04
-1.056356570737687140e-04
-1.058313063590167111e-04
-1.060882337943020516e-04
-1.063999520677072599e-04
-1.067634484321509713e-04
-1.071790002627818193e-04
-1.076498554959696231e-04
-1.081818621137652504e-04
-1.087831046175540320e-04
-1.094635726233942502e-04
-1.102348534558178467e-04
-1.111098124944757617e-04
-1.121022063958152930e-04
-1.132261679183617814e-04
-1.144955079302536235e-04
-1.159227996042308696e-04
-1.175182396814646122e-04
-1.192883187149834689e-04
-1.212343722358588341e-04
-1.233511231299401685e-04
-1.256253572474359565e-04
-1.280348945679427399e-04
-1.305480227740150119e-04
-1.331235454850715472e-04
-1.357115618659983098e-04
-1.382550382349939167e-04
-1.406921587805112686e-04
-1.429593577287629645e-04
-1.449948483398037747e-04
-1.467423861308320328e-04
-1.481549466197281653e-04
-1.491979723427029917e-04
-1.498518573501124256e-04
-1.501133921963192350e-04
-1.499959849109024177e-04
-1.495285938536071674e-04
-1.487534422061206831e-04
-1.477227140120100321e-04
-1.464945410759823014e-04
-1.451286643223370057e-04
-1.436821828807531413e-04
-1.422057858305599779e-04
-1.407407982412253278e-04
-1.393172737705476217e-04
-1.379532439610263060e-04
-1.366551054190856638e-04
-1.354190065688757455e-04
-1.342330001121814641e-04
-1.330796663789204188e-04
-1.319388918937446596e-04
-1.307905063623352945e-04
-1.296165340291542450e-04
-1.284028917951654460e-04
-1.271404539757114668e-04
-1.258254891881246691e-04
-1.244595473545130279e-04
-1.230489261687112818e-04
-1.216038725880763335e-04
-1.201376759824557939e-04
-1.186657889492620706e-04
-1.172050753571601687e-04
-1.157732400435964139e-04
-1.143884480406965877e-04
-1.130690997452420387e-04
-1.118336971671903495e-04
-1.107007185881139332e-04
-1.096884160391877714e-04
-1.088144615641720202e-04
-1.080953922900388737e-04
-1.075458376604853967e-04
-1.071775506832723458e-04
-1.069983040754958156e-04
-1.070107469919813801e-04
-1.072113440484620837e-04
-1.075895316750961233e-04
-1.081272245589400092e-04
-1.087987856194114688e-04
-1.095715370336638209e-04
-1.104068398571846928e-04
-1.112617105268528395e-04
-1.120908806426952338e-04
-1.128491497575057431e-04
-1.134938374662702062e-04
-1.139871177656412514e-04
-1.142980199674167673e-04
-1.144039076083608992e-04
-1.142912972919965699e-04
-1.139559472476769735e-04
-1.134022220282192110e-04
-1.126418153551011657e-04
-1.116919780688705214e-04
-1.105734445098426169e-04
-1.093082732179368453e-04
-1.079178146989089927e-04
-1.064209916702816997e-04
-1.048330302297376760e-04
-1.031647206320661359e-04
-1.014222219548550138e-04
-9.960736416543047379e-05
-9.771835129158863438e-05
-9.575073594851977326e-05
-9.369852122702560752e-05
-9.155525095290403305e-05
-8.931497104219504981e-05
-8.697297855594510326e-05
-8.452631539643627311e-05
-8.197400445194376242e-05
-7.931706207422739043e-05
-7.655834799254331805e-05
-7.370232964850970874e-05
-7.075484164487051740e-05
-6.772291318804947013e-05
-6.461471889352808238e-05
-6.143968374687257597e-05
-5.820874445647328309e-05
-5.493474012926086370e-05
-5.163287828836513467e-05
-4.832120059881545872e-05
-4.502095872418985942e-05
-4.175680640889569849e-05
-3.855672039404578271e-05
-3.545158052791050931e-05
-3.247436783496357991e-05
-2.965897663891072758e-05
-2.703868015880256140e-05
-2.464433420313379836e-05
-2.250244561452462551e-05
-2.063326540773129168e-05
-1.904908571381680872e-05
-1.775292032615628619e-05
-1.673772835870267865e-05
-1.598629940264983086e-05
-1.547185972836857926e-05
-1.515938854161450960e-05
-1.500755932790616903e-05
-1.497115328782730256e-05
-1.500373886201107555e-05
-1.506038070706177353e-05
-1.510013761275001138e-05
-1.508813248757868975e-05
-1.499702564460872108e-05
-1.480778885002790457e-05
-1.450975328164441569e-05
-1.409997997273511309e-05
-1.358206713725965420e-05
-1.296455729115373024e-05
-1.225913327975454138e-05
-1.147879444111647440e-05
-1.063618379492422411e-05
-9.742198925589155351e-06
-8.804969829751018492e-06
-7.829234126988857451e-06
-6.816091176876853611e-06
-5.763077981961900351e-06
-4.664485349527586419e-06
-3.511824198160333905e-06
-2.294358232214277847e-06
-9.996375285053048130e-07
3.860064320860389344e-07
1.877015022995960877e-06
3.488190069772952069e-06
5.234278256111691369e-06
7.129504248616759675e-06
9.187003489136780297e-06
1.141811544710979476e-05
1.383151772602283323e-05
1.643220866470103164e-05
1.922037801013021553e-05
2.219023829376993903e-05
2.532891975896991600e-05
2.861555495506293143e-05
3.202069146156987460e-05
3.550616916130889774e-05
3.902557953256425124e-05
4.252538756483135996e-05
4.594674314738874321e-05
4.922794162289073188e-05
5.230741872484906386e-05
5.512709171142288921e-05
5.763579602021155838e-05
5.979252518851817580e-05
6.156916957562173938e-05
6.295247184588411793e-05
6.394497494658556375e-05
6.456482699968281946e-05
6.484441779172293440e-05
6.482794035886878378e-05
6.456808367690627427e-05
6.412215424022842526e-05
6.354798346749211582e-05
6.289999679299482010e-05
6.222579668474293769e-05
6.156354892704862510e-05
6.094036762828103712e-05
6.037178176362955495e-05
5.986224905367242390e-05
5.940657626191717225e-05
5.899202141845759080e-05
5.860080229743761356e-05
5.821272109175828292e-05
5.780763669164684399e-05
5.736756737770555640e-05
5.687827841366491840e-05
5.633028929477828899e-05
5.571931255892305195e-05
5.504620012589902834e-05
5.431651716063483207e-05
5.353988419770716812e-05
5.272922610317191407e-05
5.190004484215151144e-05
5.106979757444387582e-05
5.025741901918021705e-05
4.948298410609284511e-05
4.876746971328760913e-05
4.813254748612249710e-05
4.760032635870057406e-05
4.719296467575369856e-05
4.693208722276526250e-05
4.683796997096367575e-05
4.692849164168047343e-05
4.721789208294966425e-05
4.771541814528041091e-05
4.842397323887908186e-05
4.933891221293568277e-05
5.044713438202272821e-05
5.172662129329830852e-05
5.314654066225610427e-05
5.466799440040658503e-05
5.624542986604460978e-05
5.782866494095513748e-05
5.936540695738573006e-05
6.080408185797095221e-05
6.209674231731068458e-05
6.320179954582396461e-05
6.408632800741718961e-05
6.472772638070468216e-05
6.511457864483328898e-05
6.524663917635998428e-05
6.513395535532771289e-05
6.479522918764711050e-05
6.425559495209865531e-05
6.354404381693732902e-05
6.269075272187048166e-05
6.172457129163557408e-05
6.067088872246991101e-05
5.955004756951444629e-05
5.837640099916683982e-05
5.715803380489066699e-05
5.589709507051239290e-05
5.459063052720030030e-05
5.323176192513896744e-05
5.181104266226249205e-05
5.031782368476219450e-05
4.874148837949325211e-05
4.707245446064300633e-05
4.530288792639890509e-05
4.342712193553846490e-05
4.144181556390252972e-05
3.934591897946883358e-05
3.714052968349813307e-05
3.482872818095925560e-05
3.241547166579968628e-05
2.990760338197591414e-05
2.731400658480199185e-05
2.464589934634460071e-05
2.191723381916719748e-05
1.914513479236952732e-05
1.635029078979350757e-05
1.355719927405004789e-05
1.079416762567127161e-05
8.092984400862092781e-06
5.488200765842494067e-06
3.015998551214031189e-06
7.126663217886240800e-07
-1.387245860790495353e-06
-3.252973937628242887e-06
-4.859629140768946949e-06
-6.190140276922513981e-06
-7.236850464681671784e-06
-8.002582391127391651e-06
-8.501022325454058782e-06
-8.756330861617971897e-06
-8.801962296357672568e-06
-8.678756403121048798e-06
-8.432445975953339345e-06
-8.110790331390672870e-06
-7.760589674647815344e-06
-7.424851345149256369e-06
-7.140363808776424563e-06
-6.935889530308279210e-06
-6.831119279198370741e-06
-6.836446928108295143e-06
-6.953536188455466539e-06
-7.176570074998697270e-06
-7.494010018602746396e-06
-7.890651666636826800e-06
-8.349752207015781957e-06
-8.855019281200990632e-06
-9.392290235537830448e-06
-9.950785635530001396e-06
-1.052388386783913709e-05
-1.110942512551612626e-05
-1.170960496860351849e-05
-1.233055398011745602e-05
-1.298171765193645286e-05
-1.367514941814142407e-05
-1.442481229187883157e-05
-1.524595544794561157e-05
-1.615459701823245323e-05
-1.716710919081773748e-05
-1.829987165032290270e-05
-1.956893847479979770e-05
-2.098965428179009162e-05
-2.257615854508890438e-05
-2.434073193334320955e-05
-2.629296333771998729e-05
-2.843874807729290224e-05
-3.077916304904492590e-05
-3.330929938084943218e-05
-3.601716335244245753e-05
-3.888277794970462656e-05
-4.187762672616084911e-05
-4.496457564179718740e-05
-4.809838529558150405e-05
-5.122688509918975504e-05
-5.429282414734971798e-05
-5.723634492546027659e-05
-5.999795212229784162e-05
-6.252177832313689091e-05
-6.475889104475095594e-05
-6.667035100616572612e-05
-6.822972737670801894e-05
-6.942480615844798502e-05
-7.025829229461603238e-05
-7.074739887504946406e-05
-7.092232764429484302e-05
-7.082376039442916742e-05
-7.049958602210299960e-05
-7.000116936152494954e-05
-6.937951476870245096e-05
-6.868168382079713533e-05
-6.794779178010025697e-05
-6.720883640382176952e-05
-6.648551466105862777e-05
-6.578807068827528901e-05
-6.511710621789220895e-05
-6.446518674148685754e-05
-6.381900452627663136e-05
-6.316182108508786096e-05
-6.247590963531330862e-05
-6.174475006897902458e-05
-6.095478795083515342e-05
-6.009664472596746009e-05
-5.916574684805315528e-05
-5.816241560269847215e-05
-5.709151781409482459e-05
-5.596181447879229376e-05
-5.478515748042047322e-05
-5.357567523509551338e-05
-5.234906054975430051e-05
-5.112203413252622178e-05
-4.991201184807370945e-05
-4.873695956506151239e-05
-4.761538198150625764e-05
-4.656636539896774390e-05
-4.560958163260206996e-05
-4.476516195443109008e-05
-4.405336543674217312e-05
-4.349399319127334959e-05
-4.310553561606596658e-05
-4.290407993434211238e-05
-4.290204565452595327e-05
-4.310685155951223289e-05
-4.351964506141331641e-05
-4.413423934577094646e-05
-4.493640268097690612e-05
-4.590362593007712852e-05
-4.700545880639818240e-05
-4.820445502980472374e-05
-4.945770579062870430e-05
-5.071887636233920820e-05
-5.194060024511884836e-05
-5.307703712476694491e-05
-5.408637248891544818e-05
-5.493303299595502567e-05
-5.558941441692763307e-05
-5.603696619443725261e-05
-5.626654284095027725e-05
-5.627800922754501683e-05
-5.607916450839222922e-05
-5.568411820591770097e-05
-5.511130348587261015e-05
-5.438134105574611755e-05
-5.351496981638908444e-05
-5.253123819209703008e-05
-5.144610691769279319e-05
-5.027155643029656028e-05
-4.901522790729936018e-05
-4.768056484666955016e-05
-4.626736960816534515e-05
-4.477265247327388706e-05
-4.319163298370834301e-05
-4.151875518565929828e-05
-3.974859781387493385e-05
-3.787659307381211464e-05
-3.589950783091879925e-05
-3.381568258512019514e-05
-3.162506096254537856e-05
-2.932907112955824712e-05
-2.693043764023086631e-05
-2.443300658600060951e-05
-2.184165893300234250e-05
-1.916236832869068845e-05
-1.640243311360382948e-05
-1.357088106070718046e-05
-1.067901302556878165e-05
-7.741021760913393142e-06
-4.774597934510610428e-06
-1.801419778274543901e-06
1.152581913691839907e-06
4.057284002630949215e-06
6.878836295747499959e-06
9.580578678762673720e-06
1.212441334720998851e-05
1.447258487153806498e-05
1.658976812426724901e-05
1.844531517232972601e-05
2.001547365968208122e-05
2.128536732226074321e-05
2.225052921010356048e-05
2.291780279039120168e-05
2.330547509391689629e-05
2.344257560441470462e-05
2.336735742386380623e-05
2.312506352559659371e-05
2.276515955043445185e-05
2.233827500060042186e-05
2.189312841091057906e-05
2.147371425309947115e-05
2.111699943509883791e-05
2.085131920090183252e-05
2.069558373352505611e-05
2.065931814746902882e-05
2.074347124305367783e-05
2.094185323932162908e-05
2.124300849986807257e-05
2.163230159281049472e-05
2.209399558106783939e-05
2.261312797432801563e-05
2.317703661695610202e-05
2.377644686374184518e-05
2.440609358463761804e-05
2.506490810586011072e-05
2.575584406895056763e-05
2.648544287362023788e-05
2.726324734588085776e-05
2.810116289454896190e-05
2.901284237549041635e-05
3.001313937773996952e-05
3.111764047608518599e-05
3.234225569025209597e-05
3.370282253064908436e-05
3.521466578100253898e-05
3.689205416610536956e-05
3.874750630065914664e-05
4.079092042740752353e-05
4.302853288990773298e-05
4.546174563790561024e-05
4.808589933031402703e-05
5.088910145187806042e-05
5.385124389713964336e-05
5.694335753104961363e-05
6.012744874068106347e-05
6.335694244317313835e-05
6.657781651662118513e-05
6.973045543671793222e-05
7.275217987658529019e-05
7.558033070986852544e-05
7.815570916639504083e-05
8.042611021915653394e-05
8.234964407762452058e-05
8.389752966384423759e-05
8.505606941616576135e-05
8.582757711389920761e-05
8.623012459794341918e-05
8.629608913453304896e-05
8.606960681801122321e-05
8.560315319719075957e-05
8.495356524826453370e-05
8.417787680789127038e-05
8.332935516099362005e-05
8.245409782102280059e-05
8.158847962027293273e-05
8.075764019810326968e-05
7.997508387693739757e-05
7.924334288865659583e-05
7.855554612054571357e-05
7.789765207928477748e-05
7.725105581468319363e-05
7.659526914685932137e-05
7.591040016593030948e-05
7.517921498721881609e-05
7.438864172558149412e-05
7.353066126855411057e-05
7.260260949868206865e-05
7.160698094878008237e-05
7.055086756723814975e-05
6.944518530726155679e-05
6.830383640244141975e-05
6.714293034723906885e-05
6.598014779152484258e-05
6.483428583039946573e-05
6.372497755473838514e-05
6.267253939816556365e-05
6.169787150573930855e-05
6.082232203034837963e-05
6.006742705917314648e-05
5.945445316244464556e-05
5.900369720243175763e-05
5.873353469581121567e-05
5.865924947143078601e-05
5.879171886708190283e-05
5.913606534289030298e-05
5.969041241637879780e-05
6.044489608753646101e-05
6.138107929858526346e-05
6.247189486691433950e-05
6.368220214309877310e-05
6.496998712100565719e-05
6.628817002308649755e-05
6.758691576747973754e-05
6.881627980845909020e-05
6.992897342622307621e-05
7.088300621010657193e-05
7.164396423590480359e-05
7.218671167986762864e-05
7.249635868650483291e-05
7.256841278350114699e-05
7.240811574526333780e-05
7.202905185526427506e-05
7.145118650054599503e-05
7.069854713407198261e-05
6.979678590270542904e-05
6.877086224368996121e-05
6.764305579067750047e-05
6.643146967027745695e-05
6.514911901483800606e-05
6.380362814907486804e-05
6.239749165403106468e-05
6.092879768521397419e-05
5.939227281797843707e-05
5.778048980770955455e-05
5.608508334995595450e-05
5.429784161067346444e-05
5.241157803445348993e-05
5.042073238925165050e-05
4.832169547728691947e-05
4.611289236117323769e-05
4.379468960810127607e-05
4.136921000942519745e-05
3.884014243662210205e-05
3.621262561614098282e-05
3.349326470070516113e-05
3.069031161326419676e-05
2.781400783291759126e-05
2.487705536509770185e-05
2.189515177196046049e-05
1.888750167527999632e-05
1.587720289878381754e-05
1.289140251470496811e-05
9.961127772281589074e-06
7.120719462070049565e-06
4.406829761316815477e-06
1.856990725332612147e-06
-4.921903479722658720e-07
-2.607101440184950625e-06
-4.459309000218978615e-06
-6.027666026122293888e-06
-7.300140133100536451e-06
-8.275161563385746848e-06
-8.962320156285796959e-06
-9.382292610004835736e-06
-9.565952506987755464e-06
-9.552697909474235080e-06
-9.388114914896133383e-06
-9.121169539212043426e-06
-8.801174591022821139e-06
-8.474805133129483846e-06
-8.183431688192124899e-06
-7.961004843743155773e-06
-7.832662941452429647e-06
-7.814154251988154391e-06
-7.912076919942273166e-06
-8.124855274186781868e-06
-8.444300276019600692e-06
-8.857553102195712082e-06
-9.349188989616983848e-06
-9.903264477860923765e-06
-1.050512219426339024e-05
-1.114281720104712838e-05
-1.180808935790871633e-05
-1.249686803317958128e-05
-1.320935032098427970e-05
-1.394973502479392020e-05
-1.472571804734591748e-05
-1.554785946926328502e-05
-1.642892029614394762e-05
-1.738324161091620316e-05
-1.842620605455699194e-05
-1.957378698696429843e-05
-2.084215976888385418e-05
-2.224732673309120078e-05
-2.380469551649284988e-05
-2.552855084734577827e-05
-2.743137241976049886e-05
-2.952297458116853000e-05
-3.180947455770223695e-05
-3.429213139487894156e-05
-3.696613371510249906e-05
-3.981944653174421733e-05
-4.283185142841852938e-05
-4.597432638571630941e-05
-4.920890800493212815e-05
-5.248915749489123183e-05
-5.576131180597811512e-05
-5.896614409644407751e-05
-6.204148721556883132e-05
-6.492529664340892603e-05
-6.755905418653973071e-05
-6.989125093474346918e-05
-7.188064775492552692e-05
-7.349900239720515117e-05
-7.473297908822752788e-05
-7.558501945168936628e-05
-7.607304751651130289e-05
-7.622899626781319050e-05
-7.609626485373654223e-05
-7.572632877878189561e-05
-7.517481553072293161e-05
-7.449741337838762024e-05
-7.374599443649749607e-05
-7.296530298057756067e-05
-7.219049056154670492e-05
-7.144567991684980929e-05
-7.074362295985020565e-05
-7.008639919209611957e-05
-6.946699460553725500e-05
-6.887152028913664224e-05
-6.828178339695686200e-05
-6.767791464339660741e-05
-6.704078433851485370e-05
-6.635399644065868342e-05
-6.560532678657083217e-05
-6.478755535117502822e-05
-6.389872110124845983e-05
-6.294189177258485994e-05
-6.192458303666750080e-05
-6.085797919661344523e-05
-5.975610165563205440e-05
-5.863504588760375862e-05
-5.751236852995348275e-05
-5.640666050643576156e-05
-5.533729671708180839e-05
-5.432431388128365266e-05
-5.338834022898364910e-05
-5.255048680126240331e-05
-5.183211121986758599e-05
-5.125438027107382673e-05
-5.083758538941518626e-05
-5.060020180187081734e-05
-5.055772353001412433e-05
-5.072134795650993665e-05
-5.109662037286131760e-05
-5.168217613865469810e-05
-5.246873166295969035e-05
-5.343847224038783197e-05
-5.456496321110904601e-05
-5.581367131035893455e-05
-5.714312809208741122e-05
-5.850670202445616431e-05
-5.985487744480995923e-05
-6.113787557956313885e-05
-6.230840404970657562e-05
-6.332429429375149681e-05
-6.415078621020388816e-05
-6.476224754341891024e-05
-6.514316957624015814e-05
-6.528835424314294615e-05
-6.520229167983041159e-05
-6.489781086914244649e-05
-6.439415896450074962e-05
-6.371471825334555986e-05
-6.288459756110114935e-05
-6.192833469688271096e-05
-6.086791949550739530e-05
-5.972129767620081362e-05
-5.850145131596719750e-05
-5.721608102155692477e-05
-5.586784704763713555e-05
-5.445506994051464917e-05
-5.297275209402100014e-05
-5.141376342528319231e-05
-4.977003764275882326e-05
-4.803364776634944279e-05
-4.619766580754631509e-05
-4.425675554625680243e-05
-4.220749249718244467e-05
-4.004844538639222985e-05
-3.778008403877365542e-05
-3.540459655339934586e-05
-3.292570293217397608e-05
-3.034854356055663669e-05
-2.767970114084107553e-05
-2.492738685421397359e-05
-2.210178925509926842e-05
-1.921555146367507689e-05
-1.628431230950389287e-05
-1.332722354976698647e-05
-1.036734097684808266e-05
-7.431784289512546215e-06
-4.551570321533741704e-06
-1.761046863243002118e-06
9.031110677848491858e-07
3.403336343367180633e-06
5.702979773794223482e-06
7.768387377876108494e-06
9.571090958464427488e-06
1.108992335187000873e-05
1.231285251160399261e-05
1.323833349734138373e-05
1.387600667904850279e-05
1.424662307520076720e-05
1.438114926808768892e-05
1.431908709646350282e-05
1.410612730811642964e-05
1.379133064683866171e-05
1.342408431733107014e-05
1.305110870722638629e-05
1.271378462817709412e-05
1.244603550234422081e-05
1.227293650655355882e-05
1.221014191451428748e-05
1.226413329916926239e-05
1.243320619980469058e-05
1.270904181074318294e-05
1.307866141891427322e-05
1.352653956355777082e-05
1.403665816165660296e-05
1.459431521029278126e-05
1.518755195046910003e-05
1.580812318844307716e-05
1.645199765454535661e-05
1.711943029838977105e-05
1.781468959194485924e-05
1.854554624203555121e-05
1.932263421187551357e-05
2.015878244590082861e-05
2.106839022913126107e-05
2.206688609970893617e-05
2.317027551413981275e-05
2.439475147458652768e-05
2.575631944790902827e-05
2.727037606610116033e-05
2.895118162135370659e-05
3.081117902737140544e-05
3.286013512448542675e-05
3.510411128389381738e-05
3.754430574246641077e-05
4.017584597888430376e-05
4.298664146253555952e-05
4.595643099102515478e-05
4.905617057132018329e-05
5.224790400937276099e-05
5.548523674514695267e-05
5.871449329827431338e-05
6.187658139867720990e-05
6.490951541991640762e-05
6.775147469321207466e-05
7.034419751114428338e-05
7.263644935265904580e-05
7.458726424634792981e-05
7.616864962472564204e-05
7.736747239221633370e-05
7.818630730404112759e-05
7.864312284298492881e-05
