0.000000000000000000e+00
0.000000000000000000e+00
1.787525566161195269e-07
-8.462134328713073901e-07
-1.023436188682188605e-05
-4.659143577526387773e-05
-1.456094498261113854e-04
-3.625313944726611627e-04
-7.681652235130260282e-04
-1.437538905165343210e-03
-2.434133594671542260e-03
-3.795603439889578146e-03
-5.526616565448748408e-03
-7.600934783380050228e-03
-9.970653947955694305e-03
-1.257835809081888842e-02
-1.536844379941207719e-02
-1.829578612466107451e-02
-2.133166921225348664e-02
-2.446770688511661421e-02
-2.771835530798939795e-02
-3.112195553630062866e-02
-3.473945684380851107e-02
-3.864944920007307161e-02
-4.293825986376521853e-02
-4.768495637000145365e-02
-5.294312938441796124e-02
-5.872365061943225079e-02
-6.498392505467306957e-02
-7.162820052348146949e-02
-7.852005089366188850e-02
-8.550365470319930272e-02
-9.242731972849980993e-02
-9.916249503913718288e-02
-1.056140391762244168e-01
-1.117210692056585242e-01
-1.174504942361576376e-01
-1.227865072338620717e-01
-1.277191070194551303e-01
-1.322338843505959372e-01
-1.363044823268907968e-01
-1.398886270162316425e-01
-1.429283701076094204e-01
-1.453549351758496866e-01
-1.470980188253132870e-01
-1.480984198788478923e-01
-1.483216221412433644e-01
-1.477689736211299787e-01
-1.464830832764164592e-01
-1.445453968975015657e-01
-1.420662997021155671e-01
-1.391705064180446261e-01
-1.359817987015128626e-01
-1.326108225228379012e-01
-1.291480316439393150e-01
-1.256618760181658911e-01
-1.222008333098308641e-01
-1.187972447829128697e-01
-1.154710560849437073e-01
-1.122321718853888095e-01
-1.090809163907706381e-01
-1.060068593418571486e-01
-1.029869026931008874e-01
-9.998391527864201878e-02
-9.694722010137228618e-02
-9.381578767484301251e-02
-9.052412305386742242e-02
-8.700982455226363710e-02
-8.322105561309380006e-02
-7.912205837089167360e-02
-7.469541318998249024e-02
-6.994074259908515667e-02
-6.487053304517077790e-02
-5.950435400420005239e-02
-5.386288519694942128e-02
-4.796293549277845514e-02
-4.181425685687435723e-02
-3.541858644440213505e-02
-2.877105105945056140e-02
-2.186381360951796665e-02
-1.469156781973132361e-02
-7.258155710626169529e-03
4.167785409420953976e-04
8.292461641049322235e-03
1.630438103627460111e-02
2.436541772019132704e-02
3.237098076354519294e-02
4.020740781936342489e-02
4.776200375255565400e-02
5.493264044400376217e-02
6.163501182402831430e-02
6.780634845953265044e-02
7.340535629523599337e-02
7.840901301225826348e-02
8.280739694470631851e-02
8.659787743882030320e-02
8.977984577351179329e-02
9.235085391937214450e-02
9.430467451512326849e-02
9.563146028518777764e-02
9.631987262036721675e-02
9.636075519443797199e-02
9.575165479323070883e-02
9.450128297043121350e-02
9.263294596924676050e-02
9.018611801303626219e-02
8.721570802740938322e-02
8.378909365106824991e-02
7.998151261978615756e-02
7.587073985492577555e-02
7.153203432044537291e-02
6.703412136274443378e-02
6.243659227637517878e-02
5.778870216171363289e-02
5.312925277447970440e-02
4.848711776738731660e-02
4.388199686960674722e-02
3.932512391538957319e-02
3.481983654850540066e-02
3.036208230603951175e-02
2.594104061325819277e-02
2.154005730481946615e-02
1.713801656328416828e-02
1.271114003133487144e-02
8.235051349888250494e-03
3.686831167177224977e-03
-9.532448729233323689e-04
-5.700531329157986458e-03
-1.056551301532762666e-02
-1.555392828551473150e-02
-2.066732080593728510e-02
-2.590373802457024421e-02
-3.125827824120373105e-02
-3.672323821782931541e-02
-4.228771418268986032e-02
-4.793664178320113101e-02
-5.364940546572666974e-02
-5.939828372196084144e-02
-6.514709854210336271e-02
-7.085047690149695598e-02
-7.645408404080492049e-02
-8.189604244566418834e-02
-8.710952346160959203e-02
-9.202623848654931105e-02
-9.658033381371332327e-02
-1.007120766396376460e-01
-1.043707501294418999e-01
-1.075163466268170137e-01
-1.101199088656911601e-01
-1.121626439988874374e-01
-1.136341539866433797e-01
-1.145302455533752511e-01
-1.148507954254289060e-01
-1.145980709056780567e-01
-1.137757734721063507e-01
-1.123889150388397845e-01
-1.104444773350592018e-01
-1.079526632080923115e-01
-1.049284409255291373e-01
-1.013930248945155432e-01
-9.737494227782672596e-02
-9.291040967943534068e-02
-8.804287702804536320e-02
-8.282175936238173053e-02
-7.730053220582981666e-02
-7.153447411569903436e-02
-6.557837654593490218e-02
-5.948450451245007597e-02
-5.330100121332385227e-02
-4.707081753083904030e-02
-4.083114511143812186e-02
-3.461326167299524220e-02
-2.844266762527398323e-02
-2.233939971511646194e-02
-1.631843791942675856e-02
-1.039016120345432649e-02
-4.560842670763006618e-03
1.166803937833353622e-03
6.793009900119384437e-03
1.232026312967337417e-02
1.775255844933257277e-02
2.309461841088400816e-02
2.835112840379569454e-02
3.352602968062440292e-02
3.862190160016411300e-02
4.363944386448621870e-02
4.857704757655410821e-02
5.343042786670477995e-02
5.819228627209825644e-02
6.285198049510948293e-02
6.739520135293311509e-02
7.180368684138047075e-02
7.605503369391258817e-02
8.012268860411105031e-02
8.397620578419015547e-02
8.758183886673899521e-02
9.090349255562955866e-02
9.390399889542906664e-02
9.654661718453744212e-02
9.879660206298682135e-02
1.006226571002754588e-01
1.019981011252847070e-01
1.029016214863159862e-01
1.033175619298533909e-01
1.032357752435594106e-01
1.026511430963802513e-01
1.015629125443447411e-01
9.997401288638406436e-02
9.789049845201847067e-02
9.532121928194539628e-02
9.227776286878652812e-02
8.877464754928704460e-02
8.482969252320371467e-02
8.046444986914572106e-02
7.570456682957517336e-02
7.057995499746044787e-02
6.512467531336320337e-02
5.937649759825071316e-02
5.337615036398297291e-02
4.716632879574404053e-02
4.079056538205606125e-02
3.429208219183430689e-02
2.771273554955180213e-02
2.109213757796910699e-02
1.446700300468371433e-02
7.870732791401911094e-03
1.333215904489119460e-03
-5.119188861143967109e-03
-1.146353681261721470e-02
-1.768009073153759686e-02
-2.375205880461991534e-02
-2.966530096289002327e-02
-3.540801673582409659e-02
-4.097041965780717776e-02
-4.634439880396695050e-02
-5.152316702813859728e-02
-5.650089701568578038e-02
-6.127234909743716623e-02
-6.583249772158686342e-02
-7.017616575896118425e-02
-7.429767716651257403e-02
-7.819053918020718585e-02
-8.184716564703174713e-02
-8.525865380000934024e-02
-8.841462787317914962e-02
-9.130316409163866109e-02
-9.391081190549419033e-02
-9.622272472180029568e-02
-9.822290875348191341e-02
-9.989459039412329489e-02
-1.012206910953970251e-01
-1.021843855181426702e-01
-1.027697061576043069e-01
-1.029621485866663994e-01
-1.027492285121164861e-01
-1.021209465058281335e-01
-1.010701284019732693e-01
-9.959262700530245593e-02
-9.768739061453227124e-02
-9.535642203684729923e-02
-9.260466474363926448e-02
-8.943985826657599447e-02
-8.587240215320728065e-02
-8.191525772898845814e-02
-7.758390179366504713e-02
-7.289632923935647490e-02
-6.787308563416261098e-02
-6.253729893914056204e-02
-5.691467379267842186e-02
-5.103341316185767973e-02
-4.492404030612012766e-02
-3.861910737589941550e-02
-3.215279308021928850e-02
-2.556040774570345064e-02
-1.887783694609412519e-02
-1.214096262419534639e-02
-5.385102298976533752e-03
1.355497173359974591e-03
8.048083409829917545e-03
1.466172311159010325e-02
2.116752221591404470e-02
2.753874645138082097e-02
3.375085468351351342e-02
3.978146185144148389e-02
4.561024970720847088e-02
5.121884253911688362e-02
5.659066238963458839e-02
6.171077481149836452e-02
6.656573268455015513e-02
7.114342259259980039e-02
7.543291606453450537e-02
7.942432673572145940e-02
8.310867412893450934e-02
8.647775510944907817e-02
8.952402488680609449e-02
9.224049044272808473e-02
9.462062020042198707e-02
9.665827439201292448e-02
9.834766075637918492e-02
9.968331979611010085e-02
1.006601427906317903e-01
1.012734241242321531e-01
1.015189473424081695e-01
1.013931018802946143e-01
1.008930248740467356e-01
1.000167601889474928e-01
9.876342511341565378e-02
9.713337437358743331e-02
9.512835141379857862e-02
9.275161830239221639e-02
9.000805801282465990e-02
8.690424587388204114e-02
8.344849022974890063e-02
7.965084530357738335e-02
7.552310146629293008e-02
7.107875925571988107e-02
6.633299343769265277e-02
6.130261222489982037e-02
5.600601473000335617e-02
5.046314721788292684e-02
4.469545618780132457e-02
3.872583419287230211e-02
3.257855293968478505e-02
2.627917781961143159e-02
1.985445866040606161e-02
1.333219304876913369e-02
6.741060823913530391e-03
1.104309498182369856e-04
-6.529855426137285389e-03
-1.314971967457150351e-02
-1.971909047759306741e-02
-2.620815023694875873e-02
-3.258757466785180967e-02
-3.882875799254821569e-02
-4.490401762604978586e-02
-5.078677413722565426e-02
-5.645170432185948189e-02
-6.187486719917696665e-02
-6.703380443608392136e-02
-7.190761796756427182e-02
-7.647702833806697964e-02
-8.072441752563057349e-02
-8.463385977712989394e-02
-8.819114337704569984e-02
-9.138378542385160175e-02
-9.420104074274647521e-02
-9.663390516332327762e-02
-9.867511265848634416e-02
-1.003191253656366411e-01
-1.015621153390223047e-01
-1.024019370127350476e-01
-1.028380897427475793e-01
-1.028716703643502983e-01
-1.025053163481369212e-01
-1.017431407588525599e-01
-1.005906607248474027e-01
-9.905472144546609292e-02
-9.714341786780054944e-02
-9.486601605778922919e-02
-9.223287601107936495e-02
-8.925537725714681458e-02
-8.594584817788090969e-02
-8.231749955962265608e-02
-7.838436258309330884e-02
-7.416123126541372679e-02
-6.966360931414730673e-02
-6.490766142186135679e-02
-5.991016918706744410e-02
-5.468849204523496682e-02
-4.926053377715990111e-02
-4.364471527816179974e-02
-3.785995427559216836e-02
-3.192565254245133960e-02
-2.586169085597784384e-02
-1.968843149295292083e-02
-1.342672745492204389e-02
-7.097936907293557127e-03
-7.239405390423682071e-04
5.672841242474872293e-03
1.206943511234443399e-02
1.844231008397293620e-02
2.476738611605709683e-02
3.102006113340862944e-02
3.717526134669305038e-02
4.320751917157437949e-02
4.909108201758556611e-02
5.480005373957771986e-02
6.030856866807579597e-02
6.559099596657805287e-02
7.062216977179983091e-02
7.537763837671691836e-02
7.983392386567073062e-02
8.396878235227749065e-02
8.776145450727536323e-02
9.119289651319043011e-02
9.424598294790466346e-02
9.690567525100905744e-02
9.915915211389311756e-02
1.009959010156253334e-01
1.024077728227824058e-01
1.033890035278863806e-01
1.039362085481528586e-01
1.040483554051773590e-01
1.037267200730264821e-01
1.029748309838813408e-01
1.017984029045177902e-01
1.002052610009751543e-01
9.820525375784448785e-02
9.581015232277624583e-02
9.303353350916185316e-02
8.989064417445834232e-02
8.639824591657120634e-02
8.257444078858980352e-02
7.843848073190222425e-02
7.401056535018772642e-02
6.931163420211210180e-02
6.436316076542503151e-02
5.918695551143361017e-02
5.380498512945580680e-02
4.823921395476255675e-02
4.251147224548399578e-02
3.664335431803278365e-02
3.065614787528555749e-02
2.457079430316114199e-02
1.840787837714106395e-02
1.218764476522975551e-02
5.930037942950206614e-03
-3.452383854965776835e-04
-6.618646599739081912e-03
-1.287072967123409697e-02
-1.908201951424333062e-02
-2.523294403933144803e-02
-3.130373804508098518e-02
-3.727436342612369669e-02
-4.312444454333089899e-02
-4.883322490857790882e-02
-5.437955145458466671e-02
-5.974189243587242626e-02
-6.489839428311812430e-02
-6.982698138340359684e-02
-7.450550072351951048e-02
-7.891191065491803824e-02
-8.302450988430033763e-02
-8.682219945730124122e-02
-9.028476737977129962e-02
-9.339318305409918808e-02
-9.612988730913940572e-02
-9.847906376865520062e-02
-1.004268787427048948e-01
-1.019616796152826993e-01
-1.030741454869938123e-01
-1.037573880837601159e-01
-1.040070050466835594e-01
-1.038210910869969000e-01
-1.032002146719945002e-01
-1.021473686673938508e-01
-1.006679027153931649e-01
-9.876944333168631573e-02
-9.646180519729387337e-02
-9.375689443616784524e-02
-9.066860233717161099e-02
-8.721268643224962258e-02
-8.340663534644356114e-02
-7.926951444966953697e-02
-7.482179092085919359e-02
-7.008513907290483957e-02
-6.508222927386328460e-02
-5.983650610986781387e-02
-5.437196320122952148e-02
-4.871292305663207922e-02
-4.288383043095186919e-02
-3.690906688664395002e-02
-3.081279281115253954e-02
-2.461882124936200927e-02
-1.835052582732365350e-02
-1.203078300417663102e-02
-5.681947071576756367e-03
6.741451665050511924e-04
7.016144214658234964e-03
1.332313714494353860e-02
1.957458168357832998e-02
2.575023073667742635e-02
3.183005303190905577e-02
3.779415552472386447e-02
4.362271313478488510e-02
4.929591124967570154e-02
5.479390623650009368e-02
6.009680888627907946e-02
6.518469520897691993e-02
7.003764821940591800e-02
7.463583323878299203e-02
7.895960774942140104e-02
8.298966500146852387e-02
8.670720847094560979e-02
9.009415207152809968e-02
9.313333895471846702e-02
9.580877005431960580e-02
9.810583249245920234e-02
1.000115177580457038e-01
1.015146202816669951e-01
1.026059086152462385e-01
1.032782636910615504e-01
1.035267812771142604e-01
1.033488383922624154e-01
1.027441257239605915e-01
1.017146497028905971e-01
1.002647086572420049e-01
9.840084737648946422e-02
9.613179359756707232e-02
9.346837864730121737e-02
9.042344306616671712e-02
8.701172683702061705e-02
8.324974312668588505e-02
7.915563438776933303e-02
7.474901029726618851e-02
7.005076822666049530e-02
6.508289853557210070e-02
5.986827868359123617e-02
5.443046167870155272e-02
4.879346548288147900e-02
4.298157051350219582e-02
3.701913225014392267e-02
3.093041521595189802e-02
2.473945336542756820e-02
1.846994034026421677e-02
1.214515133036292611e-02
5.787896562761307012e-03
-5.794951345350031133e-04
-6.935165601215704904e-03
-1.325769344942129627e-02
-1.952604184724818920e-02
-2.571949343169846122e-02
-3.181757821537188613e-02
-3.780000060358162245e-02
-4.364657174836797382e-02
-4.933715342988131969e-02
-5.485161944645861737e-02
-6.016984006425458303e-02
-6.527169436573537764e-02
-7.013711428706359552e-02
-7.474616271267968404e-02
-7.907914620841099973e-02
-8.311676088838548804e-02
-8.684026766019707633e-02
-9.023169087616904338e-02
-9.327403248092129562e-02
-9.595149234298304408e-02
-9.824968481356012584e-02
-1.001558418104547821e-01
-1.016589939014286431e-01
-1.027501228414977319e-01
-1.034222815528625383e-01
-1.036706802770950286e-01
-1.034927401895124471e-01
-1.028881177865629687e-01
-1.018587045734374724e-01
-1.004086068676870586e-01
-9.854410993490005100e-02
-9.627362937709678381e-02
-9.360765101116176601e-02
-9.055865876798227521e-02
-8.714104876758006768e-02
-8.337102696278994585e-02
-7.926648775425766680e-02
-7.484687177769602795e-02
-7.013300252340438912e-02
-6.514690332820384511e-02
-5.991159827720641401e-02
-5.445090235663325312e-02
-4.878920754642186719e-02
-4.295127225820846717e-02
-3.696202154434793247e-02
-3.084636486670329358e-02
-2.462903704424818097e-02
-1.833446647168100740e-02
-1.198667300786755360e-02
-5.609196246774340866e-03
7.749466607015241884e-04
7.143275782991883281e-03
1.347383898621244691e-02
1.974518231679014621e-02
2.593630476517059733e-02
3.202660238473276078e-02
3.799580700516835829e-02
4.382392494497097668e-02
4.949118120494950396e-02
5.497797460052053498e-02
6.026484912708787722e-02
6.533248649298309396e-02
7.016172413223643878e-02
7.473360206498232128e-02
7.902944067091452474e-02
8.303094978803779447e-02
8.672036761008242167e-02
9.008062576146812217e-02
9.309553486877571171e-02
9.574998315308333452e-02
9.803013927658522919e-02
9.992365009346947102e-02
1.014198242054326071e-01
1.025097933214317025e-01
1.031866452575053161e-01
1.034455247561127944e-01
1.032837008417395314e-01
1.027006018153743816e-01
1.016978209092029434e-01
1.002790968443001696e-01
9.845027395298978912e-02
9.621924617845011019e-02
9.359588830970314022e-02
9.059197650592056006e-02
8.722109880817138783e-02
8.349855521456549245e-02
7.944124622852584416e-02
7.506754870325609008e-02
7.039717830739479487e-02
6.545103892758459552e-02
6.025106061962166859e-02
5.482002909182641381e-02
4.918141092097101652e-02
4.335917956883168778e-02
3.737764765907139464e-02
3.126131084275748928e-02
2.503470795729165893e-02
1.872230116108641873e-02
1.234837843677944608e-02
5.936979443677698962e-03
-4.881557000515320335e-04
-6.903616404886275988e-03
-1.328633315225607146e-02
-1.961357422859080074e-02
-2.586293189562817799e-02
-3.201230261453488074e-02
-3.803986609989983003e-02
-4.392406794502385498e-02
-4.964361034854291449e-02
-5.517745509253479258e-02
-6.050484237443354979e-02
-6.560532837596026734e-02
-7.045884356101968227e-02
-7.504577264062123332e-02
-7.934705595394818400e-02
-8.334431074203633993e-02
-8.701996951086410359e-02
-9.035743149235889171e-02
-9.334122222506119337e-02
-9.595715559780944315e-02
-9.819249241514985127e-02
-1.000360896982669390e-01
-1.014785355235274522e-01
-1.025122651580713251e-01
-1.031316554619846476e-01
-1.033330958371232594e-01
-1.031150352494797778e-01
-1.024780058869702443e-01
-1.014246247313178445e-01
-9.995957467508850836e-02
-9.808956682369009139e-02
-9.582328536923646889e-02
-9.317131603420659991e-02
-9.014605870161369883e-02
-8.676162460874560500e-02
-8.303371848185844839e-02
-7.897950627483293906e-02
-7.461746973111499370e-02
-6.996724974547660625e-02
-6.504948135018448485e-02
-5.988562396015077727e-02
-5.449779115918969991e-02
-4.890858469536116249e-02
-4.314093741752706573e-02
-3.721796961253978631e-02
-3.116286261983980052e-02
-2.499875276703716204e-02
-1.874864766460875715e-02
-1.243536580313224504e-02
-6.081499287832487638e-03
2.906015180629342720e-04
6.658823647965185326e-03
1.300127056380607007e-02
1.929622840406445758e-02
2.552212393354687942e-02
3.165747921258165593e-02
3.768086840972650897e-02
4.357088243702579577e-02
4.930610714720769922e-02
5.486512064012362411e-02
6.022651471632273212e-02
6.536894463011183598e-02
7.027120999724251194e-02
7.491236801001659174e-02
7.927187807010674381e-02
8.332977469950304805e-02
8.706686333073332396e-02
9.046493155474760739e-02
9.350696687994122791e-02
9.617737126187364538e-02
9.846216275824422326e-02
1.003491556902369325e-01
1.018281125543273047e-01
1.028908633981044513e-01
1.035313911153810246e-01
1.037458837452097243e-01
1.035327570081333859e-01
1.028926516951059883e-01
1.018284109876299304e-01
1.003450423390520319e-01
9.844966734978509437e-02
9.615146141004700386e-02
9.346158311846705646e-02
9.039309197376450833e-02
8.696085188005882316e-02
8.318141779354587539e-02
7.907290341789061094e-02
7.465482913266587028e-02
6.994795109817518453e-02
6.497407442996326610e-02
5.975585516642971384e-02
5.431659718837052869e-02
4.868005109534567082e-02
4.287022221093693408e-02
3.691119439519294221e-02
3.082697529583930743e-02
2.464136723703728993e-02
1.837786631510976432e-02
1.205959062345625041e-02
5.709237007077074856e-03
-6.509355549399872473e-04
-6.999098879737579264e-03
-1.331382854206019511e-02
-1.957406113436840206e-02
-2.575904046599073599e-02
-3.184825759159406328e-02
-3.782138973100826473e-02
-4.365824326050098125e-02
-4.933870601811726070e-02
-5.484271414205117018e-02
-6.015023849421213126e-02
-6.524129533566845607e-02
-7.009598523587938501e-02
-7.469456314616389203e-02
-7.901754111663915336e-02
-8.304582330655065070e-02
-8.676087082171314580e-02
-9.014489167453763885e-02
-9.318104902953348867e-02
-9.585367913351636182e-02
-9.814850919244086369e-02
-1.000528651485353693e-01
-1.015558599341842144e-01
-1.026485543020394520e-01
-1.033240845825773579e-01
-1.035777544085480922e-01
-1.034070902040875040e-01
-1.028118626877698449e-01
-1.017940784637755419e-01
-1.003579467678101383e-01
-9.850982653688002133e-02
-9.625815828040323874e-02
-9.361338396994979549e-02
-9.058785664459678699e-02
-8.719573998021373784e-02
-8.345289698853770866e-02
-7.937676650268939149e-02
-7.498622625770573480e-02
-7.030144214824141091e-02
-6.534370448930441888e-02
-6.013525359076930116e-02
-5.469909842209529777e-02
-4.905883334631196829e-02
-4.323845865490710816e-02
-3.726221083325359507e-02
-3.115440811531937707e-02
-2.493931601302546569e-02
-1.864103625470936443e-02
-1.228342109372194089e-02
-5.890013409087922758e-03
5.159884485451803754e-04
6.911743409544410244e-03
1.327476144438503869e-02
1.958288254316813831e-02
2.581424568121536839e-02
3.194725285438565487e-02
3.796053337886145379e-02
4.383291357796344906e-02
4.954339673728131582e-02
5.507115780149936246e-02
6.039555670402908111e-02
6.549617345134636781e-02
7.035286711853847019e-02
7.494585975497247698e-02
7.925584487600340067e-02
8.326411878496731145e-02
8.695273151823502966e-02
9.030465285136606013e-02
9.330394767855514082e-02
9.593595430970514037e-02
9.818745892308659851e-02
1.000468596224832751e-01
1.015043142677031912e-01
1.025518673978452200e-01
1.031835530059711376e-01
1.033954714668637170e-01
1.031858403681796821e-01
1.025550201723450933e-01
1.015055164171151381e-01
1.000419604960866293e-01
9.817107097768260071e-02
9.590159702704971478e-02
9.324424494645475181e-02
9.021158832295143870e-02
8.681796193002121187e-02
8.307933949061843681e-02
7.901319572506010358e-02
7.463835375785317361e-02
6.997481985570259966e-02
6.504360847969718751e-02
5.986656160187509013e-02
5.446616701108502462e-02
4.886538079828540299e-02
4.308745929864158525e-02
3.715580546299669662e-02
3.109383397076383865e-02
2.492485845421237717e-02
1.867200307584756386e-02
1.235813948524860234e-02
6.005848967619038109e-03
-3.625915489214722939e-04
-6.725201993611780622e-03
-1.306027342894336592e-02
-1.934632813831008852e-02
-2.556207020311056927e-02
-3.168633176887139524e-02
-3.769802059968943575e-02
-4.357607477925178746e-02
-4.929943049670083149e-02
-5.484700870031519737e-02
-6.019772594384349695e-02
-6.533053392340715249e-02
-7.022449096038932415e-02
-7.485886702003757831e-02
-7.921328181680803437e-02
-8.326787326599027761e-02
-8.700349118791445013e-02
-9.040190900338138102e-02
-9.344604444966118917e-02
-9.612017934970307209e-02
-9.841016836897603648e-02
-1.003036275673208078e-01
-1.017900953284478216e-01
-1.028611607139350292e-01
-1.035105571104422001e-01
-1.037342218215722006e-01
-1.035303246057605459e-01
-1.028992697589430766e-01
-1.018436769971862305e-01
-1.003683460859434856e-01
-9.848020903121162961e-02
-9.618827197287294073e-02
-9.350354706513645808e-02
-9.043897297344237474e-02
-8.700932149066692434e-02
-8.323108739940140999e-02
-7.912235915968325595e-02
-7.470266920956780687e-02
-6.999282442444713925e-02
-6.501471929671524819e-02
-5.979113634570302344e-02
-5.434553985213766425e-02
-4.870187001204653865e-02
-4.288434490913192038e-02
-3.691727731263826084e-02
-3.082491231821878064e-02
-2.463129042829348414e-02
-1.836013901165590989e-02
-1.203479337930139087e-02
-5.678147120612298503e-03
6.873700323980621793e-04
7.039789652174424130e-03
1.335758104602177351e-02
1.961961093037183079e-02
2.580509100508182954e-02
3.189351834301284300e-02
3.786461368096191715e-02
4.369826281014294045e-02
4.937446632157983101e-02
5.487330293900965356e-02
6.017491151723680654e-02
6.525949642543801832e-02
7.010736039339909853e-02
7.469896790485580640e-02
7.901504083748907281e-02
8.303668628630267445e-02
8.674555444555805128e-02
9.012402221635514021e-02
9.315539606894243652e-02
9.582412587740823939e-02
9.811602021685746078e-02
1.000184531800343557e-01
1.015205532488438062e-01
1.026133661361676858e-01
1.032899856452860893e-01
1.035456492051080313e-01
1.033777974751560469e-01
1.027860999006029730e-01
1.017724500072539756e-01
1.003409353371071816e-01
9.849778715775879545e-02
9.625131450646208509e-02
9.361182595783432148e-02
9.059154102813765652e-02
8.720449167567828619e-02
8.346641322477785230e-02
7.939462344865436116e-02
7.500788859904090888e-02
7.032627584656404862e-02
6.537099276125499236e-02
6.016421590055330559e-02
5.472891202845025366e-02
4.908865671922887225e-02
4.326745590854368106e-02
3.728957622764730861e-02
3.117938966627257710e-02
2.496123731049480765e-02
1.865931570971610109e-02
1.229758799162563275e-02
5.899720321460029393e-03
-5.109571693128331024e-04
-6.911467173519375215e-03
-1.327918299543718282e-02
-1.959181144504818992e-02
-2.582736552557435283e-02
-3.196413193602012925e-02
-3.798063853077101454e-02
-4.385562680694285453e-02
-4.956803424293028393e-02
-5.509699089387407045e-02
-6.042183405781850064e-02
-6.552214405207350267e-02
-7.037780317788619455e-02
-7.496907881045762612e-02
-7.927673025926953998e-02
-8.328213765684039371e-02
-8.696744973802809919e-02
-9.031574607738096505e-02
-9.331120828286111613e-02
-9.593929392061388561e-02
-9.818690666252824495e-02
-1.000425563561192221e-01
-1.014965034045987174e-01
-1.025408829382341985e-01
-1.031698056219278459e-01
-1.033794334043787178e-01
-1.031680298855770506e-01
-1.025359860962829356e-01
-1.014858232294077456e-01
-1.000221741921624719e-01
-9.815174578922719606e-02
-9.588326299955005072e-02
-9.322739631924782666e-02
-9.019667267558423296e-02
-8.680537012369082817e-02
-8.306939652800650331e-02
-7.900615275222235001e-02
-7.463438151420205557e-02
-6.997400392309617578e-02
-6.504594667735769109e-02
-5.987196381760014757e-02
-5.447445765720820149e-02
-4.887630394641806486e-02
-4.310068639789869233e-02
-3.717094540056121305e-02
-3.111044510749979425e-02
-2.494246217341963140e-02
-1.869009832643380581e-02
-1.237621778223312041e-02
-6.023409328851306831e-03
3.460282081502886325e-04
6.710079426008593723e-03
1.304698793009451303e-02
1.933521801191950135e-02
2.555340703526449986e-02
3.168031367747124738e-02
3.769476758302565955e-02
4.357562625384689414e-02
4.930174508480386630e-02
5.485196629615589348e-02
6.020513204896491694e-02
6.534012618996705435e-02
7.023594781426238665e-02
7.487181815312167477e-02
7.922732024436708598e-02
8.328256854842776280e-02
8.701840332863858274e-02
9.041660246866053963e-02
9.346010172524212012e-02
9.613321346194295125e-02
9.842183385924314909e-02
1.003136295143009366e-01
1.017981961533235558e-01
1.028671846617454644e-01
1.035143924574493252e-01
1.037358209933725295e-01
1.035297024879957978e-01
1.028965005320727766e-01
1.018388898272936938e-01
1.003617199615382677e-01
9.847196696476863409e-02
9.617867470278945730e-02
9.349288631707475261e-02
9.042756428536331825e-02
8.699749658378946870e-02
8.321918609157268054e-02
7.911072086478762588e-02
7.469162413703704650e-02
6.998268467294081752e-02
6.500577011051215937e-02
5.978362785758783299e-02
5.433967966264564853e-02
4.869781694709599679e-02
4.288220425709671213e-02
3.691709777334684778e-02
3.082668480905813996e-02
2.463494879683679126e-02
1.836556260997526668e-02
1.204181137060384051e-02
5.686544319744275301e-03
-6.778460337726489177e-04
-7.029420356918447688e-03
-1.334666821546405535e-02
-1.960846733761286223e-02
-2.579403106457361927e-02
-3.188284888658964727e-02
-3.785462513020320524e-02
-4.368922097363295287e-02
-4.936660502481335366e-02
-5.486681767473768068e-02
-6.016995428412198060e-02
-6.525617190113965072e-02
-7.010572356208306932e-02
-7.469902322592512911e-02
-7.901674299988944994e-02
-8.303994254017542376e-02
-8.675022844129738619e-02
-9.012993921355244575e-02
-9.316234930974512385e-02
-9.583188385758399652e-02
-9.812433454098953844e-02
-1.000270666615951654e-01
-1.015292079159425265e-01
-1.026218108306642118e-01
-1.032979829538686750e-01
-1.035529815292809269e-01
-1.033842721236110235e-01
-1.027915531617960149e-01
-1.017767502225774418e-01
-1.003439850387023713e-01
-9.849952435627433445e-02
-9.625171321356722209e-02
-9.361089601046855557e-02
-9.058932725351671877e-02
-8.720107240648528046e-02
-8.346189815093375819e-02
-7.938915078198338637e-02
-7.500162153357503581e-02
-7.031939832038894278e-02
-6.536370456273347951e-02
-6.015672720706506660e-02
-5.472143751271405648e-02
-4.908140940001501362e-02
-4.326064095342205262e-02
-3.728338493156913708e-02
-3.117399382979634329e-02
-2.495678422613712560e-02
-1.865592393682940359e-02
-1.229534406307744923e-02
-5.898676483273524764e-03
5.107841275360982397e-04
6.910095981131953238e-03
1.327666687773980045e-02
1.958823606923251054e-02
2.582284599815683548e-02
3.195880895790562809e-02
3.797467383599386487e-02
4.384919802813733170e-02
4.956132936122185917e-02
5.509020244326841981e-02
6.041515326387596890e-02
6.551575509073667702e-02
7.037187774139404273e-02
7.496377116173798261e-02
7.927217294256527769e-02
8.327843800958664722e-02
8.696468731700583710e-02
9.031397107192090656e-02
9.331044094163422342e-02
9.593952496976954070e-02
9.818809864590050118e-02
1.000446457874276801e-01
1.014994035910621178e-01
1.025444873176419025e-01
1.031739914520843487e-01
1.033840656540444269e-01
1.031729651967611683e-01
1.025410767147410807e-01
1.014909208284984210e-01
1.000271335400433337e-01
9.815642822696556136e-02
9.588753970597872767e-02
9.323115133718137826e-02
9.019980566508979669e-02
8.680779879473914107e-02
8.307105869108685758e-02
7.900700791548549706e-02
7.463441195275609397e-02
6.997321515226113953e-02
6.504436727740087187e-02
5.986964458153264806e-02
5.447147006312521439e-02
4.887273798831753141e-02
4.309664784042474550e-02
3.716655255056738189e-02
3.110582521638415726e-02
2.493774759755267370e-02
1.868542257844390056e-02
1.237171160411703122e-02
6.019196910181352257e-03
-3.498327555527674937e-04
-6.713375239934631783e-03
-1.304969013465772341e-02
-1.933725995255045071e-02
-2.555474195971757859e-02
-3.168091582391925620e-02
-3.769463264907071259e-02
-4.357477123314375950e-02
-4.930020747186272811e-02
-5.484980267561989642e-02
-6.020241610381826813e-02
-6.533694618377987318e-02
-7.023240362507100765e-02
-7.486801795943245907e-02
-7.922337698486989210e-02
-8.327859629360931382e-02
-8.701451371177906791e-02
-9.041290132327250983e-02
-9.345668606442909809e-02
-9.613016891240734607e-02
-9.841923263042753889e-02
-1.003115289446781799e-01
-1.017966378356310042e-01
-1.028661941119496104e-01
-1.035139792630295208e-01
-1.037359793585260620e-01
-1.035304120881651441e-01
-1.028977275972410427e-01
-1.018405883902516740e-01
-1.003638332297539376e-01
-9.847442879779003122e-02
-9.618141119660204852e-02
-9.349581750876409525e-02
-9.043060599360985830e-02
-8.700056239283623927e-02
-8.322218946991395694e-02
-7.911357738799550121e-02
-7.469425376084352919e-02
-6.998501398204944046e-02
-6.500773445416503649e-02
-5.978517327703497530e-02
-5.434076451923725709e-02
-4.869841317212310339e-02
-4.288229816387808396e-02
-3.691669039575526390e-02
-3.082579175580735242e-02
-2.463359963476938197e-02
-1.836379981026982008e-02
-1.203968886801912858e-02
-5.684125746306809696e-03
6.804893726027119727e-04
7.032211692866721479e-03
1.334952764434569825e-02
1.961131419414765403e-02
2.579678627982433248e-02
3.188543726606449941e-02
3.785697749381286559e-02
4.369127610156253727e-02
4.936831135618094391e-02
5.486813470917289298e-02
6.017085364083948895e-02
6.525663799653741437e-02
7.010575387614777221e-02
7.469862814032389442e-02
7.901594520667773458e-02
8.303877603906902050e-02
8.674873716426689807e-02
9.012817533628059152e-02
9.316037132795475240e-02
9.582975451998032579e-02
9.812211873744028368e-02
1.000248293638136415e-01
1.015270122580585466e-01
1.026197163996593192e-01
1.032960443371144926e-01
1.035512471414364727e-01
1.033827833113502986e-01
1.027903435654485970e-01
1.017758453611510849e-01
1.003434020800706566e-01
9.849927203731521919e-02
9.625179188419648313e-02
9.361129778833054971e-02
9.059003628960636545e-02
8.720206527328520918e-02
8.346314437144145004e-02
7.939061351890400187e-02
7.500325845272497183e-02
7.032116263185364535e-02
6.536554622928959779e-02
6.015859429406687775e-02
5.472327763939874995e-02
4.908317124102189871e-02
4.326227573263712045e-02
3.728484784879631392e-02
3.117524536402611554e-02
2.495779126648744323e-02
1.865666070231469797e-02
1.229579278381371168e-02
5.898827827244748113e-03
-5.109308874668332459e-04
-6.910533056329544281e-03
-1.327737829828028876e-02
-1.958919824765913836e-02
-2.582402850242370915e-02
-3.196017547031057560e-02
-3.797618327211884498e-02
-4.385080578690086356e-02
-4.956298867380948270e-02
-5.509186578488235037e-02
-6.041677378813660459e-02
-6.551728804264345118e-02
-7.037328180169624692e-02
-7.496500967419356121e-02
-7.927321497669434502e-02
-8.327925921581688651e-02
-8.696527053890237835e-02
-9.031430669138340583e-02
-9.331052694688896088e-02
-9.593936675153325044e-02
-9.818770854269645576e-02
-1.000440424149637991e-01
-1.014986110012013887e-01
-1.025435340385601052e-01
-1.031729094620958131e-01
-1.033828893374267865e-01
-1.031717303216248965e-01
-1.025398194620841252e-01
-1.014896768899217899e-01
-1.000259372910570349e-01
-9.815531197495000471e-02
-9.588653300767056853e-02
-9.323028038028227660e-02
-9.019909271177201093e-02
-8.680726169035088424e-02
-8.307071044777081248e-02
-7.900685638615306816e-02
-7.463445961454542865e-02
-6.997345901932056078e-02
-6.504479896022587193e-02
-5.987025050438550544e-02
-5.447223184303030818e-02
-4.887363296983764094e-02
-4.309764977109057510e-02
-3.716763237357310901e-02
-3.110695195083897774e-02
-2.493888927269987538e-02
-1.868654718695196906e-02
-1.237278804059875614e-02
-6.020195864040949786e-03
3.489379796177936865e-04
6.712607995584009973e-03
1.304906981859516556e-02
1.933680151260189911e-02
2.555445553480142906e-02
3.168080652131961827e-02
3.769470046201325863e-02
4.357501109970303432e-02
4.930060947436023383e-02
5.485035237752376031e-02
6.020309501838018440e-02
6.533773236500609038e-02
7.023327236706518317e-02
7.486894258484753928e-02
7.922432969759354848e-02
8.327954906553733383e-02
8.701543916939960543e-02
9.041377359760294219e-02
9.345748156828359576e-02
9.613086701239498266e-02
9.841981618743396443e-02
1.003119847053492858e-01
1.017969566676095172e-01
1.028663710860848735e-01
1.035140135951753554e-01
