0.000000000000000000e+00
0.000000000000000000e+00
1.335968285621222319e-07
-4.077337033069951254e-07
-5.977362015600477433e-06
-2.783006817172614737e-05
-8.790595398153669003e-05
-2.219351940087007421e-04
-4.802959275457091798e-04
-9.253706728833356512e-04
-1.625080252866076486e-03
-2.643626775421652718e-03
-4.031684359162040175e-03
-5.818693720715223394e-03
-8.009263183980600692e-03
-1.058427190058437023e-02
-1.350582377421455024e-02
-1.672434421073899780e-02
-2.018604813320725583e-02
-2.383951489826253989e-02
-2.764079146486049868e-02
-3.155699641086738561e-02
-3.556868154056067044e-02
-3.967124056566491419e-02
-4.387552102842177948e-02
-4.820759108475200505e-02
-5.270741738064913667e-02
-5.742609063335581132e-02
-6.242125037555994876e-02
-6.775055684144437596e-02
-7.346345235764173420e-02
-7.959200118257421519e-02
-8.614216342555965078e-02
-9.308723573153884767e-02
-1.003651549265640458e-01
-1.078807827494719235e-01
-1.155132427635916781e-01
-1.231271614256644470e-01
-1.305856928941883932e-01
-1.377628309655542782e-01
-1.445528415497084884e-01
-1.508755133607244114e-01
-1.566769749696582115e-01
-1.619267164490353350e-01
-1.666119783425164258e-01
-1.707308057062032480e-01
-1.742849182639965855e-01
-1.772732733102264091e-01
-1.796869250207920599e-01
-1.815055817150929285e-01
-1.826961387667391246e-01
-1.832133811887850516e-01
-1.830029465218031837e-01
-1.820064595795356510e-01
-1.801684695564820804e-01
-1.774444618547773023e-01
-1.738088660233239602e-01
-1.692617647708546946e-01
-1.638330523457098564e-01
-1.575831551458759250e-01
-1.506000629146779513e-01
-1.429931616029534169e-01
-1.348849884574583602e-01
-1.264023596728081900e-01
-1.176682753950648169e-01
-1.087956430509193634e-01
-9.988332807971447846e-02
-9.101451234271672186e-02
-8.225694303728317558e-02
-7.366444482026457408e-02
-6.527903535461609952e-02
-5.713308120293086878e-02
-4.925109833785965008e-02
-4.165098968305792210e-02
-3.434468670491751946e-02
-2.733830263885512341e-02
-2.063199997987679932e-02
-1.421981821695721994e-02
-8.089697748421310897e-03
-2.223876923160007270e-03
3.400256138140996844e-03
8.808885987791087446e-03
1.403019608853043818e-02
1.909269478470936726e-02
2.402365434069819033e-02
2.884784322254948033e-02
3.358665986769131945e-02
3.825768593891475805e-02
4.287459075236059458e-02
4.744725410526864917e-02
5.198194232161094247e-02
5.648137443374241784e-02
6.094454882209293656e-02
6.536625908324633638e-02
6.973630376625156169e-02
7.403847913227204480e-02
7.824952641118283758e-02
8.233827127064717588e-02
8.626522682300796774e-02
8.998291606639072238e-02
9.343709439142533490e-02
9.656891920254392914e-02
9.931794060809955027e-02
1.016256102906584746e-01
1.034388700272605432e-01
1.047133270804032207e-01
1.054155712970086117e-01
1.055243299641858701e-01
1.050303560737770869e-01
1.039351538425929145e-01
1.022488149568626936e-01
9.998733990255240234e-02
9.716984372088448285e-02
9.381600709147845663e-02
8.994405486198654709e-02
8.556944868311215646e-02
8.070438563746021310e-02
7.535810939195929092e-02
6.953796611254067783e-02
6.325107246003795758e-02
5.650640632597393048e-02
4.931708472942999966e-02
4.170256354425413980e-02
3.369048883909389613e-02
2.531795703742699410e-02
1.663200357650902045e-02
7.689232461791957809e-03
-1.445390817095028313e-03
-1.070045181907636374e-02
-2.000048647415603870e-02
-2.926859808879452712e-02
-3.842901693801997753e-02
-4.740936336387643890e-02
-5.614244241013244957e-02
-6.456748050866120692e-02
-7.263079644457730299e-02
-8.028596682887670366e-02
-8.749359288122240952e-02
-9.422079820367165737e-02
-1.004405885065794979e-01
-1.061311887083548344e-01
-1.112754462830529006e-01
-1.158603578064757583e-01
-1.198767431350039186e-01
-1.233190622514795387e-01
-1.261853462017375194e-01
-1.284771974686169382e-01
-1.301998074690630391e-01
-1.313619396243925486e-01
-1.319758347501613083e-01
-1.320570095739007355e-01
-1.316239365505909309e-01
-1.306976109837446332e-01
-1.293010270564218800e-01
-1.274585955957057981e-01
-1.251955420440885036e-01
-1.225373230882449288e-01
-1.195090955791361931e-01
-1.161352633172137716e-01
-1.124391177750664189e-01
-1.084425795369895057e-01
-1.041660393534624002e-01
-9.962829186058254349e-02
-9.484655126786814550e-02
-8.983653633112183290e-02
-8.461261115418942935e-02
-7.918796825695535724e-02
-7.357484051261860281e-02
-6.778472883324747345e-02
-6.182863293606389449e-02
-5.571727337849916029e-02
-4.946129457681181646e-02
-4.307144091489434334e-02
-3.655870133291758833e-02
-2.993442177506810617e-02
-2.321038919086501270e-02
-1.639889491045908032e-02
-9.512788591160184493e-03
-2.565536046529630181e-03
4.428705274624319607e-03
1.145498082723866995e-02
1.849739457493117245e-02
2.553892190661535139e-02
3.256118282047237855e-02
3.954418606624403310e-02
4.646606302174729336e-02
5.330281764799983668e-02
6.002812488703825056e-02
6.661321321117830152e-02
7.302686661939829238e-02
7.923557636965268547e-02
8.520386279033204113e-02
9.089477300918828717e-02
9.627054262487580449e-02
1.012933903314825468e-01
1.059263970211940520e-01
1.101344078467802468e-01
1.138848896358334445e-01
1.171486784421250649e-01
1.199005630242347825e-01
1.221196682635911634e-01
1.237896252878241538e-01
1.248985389047223560e-01
1.254387843568726402e-01
1.254066814418009213e-01
1.248021028277070815e-01
1.236280743047622893e-01
1.218904183022926774e-01
1.195974797460025441e-01
1.167599572657297136e-01
1.133908451551709495e-01
1.095054745359839710e-01
1.051216278333233500e-01
1.002596904619281054e-01
9.494279856010531815e-02
8.919694208557615855e-02
8.305098832246045337e-02
7.653660090082463341e-02
6.968804229873762357e-02
6.254186162874948718e-02
5.513648238647586575e-02
4.751171508364934043e-02
3.970822613921357047e-02
3.176699657152456946e-02
2.372880212950546214e-02
1.563374130805354062e-02
7.520830369130452817e-03
-5.723236900187292364e-04
-8.609769149667172508e-03
-1.655737815423509451e-02
-2.438294638252991656e-02
-3.205623529074281414e-02
-3.954896956462627955e-02
-4.683480204469943342e-02
-5.388925691945446739e-02
-6.068965986728146883e-02
-6.721506148336527098e-02
-7.344615809268978390e-02
-7.936521216928953126e-02
-8.495597320184219980e-02
-9.020359902320482237e-02
-9.509457733718881811e-02
-9.961664735190560449e-02
-1.037587219475340911e-01
-1.075108115273294834e-01
-1.108639514780491997e-01
-1.138101358614028030e-01
-1.163422604521094778e-01
-1.184540784382380751e-01
-1.201401719462624612e-01
-1.213959420240719317e-01
-1.222176188263730534e-01
-1.226022925541242620e-01
-1.225479642957709864e-01
-1.220536144281093166e-01
-1.211192848064071709e-01
-1.197461697636737071e-01
-1.179367100954015618e-01
-1.156946838472766165e-01
-1.130252879193586468e-01
-1.099352052580093303e-01
-1.064326536635838705e-01
-1.025274138691101844e-01
-9.823083636355672832e-02
-9.355582823654619296e-02
-8.851682290486531657e-02
-8.312973677018874186e-02
-7.741191753037890422e-02
-7.138208896869108200e-02
-6.506029659126164044e-02
-5.846785755114559252e-02
-5.162731701219156616e-02
-4.456241162136062584e-02
-3.729803923417895906e-02
-2.986023262427995109e-02
-2.227613372878010228e-02
-1.457396412712328587e-02
-6.782986975498478399e-03
1.066544460364228508e-03
8.943456227799132657e-03
1.681574497087040543e-02
2.465069404314280954e-02
3.241501625617039528e-02
4.007502375584543614e-02
4.759682412359156345e-02
5.494654039568935833e-02
6.209055135325387831e-02
6.899574722828766271e-02
7.562979496728222673e-02
8.196140645925950596e-02
8.796060272896609467e-02
9.359896706410167355e-02
9.884988041362928468e-02
1.036887331605010898e-01
1.080931085015022081e-01
1.120429340888346587e-01
1.155206001987696685e-01
1.185110443626267301e-01
1.210018039813478968e-01
1.229830398059314350e-01
1.244475341798322726e-01
1.253906685185998404e-01
1.258103846055346198e-01
1.257071339218788220e-01
1.250838184702976197e-01
1.239457255005692454e-01
1.223004573478375934e-01
1.201578564023838835e-01
1.175299241968108116e-01
1.144307328496355497e-01
1.108763267326207669e-01
1.068846122728359105e-01
1.024752342469929245e-01
9.766943771353128745e-02
9.248991575657383724e-02
8.696064436017564292e-02
8.110670685903875743e-02
7.495411140077033740e-02
6.852960560672956281e-02
6.186049306924970570e-02
5.497445644590809311e-02
4.789939171576980403e-02
4.066325768671283369e-02
3.329394414541986258e-02
2.581916118991847350e-02
1.826635134541392674e-02
1.066262509572360115e-02
3.034719509534281913e-03
-4.591021267570102177e-03
-1.218864573225169300e-02
-1.973257781283275364e-02
-2.719758630409509909e-02
-3.455874517090937181e-02
-4.179138951616830078e-02
-4.887107248358914940e-02
-5.577352870838236942e-02
-6.247465008745653470e-02
-6.895047955248509441e-02
-7.517722812561748735e-02
-8.113131975700109411e-02
-8.678946724446925942e-02
-9.212878091428249039e-02
-9.712690974450066683e-02
-1.017622123473322926e-01
-1.060139528640322848e-01
-1.098625145884245813e-01
-1.132896222756148708e-01
-1.162785628599424248e-01
-1.188143939059304183e-01
-1.208841296698889428e-01
-1.224768961660175209e-01
-1.235840489895752153e-01
-1.241992506105631250e-01
-1.243185070824379124e-01
-1.239401672344379035e-01
-1.230648900660378797e-01
-1.216955879348866759e-01
-1.198373540295378376e-01
-1.174973824817362178e-01
-1.146848883723749352e-01
-1.114110330127299903e-01
-1.076888575183412022e-01
-1.035332251634119433e-01
-9.896077063710989608e-02
-9.398985240817131492e-02
-8.864050315575196237e-02
-8.293437276154766447e-02
-7.689465869460257452e-02
-7.054601966894573362e-02
-6.391447004465146409e-02
-5.702725434804731264e-02
-4.991270325614226983e-02
-4.260007418408390256e-02
-3.511938103326073257e-02
-2.750121856432948680e-02
-1.977658718955112305e-02
-1.197672374011075555e-02
-4.132943026074894013e-03
3.723506116535773777e-03
1.156156796656791774e-02
1.935048939298239512e-02
2.705991225061995381e-02
3.465995057716599048e-02
4.212125553496314651e-02
4.941507181332539800e-02
5.651328965388398295e-02
6.338849677075272804e-02
7.001403421465979271e-02
7.636405969715072406e-02
8.241362108373058437e-02
8.813874173434813053e-02
9.351651818204673172e-02
9.852522937682173243e-02
1.031444554752238840e-01
1.073552030282036024e-01
1.111400325110592502e-01
1.144831835404507558e-01
1.173706929022290263e-01
1.197905007048103709e-01
1.217325405687563200e-01
1.231888107117245917e-01
1.241534239943975909e-01
1.246226363299157841e-01
1.245948541815534438e-01
1.240706230365299645e-01
1.230525996236499775e-01
1.215455111513718128e-01
1.195561049416820759e-01
1.170930915374672615e-01
1.141670837305583108e-01
1.107905330980736569e-01
1.069776646750298515e-01
1.027444094675933617e-01
9.810833374906241522e-02
9.308856357809039417e-02
8.770570279568998262e-02
8.198174290958255839e-02
7.593996373256020616e-02
6.960482433852577255e-02
6.300184474109141175e-02
5.615747957657576950e-02
4.909898587818625759e-02
4.185428766725816235e-02
3.445184049082304634e-02
2.692049916261481796e-02
1.928939180834490438e-02
1.158780289578450161e-02
3.845067288911016394e-03
-3.909523438284874357e-03
-1.164680209216813894e-02
-1.933779494508675728e-02
-2.695378029806116613e-02
-3.446633879888486018e-02
-4.184739844676398091e-02
-4.906927768235035126e-02
-5.610473021156519441e-02
-6.292699521817429753e-02
-6.950985636825579572e-02
-7.582771249565829763e-02
-8.185566209210884403e-02
-8.756960273775601933e-02
-9.294634544757561512e-02
-9.796374264826825107e-02
-1.026008272313933961e-01
-1.068379589586816031e-01
-1.106569735373362645e-01
-1.140413290420215497e-01
-1.169762441198147623e-01
-1.194488226228066219e-01
-1.214481599721126959e-01
-1.229654276172723742e-01
-1.239939333176156427e-01
-1.245291564991220651e-01
-1.245687594707749063e-01
-1.241125766556593624e-01
-1.231625850610502393e-01
-1.217228598743221729e-01
-1.197995192758089522e-01
-1.174006623118881154e-01
-1.145363030331997267e-01
-1.112183031810178718e-01
-1.074603046359144387e-01
-1.032776617740653741e-01
-9.868737294610631372e-02
-9.370800961363091874e-02
-8.835964132274697069e-02
-8.266375469022121947e-02
-7.664316490670541882e-02
-7.032191886305438899e-02
-6.372518978841482107e-02
-5.687916414353813566e-02
-4.981092232765946953e-02
-4.254831543114059866e-02
-3.511984071970582905e-02
-2.755451871946375947e-02
-1.988177466692494719e-02
-1.213132670747450910e-02
-4.333082607939631181e-03
3.482954047696393621e-03
1.128676811505020458e-02
1.904840847063237266e-02
2.673805668173043909e-02
3.432609130452473484e-02
4.178315094479686381e-02
4.908019957480989903e-02
5.618859768126571730e-02
6.308018259529940552e-02
6.972736081732761049e-02
7.610321431061005393e-02
8.218162163688282063e-02
8.793739351273414939e-02
9.334642097147388684e-02
9.838583294028102610e-02
1.030341588188661700e-01
1.072714907070966839e-01
1.110796393925659181e-01
1.144422781590929139e-01
1.173450689487549742e-01
1.197757663790813276e-01
1.217242964975486785e-01
1.231828088068787352e-01
1.241457018375716065e-01
1.246096241837721524e-01
1.245734542709743958e-01
1.240382630415725052e-01
1.230072641358860019e-01
1.214857559896742462e-01
1.194810596125182034e-01
1.170024547654637537e-01
1.140611159776457051e-01
1.106700485107204035e-01
1.068440231766227266e-01
1.025995079941471044e-01
9.795459414553601973e-02
9.292891362205180084e-02
8.754354632311654727e-02
8.182091513564986041e-02
7.578466856131946261e-02
6.945955164279696281e-02
6.287126711919638344e-02
5.604632977861361692e-02
4.901191776085339624e-02
4.179572502168367454e-02
3.442581926851671220e-02
2.693050942343191284e-02
1.933822610321632093e-02
1.167741779096419762e-02
3.976464385029942691e-03
-3.736391274239568919e-03
-1.143309441061364853e-02
-1.908581343787183957e-02
-2.666696178531321668e-02
-3.414920987346217740e-02
-4.150549140701446926e-02
-4.870900868456087135e-02
-5.573324194257515268e-02
-6.255196782154687218e-02
-6.913929183068653894e-02
-7.546969916301296544e-02
-8.151812735371115337e-02
-8.726006307977692000e-02
-9.267166389587325193e-02
-9.772990395542605069e-02
-1.024127408846209897e-01
-1.066992991072290564e-01
-1.105700632367805636e-01
-1.140070738474270318e-01
-1.169941171799757096e-01
-1.195169002672537423e-01
-1.215632036372890079e-01
-1.231230051511408574e-01
-1.241885705387342359e-01
-1.247545086102860856e-01
-1.248177916811856331e-01
-1.243777441664540295e-01
-1.234360043031734050e-01
-1.219964653245291381e-01
-1.200652030000076975e-01
-1.176503962367136946e-01
-1.147622464739765785e-01
-1.114129000554139465e-01
-1.076163758536125697e-01
-1.033884984109526700e-01
-9.874683500376442435e-02
-9.371063356094867791e-02
-8.830075743798139476e-02
-8.253961275144701404e-02
-7.645106432258330642e-02
-7.006033718556589629e-02
-6.339390194644510534e-02
-5.647934384695154492e-02
-4.934521699156792923e-02
-4.202088664362563231e-02
-3.453636362718312536e-02
-2.692213557668318713e-02
-1.920900000507845193e-02
-1.142790392065197447e-02
-3.609794070593813284e-03
4.214519080416452915e-03
1.201448170106628188e-02
1.975990059378664870e-02
2.742103139113808222e-02
3.496865259659569930e-02
4.237412802208409546e-02
4.960946083039184662e-02
5.664734276986214956e-02
6.346120228244478412e-02
7.002525498157022299e-02
7.631455955454011231e-02
8.230508147870685409e-02
8.797376609659261770e-02
9.329862162810426129e-02
9.825881167381811387e-02
1.028347557553135477e-01
1.070082355239537625e-01
1.107625035237488481e-01
1.140823908833680095e-01
1.169544100864584879e-01
1.193668490533789928e-01
1.213098531568203298e-01
1.227754924523707519e-01
1.237578122669959202e-01
1.242528662644700604e-01
1.242587320947251550e-01
1.237755106310410441e-01
1.228053105146922896e-01
1.213522201949561868e-01
1.194222698395494553e-01
1.170233853990084727e-01
1.141653367754331544e-01
1.108596815372158428e-01
1.071197050215681040e-01
1.029603570674137436e-01
9.839818510861317313e-02
9.345126300104457384e-02
8.813911480145096566e-02
8.248263277638819002e-02
7.650398918138373583e-02
7.022654177239710804e-02
6.367473353291117077e-02
5.687398764842491877e-02
4.985059926202059510e-02
4.263162593341073697e-02
3.524477894701645575e-02
2.771831763865431966e-02
2.008094872269205328e-02
1.236173220992928604e-02
4.589994936990740224e-03
-3.204747978590036239e-03
-1.099286423560510983e-02
-1.874466929578625166e-02
-2.643048726012653740e-02
-3.402071043886377433e-02
-4.148586090057154729e-02
-4.879665758686945604e-02
-5.592409260943179139e-02
-6.283952006728583950e-02
-6.951476011516027897e-02
-7.592222008276307277e-02
-8.203503322565253164e-02
-8.782721425047405883e-02
-9.327382920510690623e-02
-9.835117579198628113e-02
-1.030369688041111315e-01
-1.073105243545063592e-01
-1.111529360100557418e-01
-1.145472359491188641e-01
-1.174785348799984586e-01
-1.199341356536476749e-01
-1.219036171744936337e-01
-1.233788871882598448e-01
-1.243542045903794496e-01
-1.248261738212896460e-01
-1.247937154789808684e-01
-1.242580183135223171e-01
-1.232224781709256589e-01
-1.216926292050572317e-01
-1.196760718402165302e-01
-1.171824006799735141e-01
-1.142231340086359848e-01
-1.108116449346176896e-01
-1.069630927910169282e-01
-1.026943523184877943e-01
-9.802393753723369352e-02
-9.297191713047497919e-02
-8.755981860167030839e-02
-8.181051935647645768e-02
-7.574812406955484800e-02
-6.939782906465918888e-02
-6.278577579296344691e-02
-5.593889668117808106e-02
-4.888475751126532265e-02
-4.165140100539057449e-02
-3.426719639020526370e-02
-2.676069941731980262e-02
-1.916052667355144790e-02
-1.149524710250669768e-02
-3.793292567728870184e-03
3.917111893574891195e-03
1.160799866808328272e-02
1.925169069173543468e-02
2.682081980779589536e-02
3.428833394777744403e-02
4.162749744035088018e-02
4.881188927496277197e-02
5.581540445196771921e-02
6.261226361385507921e-02
6.917703594431738601e-02
7.548467981607558108e-02
8.151060484454020205e-02
8.723075785878076083e-02
9.262173385613138576e-02
9.766091131896910416e-02
1.023266094384390895e-01
1.065982629459099190e-01
1.104566085652176066e-01
1.138838757481816788e-01
1.168639735145274999e-01
1.193826650215795981e-01
1.214277220135474566e-01
1.229890525381344829e-01
1.240587971728000088e-01
1.246313912931785589e-01
1.247035933966519350e-01
1.242744818875218399e-01
1.233454247657892328e-01
1.219200281132645641e-01
1.200040699891271739e-01
1.176054262786707244e-01
1.147339942312682604e-01
1.114016180151748137e-01
1.076220188154860813e-01
1.034107300543520569e-01
9.878503647202216409e-02
9.376391429949859635e-02
8.836796875092330084e-02
8.261936466638847287e-02
7.654174636270030807e-02
7.016014354088569160e-02
6.350086132824379892e-02
5.659135402618370447e-02
4.946008369808104627e-02
4.213636617382707228e-02
3.465020820796462647e-02
2.703214029083245498e-02
1.931304991741858781e-02
1.152401996414166227e-02
3.696176257460182316e-03
-4.139452473793369183e-03
-1.195206017886490252e-02
-1.971117372247761096e-02
-2.738674809832574580e-02
-3.494924802317013468e-02
-4.236971821545908179e-02
-4.961984532235208523e-02
-5.667201484822337321e-02
-6.349936654496450561e-02
-7.007585155591783410e-02
-7.637629418229588407e-02
-8.237646049792561598e-02
-8.805313522150168271e-02
-9.338420732248492451e-02
-9.834876385386216724e-02
-1.029271905453436747e-01
-1.071012768298356399e-01
-1.108543222865095851e-01
-1.141712410275182027e-01
-1.170386603766824379e-01
-1.194450103072484948e-01
-1.213806005131306126e-01
-1.228376826447591941e-01
-1.238104960800770066e-01
-1.242952965359232081e-01
-1.242903677568968773e-01
-1.237960173511049866e-01
-1.228145584920152800e-01
-1.213502796143294121e-01
-1.194094043723393089e-01
-1.170000440090051830e-01
-1.141321439427923634e-01
-1.108174258829587727e-01
-1.070693262146467373e-01
-1.029029308397287068e-01
-9.833490619789529708e-02
-9.338342588782952425e-02
-8.806809219878773687e-02
-8.240985195844212352e-02
-7.643090638513708179e-02
-7.015461505904056760e-02
-6.360539463655934256e-02
-5.680861345608043816e-02
-4.979048365051041980e-02
-4.257795273096492278e-02
-3.519859678834370842e-02
-2.768051744578304760e-02
-2.005224447537942711e-02
-1.234264557660757350e-02
-4.580844227843132097e-03
3.203854193770885525e-03
1.098202862531718130e-02
1.872420228525019034e-02
2.640089859912451986e-02
3.398269597225386102e-02
4.144028482064635033e-02
4.874453057513027099e-02
5.586654640596813715e-02
6.277777913628371231e-02
6.945011119976740588e-02
7.585598055329116629e-02
8.196851921104905681e-02
8.776170959189892595e-02
9.321055627035243485e-02
9.829126913083854888e-02
1.029814525026171851e-01
1.072602937619961672e-01
1.111087442757551086e-01
1.145096855319534118e-01
1.174480739087154502e-01
1.199110587414680962e-01
1.218880700603484635e-01
1.233708744090772774e-01
1.243535993028127840e-01
1.248327288941809415e-01
1.248070750665355860e-01
1.242777292800983785e-01
1.232480009495236783e-01
1.217233479055866707e-01
1.197113036511511797e-01
1.172214048007878956e-01
1.142651204883851357e-01
1.108557838598923928e-01
1.070085242591340552e-01
1.027401975533772660e-01
9.806931136867438892e-02
9.301594188117277839e-02
8.760163923399007235e-02
8.184931954499675977e-02
7.578314270831845723e-02
6.942837660557635293e-02
6.281124975432150759e-02
5.595879566543696115e-02
4.889869312521828715e-02
4.165910717367157096e-02
3.426853568164851815e-02
2.675566614792228987e-02
1.914924669543637686e-02
1.147797432331928991e-02
3.770402360728084511e-03
-3.945132136510411981e-03
-1.164056152114166173e-02
-1.928812285350493816e-02
-2.686037804258940842e-02
-3.433022240509738671e-02
-4.167088594016944703e-02
-4.885593214093283954e-02
-5.585925946787906327e-02
-6.265511066960738340e-02
-6.921809492776447026e-02
-7.552322729993531103e-02
-8.154598911861501986e-02
-8.726241187349922934e-02
-9.264918568040195201e-02
-9.768379177878099007e-02
-1.023446566952659759e-01
-1.066113238948388497e-01
-1.104646370765622609e-01
-1.138869279334485951e-01
-1.168622003545541632e-01
-1.193763028357539419e-01
-1.214170813583602820e-01
-1.229745061872294376e-01
-1.240407678399813307e-01
-1.246103397115561062e-01
-1.246800072653426322e-01
-1.242488660529665750e-01
-1.233182928340998685e-01
-1.218918955126465919e-01
-1.199754483374949887e-01
-1.175768187791933067e-01
-1.147058917315512960e-01
-1.113744953320209424e-01
-1.075963309480133384e-01
-1.033869079785956629e-01
-9.876348231940318412e-02
-9.374499585514620148e-02
-8.835201334914781490e-02
-8.260665269295752733e-02
-7.653250468223318781e-02
-7.015453924146358711e-02
-6.349899620770933784e-02
-5.659326023417814849e-02
-4.946572089816393680e-02
-4.214562050863306097e-02
-3.466289324761880064e-02
-2.704800003228694655e-02
-1.933176379112035159e-02
-1.154520970390645988e-02
-3.719414406399277825e-03
4.114632710216064790e-03
1.192615406127232013e-02
1.968469343543915312e-02
2.736021088780916932e-02
3.492316435316151352e-02
4.234458026410405085e-02
4.959611611368452272e-02
5.665011828864820187e-02
6.347967860529840634e-02
7.005869280986209979e-02
7.636192387963654238e-02
8.236507231389486594e-02
8.804485478094235817e-02
9.337909154761295238e-02
9.834680212741406247e-02
1.029283076179771661e-01
1.071053373345701581e-01
1.108611366578797636e-01
1.141805725641076297e-01
1.170502331383523748e-01
1.194585175078738543e-01
1.213957130600534645e-01
1.228540574896679755e-01
1.238277840824715814e-01
1.243131495970687950e-01
1.243084450542012581e-01
1.238139905833634258e-01
1.228321161271371392e-01
1.213671302051143180e-01
1.194252790656345348e-01
1.170146984139068952e-01
1.141453595415258537e-01
1.108290111633438851e-01
1.070791176778045917e-01
1.029107939952360190e-01
9.834073660679221174e-02
9.338715025834304351e-02
8.806966948689654018e-02
8.240927438122391813e-02
7.642820022354283871e-02
7.014984111087933794e-02
6.359864818068051984e-02
5.680002360383824833e-02
4.978021198795570812e-02
4.256619119121947403e-02
3.518556473423291309e-02
2.766645798410486551e-02
2.003742006280205545e-02
1.232733301061337931e-02
4.565329142883663149e-03
-3.219283185174220442e-03
-1.099708599406807111e-02
-1.873861169052752976e-02
-2.641439887533858499e-02
-3.399504683849523951e-02
-4.145127215746529509e-02
-4.875397112039840664e-02
-5.587429173114859954e-02
-6.278371877736654838e-02
-6.945417483444932261e-02
-7.585813913880024018e-02
-8.196878502619166229e-02
-8.776013516269597081e-02
-9.320723220039829615e-02
-9.828632090353836559e-02
-1.029750363699119542e-01
-1.072525918793253707e-01
-1.110999592815590103e-01
-1.145000347977337546e-01
-1.174377836989767138e-01
-1.199003585194613059e-01
-1.218771871549053504e-01
-1.233600292214123845e-01
-1.243430011833545346e-01
-1.248225727631718657e-01
-1.247975387941266667e-01
-1.242689717879043171e-01
-1.232401609514236079e-01
-1.217165431749644700e-01
-1.197056306870276365e-01
-1.172169387666963519e-01
-1.142619153137795773e-01
-1.108538724211553805e-01
-1.070079185915638192e-01
-1.027408890820483145e-01
-9.807127118004685395e-02
-9.301912108469494178e-02
-8.760596948073007262e-02
-8.185471377698580464e-02
-7.578949620770732143e-02
-6.943556839819513271e-02
-6.281914440017646872e-02
-5.596724544214726899e-02
-4.890754058267399867e-02
-4.166818801233591191e-02
-3.427768188538812127e-02
-2.676470928665339311e-02
-1.915802130392840752e-02
-1.148632126004135376e-02
-3.778172053801475208e-03
3.938076641700111874e-03
1.163434178784187104e-02
1.928284261659627546e-02
2.685612116066361799e-02
3.432705124281119902e-02
4.166884021258598914e-02
4.885502824337199790e-02
5.585949030752207500e-02
6.265644600806689890e-02
6.922048223621295182e-02
7.552659311935916442e-02
8.155024090667903347e-02
8.726744030604828561e-02
9.265486735994049594e-02
9.768999228504637866e-02
1.023512338954849638e-01
1.066181314151232462e-01
1.104715278231274134e-01
1.138937575449022188e-01
1.168688304660652211e-01
1.193826040435082420e-01
1.214229357884959587e-01
1.229798095965596721e-01
1.240454312043979129e-01
1.246142902894069732e-01
1.246831891541643061e-01
1.242512402855641268e-01
1.233198370813408107e-01
1.218926034734966329e-01
1.199753289008399226e-01
1.175758950370719702e-01
1.147041999108473903e-01
1.113720836935618297e-01
1.075932586810733199e-01
1.033832440978493111e-01
9.875930455308098987e-02
9.374038949967201939e-02
8.834707005831735072e-02
8.260146916932195604e-02
7.652718124448555648e-02
7.014917825320754474e-02
6.349370036834732500e-02
5.658813074976729030e-02
4.946085556685778095e-02
4.214111176985570195e-02
3.465882625491159552e-02
2.704445081588451733e-02
1.932879757740938245e-02
1.154287945522035168e-02
3.717759636781784588e-03
-4.115586798603165439e-03
-1.192639708940230331e-02
-1.968422998854358827e-02
-2.735906028245300298e-02
-3.492136003944749933e-02
-4.234216888399915113e-02
-4.959315624671330192e-02
-5.664667892478215255e-02
-6.347583739179220308e-02
-7.005453412410175829e-02
-7.635753678381519693e-02
-8.236054844952005183e-02
-8.804028626174542627e-02
-9.337456890827378064e-02
-9.834241238251643924e-02
-1.029241324806946245e-01
-1.071014516377621073e-01
-1.108576070117074097e-01
-1.141774562742839810e-01
-1.170475773982238149e-01
-1.194563588663463544e-01
-1.213940771566743848e-01
-1.228529590387187759e-01
-1.238272270804042091e-01
-1.243131277225450887e-01
-1.243089422276449502e-01
-1.238149816532977815e-01
-1.228335676533575116e-01
-1.213690013133815887e-01
-1.194275223543362074e-01
-1.170172608991946195e-01
-1.141481836329937549e-01
-1.108320356666687989e-01
-1.070822788234307432e-01
-1.029140264929026133e-01
-9.834397472448772048e-02
-9.339032892138569852e-02
-8.807272538874597045e-02
-8.241214709291362628e-02
-7.643083328392208387e-02
-7.015218307576621959e-02
-6.360065360605181295e-02
-5.680165393665594087e-02
-4.978143633831448589e-02
-4.256698696117591774e-02
-3.518591808177387592e-02
-2.766636410494824685e-02
-2.003688327775820371e-02
-1.232636665172461704e-02
-4.563955237196740296e-03
3.221034429799310948e-03
1.099917689140240788e-02
1.874099795196812815e-02
2.641703064008744939e-02
3.399786983420458736e-02
4.145422896358257753e-02
4.875700250273477809e-02
5.587733801293014863e-02
6.278672120940489987e-02
6.945707692536753908e-02
7.586088790581287100e-02
8.197133212812000858e-02
8.776243788000720469e-02
9.320925423227501005e-02
9.828803295930464701e-02
1.029764165413111082e-01
1.072536257906434448e-01
1.111006400256546039e-01
1.145003626767275157e-01
1.174377657976654332e-01
1.199000081465103340e-01
1.218765231908050667e-01
1.233590754126510786e-01
1.243417854192541278e-01
1.248211263657644232e-01
1.247958958430998994e-01
1.242671684930622827e-01
1.232382350754711864e-01
1.217145335008803092e-01
1.197035765178124933e-01
1.172148794415534545e-01
1.142598897241140915e-01
1.108519185120935002e-01
1.070060728395483829e-01
1.027391859457313927e-01
9.806974252924716140e-02
9.301779561962884857e-02
8.760487216012954881e-02
8.185386527832733128e-02
7.578891244509480818e-02
6.943526012327361219e-02
6.281911690891461841e-02
5.596749840579536700e-02
4.890806801525398456e-02
4.166897838032473933e-02
3.427871835849094495e-02
2.676597012232184367e-02
1.915948035300876415e-02
1.148794857690503719e-02
3.779934591601608398e-03
-3.936214271463013038e-03
-1.163241651267023571e-02
-1.928089207810888134e-02
-2.685418288744079174e-02
-3.432516183982282920e-02
-4.166703458489571382e-02
-4.885333887072876302e-02
-5.585794658546398145e-02
-6.265507367020033136e-02
-6.921930287124433701e-02
-7.552562379504812462e-02
-8.154949391093707645e-02
-8.726692301273979158e-02
-9.265458222343972428e-02
-9.768993696326257192e-02
-1.023514014960295732e-01
-1.066185108538505177e-01
-1.104721042788659735e-01
-1.138945129893400576e-01
-1.168697442440167350e-01
-1.193836534766907764e-01
-1.214240967758473122e-01
-1.229810571861971180e-01
-1.240467401164536965e-01
-1.246156353748063411e-01
-1.246845457813414992e-01
-1.242525846543823670e-01
-1.233211464702839710e-01
-1.218938564317768036e-01
-1.199765054008174320e-01
-1.175769766039476555e-01
-1.147051697458670305e-01
-1.113729268041530190e-01
-1.075939620268397540e-01
-1.033837967557802717e-01
-9.875969789939748056e-02
-9.374061740014133504e-02
-8.834712905426674034e-02
-8.260135864347088741e-02
-7.652690354939746531e-02
-7.014873878572246146e-02
-6.349310757566317687e-02
-5.658739605657061439e-02
-4.945999321761010425e-02
-4.214013858549753994e-02
-3.465776130833164714e-02
-2.704331503506347475e-02
-1.932761328884504554e-02
-1.154166988287302735e-02
-3.716548373289219054e-03
4.116776331235621339e-03
1.192754217286606105e-02
1.968530911938845551e-02
2.736005364725270506e-02
3.492224994168732777e-02
4.234294011230796406e-02
4.959379637596461610e-02
5.664717854345795861e-02
6.347619025085846078e-02
7.005473720454037656e-02
7.635759028195911180e-02
8.236045568149846785e-02
8.804005349068308450e-02
9.337420510036802124e-02
9.834192890064551162e-02
1.029235427266396302e-01
1.071007706562571438e-01
1.108568510711504251e-01
1.141766424398351631e-01
1.170467231130217362e-01
1.194554815555911170e-01
1.213931938673660921e-01
1.228520861250121943e-01
1.238263799410651567e-01
1.243123205931744579e-01
1.243081880265267669e-01
1.238142918762912964e-01
1.228329523105150811e-01
1.213684688981820081e-01
1.194270798357168623e-01
1.170169137269614912e-01
1.141479357485778168e-01
1.108318895133699605e-01
1.070822353529531229e-01
1.029140851678102403e-01
9.834413351886799048e-02
9.339058432420840883e-02
8.807307241593018143e-02
8.241257931483184085e-02
7.643134287495133294e-02
7.015276089160203676e-02
6.360128929297424738e-02
5.680233607497307130e-02
4.978215262002865654e-02
4.256772439973892375e-02
3.518666324980843085e-02
2.766710339415690348e-02
2.003760317400326424e-02
1.232705401747355434e-02
4.564597593166291357e-03
-3.220448631957248571e-03
-1.099865801322607792e-02
-1.874055493645816750e-02
-2.641667081080076307e-02
-3.399759873108680608e-02
-4.145405022062158273e-02
-4.875691777159817109e-02
-5.587734693571522193e-02
-6.278682144243924457e-02
-6.945726421461360933e-02
-7.586115621283109900e-02
-8.197167380374541235e-02
-8.776284388095133282e-02
-9.320971437388404779e-02
-9.828853619583535761e-02
-1.029769512635100304e-01
-1.072541801293201980e-01
-1.111012021494969387e-01
-1.145009210729340116e-01
-1.174383095251158859e-01
-1.199005270531056377e-01
-1.218770080891447699e-01
-1.233595182111503347e-01
-1.243421792088485606e-01
-1.248214654652066019e-01
-1.247961758082296313e-01
-1.242673860971076488e-01
-1.232383882682686616e-01
-1.217146213548521011e-01
-1.197035991676753397e-01
-1.172148380232129888e-01
-1.142597863162489874e-01
-1.108517560818160219e-01
-1.070058551915073070e-01
-1.027389176723366576e-01
-9.806942895852240050e-02
-9.301744275664540484e-02
-8.760448661806789772e-02
-8.185345419589493132e-02
-7.578848338818147679e-02
-6.943482097017814048e-02
-6.281867572004136424e-02
-5.596706328021214261e-02
-4.890764693776648853e-02
-4.166857906364591219e-02
-3.427834808560823593e-02
-2.676563559428619954e-02
-1.915918754712806274e-02
-1.148770261979681698e-02
-3.779739650838399509e-03
3.936355074201190220e-03
1.163250116485183526e-02
1.928091971470638835e-02
2.685415380375694855e-02
3.432507747872839271e-02
4.166689749888866090e-02
4.885315265962128506e-02
5.585771581086719506e-02
6.265480374835102895e-02
6.921899994614108542e-02
7.552529459436146952e-02
8.154914558773544708e-02
8.726656297671046836e-02
9.265421796593761861e-02
9.768957588112088530e-02
1.023510507195300040e-01
1.066181770844868010e-01
1.104717936424599589e-01
1.138942309096261651e-01
1.168694953409778609e-01
1.193834414927322507e-01
1.214239245314133880e-01
1.229809265647892474e-01
1.240466520773547549e-01
