0.000000000000000000e+00
0.000000000000000000e+00
3.817052244632062481e-07
-2.601463224970601923e-06
-3.043237715367921097e-05
-1.410813798612839886e-04
-4.369731120505899492e-04
-1.043266094547542697e-03
-2.058867301708394194e-03
-3.512896609066130157e-03
-5.358908480978051558e-03
-7.505201428352781604e-03
-9.854717845932361303e-03
-1.233464180845092982e-02
-1.491410642298458822e-02
-1.761683124806424222e-02
-2.053151195125640233e-02
-2.381292163277870869e-02
-2.765872316928280616e-02
-3.225101302251655311e-02
-3.767519767949220610e-02
-4.385985813542068318e-02
-5.058417376361756812e-02
-5.755555986638510868e-02
-6.450757739703216753e-02
-7.126126237527476148e-02
-7.773082344544229860e-02
-8.389183009685270698e-02
-8.973961392437680706e-02
-9.525626119909484657e-02
-1.003938459799154775e-01
-1.050765708164256990e-01
-1.092223553165955763e-01
-1.127793312618896593e-01
-1.157628771874976287e-01
-1.182713961238502365e-01
-1.204660371985778050e-01
-1.225221096080800348e-01
-1.245797834530699422e-01
-1.267197463029081927e-01
-1.289694982718126159e-01
-1.313277930979796226e-01
-1.337900355328902613e-01
-1.363624368603142956e-01
-1.390593265671231371e-01
-1.418833083446104093e-01
-1.447940520629270311e-01
-1.476800460891909972e-01
-1.503540176860533317e-01
-1.525866097612875449e-01
-1.541701323891254694e-01
-1.549799941358044608e-01
-1.549999866165943929e-01
-1.543022653307305203e-01
-1.529997854680806568e-01
-1.511965304960397882e-01
-1.489512535432960805e-01
-1.462587266253632112e-01
-1.430480271941063641e-01
-1.391990246332628911e-01
-1.345792133633295085e-01
-1.290969999407540758e-01
-1.227544729200878981e-01
-1.156730213092094089e-01
-1.080732802265204906e-01
-1.002170595077827853e-01
-9.234237472377639089e-02
-8.462268864474102592e-02
-7.716096687917092800e-02
-7.000828428553973470e-02
-6.318902459934626348e-02
-5.671859430821937775e-02
-5.060737109120153759e-02
-4.485170930260144045e-02
-3.941850454975157764e-02
-3.423366846329100460e-02
-2.918455605384045332e-02
-2.413971876106785555e-02
-1.897874159088260362e-02
-1.361789919373926870e-02
-8.019858983865115615e-03
-2.185400328057156630e-03
3.865795713502896518e-03
1.011512331741226331e-02
1.655772276383532526e-02
2.320351213695190720e-02
3.006557094874782662e-02
3.713817303532163105e-02
4.437110065297256850e-02
5.165140980234148027e-02
5.880481234139096902e-02
6.562219076211503466e-02
7.190354570044232840e-02
7.750045856728682292e-02
8.233830451139848017e-02
8.641119470168834305e-02
8.975649418007128344e-02
9.242251208211736679e-02
9.444133952989405834e-02
9.581359508845115058e-02
9.650751047261714455e-02
9.647221600369597361e-02
9.566249186794989479e-02
9.406815609271533540e-02
9.173704135903373857e-02
8.878037279229633594e-02
8.535634639915444521e-02
8.163888309982757219e-02
7.778589650192450911e-02
7.391946715896091646e-02
7.012151467151175877e-02
6.644004512598129797e-02
6.289769346938287042e-02
5.949609357274885518e-02
5.621408337355722484e-02
5.300248769748086564e-02
4.978140706659607562e-02
4.644593011970689356e-02
4.288216960703520458e-02
3.898916977026550823e-02
3.469774660573741315e-02
2.997826515436051442e-02
2.483512584265279086e-02
1.929206714867711531e-02
1.337548311680136423e-02
7.102275110053526963e-03
4.761538821664917584e-04
-6.506488915444685710e-03
-1.384259933561114014e-02
-2.150448100898876350e-02
-2.942435384366716422e-02
-3.748870076067913060e-02
-4.554692586670272547e-02
-5.343281718839149042e-02
-6.099104183671825996e-02
-6.809852318789635928e-02
-7.467365501626464785e-02
-8.067253325760424809e-02
-8.607671006554891424e-02
-9.087901271428400207e-02
-9.507299104444444371e-02
-9.864913029254201993e-02
-1.015983331910840365e-01
-1.039207862422299733e-01
-1.056363831843002976e-01
-1.067919561090291264e-01
-1.074614784207958279e-01
-1.077382998491095284e-01
-1.077220758442775234e-01
-1.075052271346471772e-01
-1.071631976788037510e-01
-1.067500904088489466e-01
-1.062983707355152074e-01
-1.058198906676377921e-01
-1.053059541398383009e-01
-1.047259337713171423e-01
-1.040260176173592038e-01
-1.031308963337087131e-01
-1.019507153826333667e-01
-1.003932898312324407e-01
-9.837851237724257181e-02
-9.585003168603023482e-02
-9.278004651179976026e-02
-8.916606966865957273e-02
-8.502188060474011322e-02
-8.036679703785444551e-02
-7.521734063889884414e-02
-6.958398896778647535e-02
-6.347386559409383400e-02
-5.689840607554338958e-02
-4.988343573264536479e-02
-4.247800965116504956e-02
-3.475836288223765197e-02
-2.682482843222253055e-02
-1.879226126625289928e-02
-1.077710819212612976e-02
-2.885366984849493943e-03
4.795245726443317889e-03
1.219782504449781757e-02
1.927461063163451657e-02
2.599340322616520982e-02
3.233429966911009756e-02
3.828808650233165439e-02
4.385643494044843410e-02
4.905300802375019142e-02
5.390406149437060312e-02
5.844727615910672025e-02
6.272833859590279393e-02
6.679581981176041516e-02
7.069564386258449240e-02
7.446649199699244270e-02
7.813686895184702996e-02
8.172367567216336226e-02
8.523150111235822113e-02
8.865178247837801617e-02
9.196149004191885024e-02
9.512180634894626396e-02
9.807797344542867890e-02
1.007616392222985408e-01
1.030963862936832287e-01
1.050058218333207588e-01
1.064222648209003502e-01
1.072934863345016837e-01
1.075855700877074578e-01
1.072814809677354320e-01
1.063765559387888915e-01
1.048731065812032598e-01
1.027763570467590953e-01
1.000932101087662340e-01
9.683420364908715272e-02
9.301783674372858524e-02
8.867551343604808400e-02
8.385497855738545392e-02
7.862053152391691724e-02
7.304944636011151404e-02
6.722544209808123394e-02
6.123106069364686599e-02
5.514094603581502774e-02
4.901732019431312426e-02
4.290791011938374644e-02
3.684575720355926648e-02
3.085005379363646091e-02
2.492735853917289399e-02
1.907298609694915020e-02
1.327274435358464719e-02
7.505299603678895065e-03
1.745252232610956626e-03
-4.033360056224860428e-03
-9.853713167510014595e-03
-1.573361837449523820e-02
-2.168406203460305354e-02
-2.770877188166564337e-02
-3.380433252795029403e-02
-3.996021926247051576e-02
-4.615825969948779417e-02
-5.237140965234830109e-02
-5.856220513322260568e-02
-6.468164874549323096e-02
-7.066942655247461513e-02
-7.645611023857667998e-02
-8.196739832088588418e-02
-8.712969598399192273e-02
-9.187576161316522716e-02
-9.614905306322633904e-02
-9.990585802354746969e-02
-1.031150851741508973e-01
-1.057563701146671947e-01
-1.078176066941732847e-01
-1.092930266417676405e-01
-1.101825771222749162e-01
-1.104927505999069443e-01
-1.102384002889820191e-01
-1.094446207180350961e-01
-1.081476475866074288e-01
-1.063940051847040436e-01
-1.042377183819332837e-01
-1.017360670342501577e-01
-9.894480150340152769e-02
-9.591378351754088760e-02
-9.268370927279227789e-02
-8.928412741436105027e-02
-8.573262368902238861e-02
-8.203493255844859777e-02
-7.818582054653820668e-02
-7.417072531040500016e-02
-6.996817730310517236e-02
-6.555290690256110331e-02
-6.089930114776290898e-02
-5.598466692962383862e-02
-5.079173217987435068e-02
-4.531002954866961141e-02
-3.953618018358066172e-02
-3.347346264191381621e-02
-2.713125500920522681e-02
-2.052490080226077734e-02
-1.367629502050354134e-02
-6.615111810924179277e-03
6.197711923248130569e-04
7.979325299115623549e-03
1.540456691588716100e-02
2.282829678107325261e-02
3.017832796524402145e-02
3.738167479760234890e-02
4.436887322887242413e-02
5.107759591607661381e-02
5.745500181024246200e-02
6.345868690484829377e-02
6.905650010463557087e-02
7.422571742616777823e-02
7.895208099410820635e-02
8.322904550427651094e-02
8.705732419345843520e-02
9.044459020410748618e-02
9.340504921790372672e-02
9.595859653669627787e-02
9.812939575835932793e-02
9.994390797362856516e-02
1.014285770823681737e-01
1.026074698702204163e-01
1.035001574342375441e-01
1.041200391613428533e-01
1.044732122884935444e-01
1.045579297623648041e-01
1.043646787333476073e-01
1.038769218509310310e-01
1.030725242225665333e-01
1.019258059883266926e-01
1.004100223030052613e-01
9.849993423163776185e-02
9.617407120249019115e-02
9.341634996177609895e-02
9.021689956103129404e-02
8.657217983577106257e-02
8.248467832101363806e-02
7.796255254054781925e-02
7.301952548297942214e-02
6.767516956676518369e-02
6.195549319805630090e-02
5.589355208119699270e-02
4.952971261947701487e-02
4.291123398983429788e-02
3.609099974782287862e-02
2.912546277872391648e-02
2.207208456363641755e-02
1.498667369378082516e-02
7.921023159335748715e-03
9.211295270087696552e-04
-5.973891807831507687e-03
-1.273223557192004404e-02
-1.932931412966502199e-02
-2.574730015255265875e-02
-3.197442962213387779e-02
-3.800413780221174181e-02
-4.383405735031838113e-02
-4.946489013325346823e-02
-5.489917272437655482e-02
-6.013997769381155406e-02
-6.518961263552677798e-02
-7.004838571414619131e-02
-7.471350006657281884e-02
-7.917812850824143545e-02
-8.343071600727387793e-02
-8.745456583487352942e-02
-9.122778056298626315e-02
-9.472363519706952784e-02
-9.791143776799633713e-02
-1.007578720050251869e-01
-1.032287246434030886e-01
-1.052908039672042911e-01
-1.069137948033270502e-01
-1.080718000070997886e-01
-1.087443968808680939e-01
-1.089171654076541429e-01
-1.085817781882235794e-01
-1.077358319798922964e-01
-1.063826180091904661e-01
-1.045309713938585988e-01
-1.021952343736249602e-01
-9.939525481904397386e-02
-9.615626299281231082e-02
-9.250845486872312506e-02
-8.848616507842639589e-02
-8.412661648356868638e-02
-7.946834808853101006e-02
-7.454950802788271047e-02
-6.940622807876890843e-02
-6.407126904152876667e-02
-5.857306182978257864e-02
-5.293519506982222178e-02
-4.717633885896811013e-02
-4.131055533231719340e-02
-3.534792678597789561e-02
-2.929542269180270692e-02
-2.315792133170464437e-02
-1.693929916647447104e-02
-1.064350542789628540e-02
-4.275555052857857308e-03
2.157600226393962574e-03
8.646331639042863920e-03
1.517770827453103488e-02
2.173496374703622058e-02
2.829704569388920288e-02
3.483827225808627803e-02
4.132815949738096600e-02
4.773151306646482295e-02
5.400887987425281173e-02
6.011742101153421530e-02
6.601219861874291217e-02
7.164778293159333733e-02
7.698000784693259657e-02
8.196766112497588797e-02
8.657390569068433572e-02
9.076729035115276012e-02
9.452230223942117981e-02
9.781950925509388939e-02
1.006454093977941638e-01
1.029921271652496084e-01
1.048570734640063701e-01
1.062426282685759726e-01
1.071558374006349457e-01
1.076080605686614983e-01
1.076144853286477576e-01
1.071934373567078325e-01
1.063654644125005960e-01
1.051522322288848954e-01
1.035753244764633790e-01
1.016550699067499536e-01
9.940952207980387201e-02
9.685369555409620301e-02
9.399912770857449251e-02
9.085379760945562488e-02
8.742239796030869259e-02
8.370692391495773710e-02
7.970751274125449648e-02
7.542344276700527206e-02
7.085418423162348489e-02
6.600039557996481565e-02
6.086478021581969572e-02
5.545275761893646294e-02
4.977294835994721528e-02
4.383751032331895808e-02
3.766238068590113675e-02
3.126746934665437794e-02
2.467681841283678179e-02
1.791870093350799581e-02
1.102559619433400584e-02
4.033963014669855393e-03
-3.016255236703600101e-03
-1.008242096651782750e-02
-1.712025944267008340e-02
-2.408509851344540001e-02
-3.093316810630815372e-02
-3.762282572850667722e-02
-4.411559262816001220e-02
-5.037692533261373118e-02
-5.637669557641687701e-02
-6.208939442811221843e-02
-6.749410422050905467e-02
-7.257429166317602709e-02
-7.731747031468590159e-02
-8.171476720990708542e-02
-8.576041442673644488e-02
-8.945117749815122143e-02
-9.278573137822347661e-02
-9.576400039870996972e-02
-9.838648824556392447e-02
-1.006536336196271475e-01
-1.025652337482097776e-01
-1.041199795059244010e-01
-1.053151421388129894e-01
-1.061464427684987721e-01
-1.066081224728461785e-01
-1.066932133946665306e-01
-1.063939911995903237e-01
-1.057025686802319231e-01
-1.046115731510411651e-01
-1.031148408707531910e-01
-1.012080634529466255e-01
-9.888933474200181650e-02
-9.615956896642773033e-02
-9.302278608684086403e-02
-8.948628097959507310e-02
-8.556070374295673964e-02
-8.126007679412446116e-02
-7.660176258128195692e-02
-7.160637909684569591e-02
-6.629764578701678734e-02
-6.070213578408317073e-02
-5.484891460343103292e-02
-4.876905970705930349e-02
-4.249507544224391531e-02
-3.606023784918654940e-02
-2.949791806638519392e-02
-2.284093807739938017e-02
-1.612100788606579682e-02
-9.368281127598340752e-03
-2.611050373251915663e-03
4.124412234559840344e-03
1.081387614623419667e-02
1.743505121713372769e-02
2.396738485468115007e-02
3.039178012211770502e-02
3.669025765762919805e-02
4.284558382813579563e-02
4.884088709676669138e-02
5.465928448465822570e-02
6.028354032442524713e-02
6.569578005278187138e-02
7.087728208746867098e-02
7.580837004793182510e-02
8.046842461725377260e-02
8.483602814169602380e-02
8.888924507231803218e-02
9.260602804621009820e-02
9.596472457987773041e-02
9.894464594641823318e-02
1.015266511807936256e-01
1.036936979330769365e-01
1.054313188826646597e-01
1.067279960787330256e-01
1.075754222613878042e-01
1.079686533969542173e-01
1.079061664092239026e-01
1.073898384653427657e-01
1.064248598480829339e-01
1.050195843734659240e-01
1.031853136196248938e-01
1.009360077115098731e-01
9.828791817893658966e-02
9.525914722576135640e-02
9.186915017310288978e-02
8.813821018206083324e-02
8.408692301654721590e-02
7.973573221954012580e-02
7.510455111822611496e-02
7.021249870484046196e-02
6.507776385260470586e-02
5.971759895061443807e-02
5.414843194836276713e-02
4.838607643201286307e-02
4.244601351519321913e-02
3.634371726580816475e-02
3.009499684617304369e-02
2.371633274567333874e-02
1.722519019096306267e-02
1.064029849069966088e-02
3.981889213809179304e-03
-2.728112321140325688e-03
-9.465948965103155449e-03
-1.620595700030400682e-02
-2.292056831962010349e-02
-2.958040515868318523e-02
-3.615448166031184907e-02
-4.261052072386295464e-02
-4.891538445681508501e-02
-5.503560360563183873e-02
-6.093797816025853242e-02
-6.659021087782208970e-02
-7.196153030385009364e-02
-7.702326132515324719e-02
-8.174930905955353488e-02
-8.611653407617721190e-02
-9.010501061504422315e-02
-9.369817154094566003e-02
-9.688285185563287605e-02
-9.964924568988954567e-02
-1.019907903263936461e-01
-1.039039867382724330e-01
-1.053881617481391975e-01
-1.064451744271162487e-01
-1.070790701223259672e-01
-1.072956896628075724e-01
-1.071022477992979866e-01
-1.065069019517123211e-01
-1.055183378658655913e-01
-1.041454012306143595e-01
-1.023968028800191360e-01
-1.002809199707336146e-01
-9.780570725370976715e-02
-9.497872245647615008e-02
-9.180725925011094801e-02
-8.829857169799323890e-02
-8.446016674832841631e-02
-8.030013722175409485e-02
-7.582750733542381605e-02
-7.105256587450951844e-02
-6.598716769843443464e-02
-6.064499080736715508e-02
-5.504174198606935631e-02
-4.919530773380399735e-02
-4.312584822128488066e-02
-3.685583080848467419e-02
-3.040999746276379714e-02
-2.381525888686877521e-02
-1.710050878233902727e-02
-1.029635523503551198e-02
-3.434772548774620363e-03
3.451315129213413345e-03
1.032849904997721127e-02
1.716337443857366557e-02
2.392302383747325900e-02
3.057546734697705326e-02
3.709005601463748192e-02
4.343779117549689123e-02
4.959156017155176566e-02
5.552628626755717889e-02
6.121899675485638348e-02
6.664881770517724902e-02
7.179690658342890996e-02
7.664633527106619326e-02
8.118193645968919958e-02
8.539012629571512969e-02
8.925871589682048135e-02
9.277672403502083831e-02
9.593420283164691420e-02
9.872208756438639876e-02
1.011320804400354101e-01
1.031565762761614963e-01
1.047886354035223871e-01
1.060220058353902040e-01
1.068511930891931916e-01
1.072715723585366820e-01
1.072795344597955447e-01
1.068726545429297542e-01
1.060498712741791832e-01
1.048116641847772618e-01
1.031602180121083678e-01
1.010995647997211394e-01
9.863569680575520748e-02
9.577664543614139436e-02
9.253252314706439385e-02
8.891552645273294309e-02
8.493989896709999710e-02
8.062185410537189845e-02
7.597945801676501965e-02
7.103247476076574030e-02
6.580217772358783190e-02
6.031113361838580378e-02
5.458296775765286019e-02
4.864212118649325484e-02
4.251361132580471630e-02
3.622280775112240309e-02
2.979523358668970806e-02
2.325640088232275304e-02
1.663168555869486837e-02
9.946244407238860608e-03
3.224973543592876343e-03
-3.507495110687122025e-03
-1.022676515548312168e-02
-1.690862263033102164e-02
-2.352896778949000595e-02
-3.006374205227085872e-02
-3.648886107647492105e-02
-4.278016506899755961e-02
-4.891339705157016909e-02
-5.486421869934403339e-02
-6.060827142347295637e-02
-6.612128749758063029e-02
-7.137925228769209651e-02
-7.635861428051657351e-02
-8.103653506318338196e-02
-8.539116729151698115e-02
-8.940194564096574925e-02
-9.304987430104268153e-02
-9.631779502062245979e-02
-9.919062193775685099e-02
-1.016555329583355011e-01
-1.037021115398266830e-01
-1.053224365762494424e-01
-1.065111210128708991e-01
-1.072653015293420498e-01
-1.075845822207207036e-01
-1.074709351383315303e-01
-1.069285604718175631e-01
-1.059637096567553893e-01
-1.045844761155072106e-01
-1.028005606387736859e-01
-1.006230211759732013e-01
-9.806401936644000561e-02
-9.513657781242489120e-02
-9.185436233367745562e-02
-8.823150202062766956e-02
-8.428245693640222524e-02
-8.002193922466603604e-02
-7.546488876571845472e-02
-7.062650004410898907e-02
-6.552229312938523398e-02
-6.016821903853588477e-02
-5.458078842628848182e-02
-4.877721247465478804e-02
-4.277554574588844638e-02
-3.659482219652376161e-02
-3.025517705398959173e-02
-2.377794843290736981e-02
-1.718575318888855563e-02
-1.050253157571924903e-02
-3.753555015636443094e-03
3.034608897229423841e-03
9.834179718426500766e-03
1.661630015121745227e-02
2.335122678867859389e-02
3.000857436388877642e-02
3.655760826516468026e-02
4.296757588586674198e-02
4.920806363897147623e-02
5.524936378066278714e-02
6.106283401000622835e-02
6.662123335223356368e-02
7.189902000900244561e-02
7.687260031397225024e-02
8.152052211114194091e-02
8.582361013883396672e-02
8.976504476375524177e-02
9.333038823976780307e-02
9.650756437449137248e-02
9.928679813794803743e-02
1.016605216186278055e-01
1.036232522253423272e-01
1.051714485606539962e-01
1.063033492678206737e-01
1.070188005163335843e-01
1.073190785757851817e-01
1.072067148921171387e-01
1.066853318782241961e-01
1.057594979077632058e-01
1.044346094863962127e-01
1.027168071499944546e-01
1.006129293671103320e-01
9.813050583569163376e-02
9.527778841832217072e-02
9.206381496881060889e-02
8.849849885560551188e-02
8.459273537672598597e-02
8.035851562497071943e-02
7.580903866013505299e-02
7.095881387191950440e-02
6.582374685994588082e-02
6.042120367805916409e-02
5.477004961588363002e-02
4.889065968155020120e-02
4.280489862519822053e-02
3.653606885858790010e-02
3.010882520755162051e-02
2.354905629157944685e-02
1.688373357612534334e-02
1.014073076644290278e-02
3.348618043720536126e-03
-3.463562579054535115e-03
-1.026653307905956922e-02
-1.703101790153957462e-02
-2.372797650998807045e-02
-3.032882214155325010e-02
-3.680562028934201285e-02
-4.313126229318417493e-02
-4.927961150350057551e-02
-5.522562154300092452e-02
-6.094542802220556665e-02
-6.641641652413608765e-02
-7.161727068620188374e-02
-7.652800475960128135e-02
-8.112998515112206099e-02
-8.540594521165381647e-02
-8.933999700816920575e-02
-9.291764308475562728e-02
-9.612579036570964575e-02
-9.895276745733957990e-02
-1.013883457356825751e-01
-1.034237638264009912e-01
-1.050517544401497333e-01
-1.062665720557342541e-01
-1.070640196601849586e-01
-1.074414726558782229e-01
-1.073978981086693707e-01
-1.069338677030224199e-01
-1.060515630492062378e-01
-1.047547723138425591e-01
-1.030488774863247553e-01
-1.009408319295160977e-01
-9.843912818535720255e-02
-9.555375631504996192e-02
-9.229615335311880386e-02
-8.867914474603209862e-02
-8.471687892335558190e-02
-8.042475639833476797e-02
-7.581935499452771565e-02
-7.091835292267549551e-02
-6.574045146782417359e-02
-6.030529897935445888e-02
-5.463341768528610920e-02
-4.874613458660805032e-02
-4.266551734441699495e-02
-3.641431567209308523e-02
-3.001590830451321412e-02
-2.349425514925387523e-02
-1.687385373800184482e-02
-1.017969859371739907e-02
-3.437241615784991308e-03
3.327648925188777043e-03
1.008873367123316184e-02
1.681945503035338699e-02
2.349300114895825145e-02
3.008238458719210764e-02
3.656053900648573163e-02
4.290043652490176107e-02
4.907522732652422337e-02
5.505840164425140904e-02
6.082397245776566957e-02
6.634667531881406621e-02
7.160217985149817943e-02
7.656730592140398306e-02
8.122023645333333042e-02
8.554071856716571887e-02
8.951024515263431014e-02
9.311221014750847846e-02
9.633203243362453705e-02
9.915724515820371898e-02
1.015775491458625612e-01
1.035848306639490374e-01
1.051731450195980550e-01
1.063386683069544592e-01
1.070796202028018590e-01
1.073961612031524293e-01
1.072902682682619763e-01
1.067655935922612043e-01
1.058273121168583353e-01
1.044819643318483787e-01
1.027373016332328304e-01
1.006021418070479900e-01
9.808624188493608731e-02
9.520019458908654530e-02
9.195535289182868444e-02
8.836378502639813393e-02
8.443825986022217289e-02
8.019226018165613590e-02
7.564001944022133439e-02
7.079657603539893374e-02
6.567783848132431601e-02
6.030065467639891125e-02
5.468287896123573411e-02
4.884343146326436402e-02
4.280234518228875906e-02
3.658079717347034743e-02
3.020112090481698666e-02
2.368679736715105510e-02
1.706242284502944295e-02
1.035365152926456637e-02
3.587111501400243839e-03
-3.209706834311825026e-03
-1.000858998840732303e-02
-1.678076734202168380e-02
-2.349710161015745868e-02
-3.012830027014007025e-02
-3.664514315466613215e-02
-4.301872036539810401e-02
-4.922067394986651134e-02
-5.522343647520520926e-02
-6.100045975284475869e-02
-6.652642749840410874e-02
-7.177744659107601621e-02
-7.673121273785706020e-02
-8.136714764299492197e-02
-8.566650611881196364e-02
-8.961245284353129559e-02
-9.319010958600083827e-02
-9.638657461624139389e-02
-9.919091668055561584e-02
-1.015941463542641698e-01
-1.035891678400896604e-01
-1.051707144219338336e-01
-1.063352708811836494e-01
-1.070809862888715269e-01
-1.074075807242842601e-01
-1.073162496229016216e-01
-1.068095695720171490e-01
-1.058914093759252828e-01
-1.045668500252637523e-01
-1.028421167661250635e-01
-1.007245257497022123e-01
-9.822244677582037120e-02
-9.534528249494009233e-02
-9.210346321200080233e-02
-8.850845526981238054e-02
-8.457278000379624128e-02
-8.031003955184061460e-02
-7.573494542810141339e-02
-7.086334573244332247e-02
-6.571224712512629962e-02
-6.029982817201537393e-02
-5.464544126651382089e-02
-4.876960097354349905e-02
-4.269395725340723036e-02
-3.644125257552945085e-02
-3.003526242055676310e-02
-2.350071911227250010e-02
-1.686321934424087760e-02
-1.014911619011050863e-02
-3.385396815446495636e-03
3.400452471699254298e-03
1.018059181432990831e-02
1.692698172288715705e-02
2.361154279731387390e-02
3.020631866909401914e-02
3.668363963683658052e-02
4.301628463753569970e-02
4.917763944046055907e-02
5.514184923175896591e-02
6.088396403705985394e-02
6.638007567752599036e-02
7.160744515655680098e-02
7.654461952900251664e-02
8.117153742391412796e-02
8.546962249443107451e-02
8.942186417466371773e-02
9.301288524954452741e-02
9.622899589810854359e-02
9.905823405334103493e-02
1.014903921252907626e-01
1.035170303475695525e-01
1.051314772199447439e-01
1.063288177243912058e-01
1.071058701866497292e-01
1.074611528421120787e-01
1.073948413469879848e-01
1.069087186537387713e-01
1.060061188379855107e-01
1.046918666088803296e-01
1.029722143356445047e-01
1.008547784556559357e-01
9.834847707230513769e-02
9.546347039012643976e-02
9.221110536955703929e-02
8.860386562812345990e-02
8.465532719671020612e-02
8.038012029609188647e-02
7.579389687032786482e-02
7.091330323588214413e-02
6.575595690381405567e-02
6.034042641781837274e-02
5.468621291837499898e-02
4.881373207444756473e-02
4.274429499201366084e-02
3.650008668381267418e-02
3.010414064185211805e-02
2.358030797808205459e-02
1.695321948768035297e-02
1.024823885756530502e-02
3.491405119060474530e-03
-3.290637630495101343e-03
-1.007072518754726503e-02
-1.682127465873549388e-02
-2.351440373799512651e-02
-3.012206865012859169e-02
-3.661622073341797706e-02
-4.296898058979951862e-02
-4.915282753726596399e-02
-5.514080085353936095e-02
-6.090670813036897641e-02
-6.642533510596525248e-02
-7.167265074276966963e-02
-7.662600116871173817e-02
-8.126428644478750352e-02
-8.556811493113093692e-02
-8.951993119730522475e-02
-9.310411480542868379e-02
-9.630704870889061908e-02
-9.911715729212204617e-02
-1.015249151167001013e-01
-1.035228281985152571e-01
-1.051053901588791251e-01
-1.062690159656587280e-01
-1.070119563264944618e-01
-1.073341962116485110e-01
-1.072373415089008519e-01
-1.067244984115429951e-01
-1.058001507063991292e-01
-1.044700405110406127e-01
-1.027410580533742734e-01
-1.006211456774846608e-01
-9.811922035522521734e-02
-9.524511763109444473e-02
-9.200955826001877558e-02
-8.842413700538322152e-02
-8.450133136279280865e-02
-8.025452656072343260e-02
-7.569805220570012538e-02
-7.084722545241921299e-02
-6.571839556918307457e-02
-6.032898514383940036e-02
-5.469752379635135775e-02
-4.884367098118064243e-02
-4.278822514932228982e-02
-3.655311711843668709e-02
-3.016138595137557096e-02
-2.363713600208066506e-02
-1.700547411924453051e-02
-1.029242637412467951e-02
-3.524834152712298663e-03
3.269769957498816840e-03
1.006330537021762894e-02
1.682730394766332460e-02
2.353308514448488459e-02
3.015194269139154573e-02
3.665533919993523015e-02
4.301510478494814660e-02
4.920363569796806086e-02
5.519408902943809259e-02
6.096056974459281713e-02
6.647830664018425373e-02
7.172381422185088173e-02
7.667503798466790421e-02
8.131148111442607074e-02
8.561431119563502057e-02
8.956644609134761792e-02
9.315261872250352182e-02
9.635942099199794331e-02
9.917532754671895545e-02
1.015907004357226306e-01
1.035977760064805825e-01
1.051906356021684030e-01
1.063651618119120928e-01
1.071189822166916938e-01
1.074514027919732245e-01
1.073633333810555396e-01
1.068572079223423649e-01
1.059369023561615719e-01
1.046076532919796159e-01
1.028759805206866940e-01
1.007496162569599396e-01
9.823744356795056920e-02
9.534944579667974096e-02
9.209666796855862925e-02
8.849119025464965982e-02
8.454611264993114328e-02
8.027554920333623834e-02
7.569462948666158542e-02
7.081950456029713348e-02
6.566735449833345506e-02
6.025639455302458924e-02
5.460587722200196947e-02
4.873608777119315533e-02
4.266833110333235340e-02
3.642490820050340444e-02
3.002908068366207800e-02
2.350502231801607222e-02
1.687775656270120578e-02
1.017307953739412033e-02
3.417468078404153724e-03
-3.362027103611530017e-03
-1.013790276974527865e-02
-1.688233819084694609e-02
-2.356734262946533209e-02
-3.016491358328218450e-02
-3.664720369545013817e-02
-4.298669386614806243e-02
-4.915636978593949241e-02
-5.512989887004012685e-02
-6.088180441812715560e-02
-6.638763377196449378e-02
-7.162411730710378788e-02
-7.656931528556228106e-02
-8.120274991594197966e-02
-8.550552040635424345e-02
-8.946039933040968173e-02
-9.305190922159979616e-02
-9.626637892310198341e-02
-9.909197980467010503e-02
-1.015187424803535021e-01
-1.035385551000166243e-01
-1.051451446420843400e-01
-1.063340429192626696e-01
-1.071025392477224919e-01
-1.074496219479753878e-01
-1.073759110568468650e-01
-1.068835848313757081e-01
-1.059763027940844732e-01
-1.046591281659046552e-01
-1.029384525125683764e-01
-1.008219252527517706e-01
-9.831839031976513654e-02
-9.543783173755555904e-02
-9.219132919962966244e-02
-8.859102398465598660e-02
-8.465009477875554134e-02
-8.038274227782687964e-02
-7.580418087825063767e-02
-7.093063537305117905e-02
-6.577934036642772708e-02
-6.036854008700637958e-02
-5.471748638046924212e-02
-4.884643284328641505e-02
-4.277662326735516551e-02
-3.653027275589025569e-02
-3.013054001637796922e-02
-2.360148942975634490e-02
-1.696804154870854703e-02
-1.025591071967063561e-02
-3.491528589252056690e-03
3.298047615263002136e-03
1.008524291509983045e-02
1.684208905209056903e-02
2.354036564781047600e-02
3.015175746619293273e-02
3.664802644679540644e-02
4.300119634103415772e-02
4.918374691891463230e-02
5.516881389242473538e-02
6.093039000910443342e-02
6.644352229229047446e-02
7.168450021782712955e-02
7.663102976779062603e-02
8.126238879674944904e-02
8.555955994514073681e-02
8.950533835354920753e-02
9.308441255687517624e-02
9.628341804617804311e-02
9.909096397313618687e-02
1.014976342715560031e-01
1.034959650676914727e-01
1.050804006816638964e-01
1.062472308554096995e-01
1.069945121558938950e-01
1.073219768529452972e-01
1.072309329730116584e-01
1.067241596445157731e-01
1.058058021919783820e-01
1.044812715939759246e-01
1.027571527882164826e-01
1.006411258144605803e-01
9.814190291935591393e-02
9.526918356015406930e-02
9.203362785103079424e-02
8.844684755117897257e-02
8.452141236444728201e-02
8.027086825299507844e-02
7.570976376312668621e-02
7.085368005879187636e-02
6.571926043096287806e-02
6.032423541936028644e-02
5.468744023530589665e-02
4.882882179473899825e-02
4.276943326310414517e-02
3.653141452101278663e-02
3.013795736642882472e-02
2.361325459729424203e-02
1.698243241106023663e-02
1.027146586057276802e-02
3.507077452216338098e-03
-3.283380627151648128e-03
-1.007205972570593758e-02
-1.683076200141070400e-02
-2.353109994193796489e-02
-3.014466593940508948e-02
-3.664320942704275830e-02
-4.299881886076430820e-02
-4.918410567628372226e-02
-5.517238726072885846e-02
-6.093786593838484283e-02
-6.645580098359915588e-02
-7.170267075039936377e-02
-7.665632216537132670e-02
-8.129610508519591328e-02
-8.560298938194121909e-02
-8.955966308140347887e-02
-9.315061041792052632e-02
-9.636216924311045984e-02
-9.918256778852711786e-02
-1.016019412899365343e-01
-1.036123294058375610e-01
-1.052076556998537138e-01
-1.063836907242722424e-01
-1.071380004757943177e-01
-1.074698822340887927e-01
-1.073802900673890420e-01
-1.068717526011423447e-01
-1.059482859686022016e-01
-1.046153051406291112e-01
-1.028795369930046444e-01
-1.007489384408102456e-01
-9.823262269793468782e-02
-9.534079618771251763e-02
-9.208470786321494572e-02
-8.847661175913756892e-02
-8.452974258796003282e-02
-8.025830321991996030e-02
-7.567746205051160968e-02
-7.080335763619147182e-02
-6.565310760658241152e-02
-6.024481873630434942e-02
-5.459759514223717219e-02
-4.873154179968854083e-02
-4.266776087370796611e-02
-3.642833867897734418e-02
-3.003632137403436722e-02
-2.351567775071370867e-02
-1.689124771046717974e-02
-1.018867525586615239e-02
-3.434325104537065861e-03
3.344817614568859274e-03
1.012126467857587565e-02
1.686715866247681661e-02
2.355442235771609827e-02
3.015492202105256314e-02
3.664064210914037140e-02
4.298386855198940010e-02
4.915737710582546161e-02
5.513462294236828876e-02
6.088992740989192937e-02
6.639865786529025593e-02
7.163739663778835587e-02
7.658409554154436971e-02
8.121821288707323228e-02
8.552083061376927753e-02
8.947474992635230662e-02
9.306456460608919512e-02
9.627671192191873673e-02
9.909950173552914410e-02
1.015231249450846279e-01
1.035396428357852200e-01
1.051429592166805843e-01
1.063287774545141062e-01
1.070945447055603739e-01
1.074393858274139274e-01
1.073640296383269049e-01
1.068707303713307827e-01
1.059631873096467947e-01
1.046464656386896092e-01
1.029269214556754880e-01
1.008121336003017093e-01
9.831084449427035521e-02
9.543291152117373832e-02
9.218926969131611970e-02
8.859190549295417605e-02
8.465384101818664020e-02
8.038912675000757513e-02
7.581284086956409374e-02
7.094109262268999405e-02
6.579102717209960038e-02
6.038082942551333682e-02
5.472972451828806567e-02
4.885797288093408214e-02
4.278685808083346892e-02
3.653866585248499027e-02
3.013665290217124731e-02
2.360500419385326565e-02
1.696877751441134077e-02
1.025383421035625658e-02
3.486755120402153761e-03
-3.305259069236488566e-03
-1.009450352372491880e-02
-1.685290108682921742e-02
-2.355214980027893479e-02
-3.016388507167899399e-02
-3.665985476551356093e-02
-4.301210477048835606e-02
-4.919317188344460301e-02
-5.517628020438485048e-02
-6.093553672496414275e-02
-6.644612147977146943e-02
-7.168446757025948024e-02
-7.662842659658142264e-02
-8.125741554111830245e-02
-8.555254189965977307e-02
-8.949670477803316204e-02
-9.307467066666140487e-02
-9.627312357193372472e-02
-9.908069003682618003e-02
-1.014879402736708069e-01
-1.034873671526623240e-01
-1.050733451749227970e-01
-1.062420718696561184e-01
-1.069914943561895149e-01
-1.073212241484927248e-01
-1.072324436582604568e-01
-1.067278082329254779e-01
-1.058113478677836505e-01
-1.044883728574009796e-01
-1.027653875077032958e-01
-1.006500155566605048e-01
-9.815094014073710849e-02
-9.527786004854597868e-02
-9.204146272801266848e-02
-8.845341319927742252e-02
-8.452635682172221498e-02
-8.027393290014897542e-02
-7.571079548034180540e-02
-7.085263741024253048e-02
-6.571621380462518147e-02
-6.031936137665358522e-02
-5.468101059035603007e-02
-4.882118814203888907e-02
-4.276100781267257178e-02
-3.652264819677176338e-02
-3.012931619248934711e-02
-2.360519544949488124e-02
-1.697537925023448468e-02
-1.026578758297119753e-02
-3.503068477237913925e-03
3.285515978391658626e-03
1.007221814040751284e-02
1.682894666046398993e-02
2.352742014679486474e-02
3.013933078450574399e-02
3.663651579439927697e-02
4.299113438931593395e-02
4.917584770371969533e-02
5.516399901650601706e-02
6.092979145605838948e-02
6.644846027977117930e-02
7.169643677937224957e-02
7.665150090807035244e-02
8.129291988485222442e-02
8.560157032359173856e-02
8.956004185949334451e-02
9.315272077954153684e-02
9.636585276368694886e-02
9.918758445476068275e-02
1.016079841444872678e-01
1.036190423523981607e-01
1.052146534705250686e-01
1.063905799632226812e-01
1.071444008832100059e-01
1.074754467346544090e-01
