0.000000000000000000e+00
0.000000000000000000e+00
7.287099739752119812e-08
-7.886859443796995198e-08
-2.199580426873793276e-06
-1.067578082161286404e-05
-3.391926396794193120e-05
-8.581576249787559391e-05
-1.869292678088712017e-04
-3.651406477386821533e-04
-6.554400719737557036e-04
-1.098698459727159068e-03
-1.739409011415806589e-03
-2.622588776939847009e-03
-3.790216116316804176e-03
-5.277701168947983301e-03
-7.110904734037658270e-03
-9.304127367848004371e-03
-1.185931043196303443e-02
-1.476647467983646482e-02
-1.800522607791906621e-02
-2.154702568780623995e-02
-2.535786834668746909e-02
-2.940103619138446228e-02
-3.363966380082072244e-02
-3.803894287330324142e-02
-4.256788128477166644e-02
-4.720059864913778852e-02
-5.191718224829296874e-02
-5.670414480894031550e-02
-6.155452461983242085e-02
-6.646765595691268846e-02
-7.144862060742274146e-02
-7.650737545308572418e-02
-8.165754154911528118e-02
-8.691484093013096546e-02
-9.229518152943701204e-02
-9.781241987983073372e-02
-1.034758754913588652e-01
-1.092877269281731928e-01
-1.152404808468361214e-01
-1.213147607339092465e-01
-1.274776975621211561e-01
-1.336822047822002202e-01
-1.398673725059540462e-01
-1.459601155278162365e-01
-1.518780638679113892e-01
-1.575335131314786752e-01
-1.628380864604009604e-01
-1.677076355359962689e-01
-1.720668546191983228e-01
-1.758531136685282104e-01
-1.790191287273048271e-01
-1.815342556921211437e-01
-1.833843813173795800e-01
-1.845705558274392533e-01
-1.851066364561924638e-01
-1.850162768191651042e-01
-1.843296046193574622e-01
-1.830798926220399969e-01
-1.813004635266110554e-01
-1.790219966394683837e-01
-1.762703373651146044e-01
-1.730648579139307530e-01
-1.694173820117829410e-01
-1.653316661208529825e-01
-1.608034203818033692e-01
-1.558208487349533877e-01
-1.503656842592355491e-01
-1.444146885780749068e-01
-1.379415707728564311e-01
-1.309192610899293785e-01
-1.233224492374406928e-01
-1.151302693677915961e-01
-1.063289882904013273e-01
-9.691453494428305115e-02
-8.689470222237409558e-02
-7.629086017844420586e-02
-6.513904377213854124e-02
-5.349031752069756396e-02
-4.141037025500136914e-02
-2.897835027770663194e-02
-1.628500824615558562e-02
-3.430265753406621862e-03
9.479633403230396452e-03
2.233520838798008779e-02
3.502687466764423802e-02
4.744794572134335142e-02
5.949734524779017042e-02
7.108190395738678280e-02
8.211815305926727093e-02
9.253356672275205030e-02
1.022672446349221359e-01
1.112700605115963248e-01
1.195043310754694971e-01
1.269430814361433013e-01
1.335689965895569264e-01
1.393731551419103987e-01
1.443536411075880821e-01
1.485141238395482899e-01
1.518624861284504080e-01
1.544095676021025598e-01
1.561680760308349347e-01
1.571517040725801673e-01
1.573744742075455227e-01
1.568503206977410747e-01
1.555929047201373427e-01
1.536156475597307558e-01
1.509319570167445834e-01
1.475556140680055195e-01
1.435012804461490432e-01
1.387850833356215341e-01
1.334252310459029256e-01
1.274426135198620802e-01
1.208613440077649231e-01
1.137092031823735833e-01
1.060179541857795144e-01
9.782350615611194733e-02
8.916591404254171904e-02
8.008921318624115382e-02
7.064109736650825422e-02
6.087245797451809604e-02
5.083680902271740798e-02
4.058962739854705265e-02
3.018763997419249279e-02
1.968808900862288602e-02
9.148005072060972492e-03
-1.376487010156893578e-03
-1.183080838429009275e-02
-2.216249683621385191e-02
-3.232169716670568738e-02
-4.226156509336949363e-02
-5.193858239349089662e-02
-6.131278415408755039e-02
-7.034790142749489106e-02
-7.901142439918329430e-02
-8.727459249187326240e-02
-9.511231879316911497e-02
-1.025030569192277308e-01
-1.094286189958768862e-01
-1.158739538929899893e-01
-1.218268951936416350e-01
-1.272778885954891637e-01
-1.322197084917217658e-01
-1.366471733233564356e-01
-1.405568689009130123e-01
-1.439468882422662854e-01
-1.468165955620530372e-01
-1.491664208904104338e-01
-1.509976904237037842e-01
-1.523124961575955949e-01
-1.531136066724035627e-01
-1.534044191879425090e-01
-1.531889512412863141e-01
-1.524718686327248274e-01
-1.512585447041718822e-01
-1.495551446357719083e-01
-1.473687273468797798e-01
-1.447073568395943477e-01
-1.415802144886763314e-01
-1.379977039043946696e-01
-1.339715405913356472e-01
-1.295148196800298135e-01
-1.246420564664747765e-01
-1.193691962688946534e-01
-1.137135920834126540e-01
-1.076939505533578006e-01
-1.013302487172281358e-01
-9.464362573278728430e-02
-8.765625517601408068e-02
-8.039120450236293680e-02
-7.287228879063180342e-02
-6.512392596192553840e-02
-5.717100030760575297e-02
-4.903874042746801665e-02
-4.075261664642240711e-02
-3.233826172517267894e-02
-2.382141728599095065e-02
-1.522790690790641610e-02
-6.583635363142475300e-03
2.085387987835321533e-03
1.075300501853099569e-02
1.939284855638337066e-02
2.797827186964195467e-02
3.648227482972948854e-02
4.487743450370909604e-02
5.313584852639433725e-02
6.122909987446509966e-02
6.912825153575130610e-02
7.680387895523697883e-02
8.422614697696834130e-02
9.136493624705997740e-02
9.819002170057088141e-02
1.046713028863845985e-01
1.107790826207762508e-01
1.164843870046976260e-01
1.217593164570211772e-01
1.265774144127944367e-01
1.309140380285023220e-01
1.347467139121308888e-01
1.380554617696599373e-01
1.408230700384344447e-01
1.430353100358225937e-01
1.446810787232014062e-01
1.457524645791081208e-01
1.462447359064884267e-01
1.461562557359430414e-01
1.454883319048912993e-01
1.442450145239727033e-01
1.424328556162990922e-01
1.400606470829269534e-01
1.371391532864488783e-01
1.336808535468013148e-01
1.296997078937552617e-01
1.252109567640488086e-01
1.202309622403130995e-01
1.147770951742890094e-01
1.088676693629503922e-01
1.025219210554366572e-01
9.576002961211362019e-02
8.860317321095474707e-02
8.107361214389630089e-02
7.319479146144174109e-02
6.499145446046641905e-02
5.648975868757966090e-02
4.771738664475555503e-02
3.870364411883020495e-02
2.947953989442751721e-02
2.007784144427154915e-02
1.053310193714082459e-02
8.816545092396165656e-04
-8.838429804308985810e-03
-1.858742375656062887e-02
-2.832406820619387533e-02
-3.800574176542580868e-02
-4.758867799861929426e-02
-5.702823161583465972e-02
-6.627919392221204298e-02
-7.529615612052883988e-02
-8.403391690714312467e-02
-9.244792821290895302e-02
-1.004947700662025267e-01
-1.081326426210680036e-01
-1.153218606901280641e-01
-1.220253339748342408e-01
-1.282090149155064862e-01
-1.338422959604327334e-01
-1.388983392517471604e-01
-1.433543242895315428e-01
-1.471916029577402807e-01
-1.503957561204677940e-01
-1.529565514444070073e-01
-1.548678077116249219e-01
-1.561271761695841864e-01
-1.567358539706762699e-01
-1.566982481166534213e-01
-1.560216103047777081e-01
-1.547156635764470323e-01
-1.527922407412560524e-01
-1.502649523575082524e-01
-1.471488988518870056e-01
-1.434604374673222049e-01
-1.392170104673411957e-01
-1.344370367126080379e-01
-1.291398646408858653e-01
-1.233457810561728596e-01
-1.170760671414216858e-01
-1.103530908700715157e-01
-1.032004235671185599e-01
-9.564296777086638002e-02
-8.770708373386018608e-02
-7.942070279451476922e-02
-7.081341733125282034e-02
-6.191653893140297571e-02
-5.276311860215759930e-02
-4.338792514924905142e-02
-3.382738008723566725e-02
-2.411944948128913815e-02
-1.430349484494738282e-02
-4.420086563306344432e-03
5.489215746949990121e-03
1.538211097087014041e-02
2.521582712097051454e-02
3.494740966813796729e-02
4.453402255322903153e-02
5.393325707166986283e-02
6.310344401270841230e-02
7.200396453976115607e-02
8.059555529270558127e-02
8.884060308510140225e-02
9.670342439920598387e-02
1.041505247148570845e-01
1.111508326259940949e-01
1.176759037852005002e-01
1.237000900467190023e-01
1.292006698043522417e-01
1.341579364632120575e-01
1.385552432267501688e-01
1.423790038681231607e-01
1.456186507992129064e-01
1.482665534382353045e-01
1.503179014819856496e-01
1.517705590868895504e-01
1.526248970445790720e-01
1.528836107195165050e-01
1.525515317494661738e-01
1.516354412837372934e-01
1.501438918760238661e-01
1.480870441184367892e-01
1.454765227868977384e-01
1.423252957682353548e-01
1.386475774661402871e-01
1.344587568447248027e-01
1.297753488629356799e-01
1.246149668621299444e-01
1.189963125531116050e-01
1.129391796440109563e-01
1.064644668673343647e-01
9.959419618923487372e-02
9.235153227975567702e-02
8.476079983360423897e-02
7.684749598690919503e-02
6.863829579816051185e-02
6.016104947124335800e-02
5.144477062028444958e-02
4.251961534646032242e-02
3.341685216938231756e-02
2.416882290474511863e-02
1.480889440406828877e-02
5.371400694938232093e-03
-4.108425471337853047e-03
-1.359453327426119601e-02
-2.305014890565531410e-02
-3.243788781932620269e-02
-4.171988720641926773e-02
-5.085796177485422953e-02
-5.981378555671026942e-02
-6.854910168441975815e-02
-7.702596084897563034e-02
-8.520698751066139998e-02
-9.305567095579200809e-02
-1.005366761138572068e-01
-1.076161668460845766e-01
-1.142621323990153787e-01
-1.204447061079336190e-01
-1.261364644449781691e-01
-1.313126943055474283e-01
-1.359516171185410904e-01
-1.400345599701748045e-01
-1.435460663717260665e-01
-1.464739424106476506e-01
-1.488092375575355009e-01
-1.505461630641324045e-01
-1.516819543694684358e-01
-1.522166869414977031e-01
-1.521530572808894588e-01
-1.514961422380968481e-01
-1.502531502688284892e-01
-1.484331777901706784e-01
-1.460469824931505400e-01
-1.431067834732649979e-01
-1.396260955552446337e-01
-1.356196024277419032e-01
-1.311030703820245946e-01
-1.260933017625261165e-01
-1.206081248526294641e-01
-1.146664149648003589e-01
-1.082881400664240795e-01
-1.014944233942639967e-01
-9.430761519174363228e-02
-8.675136590531636049e-02
-7.885069382572251762e-02
-7.063204115618083867e-02
-6.212331371293468990e-02
-5.335390078582027962e-02
-4.435467298168047773e-02
-3.515795702882434232e-02
-2.579748744686015394e-02
-1.630833562480347304e-02
-6.726817179329942775e-03
2.909621499701751587e-03
1.256253681584904719e-02
2.219264130986963249e-02
3.175997686568510919e-02
4.122410822136610836e-02
5.054433740840388184e-02
5.967993964439361615e-02
6.859042075352916878e-02
7.723579535057108203e-02
8.557688380913222592e-02
9.357562450821270417e-02
1.011953961273067554e-01
1.084013430000127926e-01
1.151606949298576571e-01
1.214430716225582407e-01
1.272207611866518484e-01
1.324689621524950955e-01
1.371659792507622933e-01
1.412933647906641776e-01
1.448359998140115734e-01
1.477821121197081811e-01
1.501232315312788224e-01
1.518540861499921568e-01
1.529724465160973157e-01
1.534789273264327569e-01
1.533767584104831494e-01
1.526715378992961891e-01
1.513709808629297437e-01
1.494846761539688762e-01
1.470238628619950361e-01
1.440012357996272030e-01
1.404307869867874314e-01
1.363276873771228637e-01
1.317082102806391708e-01
1.265896952665810649e-01
1.209905489414123819e-01
1.149302770156097470e-01
1.084295405888225095e-01
1.015102286445210972e-01
9.419553836136872194e-02
8.651005499023337042e-02
7.847982365023663254e-02
7.013240637391243704e-02
6.149691896979277150e-02
5.260404364935980515e-02
4.348601476305755803e-02
3.417657629632987054e-02
2.471091090129616183e-02
1.512554112089486459e-02
5.458204071684175443e-03
-4.252298804537511107e-03
-1.396627519235131912e-02
-2.364333687183345703e-02
-3.324261463699216407e-02
-4.272299169605407038e-02
-5.204335408185416928e-02
-6.116285641900608139e-02
-7.004120098945085249e-02
-7.863892739724104297e-02
-8.691770928334170698e-02
-9.484065354684551030e-02
-1.023725964895149387e-01
-1.094803903401546930e-01
-1.161331728697788251e-01
-1.223026124090682842e-01
-1.279631206355445472e-01
-1.330920260806316424e-01
-1.376697024374037293e-01
-1.416796473922754540e-01
-1.451085097653696532e-01
-1.479460650829619306e-01
-1.501851421447753798e-01
-1.518215054968851951e-01
-1.528537007908810086e-01
-1.532828716403834834e-01
-1.531125576572981151e-01
-1.523484837947318982e-01
-1.509983509297586901e-01
-1.490716368290620764e-01
-1.465794153411894840e-01
-1.435341999716812922e-01
-1.399498160628219745e-01
-1.358413037659089162e-01
-1.312248520027909371e-01
-1.261177617912270232e-01
-1.205384357582138383e-01
-1.145063894612634858e-01
-1.080422793230396417e-01
-1.011679415715471125e-01
-9.390643654778878247e-02
-8.628209305003364804e-02
-7.832054796094195526e-02
-7.004877716718667380e-02
-6.149511463870684091e-02
-5.268925739363650856e-02
-4.366225485025347630e-02
-3.444648168931484233e-02
-2.507559377103761589e-02
-1.558446684937438674e-02
-6.009117809673126739e-03
3.613392039361250363e-03
1.324507239987704824e-02
2.284713927020580460e-02
3.238017148756027613e-02
4.180429005266214637e-02
5.107936162378420852e-02
6.016522710185145256e-02
6.902195539061618812e-02
7.761012120362806299e-02
8.589110424691562273e-02
9.382740532668221167e-02
1.013829730549918040e-01
1.085235330302800338e-01
1.152169098512349638e-01
1.214333312791912173e-01
1.271457034675689823e-01
1.323298465494176512e-01
1.369646810680740234e-01
1.410323577205491730e-01
1.445183255420492974e-01
1.474113367997491042e-01
1.497033902342094769e-01
1.513896176080550271e-01
1.524681215166394099e-01
1.529397748408808100e-01
1.528079938937760007e-01
1.520784981207216613e-01
1.507590691334215471e-01
1.488593209401266881e-01
1.463904915999749978e-01
1.433652643437666463e-01
1.397976236637960001e-01
1.357027491864533364e-01
1.310969474998830153e-01
1.259976196895122025e-01
1.204232602790963197e-01
1.143934816879980110e-01
1.079290572590911879e-01
1.010519754062012415e-01
9.378549745520078917e-02
8.615421225203521993e-02
7.818408149656908002e-02
6.990247092272877660e-02
6.133816375886043393e-02
5.252135424028298027e-02
4.348362018913336235e-02
3.425787472310214132e-02
2.487829792936994272e-02
1.538024980050255175e-02
5.800165868622047041e-03
-3.824563178013405673e-03
-1.345572699423500801e-02
-2.305444581585117808e-02
-3.258133562033264929e-02
-4.199668887904749182e-02
-5.126067186798823061e-02
-6.033353952090533129e-02
-6.917586847569595632e-02
-7.774880824861302164e-02
-8.601434938120061657e-02
-9.393560599871721151e-02
-1.014771085997159122e-01
-1.086051012089307155e-01
-1.152878354438436892e-01
-1.214958527564786173e-01
-1.272022452956426408e-01
-1.323828856404708210e-01
-1.370166161817851225e-01
-1.410853902033464558e-01
-1.445743586930366420e-01
-1.474718994698341890e-01
-1.497695881553358921e-01
-1.514621136113279698e-01
-1.525471434502984891e-01
-1.530251478554615630e-01
-1.528991920085409628e-01
-1.521747087625903438e-01
-1.508592637297734296e-01
-1.489623246713285276e-01
-1.464950460396739484e-01
-1.434700778491268536e-01
-1.399014059013753974e-01
-1.358042279467331082e-01
-1.311948678095444520e-01
-1.260907270231171884e-01
-1.205102712616209493e-01
-1.144730469487081764e-01
-1.079997219550884874e-01
-1.011121433221351534e-01
-9.383340448025997982e-02
-8.618791444783602262e-02
-7.820146194532476280e-02
-6.990126815988095821e-02
-6.131602294866752428e-02
-5.247590046442834888e-02
-4.341255141358416753e-02
-3.415907031314469045e-02
-2.474993711393939227e-02
-1.522093334536450508e-02
-5.609033482726755518e-03
4.047727453667554140e-03
1.371040895343254157e-02
2.333934164770083003e-02
3.289432453949943380e-02
4.233484192868016555e-02
5.162029908910631404e-02
6.071027553354614581e-02
6.956479424690173441e-02
7.814460456511748698e-02
8.641147544739859188e-02
9.432849479459817776e-02
1.018603693042868241e-01
1.089737182485750189e-01
1.156373536550575065e-01
1.218225388043862184e-01
1.275032168514845243e-01
1.326562018169641921e-01
1.372613252165165998e-01
1.413015331757043747e-01
1.447629309320169200e-01
1.476347740173963308e-01
1.499094079641677957e-01
1.515821608853354652e-01
1.526511955468259352e-01
1.531173293967463267e-01
1.529838323075951578e-01
1.522562124369871706e-01
1.509420005947164078e-01
1.490505428499374896e-01
1.465928099027286324e-01
1.435812300982065581e-01
1.400295510216301997e-01
1.359527325321446267e-01
1.313668720200133755e-01
1.262891607418261675e-01
1.207378684118114998e-01
1.147323518880669219e-01
1.082930828417024427e-01
1.014416887536423728e-01
9.420100143600326770e-02
8.659510748218481047e-02
7.864939554809206868e-02
7.039059607474275337e-02
6.184680988815642599e-02
5.304752296200626605e-02
4.402360541441190794e-02
3.480729345909616690e-02
2.543215349073984013e-02
1.593302772899703873e-02
6.345960878945662229e-03
-3.291892878784428295e-03
-1.294238351646457424e-02
-2.256650064992669208e-02
-3.212453236669472745e-02
-4.157624893264880162e-02
-5.088111272314706918e-02
-5.999851519280599565e-02
-6.888804078572137446e-02
-7.750975639278283313e-02
-8.582452333235168762e-02
-9.379432696452995322e-02
-1.013826170958188055e-01
-1.085546504766961851e-01
-1.152778251470776422e-01
-1.215219953493628935e-01
-1.272597553833637041e-01
-1.324666812455815301e-01
-1.371215202255985921e-01
-1.412063207850507429e-01
-1.447064978899055554e-01
-1.476108322949898910e-01
-1.499114058233595448e-01
-1.516034781467695269e-01
-1.526853136677540079e-01
-1.531579695776059125e-01
-1.530250578314407695e-01
-1.522924945363754168e-01
-1.509682500732522636e-01
-1.490621122294942813e-01
-1.465854728416619845e-01
-1.435511461108805453e-01
-1.399732240697099395e-01
-1.358669718593521203e-01
-1.312487627246688993e-01
-1.261360501301367065e-01
-1.205473722871738262e-01
-1.145023827666430266e-01
-1.080218998111336370e-01
-1.011279664779095727e-01
-9.384391381182373426e-02
-8.619441980725316144e-02
-7.820555787699189076e-02
-6.990482978837861405e-02
-6.132117942330209820e-02
-5.248498513677595650e-02
-4.342802980446899830e-02
-3.418344875775303215e-02
-2.478565662808659281e-02
-1.527025461755792367e-02
-5.673919873021654459e-03
3.965721501801366261e-03
1.361023664474039080e-02
2.322054272476366948e-02
3.275707827683975448e-02
4.217998953578278726e-02
5.144933253789062133e-02
6.052529179507051826e-02
6.936841603502734432e-02
7.793987081147675522e-02
8.620170673201757450e-02
9.411714068678454781e-02
1.016508458926346364e-01
1.087692449393760780e-01
1.154407985084144050e-01
1.216362812134688109e-01
1.273290352619138310e-01
1.324951924970230177e-01
1.371138559476381413e-01
1.411672333069212970e-01
1.446407167345440392e-01
1.475229059010471355e-01
1.498055740797970548e-01
1.514835801079648936e-01
1.525547319324912776e-01
1.530196099896378725e-01
1.528813606335187592e-01
1.521454710830618673e-01
1.508195378207494997e-01
1.489130400455537517e-01
1.464371287195112004e-01
1.434044400705972444e-01
1.398289402813748250e-01
1.357258056821191994e-01
1.311113402619482338e-01
1.260029298848070745e-01
1.204190304001079709e-01
1.143791849916982600e-01
1.079040647000778647e-01
1.010155251307079810e-01
9.373667193792385721e-02
8.609192772616031109e-02
7.810709348317340650e-02
6.980939847302901347e-02
6.122753357053120626e-02
5.239166420423990722e-02
4.333342028268900165e-02
3.408586160762684669e-02
2.468341824713159161e-02
1.516180609393135217e-02
5.557918344131244567e-03
-4.090306095212121323e-03
-1.374403618822236765e-02
-2.336372332578411093e-02
-3.290929596159968690e-02
-4.234037352864480908e-02
-5.161649881250338773e-02
-6.069738774600928755e-02
-6.954319514068289798e-02
-7.811479416871169867e-02
-8.637406647652048908e-02
-9.428419870834869876e-02
-1.018099800428161755e-01
-1.089180942224604043e-01
-1.155773986265838937e-01
-1.217591823421150660e-01
-1.274373950482191042e-01
-1.325888389354950014e-01
-1.371933168675930348e-01
-1.412337315412709460e-01
-1.446961324291276552e-01
-1.475697096618431570e-01
-1.498467365467981982e-01
-1.515224649281505798e-01
-1.525949798699592908e-01
-1.530650220099945003e-01
-1.529357872481622582e-01
-1.522127141130400763e-01
-1.509032691641825075e-01
-1.490167401651531776e-01
-1.465640455812870502e-01
-1.435575673341363268e-01
-1.400110118231558121e-01
-1.359393021564139492e-01
-1.313585024649215893e-01
-1.262857732443631309e-01
-1.207393549858305909e-01
-1.147385760075566724e-01
-1.083038794351314088e-01
-1.014568637184607158e-01
-9.422033090877073025e-02
-8.661833710899609351e-02
-7.867623999291942227e-02
-7.042073898180345459e-02
-6.187990448090843754e-02
-5.308319341880923803e-02
-4.406144911243052575e-02
-3.484688412683207420e-02
-2.547304525861118080e-02
-1.597476001921497440e-02
-6.388064032643359091e-03
3.249891376094620268e-03
1.290095237948540689e-02
2.252609789807835661e-02
3.208559839168260291e-02
4.153919973742151855e-02
5.084633353778873072e-02
5.996635466243457890e-02
6.885880590761545017e-02
7.748370835512671806e-02
8.580187437572980858e-02
9.377523835042594902e-02
1.013671982250494708e-01
1.085429591565232887e-01
1.152698689607107446e-01
1.215177340380761417e-01
1.272591041120913757e-01
1.324695145902127225e-01
1.371276766965598415e-01
1.412156076888921308e-01
1.447186963294530837e-01
1.476257021192160790e-01
1.499286903595060394e-01
1.516229085775871455e-01
1.527066129534560002e-01
1.531808558622804184e-01
1.530492473141271959e-01
1.523177038248390847e-01
1.509941980711781984e-01
1.490885216334583707e-01
1.466120713416174948e-01
1.435776673965384331e-01
1.399994087452749725e-01
1.358925683613621538e-01
1.312735283233802674e-01
1.261597520755297630e-01
1.205697891379315240e-01
1.145233059161585576e-01
1.080411352004538722e-01
1.011453364631038077e-01
9.385925913392238751e-02
8.620760159768026121e-02
7.821645962100569338e-02
6.991335916376158199e-02
6.132726993135454580e-02
5.248859744718492593e-02
4.342915274419296284e-02
3.418209988584661185e-02
2.478188235245580573e-02
1.526412982506013087e-02
5.665547060267259877e-03
-3.976213593819553568e-03
-1.362269487398229742e-02
-2.323479183717573962e-02
-3.277292359597513277e-02
-4.219721999635483306e-02
-5.146772399643263773e-02
-6.054461054216331989e-02
-6.938842242648873837e-02
-7.796032293077882758e-02
-8.622236399341694224e-02
-9.413776728869902022e-02
-1.016712140341656384e-01
-1.087891377199583232e-01
-1.154600124415806200e-01
-1.216546283005684320e-01
-1.273463445898832258e-01
-1.325113113451534264e-01
-1.371286504105538318e-01
-1.411805884632226504e-01
-1.446525364112149215e-01
-1.475331121012231350e-01
-1.498141061544963626e-01
-1.514903937599027806e-01
-1.525597981415990900e-01
-1.530229139453703480e-01
-1.528829007489451164e-01
-1.521452581510135682e-01
-1.508175943541816000e-01
-1.489093998241950711e-01
-1.464318365443083581e-01
-1.433975517077999418e-01
-1.398205225605955448e-01
-1.357159366983200222e-01
-1.311001096207743688e-01
-1.259904389244288492e-01
-1.204053923208977112e-01
-1.143645248275430015e-01
-1.078885190715700021e-01
-1.009992417303298279e-01
-9.371980870995766377e-02
-8.607465171861766740e-02
-7.808957936470126149e-02
-6.979182672366492091e-02
-6.121008837055518653e-02
-5.237453105951725418e-02
-4.331678343726774738e-02
-3.406990130455632426e-02
-2.466830790627942693e-02
-1.514770948091434880e-02
-5.544986807370774415e-03
4.101936241748238218e-03
1.375424606070633354e-02
2.337241357256463620e-02
3.291638850539931049e-02
4.234581289070711574e-02
5.162025297059031487e-02
6.069944849043508450e-02
6.954357790701416742e-02
7.811353734221526679e-02
8.637123018156328547e-02
9.427986311516486917e-02
1.018042432435168759e-01
1.089110697467911837e-01
1.155692126844839462e-01
1.217499708932870822e-01
1.274273008074419400e-01
1.325780084252988489e-01
1.371818976265408163e-01
1.412218695863140527e-01
1.446839700547400132e-01
1.475573836378421821e-01
1.498343767523520886e-01
1.515101934332019062e-01
1.525829104490674382e-01
1.530532600492841566e-01
1.529244299853136924e-01
1.522018511343649072e-01
1.508929830726416510e-01
1.490071073290530068e-01
1.465551368752280315e-01
1.435494487910733696e-01
1.400037451283260015e-01
1.359329449293500414e-01
1.313531082936217620e-01
1.262813914547314398e-01
1.207360301485817522e-01
1.147363472028413017e-01
1.083027793112787823e-01
1.014569173947325875e-01
9.422155478234439663e-02
8.662073763323256681e-02
7.867981249721728298e-02
7.042546660307322237e-02
6.188575727318613995e-02
5.309012770114856367e-02
4.406940710645042281e-02
3.485579392467205717e-02
2.548282115007592316e-02
1.598530319404388098e-02
6.399263660525468175e-03
-3.238156698598049915e-03
-1.288881283928560752e-02
-2.251369037033661841e-02
-3.207306408859995905e-02
-4.152668166217959173e-02
-5.083397381512008012e-02
-5.995429182594251560e-02
-6.884717223031709687e-02
-7.747262731308912631e-02
-8.579145833442186619e-02
-9.376558655891120697e-02
-1.013583951939811961e-01
-1.085350734819624102e-01
-1.152629526373624980e-01
-1.215118222833824341e-01
-1.272542156979317163e-01
-1.324656526533545819e-01
-1.371248299743105803e-01
-1.412137521045597754e-01
-1.447177968349940003e-01
-1.476257146912574869e-01
-1.499295640406763941e-01
-1.516245874580418596e-01
-1.527090379972768364e-01
-1.531839664990897742e-01
-1.530529827363756312e-01
-1.523220039540892357e-01
-1.509990041805174821e-01
-1.490937766362029349e-01
-1.466177197772185747e-01
-1.435836551618839552e-01
-1.400056826325741521e-01
-1.358990754720572902e-01
-1.312802154309470615e-01
-1.261665650087947788e-01
-1.205766722510955707e-01
-1.145302017026981062e-01
-1.080479840962521171e-01
-1.011520768703934869e-01
-9.386582768281112599e-02
-8.621393364706393669e-02
-7.822248998640186912e-02
-6.991902304674606217e-02
-6.133250401445942968e-02
-5.249334110973689904e-02
-4.343334934886931842e-02
-3.418569808274728172e-02
-2.478483734710614297e-02
-1.526640455870763996e-02
-5.667113254763921429e-03
3.975374568743392928e-03
1.362259134653144750e-02
2.323542142029413893e-02
3.277427303487909227e-02
4.219926528797754428e-02
5.147043078314807868e-02
6.054793477318552025e-02
6.939231127131281762e-02
7.796471592008498430e-02
8.622719435421372092e-02
9.414296343245123766e-02
1.016767011496444301e-01
1.087948394170516059e-01
1.154658523888278526e-01
1.216605317982147327e-01
1.273522400221590023e-01
1.325171314604663142e-01
1.371343333862815594e-01
1.411860787224951674e-01
1.446577851718774954e-01
1.475380776512587311e-01
1.498187538625755655e-01
1.514946958433922297e-01
1.525637332263134471e-01
1.530264664607729752e-01
1.528860602087960541e-01
1.521480183723181723e-01
1.508199526666918477e-01
1.489113563189090605e-01
1.464333934028732298e-01
1.433987126460794237e-01
1.398212924096294552e-01
1.357163211352130083e-01
1.311001150514049252e-01
1.259900725098913044e-01
1.204046621308003662e-01
1.143634400960920755e-01
1.078870905270490760e-01
1.009974819652991324e-01
9.371773255828112770e-02
8.607227660620499210e-02
7.808692560344746014e-02
6.978891772221600120e-02
6.120695074089343296e-02
5.237119460456188258e-02
4.331328101133140318e-02
3.406626854519961140e-02
2.466458284251298733e-02
1.514393202851683010e-02
5.541198167099527574e-03
-4.105694263227059951e-03
-1.375793178432399566e-02
-2.337598620997781429e-02
-3.291980892596885894e-02
-4.234904436655474724e-02
-5.162326187484206352e-02
-6.070220492545613800e-02
-6.954605624188667234e-02
-7.811571664185311403e-02
-8.637309451363814339e-02
-9.428140172536426944e-02
-1.018054505944687160e-01
-1.089119454211300853e-01
-1.155697611578151429e-01
-1.217502011879882384e-01
-1.274272260430606984e-01
-1.325776452854649234e-01
-1.371812657655373802e-01
-1.412209910005062796e-01
-1.446828684447729607e-01
-1.475560837868226671e-01
-1.498329039431574861e-01
-1.515085729247571678e-01
-1.525811670271420284e-01
-1.530514176623978539e-01
-1.529225114710588140e-01
-1.521998780362142090e-01
-1.508909755424532040e-01
-1.490050841062869613e-01
-1.465531153305668077e-01
-1.435474450198186702e-01
-1.400017740776854924e-01
-1.359310205434943741e-01
-1.313512436611132816e-01
-1.262795989444572553e-01
-1.207343215225073346e-01
-1.147347336965472003e-01
-1.083012716761641708e-01
-1.014555258987750591e-01
-9.422028916922849107e-02
-8.661960704234533681e-02
-7.867882534933720584e-02
-7.042463045846004965e-02
-6.188507867015905634e-02
-5.308961198410189902e-02
-4.406905825261239751e-02
-3.485561437880650704e-02
-2.548281167582296461e-02
-1.598546274977014764e-02
-6.399589306485558085e-03
3.237669856223446621e-03
1.288817166324979918e-02
2.251290366325623196e-02
3.207214251854445530e-02
4.152563764293787374e-02
5.083282134258540474e-02
5.995304627347386450e-02
6.884585010733496047e-02
7.747124599252486199e-02
8.579003575592353270e-02
9.376414091585794086e-02
1.013569446132986246e-01
1.085336357063787505e-01
1.152615447200135285e-01
1.215104603044905862e-01
1.272529145126037597e-01
1.324644256783520935e-01
1.371236890199840908e-01
1.412127072560834529e-01
1.447168563847172351e-01
1.476248851215602453e-01
1.499288500543498326e-01
1.516239920510842054e-01
1.527085625672446600e-01
1.531836109808928648e-01
1.530527457567139316e-01
1.523218829956178022e-01
1.509989957472624156e-01
1.490938764126614191e-01
1.466179227748615199e-01
1.435839558483186507e-01
1.400060750402951082e-01
1.358995532853972954e-01
1.312807720514316268e-01
1.261671936005163697e-01
1.205773657688918726e-01
1.145309529068000154e-01
1.080487855576350714e-01
1.011529209713243754e-01
9.386670661703998275e-02
8.621483942380177290e-02
7.822341444169007840e-02
6.991995786511571997e-02
6.133344076295256520e-02
5.249427128547538846e-02
4.343426444046460250e-02
3.418658964499328434e-02
2.478569708762574583e-02
1.526722443455960469e-02
5.667885576476756199e-03
-3.974657028653742069e-03
-1.362193524378461917e-02
-2.323483273119282544e-02
-3.277375695421140545e-02
-4.219882613584721026e-02
-5.147007192394967290e-02
-6.054765854969037381e-02
-6.939211895648310369e-02
-7.796460768878618608e-02
-8.622716927644789864e-02
-9.414301948908709861e-02
-1.016768352708858764e-01
-1.087950475430836117e-01
-1.154661295512381253e-01
-1.216608722199548492e-01
-1.273526372330294198e-01
-1.325175784244421173e-01
-1.371348226364932088e-01
-1.411866024993875257e-01
-1.446583355600220278e-01
-1.475386467105012644e-01
-1.498193337496573352e-01
-1.514952789208516282e-01
-1.525643121563138860e-01
-1.530270342824411323e-01
-1.528866103986248337e-01
-1.521485448881209068e-01
-1.508204499764213280e-01
-1.489118194163268905e-01
-1.464338178125361156e-01
-1.433990944203809570e-01
-1.398216281206976219e-01
-1.357166078643272100e-01
-1.311003503782900981e-01
-1.259902545038029120e-01
-1.204047893447748874e-01
-1.143635115651424616e-01
-1.078871057704766379e-01
-1.009974409927082428e-01
-9.371763587835915676e-02
-8.607212523689092287e-02
-7.808672108178202342e-02
-6.978866211195763891e-02
-6.120664663590388160e-02
-5.237084512601235253e-02
-4.331288979694863928e-02
-3.406583972904744795e-02
-2.466412102417144675e-02
-1.514344223096002889e-02
-5.540685783062788278e-03
4.106223536082958397e-03
1.375847201861836802e-02
2.337653133284069845e-02
3.292035281047435424e-02
4.234958092811032943e-02
5.162378516993609834e-02
6.070270924990696371e-02
6.954653622558874815e-02
7.811616733699512649e-02
8.637351147348776292e-02
9.428178107098189598e-02
1.018057890671275334e-01
1.089122404187712750e-01
1.155700107545338251e-01
1.217504041362940520e-01
1.274273817594435976e-01
1.325777538205709372e-01
1.371813277609663095e-01
1.412210076348331400e-01
1.446828413718205253e-01
1.475560150694439077e-01
1.498327959858061220e-01
1.515084284079343258e-01
1.525809888464255415e-01
1.530512088742234655e-01
1.529222752467728486e-01
1.521996176252104760e-01
1.508906942444934451e-01
1.490047852524348793e-01
1.465528022715856249e-01
1.435471211204206732e-01
1.400014427147016904e-01
1.359306851058662557e-01
1.313509075495909728e-01
1.262792655690159749e-01
1.207339942957433437e-01
1.147344160216669934e-01
1.083009669286068150e-01
1.014552374009825703e-01
9.422002015856870138e-02
8.661936063267285102e-02
7.867860448712338250e-02
7.042443787481257600e-02
6.188491683036843882e-02
5.308948303658430484e-02
4.406896397926206299e-02
3.485555614882195757e-02
2.548279040503479906e-02
1.598547886737721607e-02
6.399642730910828914e-03
-3.237579730910586373e-03
-1.288804596922224141e-02
-2.251274404838264631e-02
-3.207195112308205281e-02
-4.152541706359520746e-02
-5.083257458456720557e-02
-5.995277669161205858e-02
-6.884556133789541954e-02
-7.747094187773484464e-02
-8.578972026366359083e-02
-9.376381805727412866e-02
-1.013566183612858718e-01
-1.085333099179374844e-01
-1.152612230653683456e-01
-1.215101462055739046e-01
-1.272526110930528587e-01
-1.324641357265669006e-01
-1.371234149660801038e-01
-1.412124511627998458e-01
-1.447166199515604601e-01
-1.476246697007394248e-01
-1.499286566764463091e-01
-1.516238214579400390e-01
-1.527084152492859670e-01
-1.531834872160342809e-01
-1.530526456481176578e-01
-1.523218065058845327e-01
-1.509989427270781726e-01
-1.490938466224715764e-01
-1.466179158987469255e-01
-1.435839714998646544e-01
-1.400061127608307199e-01
-1.358996125355033113e-01
-1.312808521970476316e-01
-1.261672938952982104e-01
-1.205774853346725101e-01
-1.145310907140835027e-01
-1.080489404080130500e-01
-1.011530914835518935e-01
-9.386689121826345683e-02
-8.621503634711281949e-02
-7.822362173081030823e-02
-6.992017338662016857e-02
-6.133366222604028084e-02
-5.249449626891471155e-02
-4.343449042599836774e-02
-3.418681405619840297e-02
-2.478591733299277330e-02
-1.526743795339418480e-02
-5.668089886126692276e-03
3.974464285778984279e-03
1.362175625491651547e-02
2.323466947107784980e-02
3.277361114749852145e-02
4.219869922518869332e-02
5.146996504484146334e-02
6.054757251287530562e-02
6.939205423850935972e-02
7.796456443105534428e-02
8.622714729280439583e-02
9.414301828169879816e-02
1.016768540538519200e-01
1.087950852728934853e-01
1.154661849629114168e-01
1.216609438674333687e-01
1.273527235321928464e-01
1.325176776969944348e-01
1.371349331529343463e-01
1.411867225193529640e-01
1.446584633684430410e-01
1.475387806483026698e-01
1.498194722380502553e-01
