0.000000000000000000e+00
0.000000000000000000e+00
-2.408266822325349252e-04
-1.001706456993702640e-03
-2.372245876809849375e-03
-4.442240990769038070e-03
-7.237795460350512911e-03
-1.066659938594781594e-02
-1.449450946432840129e-02
-1.836976301783578916e-02
-2.189239583776601827e-02
-2.470367281663288575e-02
-2.655962195347005145e-02
-2.736253888283756569e-02
-2.714682807087889088e-02
-2.603471883899997896e-02
-2.418346657497105756e-02
-2.174038920332114003e-02
-1.881304134258843588e-02
-1.545495100155512211e-02
-1.166441677714511946e-02
-7.393813253432028783e-03
-2.567782439217225314e-03
2.890971122985784743e-03
9.030675297610320229e-03
1.583919087891801428e-02
2.322013374373213535e-02
3.098515018547240429e-02
3.886831318485398090e-02
4.656182783310520296e-02
5.376404390435692709e-02
6.022556227770349546e-02
6.578015137434245485e-02
7.035370874271827668e-02
7.395279047757363777e-02
7.664012121636470942e-02
7.850612289262025312e-02
7.964367743559150337e-02
8.013013957328987691e-02
8.001779197967623380e-02
7.933222705936496255e-02
7.807742480176765865e-02
7.624605219266289424e-02
7.383322394827702972e-02
7.085138948427258110e-02
6.734328978972105306e-02
6.338956865651627914e-02
5.910825486631605952e-02
5.464525437144231168e-02
5.015776158367622750e-02
4.579495874906133746e-02
4.168127591611040655e-02
3.790633638781646525e-02
3.452312875146714560e-02
3.155321171722964835e-02
2.899598752900258564e-02
2.683866343113693737e-02
2.506416121711945236e-02
2.365535993875455406e-02
2.259520673157667039e-02
2.186320346142884424e-02
2.142955424830280883e-02
2.124884631363290963e-02
2.125544233307859882e-02
2.136259319262522743e-02
2.146647023494585582e-02
2.145492630371019158e-02
2.121922875048740456e-02
2.066589948652937381e-02
1.972567609319467868e-02
1.835755565893584795e-02
1.654746110665039974e-02
1.430258786940317127e-02
1.164340314471311658e-02
8.595423101965874585e-03
5.182476344565070149e-03
1.422504203659580736e-03
-2.673683458484097959e-03
-7.100769329055239484e-03
-1.185484387107502667e-02
-1.692761888910157206e-02
-2.229997687215092353e-02
-2.793614427828138708e-02
-3.377987820074976333e-02
-3.975386843127114156e-02
-4.576299614575578961e-02
-5.170121572515885833e-02
-5.746087232721715232e-02
-6.294257220505192207e-02
-6.806356743971340995e-02
-7.276307452965918854e-02
-7.700383513740731434e-02
-8.077020669859651114e-02
-8.406381390569114820e-02
-8.689812422794128410e-02
-8.929324129788444864e-02
-9.127187230717133393e-02
-9.285698174958327555e-02
-9.407121613886880451e-02
-9.493783392292455547e-02
-9.548261899401734587e-02
-9.573609905545506227e-02
-9.573534461331151268e-02
-9.552471313482870097e-02
-9.515513779506974690e-02
-9.468191377199157432e-02
-9.416132569714429079e-02
-9.364676900465948584e-02
-9.318513779603308789e-02
-9.281413931508694648e-02
-9.256089672571360394e-02
-9.244183232252377314e-02
-9.246351099904480397e-02
-9.262395710580134667e-02
-9.291396009729492589e-02
-9.331802262006888560e-02
-9.381481670112783167e-02
-9.437723395972158480e-02
-9.497229011317730174e-02
-9.556123407926872537e-02
-9.610019646759757062e-02
-9.654159087235812675e-02
-9.683627998225718958e-02
-9.693628974904158757e-02
-9.679766746228317398e-02
-9.638299609033761095e-02
-9.566312864756686130e-02
-9.461787755901325536e-02
-9.323562959379810833e-02
-9.151208481917968984e-02
-8.944847805294822707e-02
-8.704970424199681700e-02
-8.432273885718954975e-02
-8.127564610302831505e-02
-7.791733270587711258e-02
-7.425805910509034047e-02
-7.031058035077838997e-02
-6.609166820603300241e-02
-6.162367681382557166e-02
-5.693577351168321865e-02
-5.206448173079904901e-02
-4.705328480801756336e-02
-4.195121047632809075e-02
-3.681052417254124243e-02
-3.168385349192728156e-02
-2.662119026546592992e-02
-2.166723236297810051e-02
-1.685943012684659736e-02
-1.222692475180081617e-02
-7.790363818188770009e-03
-3.562409845603271320e-03
4.513397046467795479e-04
4.251316071583696211e-03
7.843063519074062323e-03
1.123657863823818159e-02
1.444592236477186195e-02
1.748901961879774369e-02
2.038749311282196663e-02
2.316635653725503813e-02
2.585342126048493019e-02
2.847834246839684239e-02
3.107132710535490810e-02
3.366162098209282000e-02
3.627595880720510535e-02
3.893717927716646571e-02
4.166317327448690322e-02
4.446625893191666345e-02
4.735298694897498856e-02
5.032429991421166759e-02
5.337592080832744001e-02
5.649883672586782785e-02
5.967977029340217759e-02
6.290158074068454008e-02
6.614359293669193340e-02
6.938190063645506556e-02
7.258971828307421437e-02
7.573785807899878486e-02
7.879538595945079216e-02
8.173046783828508133e-02
8.451136711606969942e-02
8.710750937681716044e-02
8.949050284592804938e-02
9.163500136019754605e-02
9.351932118438077701e-02
9.512576769611279237e-02
9.644068136038898287e-02
9.745426159931820653e-02
9.816026128333760203e-02
9.855565727509310592e-02
9.864039258971668556e-02
9.841725659428127160e-02
9.789192759261862442e-02
9.707315512241630751e-02
9.597301593201416903e-02
9.460714625312161008e-02
9.299484067843062640e-02
9.115891893534144863e-02
8.912529591750914526e-02
8.692224174948010029e-02
8.457937650257914275e-02
8.212649472317937183e-02
7.959234555233098141e-02
7.700349750393578607e-02
7.438339331120963349e-02
7.175165764396877754e-02
6.912367167115855693e-02
6.651038653324876926e-02
6.391832234979547001e-02
6.134969408610739527e-02
5.880261806791101803e-02
5.627137631055706413e-02
5.374674120446715914e-02
5.121638198725449176e-02
4.866538083746844295e-02
4.607687817680069381e-02
4.343284598171172350e-02
4.071496041018589362e-02
3.790551880168073484e-02
3.498832890128634326e-02
3.194949526945461277e-02
2.877804041904328050e-02
2.546632304214391587e-02
2.201024632010726775e-02
1.840927825081646249e-02
1.466632684942398637e-02
1.078752240390837454e-02
6.781956380050385702e-03
2.661414539691046161e-03
-1.559875476752420158e-03
-5.865479827711744462e-03
-1.023698973277403779e-02
-1.465426910857536846e-02
-1.909574053569460667e-02
-2.353872585452663341e-02
-2.795984705474988119e-02
-3.233548030129317075e-02
-3.664224402676416470e-02
-4.085749373935279594e-02
-4.495979328917879686e-02
-4.892933519473893073e-02
-5.274829025849720604e-02
-5.640107703189575772e-02
-5.987455216179076584e-02
-6.315813085690329121e-02
-6.624385097199410322e-02
-6.912639390641864279e-02
-7.180307118350573448e-02
-7.427377871134968612e-02
-7.654091340483237804e-02
-7.860924125241722238e-02
-8.048570380520742029e-02
-8.217915236322502481e-02
-8.370000563314876352e-02
-8.505983601781291759e-02
-8.627089984501577768e-02
-8.734563536914699555e-02
-8.829615730317051658e-02
-8.913377694059951284e-02
-8.986857281824719990e-02
-9.050902968124793779e-02
-9.106175524303203317e-02
-9.153127693124156472e-02
-9.191991597931083169e-02
-9.222773444697343614e-02
-9.245255162231995338e-02
-9.259002858362204436e-02
-9.263382191983189629e-02
-9.257580827046847649e-02
-9.240637952356979545e-02
-9.211480407244279633e-02
-9.168964318375036338e-02
-9.111920463102633760e-02
-9.039200994912692522e-02
-8.949724846014950330e-02
-8.842519154437905593e-02
-8.716754461227811668e-02
-8.571772118596322765e-02
-8.407103211261494902e-02
-8.222479162835280575e-02
-8.017834930077315236e-02
-7.793306175286662807e-02
-7.549222004801095509e-02
-7.286094782781482593e-02
-7.004608235046790032e-02
-6.705604637006146174e-02
-6.390071429735580399e-02
-6.059127215733843552e-02
-5.714006814555123298e-02
-5.356044942086535254e-02
-4.986658118256401262e-02
-4.607324581423195148e-02
-4.219562248524945380e-02
-3.824905053068525240e-02
-3.424878263706090942e-02
-3.020973590454415977e-02
-2.614624996937028531e-02
-2.207186148917537200e-02
-1.799910353793572268e-02
-1.393933707379238149e-02
-9.902619929892459566e-03
-5.897617005477452656e-03
-1.931553686017136243e-03
1.989786929108498803e-03
5.862023690390912034e-03
9.682095841018775392e-03
1.344814331388898172e-02
1.715935318657249575e-02
2.081577783436806828e-02
2.441813145685284292e-02
2.796757253207775296e-02
3.146548022062511940e-02
3.491323269736688883e-02
3.831199481974081889e-02
4.166252153629604327e-02
4.496498216907617029e-02
4.821880937908349513e-02
5.142257544351193366e-02
5.457389757313774875e-02
5.766937342292229735e-02
6.070454764629541755e-02
6.367391018451754037e-02
6.657092679900415699e-02
6.938810198589588640e-02
7.211707374740974896e-02
7.474873870097763218e-02
7.727340474031306472e-02
7.968096705527208390e-02
8.196110195270660259e-02
8.410347179425692321e-02
8.609793364908804869e-02
8.793474406199577875e-02
8.960475269521459007e-02
9.109957847038875622e-02
9.241176310134335825e-02
9.353489840812588552e-02
9.446372536021904742e-02
9.519420424469160480e-02
9.572355656083997300e-02
9.605028012436045426e-02
9.617413939558519531e-02
9.609613325579059728e-02
9.581844241435960585e-02
9.534435843681750289e-02
9.467819614847129694e-02
9.382519099148645125e-02
9.279138287211392833e-02
9.158348817230280159e-02
9.020876191935714439e-02
8.867485257365131934e-02
8.698965244201337099e-02
8.516114726899780274e-02
8.319726901175915346e-02
8.110575608883890952e-02
7.889402545281828938e-02
7.656906064358200148e-02
7.413731953413936482e-02
7.160466481105524916e-02
6.897631938122904260e-02
6.625684792092753628e-02
6.345016473992218242e-02
6.055956708053515658e-02
5.758779196259045802e-02
5.453709377165410349e-02
5.140933901721964072e-02
4.820611410299166510e-02
4.492884158923302063e-02
4.157890031157569083e-02
3.815774485915757880e-02
3.466702029384630818e-02
3.110866857553527820e-02
2.748502388946137687e-02
2.379889487885548244e-02
2.005363259242062476e-02
1.625318368712504180e-02
1.240212902140871640e-02
8.505708190927630322e-03
4.569830781242005535e-03
6.010751469732230484e-04
-3.393324595082833350e-03
-7.405502902684957603e-03
-1.142699829911697496e-02
-1.544880010719564510e-02
-1.946140669878697674e-02
-2.345489557821286639e-02
-2.741900548284408393e-02
-3.134323034467231123e-02
-3.521692441436962556e-02
-3.902941713462645956e-02
-4.277013552237834970e-02
-4.642873096642527453e-02
-4.999520657313606675e-02
-5.346004060958128162e-02
-5.681430130126304684e-02
-6.004974831330756740e-02
-6.315891670899864696e-02
-6.613518001482558695e-02
-6.897279015098872756e-02
-7.166689329170569667e-02
-7.421352205735168295e-02
-7.660956566641675958e-02
-7.885272066880599784e-02
-8.094142556490141471e-02
-8.287478296125500021e-02
-8.465247294961612823e-02
-8.627466118780545423e-02
-8.774190479829713230e-02
-8.905505877557126637e-02
-9.021518518334036008e-02
-9.122346707711898040e-02
-9.208112882387005371e-02
-9.278936429762027482e-02
-9.334927427758123175e-02
-9.376181422560751766e-02
-9.402775343899488769e-02
-9.414764634121948472e-02
-9.412181638169207776e-02
-9.395035267520931987e-02
-9.363311914217417598e-02
-9.316977553610718277e-02
-9.255980938932267810e-02
-9.180257759124650641e-02
-9.089735605282875386e-02
-8.984339571772903543e-02
-8.863998306747231104e-02
-8.728650324342952793e-02
-8.578250398085732198e-02
-8.412775872188985038e-02
-8.232232753903301337e-02
-8.036661483966940633e-02
-7.826142320230590477e-02
-7.600800307030797232e-02
-7.360809834302932397e-02
-7.106398810024447399e-02
-6.837852472436772855e-02
-6.555516851540482692e-02
-6.259801852325330707e-02
-5.951183878267268801e-02
-5.630207849615574689e-02
-5.297488406943088451e-02
-4.953710038530942383e-02
-4.599625843056013436e-02
-4.236054647710621457e-02
-3.863876253304897312e-02
-3.484024673117522286e-02
-3.097479365149980943e-02
-2.705254614768663746e-02
-2.308387387648916725e-02
-1.907924119900323429e-02
-1.504907022727479740e-02
-1.100360537333693392e-02
-6.952785742950818443e-03
-2.906131119509373917e-03
1.127353791164289673e-03
5.139253569206885496e-03
9.121792955894681212e-03
1.306786403937132933e-02
1.697103061486603462e-02
2.082551151483619939e-02
2.462614533253768695e-02
2.836833932403924619e-02
3.204800543556204223e-02
3.566148643833553372e-02
3.920547512146513314e-02
4.267692942929566385e-02
4.607298634177043467e-02
4.939087717316172771e-02
5.262784678720938691e-02
5.578107898017690969e-02
5.884762996535942287e-02
6.182437151662993624e-02
6.470794492117164232e-02
6.749472648530051300e-02
7.018080496294192006e-02
7.276197095580962115e-02
7.523371807726647598e-02
7.759125547592544969e-02
7.982953116964297546e-02
8.194326553186427609e-02
8.392699418821090995e-02
8.577511951436068982e-02
8.748196987426107296e-02
8.904186570083483243e-02
9.044919149861684049e-02
9.169847283285116613e-02
9.278445734803175693e-02
9.370219880818771163e-02
9.444714304425796958e-02
9.501521450549622883e-02
9.540290182742133807e-02
9.560734045318798613e-02
9.562638990916599857e-02
9.545870289776775541e-02
9.510378301376883059e-02
9.456202770998325957e-02
9.383475322572848443e-02
9.292419861492338951e-02
9.183350679551986750e-02
9.056668165890827127e-02
8.912852163984899545e-02
8.752453161878101517e-02
8.576081644546462712e-02
8.384396057202941899e-02
8.178089912947207607e-02
7.957878619116098839e-02
7.724486592048109002e-02
7.478635184017214110e-02
7.221031867919537606e-02
6.952361026631630192e-02
6.673276586742091232e-02
6.384396630747191104e-02
6.086300024978108514e-02
5.779525016445127839e-02
5.464569681714657318e-02
5.141894054484664328e-02
4.811923714716441480e-02
4.475054590263258941e-02
4.131658701724565119e-02
3.782090573001730544e-02
3.426694033977009668e-02
3.065809157561570630e-02
2.699779099774095997e-02
2.328956646145219009e-02
1.953710307338947516e-02
1.574429847754645062e-02
1.191531169461777957e-02
8.054605071872843886e-03
4.166979162271503001e-03
2.576005312682986409e-04
-3.667977412762829341e-03
-7.603800446994591483e-03
-1.154350634789811508e-02
-1.548032451321277800e-02
-1.940708254977624100e-02
-2.331622014086797562e-02
-2.719981066326716129e-02
-3.104959115520680712e-02
-3.485700131002519159e-02
-3.861323215073694803e-02
-4.230928489227549216e-02
-4.593604019186996873e-02
-4.948433750996773101e-02
-5.294506366352837862e-02
-5.630924888884174945e-02
-5.956816791152834412e-02
-6.271344274257138751e-02
-6.573714329143449941e-02
-6.863188151849052010e-02
-7.139089482456131841e-02
-7.400811473943492980e-02
-7.647821771369825439e-02
-7.879665587184232767e-02
-8.095966683346032811e-02
-8.296426300781725716e-02
-8.480820196505188535e-02
-8.648994045633820460e-02
-8.800857530957544028e-02
-8.936377473449791387e-02
-9.055570355305324337e-02
-9.158494559212494723e-02
-9.245242602635063423e-02
-9.315933593473176011e-02
-9.370706081971880153e-02
-9.409711439105042374e-02
-9.433107856913568179e-02
-9.441055041702219042e-02
-9.433709654818184243e-02
-9.411221545041092984e-02
-9.373730808308858298e-02
-9.321365702016376487e-02
-9.254241430818145597e-02
-9.172459808120039804e-02
-9.076109782489316657e-02
-8.965268801833471690e-02
-8.840004971444104243e-02
-8.700379945947814275e-02
-8.546452480830589449e-02
-8.378282557336549918e-02
-8.195935985850190397e-02
-7.999489387806925367e-02
-7.789035454888672272e-02
-7.564688386456792923e-02
-7.326589410983770645e-02
-7.074912303151083270e-02
-6.809868813187201775e-02
-6.531713926495376354e-02
-6.240750867330859680e-02
-5.937335748561003990e-02
-5.621881749985032511e-02
-5.294862681706224983e-02
-4.956815760121295600e-02
-4.608343397695948557e-02
-4.250113790757722304e-02
-3.882860089432425138e-02
-3.507377957049152839e-02
-3.124521376914344423e-02
-2.735196642657584942e-02
-2.340354570187688082e-02
-1.940981085907939399e-02
-1.538086464824867973e-02
-1.132693599314025211e-02
-7.258257609027729887e-03
-3.184943628448518894e-03
8.831276514017017201e-04
4.936421164100486536e-03
8.965838606918911241e-03
1.296279508143897627e-02
1.691927690393689454e-02
2.082787972900983914e-02
2.468182709793918447e-02
2.847497031261668823e-02
3.220177112279117709e-02
3.585726911129325650e-02
3.943703590511703910e-02
4.293711847536429288e-02
4.635397385752520333e-02
4.968439765368415362e-02
5.292544868195035029e-02
5.607437211354016765e-02
5.912852337410044734e-02
6.208529497173129880e-02
6.494204824368687845e-02
6.769605178967171011e-02
7.034442809388517792e-02
7.288410954893978499e-02
7.531180480328146520e-02
7.762397607845922254e-02
7.981682785663077317e-02
8.188630712778358078e-02
8.382811520866730037e-02
8.563773099378602094e-02
8.731044536156795655e-02
8.884140632296438911e-02
9.022567435233853905e-02
9.145828717012065290e-02
9.253433304415709104e-02
9.344903143591030970e-02
9.419781953681929942e-02
9.477644292308722018e-02
9.518104821536875482e-02
9.540827528395824653e-02
9.545534622080617537e-02
9.532014804678408393e-02
9.500130598171954710e-02
9.449824412167955046e-02
9.381123058120634239e-02
9.294140459028789325e-02
9.189078368613441683e-02
9.066224997999434987e-02
8.925951545329563475e-02
8.768706726703033583e-02
8.595009506297518476e-02
8.405440310546156979e-02
8.200631078292208720e-02
7.981254540995524893e-02
7.748013142568278833e-02
7.501627998727648794e-02
7.242828264954724593e-02
6.972341235959310379e-02
6.690883444156198179e-02
6.399152965656546010e-02
6.097823083938830324e-02
5.787537406332837059e-02
5.468906477875688094e-02
5.142505891075498797e-02
4.808875848268272940e-02
4.468522095267257743e-02
4.121918110996446172e-02
3.769508408420310652e-02
3.411712778385588701e-02
3.048931291150888678e-02
2.681549861343132321e-02
2.309946181271661791e-02
1.934495834677289056e-02
1.555578417088803421e-02
1.173583508362324723e-02
7.889163655968270406e-03
4.020032281298705455e-03
1.329614838983259398e-04
-3.767227191254138990e-03
-7.675374253274998629e-03
-1.158595178486908003e-02
-1.549303989178277968e-02
-1.939031063961480991e-02
-2.327102016021199288e-02
-2.712800976165042482e-02
-3.095371701767522798e-02
-3.474019789869643715e-02
-3.847916098690770670e-02
-4.216201464533577553e-02
-4.577992764874946885e-02
-4.932390321874226963e-02
-5.278486565118685470e-02
-5.615375783187705194e-02
-5.942164699024757996e-02
-6.257983515316660472e-02
-6.561997005448647058e-02
-6.853415184657957182e-02
-7.131503093239881241e-02
-7.395589262627273730e-02
-7.645072513387285440e-02
-7.879426843174074102e-02
-8.098204289221150320e-02
-8.301035778365199735e-02
-8.487630092510427271e-02
-8.657771166541353147e-02
-8.811313991667968359e-02
-8.948179418650141492e-02
-9.068348146486189532e-02
-9.171854151335112615e-02
-9.258777768167583688e-02
-9.329238594295721776e-02
-9.383388347877447133e-02
-9.421403790802214406e-02
-9.443479815397552712e-02
-9.449822796159350335e-02
-9.440644316846708017e-02
-9.416155394367467513e-02
-9.376561328705183829e-02
-9.322057308725996416e-02
-9.252824894881601925e-02
-9.169029481321661068e-02
-9.070818813085987364e-02
-8.958322601294468890e-02
-8.831653243533502118e-02
-8.690907620911347831e-02
-8.536169910155094742e-02
-8.367515320768223464e-02
-8.185014645179365667e-02
-7.988739494861177293e-02
-7.778768087747994775e-02
-7.555191451312025241e-02
-7.318119909899516162e-02
-7.067689732071506803e-02
-6.804069820747557507e-02
-6.527468332592779865e-02
-6.238139110209186405e-02
-5.936387799079785588e-02
-5.622577500267059158e-02
-5.297133781184660412e-02
-4.960548834434264087e-02
-4.613384545163941308e-02
-4.256274208754162736e-02
-3.889922641412116994e-02
-3.515104453832453707e-02
-3.132660316941435902e-02
-2.743491138957702968e-02
-2.348550189377925437e-02
-1.948833337644079872e-02
-1.545367707794072579e-02
-1.139199169162656393e-02
-7.313791720066123957e-03
-3.229514844010490139e-03
8.506061252949387655e-04
4.916661585236388118e-03
8.959169465712115907e-03
1.296916229652514407e-02
1.693825494279470670e-02
2.085869206025726952e-02
2.472337530415950890e-02
2.852587110017608049e-02
3.226040033980314553e-02
3.592181172208298162e-02
3.950554067873001535e-02
4.300755594772352058e-02
4.642429594916518132e-02
4.975259719566296757e-02
5.298961704482715862e-02
5.613275316253695663e-02
5.917956209110629417e-02
6.212767928423001268e-02
6.497474286586135683e-02
6.771832319030683667e-02
7.035586003596425164e-02
7.288460897529430715e-02
7.530159815361006648e-02
7.760359640310339480e-02
7.978709333487971067e-02
8.184829180136217464e-02
8.378311290650675147e-02
8.558721355679589637e-02
8.725601638171645580e-02
8.878475169522451194e-02
9.016851100541160846e-02
9.140231139448390385e-02
9.248116987301344127e-02
9.340018655161243244e-02
9.415463516431293867e-02
9.474005912199709445e-02
9.515237088121449027e-02
9.538795200509135597e-02
9.544375090302266440e-02
9.531737491071705370e-02
9.500717316656963340e-02
9.451230671044949516e-02
9.383280242516493785e-02
9.296958788919236494e-02
9.192450491420096903e-02
9.070030047154797881e-02
8.930059480371432823e-02
8.772982767774911705e-02
8.599318486132578876e-02
8.409650788220469908e-02
8.204619088070175259e-02
7.984906882541144280e-02
7.751230151689146586e-02
7.504325767285149884e-02
7.244940302339156202e-02
6.973819581650742006e-02
6.691699251716572150e-02
6.399296584370640917e-02
6.097303667141127509e-02
5.786382077193075874e-02
5.467159085685894399e-02
5.140225394875082288e-02
4.806134370224048047e-02
4.465402693196817568e-02
4.118512326925932721e-02
3.765913657027264438e-02
3.408029644552447446e-02
3.045260808826509916e-02
2.677990845993964003e-02
2.306592685279346480e-02
1.931434789311761019e-02
1.552887516616968319e-02
1.171329382074831615e-02
7.871530727739668720e-03
4.007710999721508099e-03
1.262099042694032371e-04
-3.768300600306928334e-03
-7.670811330591654348e-03
-1.157594188428778120e-02
-1.547791371233112404e-02
-1.937053083803513126e-02
-2.324716891877797939e-02
-2.710077349550777531e-02
-3.092386842525466500e-02
-3.470857559615494331e-02
-3.844664703108832682e-02
-4.212951034325766730e-02
-4.574832817294809117e-02
-4.929407168748164286e-02
-5.275760747414082880e-02
-5.612979624324281741e-02
-5.940160076785941379e-02
-6.256419953126593492e-02
-6.560910176314303788e-02
-6.852825904681167368e-02
-7.131416857053336777e-02
-7.395996342512586863e-02
-7.645948610377026333e-02
-7.880734245878512345e-02
-8.099893468134734820e-02
-8.303047322960135923e-02
-8.489896887262417258e-02
-8.660220700445024622e-02
-8.813870702673355650e-02
-8.950766987594224733e-02
-9.070891671734260253e-02
-9.174282152693664927e-02
-9.261023984360772232e-02
-9.331243550890205851e-02
-9.385100681404737188e-02
-9.422781320230462498e-02
-9.444490354942849941e-02
-9.450444704914315319e-02
-9.440866782054181672e-02
-9.415978447333150925e-02
-9.375995595867829546e-02
-9.321123505384364127e-02
-9.251553075232826773e-02
-9.167458065266709255e-02
-9.068993417075690844e-02
-8.956294706721235066e-02
-8.829478741322140112e-02
-8.688645274665497686e-02
-8.533879782238250333e-02
-8.365257205907851434e-02
-8.182846554531356120e-02
-7.986716229998069849e-02
-7.776939938884808168e-02
-7.553603047544915627e-02
-7.316809241756670745e-02
-7.066687358875944902e-02
-6.803398267899682383e-02
-6.527141677659617502e-02
-6.238162752329719229e-02
-5.936758404107760762e-02
-5.623283114371092212e-02
-5.298154107979054228e-02
-4.961855674352919077e-02
-4.614942399580699434e-02
-4.258041053960753830e-02
-3.891850877684098486e-02
-3.517142031435022131e-02
-3.134752033589081888e-02
-2.745580092208565332e-02
-2.350579353758859569e-02
-1.950747221685106281e-02
-1.547114032737004208e-02
-1.140730501077144229e-02
-7.326544342064108747e-03
-3.239372784842323855e-03
8.438894085595616268e-04
4.913237592653722091e-03
8.959090439849382026e-03
1.297238053341596628e-02
1.694462557718422885e-02
2.086797910497023567e-02
2.473526058770135483e-02
2.853996564963141511e-02
3.227625769692483299e-02
3.593894265379300734e-02
3.952342874147347224e-02
4.302567338065514668e-02
4.644211939811827144e-02
4.976962280480937834e-02
5.300537449473028545e-02
5.614681828223661714e-02
5.919156772861045718e-02
6.213732418430512050e-02
6.498179837500545064e-02
6.772263768358977032e-02
7.035736103540991826e-02
7.288330300081090340e-02
7.529756841182055904e-02
7.759699847455323041e-02
7.977814906507987858e-02
8.183728163620072882e-02
8.377036693869610584e-02
8.557310156834407877e-02
8.724093717870091969e-02
8.876912203554840342e-02
9.015275441722980787e-02
9.138684717173845007e-02
9.246640251429880109e-02
9.338649587939909513e-02
9.414236732458318435e-02
9.472951862219149144e-02
9.514381378093657304e-02
9.538158033391937185e-02
9.543970834760852340e-02
9.531574379261392727e-02
9.500797272439223673e-02
9.451549270381781609e-02
9.383826808935155639e-02
9.297716628205483780e-02
9.193397270311014224e-02
9.071138320012185619e-02
8.931297365060773819e-02
8.774314767017864225e-02
8.600706443616616681e-02
8.411054960321294460e-02
8.205999303080714624e-02
7.986223750891381645e-02
7.752446283863144438e-02
7.505406951892690248e-02
7.245856595662288069e-02
6.974546262162623078e-02
6.692217598388003341e-02
6.399594445553358213e-02
6.097375796749297805e-02
5.786230225996676080e-02
5.466791846978921038e-02
5.139657814852904155e-02
4.805387343473257328e-02
4.464502172272032804e-02
4.117488381697412270e-02
3.764799424096447467e-02
3.406860209442721943e-02
3.044072063884496054e-02
2.676818365130859134e-02
2.305470653112140153e-02
1.930395017304234462e-02
1.551958572917590262e-02
1.170535855380993272e-02
7.865149841789369212e-03
4.003034707652871130e-03
1.233356850587280854e-04
-3.769329169568969191e-03
-7.670004229179768276e-03
-1.157336087176366254e-02
-1.547366922734186474e-02
-1.936477769599668358e-02
-2.324010094907576207e-02
-2.709261727498960687e-02
-3.091487628110017871e-02
-3.469901806735850580e-02
-3.843680499253916694e-02
-4.211966700779211370e-02
-4.573876119252219541e-02
-4.928504557267737035e-02
-5.274936654015736914e-02
-5.612255827000265512e-02
-5.939555153285631939e-02
-6.255948833855995428e-02
-6.560583805369057941e-02
-6.852651013773501665e-02
-7.131395853731681278e-02
-7.396127311343737853e-02
-7.646225423754648975e-02
-7.881146779764111598e-02
-8.100427917108803111e-02
-8.303686608150345760e-02
-8.490621149692155478e-02
-8.661007870838954847e-02
-8.814697136623221574e-02
-8.951608152251143424e-02
-9.071722867051927597e-02
-9.175079247048449627e-02
-9.261764141563905151e-02
-9.331905923652293600e-02
-9.385667045627670013e-02
-9.423236625375334963e-02
-9.444823168267044156e-02
-9.450647531498994336e-02
-9.440936247977102513e-02
-9.415915339652540517e-02
-9.375804759753843254e-02
-9.320813605232228238e-02
-9.251136232435051843e-02
-9.166949390135625819e-02
-9.068410455953010429e-02
-8.955656827492500249e-02
-8.828806481403994599e-02
-8.687959675187327535e-02
-8.533201730799944151e-02
-8.364606808200626686e-02
-8.182242552505039623e-02
-7.986175481378335328e-02
-7.776476969890182278e-02
-7.553229687787481328e-02
-7.316534347644658431e-02
-7.066516629429148155e-02
-6.803334154743369278e-02
-6.527183389032595318e-02
-6.238306349141811702e-02
-5.936996984305166480e-02
-5.623607080012948956e-02
-5.298551507424677232e-02
-4.962312609793597534e-02
-4.615443487885712015e-02
-4.258569926589260424e-02
-3.892390703458584178e-02
-3.517676044535561486e-02
-3.135264048466244319e-02
-2.746054987427479915e-02
-2.351003508175796355e-02
-1.951108888781511244e-02
-1.547403642208410209e-02
-1.140940880584681225e-02
-7.327809481596795661e-03
-3.239778844407475815e-03
8.443371445031625996e-04
4.914509079207541632e-03
8.961132470236023856e-03
1.297511890457144976e-02
1.694796773756252622e-02
2.087181720102936414e-02
2.473947482730317476e-02
2.854442790089024157e-02
3.228083523893190976e-02
3.594350199127294837e-02
3.952783938990207108e-02
4.302981152341318200e-02
4.644587131477707909e-02
4.977288797127785852e-02
5.300806826276159567e-02
5.614887405791723490e-02
5.919293858634775557e-02
6.213798387325455974e-02
6.498174169720769000e-02
6.772188024560441000e-02
7.035593839639778246e-02
7.288126925866200700e-02
7.529499428433993058e-02
7.759396894464568040e-02
7.977476066743771632e-02
8.183363946857782900e-02
8.376658148396898262e-02
8.556928541476734040e-02
8.723720172556020946e-02
8.876557427018420821e-02
9.014949384738413229e-02
9.138396299441704784e-02
9.246397109870456432e-02
9.338457863664521852e-02
9.414100903034056111e-02
9.472874624956277578e-02
9.514363588907802372e-02
9.538198704278914863e-02
9.544067191054629584e-02
9.531721975654701418e-02
9.500990164317728304e-02
9.451780234501200306e-02
9.384087605050800418e-02
9.297998291168338425e-02
9.193690420593936263e-02
9.071433479805493527e-02
8.931585267086851465e-02
8.774586644071485919e-02
8.600954288449426388e-02
8.411271747671258958e-02
8.206179168153646120e-02
7.986362121163595451e-02
7.752539963446275495e-02
7.505454159697620697e-02
7.245856960116164869e-02
6.974500776256029044e-02
6.692128539419064936e-02
6.399465264202322534e-02
6.097210980189560203e-02
5.786035139743219563e-02
5.466572560175377710e-02
5.139420913741771929e-02
4.805139737874238731e-02
4.464250899972189296e-02
4.117240415678399823e-02
3.764561487433844278e-02
3.406638602470180022e-02
3.043872507803864827e-02
2.676645865675922331e-02
2.305329387166849681e-02
1.930288244579562995e-02
1.551888573954508799e-02
1.170503896320805072e-02
7.865213079715095007e-03
4.003473138077875970e-03
1.241320114683331158e-04
-3.768201280344039318e-03
-7.668579326998459580e-03
-1.157168073119734138e-02
-1.547178170815530739e-02
-1.936273548014990839e-02
-2.323796017761486574e-02
-2.709043610775467223e-02
-3.091271340252921274e-02
-3.469693116324418236e-02
-3.843484922562769024e-02
-4.211789352452286611e-02
-4.573721569854419244e-02
-4.928376702021822209e-02
-5.274838597472828600e-02
-5.612189788600822210e-02
-5.939522398621251142e-02
-6.255949635849922252e-02
-6.560617438519952827e-02
-6.852715783090411461e-02
-7.131489158142483020e-02
-7.396245739363782601e-02
-7.646364877275083072e-02
-7.881302620181168672e-02
-8.100595126850927696e-02
-8.303859960085654968e-02
-8.490795376943809092e-02
-8.661177830141748857e-02
-8.814857959390867692e-02
-8.951755378816948772e-02
-9.071852560914264729e-02
-9.175188087237982903e-02
-9.261849492339868650e-02
-9.331965881575080002e-02
-9.385700464644400332e-02
-9.423243120936238004e-02
-9.444803101729738748e-02
-9.450601976245737168e-02
-9.440866938825351329e-02
-9.415824607317914430e-02
-9.375695452337551306e-02
-9.320688998941097092e-02
-9.250999933975950773e-02
-9.166805233426772448e-02
-9.068262395934460762e-02
-8.955508833877087738e-02
-8.828662435177324352e-02
-8.687823270538772014e-02
-8.533076384949256354e-02
-8.364495581283475090e-02
-8.182148079304567279e-02
-7.986099916250485875e-02
-7.776421945744442510e-02
-7.553196289474528591e-02
-7.316523099598060131e-02
-7.066527496945754216e-02
-6.803366557904691470e-02
-6.527236228002200602e-02
-6.238378039446071388e-02
-5.937085500723815468e-02
-5.623710007856944776e-02
-5.298666100223377307e-02
-4.962435852692229088e-02
-4.615572166295572182e-02
-4.258700699763821179e-02
-3.892520182628282643e-02
-3.517800874988952220e-02
-3.135380994519303133e-02
-2.746161018622694794e-02
-2.351095884383781753e-02
-1.951185241252997860e-02
-1.547462047164226313e-02
-1.140979921741413355e-02
-7.327997647382156719e-03
-3.239762017112824376e-03
8.445557420903781684e-04
4.914920351167301540e-03
8.961721750084326865e-03
1.297586645111799449e-02
1.694884940171872967e-02
2.087280523344263450e-02
2.474053879155956037e-02
2.854553565455518471e-02
3.228195394456884887e-02
3.594459912127982021e-02
3.952888369197641444e-02
4.303077391720875472e-02
4.644672569449896649e-02
4.977361189338171815e-02
5.300864350249721857e-02
5.614928702316637765e-02
5.919318058202619609e-02
6.213805121440502816e-02
6.498163567366559146e-02
6.772160694558482241e-02
7.035550840032957221e-02
7.288069721791230748e-02
7.529429840202341018e-02
7.759317037747412438e-02
7.977388286858627664e-02
8.183270749192707305e-02
8.376562126994141488e-02
8.556832307741131516e-02
8.723626285959579230e-02
8.876468329542065716e-02
9.014867340621617042e-02
9.138323341597021088e-02
9.246334994061948531e-02
9.338408031251986541e-02
9.414064452762420376e-02
9.472852293943453961e-02
9.514355742682532868e-02
9.538205335472262070e-02
9.544087926179876946e-02
9.531756089335302606e-02
9.501036600340911908e-02
9.451837633167491093e-02
9.384154336422181886e-02
9.298072493943818073e-02
9.193770046411509078e-02
9.071516342741763050e-02
8.931669097974148652e-02
8.774669148975373922e-02
8.601033210270975227e-02
8.411344929405624449e-02
8.206244615911854889e-02
7.986418064715043730e-02
7.752584911824925151e-02
7.505486949377765393e-02
7.245876793422752205e-02
6.974507248023660566e-02
6.692121650424223689e-02
6.399445420520018246e-02
6.097178978314498482e-02
5.785992138011580854e-02
5.466520037675852428e-02
5.139360618472033765e-02
4.805073626350732374e-02
4.464181070817326707e-02
4.117169039880889253e-02
3.764490738005157877e-02
3.406570586111798415e-02
3.043809200971841697e-02
2.676589057103692659e-02
2.305280628511064203e-02
1.930248810417077576e-02
1.551859431912008813e-02
1.170485687690320936e-02
7.865143387788486873e-03
4.003515559731904080e-03
1.242830311617587093e-04
-3.767948220040798213e-03
-7.668233555525046097e-03
-1.157125401352295316e-02
-1.547128785271395177e-02
-1.936218990265111545e-02
-2.323737943258881444e-02
-2.708983740010399363e-02
-3.091211409177700015e-02
-3.469634827351331108e-02
-3.843429897453443100e-02
-4.211739088396718178e-02
-4.573677399968803514e-02
-4.928339761366330035e-02
-5.274809795501304160e-02
-5.612169788710991841e-02
-5.939511605193006916e-02
-6.255948188864675352e-02
-6.560625215573909208e-02
-6.852732408375585005e-02
-7.131514017791477922e-02
-7.396278002447294331e-02
-7.646403521701101991e-02
-7.881346462756323723e-02
-8.100642856802646452e-02
