0.000000000000000000e+00
0.000000000000000000e+00
-1.826250337536504897e-04
-7.507437983621334607e-04
-1.751556253863846427e-03
-3.246347370095906300e-03
-5.297347387780163876e-03
-7.954564097373707093e-03
-1.124359000633027086e-02
-1.515557531729075369e-02
-1.964063463018968225e-02
-2.460579393280942079e-02
-2.991812156123372507e-02
-3.541295771696451045e-02
-4.090630423746804967e-02
-4.620967558792576230e-02
-5.114526100008579684e-02
-5.555924256954018065e-02
-5.933155515055830997e-02
-6.238112629533089371e-02
-6.466648415992530541e-02
-6.618235585353793304e-02
-6.695335548586979491e-02
-6.702603638267065622e-02
-6.646049852319928231e-02
-6.532249260838642047e-02
-6.367664734671678317e-02
-6.158114721522580520e-02
-5.908395216094705638e-02
-5.622049532875775246e-02
-5.301271437764378675e-02
-4.946924850322674538e-02
-4.558664516173512732e-02
-4.135144709281032838e-02
-3.674305457775488282e-02
-3.173726733317782517e-02
-2.631039690139242229e-02
-2.044380040604537596e-02
-1.412862189592745815e-02
-7.370446114882521146e-03
-1.934860477571121590e-04
7.356139099546704467e-03
1.520849998538976663e-02
2.326974575225939854e-02
3.142407495809320522e-02
3.953786762225947743e-02
4.746578564885908791e-02
5.505835996636503082e-02
6.217033381422736038e-02
6.866888027942766315e-02
7.444079919477436524e-02
7.939793398863212448e-02
8.348030763327021764e-02
8.665680410978936210e-02
8.892355025347009612e-02
9.030042082120416647e-02
9.082625675433249335e-02
9.055344068927972945e-02
8.954242836095877012e-02
8.785671999084988804e-02
8.555860794704163441e-02
8.270588783836244073e-02
7.934959209200677377e-02
7.553270918969517966e-02
7.128978977023869845e-02
6.664730794425006988e-02
6.162463443923792139e-02
5.623547916511841688e-02
5.048966735158009339e-02
4.439512068464666894e-02
3.795992043981374214e-02
3.119433325846549671e-02
2.411268339539560102e-02
1.673496040049871070e-02
9.088060921192580785e-03
1.206579742794731264e-03
-6.866910672406044414e-03
-1.508212150888032371e-02
-2.338184256493658006e-02
-3.170322518268302997e-02
-3.997947119006466099e-02
-4.814181592817225186e-02
-5.612167316582906962e-02
-6.385280127766668201e-02
-7.127335404364232296e-02
-7.832769480536654061e-02
-8.496787718458063965e-02
-9.115472600279803106e-02
-9.685848501092253482e-02
-1.020590302952296691e-01
-1.067456770573366187e-01
-1.109166308945510604e-01
-1.145781515581054122e-01
-1.177435070221632823e-01
-1.204317987846525578e-01
-1.226667363745559680e-01
-1.244754311451146123e-01
-1.258872678817604118e-01
-1.269328989146426001e-01
-1.276433906227063819e-01
-1.280495376357483894e-01
-1.281813466618217379e-01
-1.280676804216190623e-01
-1.277360431329307988e-01
-1.272124825881341958e-01
-1.265215801283306740e-01
-1.256864985966439363e-01
-1.247290593873292275e-01
-1.236698226517635585e-01
-1.225281491788374200e-01
-1.213222280033121603e-01
-1.200690599575257173e-01
-1.187843937058400690e-01
-1.174826168295331624e-01
-1.161766098327611102e-01
-1.148775751459505945e-01
-1.135948560310512390e-01
-1.123357615853247532e-01
-1.111054137820288723e-01
-1.099066308108435225e-01
-1.087398581544350429e-01
-1.076031552248295498e-01
-1.064922413987835909e-01
-1.054006013451701668e-01
-1.043196459847646612e-01
-1.032389225261340221e-01
-1.021463649302247062e-01
-1.010285749070487515e-01
-9.987112308022984275e-02
-9.865886014036100160e-02
-9.737622848231794470e-02
-9.600756581765271247e-02
-9.453739342537999246e-02
-9.295068294430314237e-02
-9.123309685105149280e-02
-8.937119898187959044e-02
-8.735263264232567826e-02
-8.516626502020983869e-02
-8.280229778722207612e-02
-8.025234494389595075e-02
-7.750948011445789321e-02
-7.456825659288859875e-02
-7.142470442166531930e-02
-6.807630957985751075e-02
-6.452198089411124993e-02
-6.076201049823148209e-02
-5.679803350513635413e-02
-5.263299199469546885e-02
-4.827110746916742773e-02
-4.371786462532054746e-02
-3.898000771326199515e-02
-3.406554900139151243e-02
-2.898378707393387682e-02
-2.374533099690968527e-02
-1.836212494928388464e-02
-1.284746686892280707e-02
-7.216014125948162251e-03
-1.483769290975799245e-03
4.331960253606620230e-03
1.021263382721582583e-02
1.613858325183245568e-02
2.208915391221033878e-02
2.804287965488486828e-02
3.397768771837549051e-02
3.987112771996882687e-02
4.570061697278085533e-02
5.144369322504984549e-02
5.707826539848419312e-02
6.258285308308317307e-02
6.793680638294261054e-02
7.312049910154844179e-02
7.811549006096787928e-02
8.290464939616681850e-02
8.747224877691443801e-02
9.180401652204481233e-02
9.588716034848673853e-02
9.971036194114983597e-02
1.032637485796391863e-01
1.065388476913958216e-01
1.095285304272374666e-01
1.122269502069208613e-01
1.146294817068730099e-01
1.167326650148630962e-01
1.185341587143452224e-01
1.200327045404748078e-01
1.212281050241599961e-01
1.221212142624462788e-01
1.227139406763569363e-01
1.230092593974879134e-01
1.230112308234068696e-01
1.227250209651665480e-01
1.221569185462728635e-01
1.213143434667841442e-01
1.202058412741689591e-01
1.188410587200258439e-01
1.172306963358533682e-01
1.153864352021605200e-01
1.133208366428009595e-01
1.110472153401215606e-01
1.085794881935383260e-01
1.059320029729600016e-01
1.031193522873031787e-01
1.001561794558308710e-01
9.705698343463009525e-02
9.383592996497042149e-02
9.050667558849417871e-02
8.708221018908568478e-02
8.357472239370190847e-02
7.999549064542715859e-02
7.635480121138124576e-02
7.266189295344378796e-02
6.892492748890925724e-02
6.515098247789315178e-02
6.134606522594177047e-02
5.751514357248328074e-02
5.366219110242727991e-02
4.979024400005485629e-02
4.590146728135657134e-02
4.199722861426791881e-02
3.807817839741571564e-02
3.414433516535599761e-02
3.019517568973642541e-02
2.622972933843646659e-02
2.224667634192834323e-02
1.824444961300223517e-02
1.422133969414427976e-02
1.017560228892916939e-02
6.105567689254111363e-03
2.009751252398295565e-03
-2.113036083297893317e-03
-6.263578428607951762e-03
-1.044214809039522782e-02
-1.464840281200305641e-02
-1.888128891121862787e-02
-2.313895236468914776e-02
-2.741866013421639936e-02
-3.171673425107890409e-02
-3.602850132996761323e-02
-4.034826022602890777e-02
-4.466927042545527915e-02
-4.898376342517613696e-02
-5.328297877721525910e-02
-5.755722563758584182e-02
-6.179596958765514597e-02
-6.598794324139140022e-02
-7.012127780205787420e-02
-7.418365140144871084e-02
-7.816244887429918409e-02
-8.204492672091492911e-02
-8.581837650581018717e-02
-8.947027990857508994e-02
-9.298844911773722355e-02
-9.636114721804461825e-02
-9.957718459303525893e-02
-1.026259890308355294e-01
-1.054976490353927848e-01
-1.081829316498667815e-01
-1.106732777425015191e-01
-1.129607790593615546e-01
-1.150381423182178647e-01
-1.168986461490184869e-01
-1.185360967650288533e-01
-1.199447878984535448e-01
-1.211194698096043215e-01
-1.220553311568170762e-01
-1.227479962873257169e-01
-1.231935391759263893e-01
-1.233885138970052947e-01
-1.233300002584207106e-01
-1.230156621331269240e-01
-1.224438151603114144e-01
-1.216134998962793146e-01
-1.205245561981157648e-01
-1.191776946187927400e-01
-1.175745608570421402e-01
-1.157177897957443052e-01
-1.136110463208512833e-01
-1.112590508725292276e-01
-1.086675884732252600e-01
-1.058435007409343070e-01
-1.027946610783877085e-01
-9.952993379392328921e-02
-9.605911833867948613e-02
-9.239288013617057149e-02
-8.854266964817451846e-02
-8.452063139052483354e-02
-8.033950461567336554e-02
-7.601251734888674061e-02
-7.155327543113242095e-02
-6.697564820597297353e-02
-6.229365250177710395e-02
-5.752133660471700494e-02
-5.267266598225802537e-02
-4.776141258270732992e-02
-4.280104958042474372e-02
-3.780465343410804868e-02
-3.278481505592696632e-02
-2.775356173779312471e-02
-2.272229124273252715e-02
-1.770171914977730285e-02
-1.270184015580748220e-02
-7.731903611428044519e-03
-2.800403129552119820e-03
2.084920314355517834e-03
6.917062744004933914e-03
1.168973026225748543e-02
1.639730232350979783e-02
2.103478679996642273e-02
2.559776848312252800e-02
3.008235262471885968e-02
3.448510502340990103e-02
3.880299002312202067e-02
4.303330762551096922e-02
4.717363074902655024e-02
5.122174350430131612e-02
5.517558120902471552e-02
5.903317273991921105e-02
6.279258571593587801e-02
6.645187492369365734e-02
7.000903433045456425e-02
7.346195297835136917e-02
7.680837501380102794e-02
8.004586407713673579e-02
8.317177226016013447e-02
8.618321383551058590e-02
8.907704397396591645e-02
9.184984269605943330e-02
9.449790435315391646e-02
9.701723299811845780e-02
9.940354408125216812e-02
1.016522729833398003e-01
1.037585909609999996e-01
1.057174291127560839e-01
1.075235109584186527e-01
1.091713941401542959e-01
1.106555215840461653e-01
1.119702821941666732e-01
1.131100807833553268e-01
1.140694164829005181e-01
1.148429683366511550e-01
1.154256862065336231e-01
1.158128845411614261e-01
1.160003360417512369e-01
1.159843618589653097e-01
1.157619147276169186e-01
1.153306514409179195e-01
1.146889913127375066e-01
1.138361577828530535e-01
1.127722010675806380e-01
1.114980007009771928e-01
1.100152478813988810e-01
1.083264086498571532e-01
1.064346699889517078e-01
1.043438718566417484e-01
1.020584288839404691e-01
9.958324591751170629e-02
9.692363175098837880e-02
9.408521526366685206e-02
9.107386779789418407e-02
8.789563500258482098e-02
8.455668060874213521e-02
8.106324374876293370e-02
7.742161054969926015e-02
7.363809988127660577e-02
6.971906237309372090e-02
6.567089117166442780e-02
6.150004241428402157e-02
5.721306306838677691e-02
5.281662362570622993e-02
4.831755314298744747e-02
4.372287426849925940e-02
3.903983616135323076e-02
3.427594356763227074e-02
2.943898072851423159e-02
2.453702922440996470e-02
1.957847927033958685e-02
1.457203434006541266e-02
9.526709285100944113e-03
4.451822313329101624e-03
-6.430187059428037546e-04
-5.747935134442980210e-03
-1.085280124917723660e-02
-1.594727244088887247e-02
-2.102081780725397614e-02
-2.606275717779934012e-02
-3.106230273033699224e-02
-3.600860541852191760e-02
-4.089080640355045870e-02
-4.569809355545756402e-02
-5.041976285756504667e-02
-5.504528422068151461e-02
-5.956437081396095262e-02
-6.396705058110702113e-02
-6.824373817736811842e-02
-7.238530518318965490e-02
-7.638314617306780907e-02
-8.022923808569493165e-02
-8.391619038481043513e-02
-8.743728373378746588e-02
-9.078649532617566464e-02
-9.395850959481918951e-02
-9.694871372198746173e-02
-9.975317813758464991e-02
-1.023686229608245513e-01
-1.047923720521685420e-01
-1.070222969434038579e-01
-1.090567533635506264e-01
-1.108945133516616166e-01
-1.125346960361116172e-01
-1.139767000708762773e-01
-1.152201404726306000e-01
-1.162647922274338552e-01
-1.171105425666686684e-01
-1.177573532847167592e-01
-1.182052339202991353e-01
-1.184542260810226844e-01
-1.185043986836989277e-01
-1.183558534338672863e-01
-1.180087394941230911e-01
-1.174632760047580465e-01
-1.167197809292117999e-01
-1.157787046030098049e-01
-1.146406663649592178e-01
-1.133064927347479656e-01
-1.117772557580133941e-01
-1.100543103502846509e-01
-1.081393297135715414e-01
-1.060343381506866911e-01
-1.037417408397257462e-01
-1.012643503337102152e-01
-9.860540970146858264e-02
-9.576861231426890553e-02
-9.275811830415804649e-02
-8.957856767735307424e-02
-8.623508996951788352e-02
-8.273331019592844449e-02
-7.907935070001044509e-02
-7.527982836324863258e-02
-7.134184653346963001e-02
-6.727298098053395570e-02
-6.308125921750019904e-02
-5.877513264326134079e-02
-5.436344117242521840e-02
-4.985537031260910829e-02
-4.526040101091561435e-02
-4.058825299363101602e-02
-3.584882273284530074e-02
-3.105211755401931367e-02
-2.620818771337107139e-02
-2.132705849187181701e-02
-1.641866445056823151e-02
-1.149278795790368082e-02
-6.559003934124901444e-03
-1.626632473312636731e-03
3.295299376934492964e-03
8.198085844100470865e-03
1.307336031059337655e-02
1.791310296128148863e-02
2.270963875376329905e-02
2.745562664444535506e-02
3.214404130267402987e-02
3.676814875504911401e-02
4.132147751977124917e-02
4.579778682016154290e-02
5.019103341631085680e-02
5.449533847693067284e-02
5.870495574505612407e-02
6.281424204766254682e-02
6.681763097706736043e-02
7.070961034714864923e-02
7.448470381456170908e-02
7.813745686699091753e-02
8.166242722724861847e-02
8.505417961089357937e-02
8.830728470963979115e-02
9.141632225294130110e-02
9.437588802150601031e-02
9.718060474087131251e-02
9.982513685870517128e-02
1.023042092913540868e-01
1.046126302965342536e-01
1.067453186724170444e-01
1.086973354819422560e-01
1.104639204407265318e-01
1.120405329773906528e-01
1.134228977724481002e-01
1.146070543094743210e-01
1.155894096420034267e-01
1.163667932122102733e-01
1.169365121819260361e-01
1.172964053884801433e-01
1.174448937565725493e-01
1.173810248220197305e-01
1.171045089881899565e-01
1.166157452661107374e-01
1.159158345556359354e-01
1.150065790019092482e-01
1.138904665849194281e-01
1.125706408297491024e-01
1.110508563075621874e-01
1.093354213712496581e-01
1.074291302729355468e-01
1.053371873873587966e-01
1.030651266718570491e-01
1.006187297032017508e-01
9.800394563529452041e-02
9.522681622915978028e-02
9.229340874253064153e-02
8.920975896659674720e-02
8.598182610452242969e-02
8.261546054422073959e-02
7.911638492845257664e-02
7.549018830550256742e-02
7.174233258379604516e-02
6.787817003708752905e-02
6.390297022954873063e-02
5.982195446206513278e-02
5.564033568632232446e-02
5.136336179043676786e-02
4.699636022246224398e-02
4.254478207467442957e-02
3.801424398606384480e-02
3.341056651280315676e-02
2.873980794325653454e-02
2.400829287016786537e-02
1.922263515266902159e-02
1.438975518118244812e-02
9.516891579457471134e-03
4.611607625778214176e-03
-3.182072573152377321e-04
-5.264340607985406977e-03
-1.021826437171236002e-02
-1.517114657557523325e-02
-2.011386728825462558e-02
-2.503703910212722733e-02
-2.993103252939406655e-02
-3.478600680828301817e-02
-3.959194664236919542e-02
-4.433870532628880756e-02
-4.901605453353684305e-02
-5.361374075643945969e-02
-5.812154800686430978e-02
-6.252936593346034022e-02
-6.682726202339633881e-02
-7.100555607875927433e-02
-7.505489473978689541e-02
-7.896632351820014051e-02
-8.273135364689469806e-02
-8.634202107787698754e-02
-8.979093518263513152e-02
-9.307131512278112029e-02
-9.617701243877871398e-02
-9.910251910849995904e-02
-1.018429611000738755e-01
-1.043940782232774533e-01
-1.067521918091503541e-01
-1.089141623639779954e-01
-1.108773398087071205e-01
-1.126395092010351595e-01
-1.141988349342533265e-01
-1.155538063196546450e-01
-1.167031872066948972e-01
-1.176459719061015569e-01
-1.183813491913445759e-01
-1.189086756019849533e-01
-1.192274586971356076e-01
-1.193373503449708245e-01
-1.192381496170883404e-01
-1.189298144112399536e-01
-1.184124805727336804e-01
-1.176864870368105886e-01
-1.167524053771649417e-01
-1.156110721175822309e-01
-1.142636222351933462e-01
-1.127115224392882253e-01
-1.109566030278480719e-01
-1.090010873801163654e-01
-1.068476184111903093e-01
-1.044992815679672282e-01
-1.019596241619089849e-01
-9.923267099499698263e-02
-9.632293632948106532e-02
-9.323543227568488467e-02
-8.997567362925661116e-02
-8.654967909147247285e-02
-8.296396867169006373e-02
-7.922555692288839324e-02
-7.534194152522467880e-02
-7.132108663466329990e-02
-6.717140037739975644e-02
-6.290170591414684376e-02
-5.852120563182196256e-02
-5.403943824473321500e-02
-4.946622889354459346e-02
-4.481163269840990337e-02
-4.008587262419151254e-02
-3.529927291592596661e-02
-3.046218972437567812e-02
-2.558494082889851626e-02
-2.067773654801137798e-02
-1.575061398630632145e-02
-1.081337669101016530e-02
-5.875541586466635421e-03
-9.462947362905566040e-04
3.965542923036963555e-03
8.851539194098001842e-03
1.370366337301373930e-02
1.851428840856940428e-02
2.327618314835230504e-02
2.798249570668214295e-02
3.262672925870836738e-02
3.720271174503519268e-02
4.170456106222694692e-02
4.612664732317942051e-02
5.046355370860450273e-02
5.471003731044960655e-02
5.886099120490455999e-02
6.291140880182889694e-02
6.685635131342476667e-02
7.069091898111709571e-02
7.441022650775383496e-02
7.800938297255803622e-02
8.148347636691335993e-02
8.482756278590269927e-02
8.803666024672690549e-02
9.110574708084662188e-02
9.402976485870907786e-02
9.680362584754463595e-02
9.942222506383098513e-02
1.018804570494722256e-01
1.041732375590441462e-01
1.062955303778673755e-01
1.082423794805748574e-01
1.100089466724440551e-01
1.115905547199604192e-01
1.129827357673624938e-01
1.141812845541380350e-01
1.151823156051414304e-01
1.159823231800736071e-01
1.165782423714168820e-01
1.169675093659538895e-01
1.171481185758163485e-01
1.171186741423760613e-01
1.168784332577763457e-01
1.164273388626842903e-01
1.157660395789595481e-01
1.148958952187841831e-01
1.138189668546449318e-01
1.125379911965015828e-01
1.110563398479859354e-01
1.093779648381338759e-01
1.075073325827888143e-01
1.054493490599732047e-01
1.032092794381039846e-01
1.007926656439827179e-01
9.820524538758421129e-02
9.545287598058505019e-02
9.254146591973164138e-02
8.947691669135979242e-02
8.626507663384178071e-02
8.291170801710437410e-02
7.942246780755385371e-02
7.580290192291426477e-02
7.205845217820158743e-02
6.819447460755918844e-02
6.421626743587190156e-02
6.012910668089904709e-02
5.593828719656130516e-02
5.164916692027611556e-02
4.726721215525020448e-02
4.279804189009304982e-02
3.824746941535427797e-02
3.362153981727875052e-02
2.892656228733305954e-02
2.416913655405343586e-02
1.935617309370620681e-02
1.449490708260029945e-02
9.592906295545974849e-03
4.658073317150269142e-03
-3.013574916562516623e-04
-5.276827838828108963e-03
-1.025946780967132432e-02
-1.524011243227623921e-02
-2.020932246961290590e-02
-2.515740958967589008e-02
-3.007446622252609239e-02
-3.495040051727193314e-02
-3.977497683769266879e-02
-4.453786216365655110e-02
-4.922867858719020412e-02
-5.383706180862082857e-02
-5.835272516353744859e-02
-6.276552827158296544e-02
-6.706554893036092979e-02
-7.124315642707769458e-02
-7.528908405572259932e-02
-7.919449835582256791e-02
-8.295106247001199362e-02
-8.655099107911354284e-02
-8.998709462561294004e-02
-9.325281097079014814e-02
-9.634222321994055649e-02
-9.925006315046605576e-02
-1.019717004340794791e-01
-1.045031185966485837e-01
-1.068408793484433295e-01
-1.089820774924744468e-01
-1.109242890403541737e-01
-1.126655154101095790e-01
-1.142041266412150008e-01
-1.155388064464606124e-01
-1.166685016484373255e-01
-1.175923781499972620e-01
-1.183097850983799021e-01
-1.188202283594776421e-01
-1.191233538591721375e-01
-1.192189408073078133e-01
-1.191069043268361966e-01
-1.187873065906138864e-01
-1.182603752396147595e-01
-1.175265276304315876e-01
-1.165863993412604854e-01
-1.154408753512769781e-01
-1.140911223887534354e-01
-1.125386211026157268e-01
-1.107851969296091144e-01
-1.088330487806964536e-01
-1.066847749302026471e-01
-1.043433957347369712e-01
-1.018123730141319155e-01
-9.909562607638464082e-02
-9.619754445204362070e-02
-9.312299741711671519e-02
-8.987734033151371926e-02
-8.646641771375128405e-02
-8.289656283000597370e-02
-7.917459341930511985e-02
-7.530780303217286809e-02
-7.130394735321629596e-02
-6.717122483243585795e-02
-6.291825098399110583e-02
-5.855402583587086818e-02
-5.408789423128043672e-02
-4.952949898414675534e-02
-4.488872725828357141e-02
-4.017565094478034449e-02
-3.540046222086963568e-02
-3.057340584860988170e-02
-2.570471007694124371e-02
-2.080451821499635853e-02
-1.588282302584673178e-02
-1.094940603755296775e-02
-6.013783684601353013e-03
-1.085161891964048914e-03
3.827599679169136834e-03
8.716012958614009765e-03
1.357197608096617769e-02
1.838777746914010622e-02
2.315609000044439869e-02
2.786995623319124538e-02
3.252276595630623768e-02
3.710822751983846451e-02
4.162033450992486117e-02
4.605332935316120563e-02
5.040166538268174568e-02
5.465996878481602789e-02
5.882300168585111177e-02
6.288562744850974273e-02
6.684277904219529387e-02
7.068943114380517312e-02
7.442057642953385510e-02
7.803120634339284767e-02
8.151629648391642280e-02
8.487079664300115067e-02
8.808962546351102596e-02
9.116766965541993339e-02
9.409978772060968721e-02
9.688081817712280996e-02
9.950559233431344186e-02
1.019689517375014093e-01
1.042657704586561762e-01
1.063909824413620114e-01
1.083396140971279731e-01
1.101068222812384978e-01
1.116879376388573708e-01
1.130785131007988609e-01
1.142743770255227470e-01
1.152716901405074768e-01
1.160670050525617614e-01
1.166573267021416976e-01
1.170401717679887821e-01
1.172136247264997100e-01
1.171763880767027338e-01
1.169278241935843982e-01
1.164679863971772172e-01
1.157976371353461736e-01
1.149182516699441409e-01
1.138320063052014053e-01
1.125417509621512158e-01
1.110509667275395573e-01
1.093637098254966605e-01
1.074845442094209264e-01
1.054184655903226686e-01
1.031708201592464458e-01
1.007472214956303264e-01
9.815346917039791119e-02
9.539547236113958550e-02
9.247918142222461002e-02
8.941052983244859864e-02
8.619538832122122796e-02
8.283953229778746874e-02
7.934862302096916398e-02
7.572820228884506732e-02
7.198369983139270289e-02
6.812045207979461336e-02
6.414373058200784072e-02
6.005877804664181557e-02
5.587084983121361204e-02
5.158525864554511925e-02
4.720742030982826021e-02
4.274289857758889477e-02
3.819744728908899128e-02
3.357704843869788874e-02
2.888794509498794280e-02
2.413666847734514259e-02
1.933005884028233048e-02
1.447528012110502367e-02
9.579828547129139171e-03
4.651535560526098671e-03
-3.014345050631620296e-04
-5.270591570509144952e-03
-1.024713143757831520e-02
-1.522195169460748704e-02
-2.018567187547557970e-02
-2.512865802713873734e-02
-3.004105199857522862e-02
-3.491280586888137472e-02
-3.973372195913217608e-02
-4.449349880263229334e-02
-4.918178327155835194e-02
-5.378822877604479136e-02
-5.830255907807400939e-02
-6.271463682298118736e-02
-6.701453542280128017e-02
-7.119261247299009387e-02
-7.523958249601350734e-02
-7.914658652926227778e-02
-8.290525595091634281e-02
-8.650776799343479206e-02
-8.994689064125437061e-02
-9.321601503900750485e-02
-9.630917412218875651e-02
-9.922104688045460530e-02
-1.019469484197904063e-01
-1.044828067433531682e-01
-1.068251278628815498e-01
-1.089709514315675282e-01
-1.109177995159022490e-01
-1.126636213741776110e-01
-1.142067371751262217e-01
-1.155457834788520405e-01
-1.166796630337058605e-01
-1.176075010464987664e-01
-1.183286095947028022e-01
-1.188424613058466223e-01
-1.191486728685895863e-01
-1.192469983967290592e-01
-1.191373321721292816e-01
-1.188197198702213991e-01
-1.182943770409374401e-01
-1.175617133904331008e-01
-1.166223612892341166e-01
-1.154772069177561478e-01
-1.141274225408063087e-01
-1.125744985627671613e-01
-1.108202742337711655e-01
-1.088669661299919017e-01
-1.067171937925015246e-01
-1.043740021540195267e-01
-1.018408805892566937e-01
-9.912177857522991298e-02
-9.622111803203224623e-02
-9.314380242858150138e-02
-8.989522268601553290e-02
-8.648125980519896783e-02
-8.290828400219310557e-02
-7.918314997928253829e-02
-7.531318781476792346e-02
-7.130618884804804103e-02
-6.717038589099703916e-02
-6.291442713075517945e-02
-5.854734321384448548e-02
-5.407850721878101202e-02
-4.951758752558209353e-02
-4.487449395702396149e-02
-4.015931797048846730e-02
-3.538226808654495320e-02
-3.055360211381891178e-02
-2.568355803304596049e-02
-2.078228560559047464e-02
-1.585978085114355188e-02
-1.092582548536935941e-02
-5.989933223218999077e-03
-1.061304551996226399e-03
3.851208815180243682e-03
8.739129048245371234e-03
1.359436659226656227e-02
1.840922403198113136e-02
2.317639004603964936e-02
2.788892443170593038e-02
3.254023546349946172e-02
3.712405104310546877e-02
4.163438520220435340e-02
4.606550154030920191e-02
5.041187512651323921e-02
5.466815428052178988e-02
5.882912348932854696e-02
6.288966852666248719e-02
6.684474463772499542e-02
7.068934844560301189e-02
7.441849404052550132e-02
7.802719353953999071e-02
8.151044226087837685e-02
8.486320855049621359e-02
8.808042823143835687e-02
9.115700362005496604e-02
9.408780706344277434e-02
9.686768899299204316e-02
9.949149054927067248e-02
1.019540609002887316e-01
1.042502794327563459e-01
1.063750830273531289e-01
1.083234986175622555e-01
1.100906811625027432e-01
1.116719570264411016e-01
1.130628725460142842e-01
1.142592472828368039e-01
1.152572311150423662e-01
1.160533639367280628e-01
1.166446363385070795e-01
1.170285492721017950e-01
1.172031703983086731e-01
1.171671846223861224e-01
1.169199362711576956e-01
1.164614604894621819e-01
1.157925017432606674e-01
1.149145178082237456e-01
1.138296682723205083e-01
1.125407873471146181e-01
1.110513416090476158e-01
1.093653741142903701e-01
1.074874370827254288e-01
1.054225159683275653e-01
1.031759481773359688e-01
1.007533399322269457e-01
9.816048479824976414e-02
9.540328719899120180e-02
9.248769387334179748e-02
8.941963570572841746e-02
8.620498173899281136e-02
8.284950650141083284e-02
7.935887109062544909e-02
7.573861779729695876e-02
7.199417745294395266e-02
6.813088817529001917e-02
6.415402377869877659e-02
6.006882982839344826e-02
5.588056515019824977e-02
5.159454656163223185e-02
4.721619465872878285e-02
4.275107866379695976e-02
3.820495859510342901e-02
3.358382333814717569e-02
2.889392355430060386e-02
2.414179872859445117e-02
1.933429800680113581e-02
1.447859477735466416e-02
9.582195195000944160e-03
4.652941005604815938e-03
-3.009928918996660277e-04
-5.271105718593603780e-03
-1.024858257909893808e-02
-1.522431051189791773e-02
-2.018889879782675978e-02
-2.513270367928359741e-02
-3.004585780013508192e-02
-3.491830478101141944e-02
-3.973983937131601862e-02
-4.450015354903384679e-02
-4.918888876257571097e-02
-5.379569422682134450e-02
-5.831029081187449892e-02
-6.272253962376810044e-02
-6.702251390833223466e-02
-7.120057245760344489e-02
-7.524743231126435061e-02
-7.915423827094739129e-02
-8.291262662292175900e-02
-8.651478052226976856e-02
-8.995347473997578058e-02
-9.322210790522957036e-02
-9.631472096163598562e-02
-9.922600125459318798e-02
-1.019512724229738737e-01
-1.044864710211688835e-01
-1.068281114885797634e-01
-1.089732416612940319e-01
-1.109193914457678037e-01
-1.126645175229489398e-01
-1.142069470156081984e-01
-1.155453229390499131e-01
-1.166785539858885973e-01
-1.176057707986502415e-01
-1.183262903948782280e-01
-1.188395898659608541e-01
-1.191452899104242930e-01
-1.192431482196757847e-01
-1.191330622395398442e-01
-1.188150804093080493e-01
-1.182894206499826156e-01
-1.175564946466108179e-01
-1.166169363505446949e-01
-1.154716331133353591e-01
-1.141217579450691660e-01
-1.125688015503565065e-01
-1.108146030139743471e-01
-1.088613782610491215e-01
-1.067117456779572010e-01
-1.043687485248853269e-01
-1.018358739772090016e-01
-9.911706878332192383e-02
-9.621675161044940250e-02
-9.313982216380475854e-02
-8.989166711238506802e-02
-8.647816274829328576e-02
-8.290567416365024478e-02
-7.918105057267675606e-02
-7.531161626189133984e-02
-7.130515654439763262e-02
-6.716989804839723632e-02
-6.291448270382318797e-02
-5.854793491541324113e-02
-5.407962162744039958e-02
-4.951920528622183459e-02
-4.487659007273640116e-02
-4.016186218152580090e-02
-3.538522532936375781e-02
-3.055693305074332761e-02
-2.568721964090254703e-02
-2.078623180996250902e-02
-1.586396319177917763e-02
-1.093019379783241249e-02
-5.994436322113359979e-03
-1.065890901988323335e-03
3.846590452860601875e-03
8.734529004261346041e-03
1.358983372087107372e-02
1.840480519198776574e-02
2.317212963491815936e-02
2.788486397467526690e-02
3.253641325782415800e-02
3.712050185650730277e-02
4.163114002340104203e-02
4.606258737916662377e-02
5.040931486109709314e-02
5.466596654838782460e-02
5.882732262061517864e-02
6.288826451686431451e-02
6.684374315835733826e-02
7.068875089125806199e-02
7.441829761103095631e-02
7.802739135604154497e-02
8.151102351467608143e-02
8.486415868338451074e-02
8.808172914615160221e-02
9.115863391923148540e-02
9.408974231531483379e-02
9.686990202180791043e-02
9.949395174826938804e-02
1.019567385648821739e-01
1.042531401114204087e-01
1.063780918875783382e-01
1.083266198240467604e-01
1.100938782645711628e-01
1.116751933514276013e-01
1.130661115950521017e-01
1.142624531251543868e-01
1.152603687764951063e-01
1.160563997779240908e-01
1.166475384175564983e-01
1.170312876867783541e-01
1.172057176023124647e-01
1.171695157104819113e-01
1.169220292282727308e-01
1.164632963993801340e-01
1.157940649533443916e-01
1.149157960476133861e-01
1.138306527222372744e-01
1.125414726631854961e-01
1.110517258968685139e-01
1.093654588606753492e-01
1.074872270461624674e-01
1.054220190330028423e-01
1.031751751756473517e-01
1.007523044409589785e-01
9.815920291353140426e-02
9.540177729483526048e-02
9.248597634803093492e-02
8.941773271963826542e-02
8.620291694671268490e-02
8.284730478031711309e-02
7.935655826745502406e-02
7.573622037381455563e-02
7.199172233153189326e-02
6.812840238522345493e-02
6.415153420399195838e-02
6.006636293837999685e-02
5.587814673439281399e-02
5.159220147085592789e-02
4.721394655490521869e-02
4.274894978118552735e-02
3.820296951598554924e-02
3.358199278608933053e-02
2.889226820807068094e-02
2.414033305960741962e-02
1.933303414263479181e-02
1.447754239343476690e-02
9.581361436043564148e-03
4.652330437860858342e-03
-3.013782970923348237e-04
-5.271266569952159399e-03
-1.024852201968977188e-02
-1.522403414343779897e-02
-2.018841457618571894e-02
-2.513202178267823217e-02
-3.004499047176605042e-02
-3.491726614815444940e-02
-3.973864524313973356e-02
-4.449882119570271882e-02
-4.918743667850743878e-02
-5.379414188129903740e-02
-5.830865839054975852e-02
-6.272084776490566282e-02
-6.702078343790796033e-02
-7.119882412753905654e-02
-7.524568654513115462e-02
-7.915251492136826661e-02
-8.291094474463074626e-02
-8.651315816434822226e-02
-8.995192876018832939e-02
-9.322065380866129125e-02
-9.631337276502852096e-02
-9.922477137694447891e-02
-1.019501716021610216e-01
-1.044855082556308129e-01
-1.068272940025026124e-01
-1.089725748913119019e-01
-1.109188790469425867e-01
-1.126641613917265666e-01
-1.142067473275497763e-01
-1.155452781993756839e-01
-1.166786610912103200e-01
-1.176060251086584324e-01
-1.183266858131482024e-01
-1.188401189294017862e-01
-1.191459438871833726e-01
-1.192439172154976107e-01
-1.191339353126560502e-01
-1.188160456938892606e-01
-1.182904654880354151e-01
-1.175576057279622416e-01
-1.166180998602525526e-01
-1.154728348855230263e-01
-1.141229836218386612e-01
-1.125700367441113958e-01
-1.108158334712081583e-01
-1.088625900254424350e-01
-1.067129252504869369e-01
-1.043698830185873921e-01
-1.018369512642462726e-01
-9.911807763208706212e-02
-9.621768181056546132e-02
-9.314066463706660581e-02
-8.989241400790012881e-02
-8.647880752032527374e-02
-8.290621163093905843e-02
-7.918147695830049515e-02
-7.531192921305229770e-02
-7.130535513185519425e-02
-6.716998274563605598e-02
-6.291445534643379245e-02
-5.854779864156749863e-02
-5.407938080075583992e-02
-4.951886540271172032e-02
-4.487615765391656658e-02
-4.016134465607404391e-02
-3.538463090597989552e-02
-3.055627058501912685e-02
-2.568649849906553748e-02
-2.078546173229820285e-02
-1.586315415836377085e-02
-1.092935589893177795e-02
-5.993579635242520659e-03
-1.065025377203499164e-03
3.847455098318492729e-03
8.735383381306336542e-03
1.359066885365328541e-02
1.840561259284314785e-02
2.317290136960809335e-02
2.788559271854454402e-02
3.253709234362248820e-02
3.712112531464892978e-02
4.163170261538953060e-02
4.606308462480269983e-02
5.040974305993557031e-02
5.466632279573477998e-02
5.882760481817871090e-02
6.288847137800848697e-02
6.684387420777375410e-02
7.068880645877269331e-02
7.441827881921131427e-02
7.802730010126121551e-02
8.151086244132857428e-02
8.486393115100937523e-02
8.808143918933597494e-02
9.115828620027074947e-02
9.408934206974915726e-02
9.686945499709009866e-02
9.949346413595884508e-02
1.019562169268969920e-01
1.042525913010141497e-01
1.063775229658403126e-01
1.083260379728561290e-01
1.100932906970672059e-01
1.116746072211901031e-01
1.130655339053150271e-01
1.142618906394967937e-01
1.152598279325566244e-01
1.160558866057674193e-01
1.166470584643312658e-01
1.170308459493172998e-01
1.172053184691981970e-01
1.171691629149527042e-01
1.169217258130859499e-01
1.164630446944254633e-01
1.157938665664086653e-01
1.149156518682646899e-01
1.138305629383430245e-01
1.125414367891390821e-01
1.110517428122018979e-01
1.093655268574098421e-01
1.074873438830194899e-01
1.054221819944753530e-01
1.031753811339270049e-01
1.007525499188172413e-01
9.815948414645184195e-02
9.540209029096827220e-02
9.248631694486486587e-02
8.941809663662486640e-02
8.620329983342442381e-02
8.284770226002574622e-02
7.935696597628703886e-02
7.573663399584643074e-02
7.199213763033150693e-02
6.812881523242192428e-02
6.415194060548695676e-02
6.006675905873518073e-02
5.587852891991908905e-02
5.159256627175047571e-02
4.721429074669618309e-02
4.274927038559611647e-02
3.820326382120103198e-02
3.358225836629254168e-02
2.889250294201260727e-02
2.414053514790263921e-02
1.933320212341866490e-02
1.447767515598921695e-02
9.581458231989081753e-03
4.652390889520192918e-03
-3.013541915318548176e-04
-5.271278434819440771e-03
-1.024856910405684551e-02
-1.522411532745188492e-02
-2.018852838171596512e-02
-2.513216638843088213e-02
-3.004516373295761100e-02
-3.491746562075744020e-02
-3.973886821262695435e-02
-4.449906471011260550e-02
-4.918769758553438037e-02
-5.379441686898113473e-02
-5.830894403098668688e-02
-6.272114056029849671e-02
-6.702107986808035489e-02
-7.119912069798607634e-02
-7.524597983455937056e-02
-7.915280162764902483e-02
-8.291122172809553548e-02
-8.651342248741523966e-02
-8.995217772242264376e-02
-9.322088497653219230e-02
-9.631358399582755359e-02
