0.000000000000000000e+00
0.000000000000000000e+00
-2.145051317460059032e-04
-8.881408988211255372e-04
-2.093247331348739148e-03
-3.915948057411019340e-03
-6.420958516383237433e-03
-9.617171926101697813e-03
-1.343120804509265881e-02
-1.769664557381456227e-02
-2.216430725376169336e-02
-2.653341509419698124e-02
-3.049650264762480273e-02
-3.378595976808008300e-02
-3.620971729834034786e-02
-3.766805763139973590e-02
-3.815040097486264992e-02
-3.771681685806770740e-02
-3.647180828252125778e-02
-3.453751460799475703e-02
-3.203118570231546641e-02
-2.904913892635523423e-02
-2.565742079645444082e-02
-2.188835603966261117e-02
-1.774190870326305958e-02
-1.319095743341265094e-02
-8.189868962474708761e-03
-2.685899781456673949e-03
3.367169685365915648e-03
9.994189398888169568e-03
1.718423749173870335e-02
2.487894080294218713e-02
3.296609473738176810e-02
4.128080937512940835e-02
4.961524891615265442e-02
5.773621042068349113e-02
6.540780688639984131e-02
7.241507750560507994e-02
7.858402562928781809e-02
8.379454271544857502e-02
8.798455723222063651e-02
9.114585783282554143e-02
9.331369195100741587e-02
9.455304080349492823e-02
9.494441177694239176e-02
9.457134185386679992e-02
9.351093303763652331e-02
9.182793496399560551e-02
8.957230287209516639e-02
8.677981113879928987e-02
8.347513225383797197e-02
7.967671062785153246e-02
7.540269797458513945e-02
7.067714064165356302e-02
6.553553612880756718e-02
6.002886325935589962e-02
5.422531027927991742e-02
4.820922672368148365e-02
4.207729600188885033e-02
3.593247476165772197e-02
2.987672120151735680e-02
2.400378414973330585e-02
1.839326071954849873e-02
1.310677430589020885e-02
8.186598070819893144e-03
3.656518187522831559e-03
-4.756615760724775335e-04
-4.214754811731279659e-03
-7.574725739267818871e-03
-1.057571169769086147e-02
-1.324188829620199376e-02
-1.560028888585493663e-02
-1.768048581083815976e-02
-1.951489384231960139e-02
-2.113937147896833429e-02
-2.259377227350282610e-02
-2.392213277184842071e-02
-2.517227037124554478e-02
-2.639469219993210297e-02
-2.764086532614469516e-02
-2.896104144357248764e-02
-3.040193480747568205e-02
-3.200459531096980920e-02
-3.380278817056962121e-02
-3.582209561723426888e-02
-3.807981899793307090e-02
-4.058561524707063328e-02
-4.334268135913837972e-02
-4.634922534564737961e-02
-4.959993918594281931e-02
-5.308721325089608284e-02
-5.680189035516490514e-02
-6.073343744022299817e-02
-6.486950291345634778e-02
-6.919492041021542417e-02
-7.369030973956205988e-02
-7.833050668147766016e-02
-8.308311534783463514e-02
-8.790750614221311265e-02
-9.275456344109402063e-02
-9.756740843101886773e-02
-1.022831838573929064e-01
-1.068358058145485456e-01
-1.111593981140618498e-01
-1.151919730203456865e-01
-1.188788509292004331e-01
-1.221753447189306147e-01
-1.250483667079386740e-01
-1.274768135575091166e-01
-1.294507964607488626e-01
-1.309699607667933752e-01
-1.320412472355444455e-01
-1.326764762705623102e-01
-1.328900977316354315e-01
-1.326973656983098104e-01
-1.321130955624442715e-01
-1.311510606541648194e-01
-1.298239996101994143e-01
-1.281441387549773769e-01
-1.261240861358608467e-01
-1.237779242987842032e-01
-1.211223168130382694e-01
-1.181774495597134877e-01
-1.149676528114226409e-01
-1.115215936839454441e-01
-1.078719871341509984e-01
-1.040548400860102363e-01
-1.001083073074676699e-01
-9.607128837207262739e-02
-9.198192353857756465e-02
-8.787614836542559371e-02
-8.378644379179522872e-02
-7.974087688563949450e-02
-7.576247724277399009e-02
-7.186894532458927565e-02
-6.807265008420339270e-02
-6.438084886964146047e-02
-6.079605391134294823e-02
-5.731647473672683152e-02
-5.393648072027055346e-02
-5.064704805801073517e-02
-4.743617635451772424e-02
-4.428927814783466949e-02
-4.118955758994907734e-02
-3.811840082990894385e-02
-3.505580021985511829e-02
-3.198082810718737984e-02
-2.887216537348849879e-02
-2.570867732964658356e-02
-2.247001763556728815e-02
-1.913723196644962626e-02
-1.569332895395377653e-02
-1.212378725921080952e-02
-8.416974099907121448e-03
-4.564460706951030053e-03
-5.612318556183753387e-04
3.594202591311905157e-03
7.899778356300034277e-03
1.234991032628369144e-02
1.693557085155987518e-02
2.164439973571124012e-02
2.646084065999786822e-02
3.136630727390685852e-02
3.633938939606876084e-02
4.135611399240116115e-02
4.639027570559549341e-02
5.141384737349698197e-02
5.639747273764240953e-02
6.131103274665975628e-02
6.612426540744062442e-02
7.080740914780359052e-02
7.533183304535523428e-02
7.967061538017783384e-02
8.379903526269390224e-02
8.769495011641564863e-02
9.133904328842867848e-02
9.471493922269633159e-02
9.780919651488764743e-02
1.006112000352865632e-01
1.031129809005461029e-01
1.053089967463647636e-01
1.071959044505227526e-01
1.087723536119022394e-01
1.100388224588198793e-01
1.109975093510499472e-01
1.116522836038779387e-01
1.120086899176817585e-01
1.120739921043349824e-01
1.118572348608656286e-01
1.113692977723241273e-01
1.106229141262659865e-01
1.096326288760206269e-01
1.084146752593193180e-01
1.069867577902668399e-01
1.053677397347798084e-01
1.035772444434390066e-01
1.016351904558539521e-01
9.956128849513549983e-02
9.737453303571162733e-02
9.509272135150717564e-02
9.273202891508157408e-02
9.030666258474695507e-02
8.782860364538271070e-02
8.530744319016320132e-02
8.275030417037616826e-02
8.016183889110041483e-02
7.754428834546826799e-02
7.489759042774508935e-02
7.221952702844570970e-02
6.950590419587726609e-02
6.675076372386365420e-02
6.394662759306031508e-02
6.108477787611187731e-02
5.815557369217475014e-02
5.514880373710552564e-02
5.205406844071496647e-02
4.886118084314643867e-02
4.556057088836327346e-02
4.214367495400274388e-02
3.860329172725024405e-02
3.493388722241006633e-02
3.113183558184602281e-02
2.719558767769290897e-02
2.312576556198105843e-02
1.892518656811296995e-02
1.459882554669551975e-02
1.015372678724698122e-02
5.598878424793786793e-03
9.450616633890933024e-04
-3.795314678752424210e-03
-8.608386484047464426e-03
-1.347900869374166893e-02
-1.839092971602564186e-02
-2.332696615227013159e-02
-2.826917957316043423e-02
-3.319905765743857290e-02
-3.809770175739049525e-02
-4.294602203912559202e-02
-4.772493999575025403e-02
-5.241559661272651716e-02
-5.699956303409773467e-02
-6.145904945068526859e-02
-6.577710725349852905e-02
-6.993781933129643302e-02
-7.392647371966470926e-02
-7.772971653566909667e-02
-8.133568111095357267e-02
-8.473409129829360953e-02
-8.791633791185626823e-02
-9.087552804597956446e-02
-9.360650753367444343e-02
-9.610585705161781012e-02
-9.837186241133445697e-02
-1.004044595001564733e-01
-1.022051542756098053e-01
-1.037769182923906491e-01
-1.051240605394534594e-01
-1.062520769221236838e-01
-1.071674795167267824e-01
-1.078776086726105365e-01
-1.083904320168257579e-01
-1.087143352904680060e-01
-1.088579105822675835e-01
-1.088297478277553826e-01
-1.086382353655016425e-01
-1.082913748970908835e-01
-1.077966154482824929e-01
-1.071607099760135684e-01
-1.063895972268866508e-01
-1.054883104399224336e-01
-1.044609135890079976e-01
-1.033104651336075736e-01
-1.020390087070254109e-01
-1.006475898028791061e-01
-9.913629728066410129e-02
-9.750432834560847362e-02
-9.575007551065047029e-02
-9.387123387242395089e-02
-9.186492679722095545e-02
-8.972784780413062267e-02
-8.745641605629020376e-02
-8.504694244838849337e-02
-8.249580284177718270e-02
-7.979961458741907654e-02
-7.695541213390495738e-02
-7.396081728440360992e-02
-7.081419957990747749e-02
-6.751482237648771811e-02
-6.406297047136871869e-02
-6.046005562349647533e-02
-5.670869700057616647e-02
-5.281277444086033418e-02
-4.877745340137505659e-02
-4.460918151602851628e-02
-4.031565773659810670e-02
-3.590577600101430705e-02
-3.138954619366066123e-02
-2.677799577063333034e-02
-2.208305577860837643e-02
-1.731743508554790464e-02
-1.249448648105436037e-02
-7.628067938234694458e-03
-2.732401824657883400e-03
2.178065711945286441e-03
7.088803494480832440e-03
1.198533095402664131e-02
1.685334969286357218e-02
2.167887012475305103e-02
2.644833228710434872e-02
3.114871972658760438e-02
3.576766508725495036e-02
4.029354574776655706e-02
4.471556763284154079e-02
4.902383522486906953e-02
5.320940586717026743e-02
5.726432669851116986e-02
6.118165298072930636e-02
6.495544714574366663e-02
6.858075854519658787e-02
7.205358457656083071e-02
7.537081452411378835e-02
7.853015803928646565e-02
8.153006065306354910e-02
8.436960904002903383e-02
8.704842893268667503e-02
8.956657862417807814e-02
9.192444091752567659e-02
9.412261620776414539e-02
9.616181915102757494e-02
9.804278111278036389e-02
9.976616032339394313e-02
1.013324614246597366e-01
1.027419658791983437e-01
1.039946745405237460e-01
1.050902635393812928e-01
1.060280545168153093e-01
1.068070001025348270e-01
1.074256853685605639e-01
1.078823457503989142e-01
1.081749015913811840e-01
1.083010090096249295e-01
1.082581262062176641e-01
1.080435936439032435e-01
1.076547257686946979e-01
1.070889111877477151e-01
1.063437175400804152e-01
1.054169967960767312e-01
1.043069864859614143e-01
1.030124024543378897e-01
1.015325191991640619e-01
9.986723466441385644e-02
9.801711745163510514e-02
9.598343568810793758e-02
9.376816809977553402e-02
9.137399903718998462e-02
8.880430015672044486e-02
8.606310206481221359e-02
8.315505943585291271e-02
8.008541291459626843e-02
7.685995056498187705e-02
7.348497082383904921e-02
6.996724798246008181e-02
6.631400028207301567e-02
6.253285989223456021e-02
5.863184344099619388e-02
5.461932144402289330e-02
5.050398495776625002e-02
4.629480804022616941e-02
4.200100508809369304e-02
3.763198275262343712e-02
3.319728682741764081e-02
2.870654515897352183e-02
2.416940817733498684e-02
1.959548902286096031e-02
1.499430542566814947e-02
1.037522547334661024e-02
5.747419200305191843e-03
1.119817586220501343e-03
-3.498919891027236009e-03
-8.100428491217327026e-03
-1.267665206955127452e-02
-1.721984784355136411e-02
-2.172258274876070691e-02
-2.617772237853928374e-02
-3.057841373649898900e-02
-3.491806318256646113e-02
-3.919031103138888306e-02
-4.338900427296379925e-02
-4.750816883837527538e-02
-5.154198273592908164e-02
-5.548475124129387953e-02
-5.933088514531936752e-02
-6.307488285111473303e-02
-6.671131687516144992e-02
-7.023482505540706855e-02
-7.364010651492489123e-02
-7.692192218792287539e-02
-8.007509950240102037e-02
-8.309454064730785461e-02
-8.597523374607538016e-02
-8.871226622266779882e-02
-9.130083968367072589e-02
-9.373628574512610223e-02
-9.601408239186487448e-02
-9.812987064850263452e-02
-1.000794715382206795e-01
-1.018589034790980119e-01
-1.034644003910425714e-01
-1.048924308379169251e-01
-1.061397184968303209e-01
-1.072032641284626775e-01
-1.080803690292161112e-01
-1.087686596994025534e-01
-1.092661131914825084e-01
-1.095710823432238384e-01
-1.096823198874662536e-01
-1.095990002935142149e-01
-1.093207381571554143e-01
-1.088476020276576417e-01
-1.081801227388590469e-01
-1.073192955833753570e-01
-1.062665760095531653e-01
-1.050238688988401059e-01
-1.035935118627140383e-01
-1.019782533505515926e-01
-1.001812266549870628e-01
-9.820592111884689224e-02
-9.605615197549512152e-02
-9.373603028858222552e-02
-9.124993440119398558e-02
-8.860248416722432685e-02
-8.579851903203065955e-02
-8.284308076951217570e-02
-7.974140138365813646e-02
-7.649889635912363040e-02
-7.312116311190809681e-02
-6.961398416202571604e-02
-6.598333423979868551e-02
-6.223539026143941333e-02
-5.837654288405931535e-02
-5.441340819156220004e-02
-5.035283798654691112e-02
-4.620192718213315258e-02
-4.196801690935418605e-02
-3.765869218099465732e-02
-3.328177327293058152e-02
-2.884530038051805537e-02
-2.435751155208737764e-02
-1.982681435817083837e-02
-1.526175218360364613e-02
-1.067096639041760671e-02
-6.063155858328084583e-03
-1.447035542567569159e-03
3.168704314645994641e-03
7.775436818028946817e-03
1.236463364572664043e-02
1.692789594586840626e-02
2.145698035492143302e-02
2.594381996724694564e-02
3.038054042853112480e-02
3.475947160391983093e-02
3.907315546416018082e-02
4.331435093089998356e-02
4.747603642809165164e-02
5.155141081279390747e-02
5.553389322568894060e-02
5.941712223389272046e-02
6.319495446188044818e-02
6.686146274452542393e-02
7.041093370907233751e-02
7.383786461415912938e-02
7.713695925090695293e-02
8.030312274412571005e-02
8.333145517547770054e-02
8.621724407504616217e-02
8.895595598012244476e-02
9.154322742552928327e-02
9.397485589353410385e-02
9.624679139915523485e-02
9.835512950548168376e-02
1.002961066421223513e-01
1.020660986283273147e-01
1.036616232726578629e-01
1.050793478272536025e-01
1.063161019131521473e-01
1.073688963034713922e-01
1.082349476577095793e-01
1.089117089527392029e-01
1.093969049707053387e-01
1.096885718045294278e-01
1.097850989582183773e-01
1.096852722867273366e-01
1.093883157755803498e-01
1.088939300382213426e-01
1.082023254361114961e-01
1.073142479174579306e-01
1.062309960232907663e-01
1.049544280040188571e-01
1.034869585871825010e-01
1.018315455848273071e-01
9.999166716500322571e-02
9.797129117364028472e-02
9.577483832503821959e-02
9.340714134064537211e-02
9.087340218580634843e-02
8.817914943406247874e-02
8.533019750107292967e-02
8.233260907555535468e-02
7.919266158480831042e-02
7.591681802411302804e-02
7.251170200712261926e-02
6.898407650438703742e-02
6.534082546268615843e-02
6.158893735657934576e-02
5.773548971713855782e-02
5.378763379801257405e-02
4.975257875064298396e-02
4.563757495554341542e-02
4.144989645857898725e-02
3.719682275472281641e-02
3.288562041633340260e-02
2.852352525583359832e-02
2.411772583022465596e-02
1.967534913287529927e-02
1.520344928038181234e-02
1.070899989904225066e-02
6.198890760346100620e-03
1.679929022782915456e-03
-2.841154777715235343e-03
-7.357696072489957988e-03
-1.186308125220355073e-02
-1.635072884296839835e-02
-2.081406761996330498e-02
-2.524651261719251805e-02
-2.964144018155745811e-02
-3.399216338656484149e-02
-3.829190925582970362e-02
-4.253379933538763147e-02
-4.671083517990135686e-02
-5.081589026281174010e-02
-5.484170966721404333e-02
-5.878091865037299302e-02
-6.262604079670403001e-02
-6.636952599056021584e-02
-7.000378787507657852e-02
-7.352124985596183993e-02
-7.691439811219613620e-02
-8.017583955010838814e-02
-8.329836224496403596e-02
-8.627499570819235908e-02
-8.909906833426173289e-02
-9.176425962950880699e-02
-9.426464528760769568e-02
-9.659473380627263406e-02
-9.874949406781477479e-02
-1.007243740493419942e-01
-1.025153115017491956e-01
-1.041187379651577899e-01
-1.055315778171655589e-01
-1.067512441511430238e-01
-1.077756331564910103e-01
-1.086031183509891529e-01
-1.092325455497140385e-01
-1.096632289130609755e-01
-1.098949478714175143e-01
-1.099279442455347311e-01
-1.097629185270551644e-01
-1.094010240919748439e-01
-1.088438581079212014e-01
-1.080934480581457469e-01
-1.071522331147501533e-01
-1.060230400089624686e-01
-1.047090535162202019e-01
-1.032137821453977672e-01
-1.015410200464457735e-01
-9.969480649067188893e-02
-9.767938450774743542e-02
-9.549916037224683019e-02
-9.315866562207024415e-02
-9.066252317370449010e-02
-8.801541889395197993e-02
-8.522207971664245985e-02
-8.228725907807850348e-02
-7.921573010646414115e-02
-7.601228665485126879e-02
-7.268175192720544020e-02
-6.922899412316384227e-02
-6.565894822731761782e-02
-6.197664280129218384e-02
-5.818723040995330692e-02
-5.429602013622553125e-02
-5.030851052267284323e-02
-4.623042123258468139e-02
-4.206772175776351402e-02
-3.782665562003105497e-02
-3.351375871876635659e-02
-2.913587076065722245e-02
-2.470013905555424119e-02
-2.021401435160390461e-02
-1.568523878548817169e-02
-1.112182640820663648e-02
-6.532037082424232456e-03
-1.924344807347501927e-03
2.692598307301635567e-03
7.310001133527492881e-03
1.191897443469629170e-02
1.651057246401548689e-02
2.107583430453969717e-02
2.560582421675215020e-02
3.009167047521623881e-02
3.452460236621537892e-02
3.889598516308823833e-02
4.319735298339121704e-02
4.742043946019065120e-02
5.155720613612557041e-02
5.559986842829612447e-02
5.954091893416551401e-02
6.337314777469195415e-02
6.708965962041213427e-02
7.068388703454141220e-02
7.414959980371493842e-02
7.748091001439491587e-02
8.067227276733010544e-02
8.371848259444239493e-02
8.661466583895870153e-02
8.935626946530379755e-02
9.193904696470937832e-02
9.435904220122055819e-02
9.661257218828521454e-02
9.869620988823100960e-02
1.006067681778530232e-01
1.023412861173511601e-01
1.038970185931321483e-01
1.052714302754729631e-01
1.064621946396944324e-01
1.074671985469083102e-01
1.082845525737254067e-01
1.089126069303160832e-01
1.093499724292200104e-01
1.095955455856206656e-01
1.096485365713120025e-01
1.095084984411875545e-01
1.091753558358890680e-01
1.086494312676937329e-01
1.079314671419799310e-01
1.070226418651190614e-01
1.059245787374674674e-01
1.046393468061863619e-01
1.031694534192419410e-01
1.015178288281678165e-01
9.968780377433318629e-02
9.768308150233888376e-02
9.550770602258427944e-02
9.316602865461368066e-02
9.066267490376012095e-02
8.800251355684496346e-02
8.519062954942986654e-02
8.223230169556768054e-02
7.913298583143281439e-02
7.589830336292180402e-02
7.253403468035674040e-02
6.904611646082628451e-02
6.544064155967378726e-02
6.172386002214919759e-02
5.790217973313839528e-02
5.398216535977635316e-02
4.997053450652780976e-02
4.587415036122620415e-02
4.170001052245378426e-02
3.745523211991852452e-02
3.314703372902792766e-02
2.878271490437155772e-02
2.436963438990241704e-02
1.991518819327204454e-02
1.542678873633499328e-02
1.091184622131058726e-02
6.377753197599754162e-03
1.831873096980294810e-03
-2.718466754884495303e-03
-7.265977426030768675e-03
-1.180340603107056172e-02
-1.632352910113385111e-02
-2.081914229347535047e-02
-2.528304731200720426e-02
-2.970803712983590555e-02
-3.408688078846054681e-02
-3.841230918638871561e-02
-4.267700335094547215e-02
-4.687358669739456057e-02
-5.099462270494391908e-02
-5.503261926729727249e-02
-5.898004069853531040e-02
-6.282932799396324930e-02
-6.657292747224792528e-02
-7.020332738517373605e-02
-7.371310151364841856e-02
-7.709495822333015114e-02
-8.034179298682692094e-02
-8.344674204739814527e-02
-8.640323474787986457e-02
-8.920504210732640993e-02
-9.184631950228781816e-02
-9.432164177891196044e-02
-9.662602974003220435e-02
-9.875496765195047877e-02
-1.007044121213831050e-01
-1.024707933260087800e-01
-1.040510100742736282e-01
-1.054424204725188940e-01
-1.066428300657842471e-01
-1.076504791952594686e-01
-1.084640310078349296e-01
-1.090825611092832575e-01
-1.095055493332195706e-01
-1.097328735691390639e-01
-1.097648051174866524e-01
-1.096020046706468049e-01
-1.092455177930541227e-01
-1.086967687094787527e-01
-1.079575513063533859e-01
-1.070300164870846976e-01
-1.059166553645674996e-01
-1.046202781794040720e-01
-1.031439892542475173e-01
-1.014911586894184370e-01
-9.966539183598026319e-02
-9.767049782377285050e-02
-9.551045855928298745e-02
-9.318939963884206867e-02
-9.071156455320673884e-02
-8.808129340368864302e-02
-8.530300712518354422e-02
-8.238119793650849898e-02
-7.932042643145921501e-02
-7.612532540110709955e-02
-7.280061015297983884e-02
-6.935109477789842825e-02
-6.578171352118307447e-02
-6.209754615214860274e-02
-5.830384600503763642e-02
-5.440606919702448835e-02
-5.040990342598988816e-02
-4.632129472280663296e-02
-4.214647058780982003e-02
-3.789195808259848697e-02
-3.356459567397313687e-02
-2.917153792705087442e-02
-2.472025250216895731e-02
-2.021850930092390641e-02
-1.567436200144512945e-02
-1.109612259060690879e-02
-6.492329811812624744e-03
-1.871712677094902050e-03
2.756849673975854745e-03
7.384370453517840813e-03
1.200179878976542595e-02
1.660006326380078501e-02
2.117011449912550858e-02
2.570296610278079152e-02
3.018973347091525455e-02
3.462167015701620582e-02
3.899020163952427592e-02
4.328695640817299684e-02
4.750379431543852449e-02
5.163283211974619563e-02
5.566646609582253519e-02
5.959739152375928550e-02
6.341861881157366543e-02
6.712348597371722847e-02
7.070566719307905257e-02
7.415917724370461872e-02
7.747837164663051723e-02
8.065794256707270460e-02
8.369291062826375582e-02
8.657861300304522945e-02
8.931068833505756421e-02
9.188505922331607900e-02
9.429791316460464645e-02
9.654568297676563438e-02
9.862502781390229678e-02
1.005328159248337627e-01
1.022661102934277200e-01
1.038221582294684975e-01
1.051983858484691892e-01
1.063923981868244717e-01
1.074019854457837070e-01
1.082251355482585914e-01
1.088600528356560987e-01
1.093051823429736225e-01
1.095592386912649097e-01
1.096212382557359560e-01
1.094905329386405557e-01
1.091668436344529203e-01
1.086502913541547988e-01
1.079414240025896865e-01
1.070412369924166746e-01
1.059511862287899342e-01
1.046731924905713595e-01
1.032096368285208426e-01
1.015633472453521813e-01
9.973757755445582240e-02
9.773597986962269391e-02
9.556257260015950383e-02
9.322170607150609412e-02
9.071802793770221418e-02
8.805645039800963358e-02
8.524212089679214510e-02
8.228039751317055284e-02
7.917682968808953392e-02
7.593714435110281158e-02
7.256723695717232081e-02
6.907316647846602209e-02
6.546115305931247963e-02
6.173757686062941730e-02
5.790897660257533081e-02
5.398204645287706799e-02
4.996363017972568765e-02
4.586071185660197530e-02
4.168040282861199680e-02
3.742992508028467058e-02
3.311659154061858540e-02
2.874778418717495454e-02
2.433093104248034225e-02
1.987348328026560668e-02
1.538289367526843136e-02
1.086659754764709301e-02
6.331997187914764277e-03
1.786450521121132548e-03
-2.762735498925557656e-03
-7.308306563618649672e-03
-1.184305784356616195e-02
-1.635982636016297675e-02
-2.085147954066528947e-02
-2.531090084716510272e-02
-2.973097358448966929e-02
-3.410456417042757177e-02
-3.842450628558769649e-02
-4.268358739900385279e-02
-4.687453917653369023e-02
-5.099003320850505061e-02
-5.502268332863492761e-02
-5.896505553006697181e-02
-6.280968611628613696e-02
-6.654910826538222579e-02
-7.017588665930130087e-02
-7.368265927224446066e-02
-7.706218487235004522e-02
-8.030739432296361835e-02
-8.341144342876166684e-02
-8.636776490416503416e-02
-8.917011707711056112e-02
-9.181262718811039614e-02
-9.428982758465197234e-02
-9.659668370140929439e-02
-9.872861339434033101e-02
-1.006814978865496479e-01
-1.024516852092037661e-01
-1.040359875140716428e-01
-1.054316739455003482e-01
-1.066364608627442950e-01
-1.076485010986903829e-01
-1.084663736532326256e-01
-1.090890747943520783e-01
-1.095160110365338557e-01
-1.097469939494012392e-01
-1.097822362819150521e-01
-1.096223485221345523e-01
-1.092683347871234723e-01
-1.087215868712244488e-01
-1.079838753730932577e-01
-1.070573370538944469e-01
-1.059444579176786472e-01
-1.046480519075738691e-01
-1.031712355319437946e-01
-1.015173991292969702e-01
-9.969017581276491680e-02
-9.769340937803176750e-02
-9.553112259806890993e-02
-9.320748736067459295e-02
-9.072679803703512236e-02
-8.809344931468550410e-02
-8.531191950378771982e-02
-8.238676005039105577e-02
-7.932259168247711434e-02
-7.612410729046849289e-02
-7.279608131762120571e-02
-6.934338511953720696e-02
-6.577100745693124917e-02
-6.208407902238673864e-02
-5.828789968099950397e-02
-5.438796693782197572e-02
-5.039000404318241810e-02
-4.629998612055297169e-02
-4.212416275841297797e-02
-3.786907565089003835e-02
-3.354157009919043336e-02
-2.914879948700113341e-02
-2.469822220057208903e-02
-2.019759085361916284e-02
-1.565493406918722769e-02
-1.107853143397086876e-02
-6.476882545895144838e-03
-1.858671299148064934e-03
2.767273322784601780e-03
7.392018650499077546e-03
1.200657070211071792e-02
1.660191644655059293e-02
2.116906507462533102e-02
2.569908761677853690e-02
3.018315446153302731e-02
3.461257051270055091e-02
3.897880785877997495e-02
4.327353590568536884e-02
4.748864894468767667e-02
5.161629110042038893e-02
5.564887854470312173e-02
5.957911879019744950e-02
6.340002681357821690e-02
6.710493771879386116e-02
7.068751565040555518e-02
7.414175871232968340e-02
7.746199973961016838e-02
8.064290290528730587e-02
8.367945631147827301e-02
8.656696090079585293e-02
8.930101621713136539e-02
9.187750372961564493e-02
9.429256859744090946e-02
9.654260088520183469e-02
9.862421732953870201e-02
1.005342448010362322e-01
1.022697065949861039e-01
1.038278126164654536e-01
1.052059543961694765e-01
1.064017056821180418e-01
1.074128290996724799e-01
1.082372890627265605e-01
1.088732707618070977e-01
1.093192046655154653e-01
1.095737955723614515e-01
1.096360548691604903e-01
1.095053343233472060e-01
1.091813594954716971e-01
1.086642607384245840e-01
1.079545997782121458e-01
1.070533900619723006e-01
1.059621094108033623e-01
1.046827040078151666e-01
1.032175833473731874e-01
1.015696064165869383e-01
9.974206001236744779e-02
9.773863065306624687e-02
9.556337196584496763e-02
9.322066967681691407e-02
9.071520637767349626e-02
8.805192808930425996e-02
8.523601431102657833e-02
8.227285277320775525e-02
7.916801955422565762e-02
7.592726463945019544e-02
7.255650244964610696e-02
6.906180640187334352e-02
6.544940622899696192e-02
6.172568660052735884e-02
5.789718556685206213e-02
5.397059148306633525e-02
4.995273733431293550e-02
4.585059174656895553e-02
4.167124638248782820e-02
3.742189984625450550e-02
3.310983861233213199e-02
2.874241581562000936e-02
2.432702897043197143e-02
1.987109781020582333e-02
1.538204345793009638e-02
1.086727005776240082e-02
6.334149837193854896e-03
1.790012346325427217e-03
-2.757861642788135559e-03
-7.302241378903098247e-03
-1.183594260910489707e-02
-1.635181966703211018e-02
-2.084275381475677105e-02
-2.530163872511527121e-02
-2.972136420599030132e-02
-3.409479944699635862e-02
-3.841477720377037969e-02
-4.267408041474908542e-02
-4.686543275692215543e-02
-5.098149457672307427e-02
-5.501486546750703616e-02
-5.895809449797138196e-02
-6.280369872625334027e-02
-6.654419017311009876e-02
-7.017211089840472149e-02
-7.368007526526619555e-02
-7.706081793418843862e-02
-8.030724566003373532e-02
-8.341249062327231456e-02
-8.636996285939221862e-02
-8.917339938751643602e-02
-9.181690788849367069e-02
-9.429500322583564409e-02
-9.660263569651091065e-02
-9.873521057924675159e-02
-1.006885992402662966e-01
-1.024591426834133845e-01
-1.040436489255206903e-01
-1.054393858887590213e-01
-1.066440716036678449e-01
-1.076558634100688860e-01
-1.084733475535646363e-01
-1.090955301487253615e-01
-1.095218299758981273e-01
-1.097520730619647722e-01
-1.097864885289665943e-01
-1.096257048311890941e-01
-1.092707452785982303e-01
-1.087230216812151151e-01
-1.079843250441919200e-01
-1.070568124779268659e-01
-1.059429898279672932e-01
-1.046456899328634116e-01
-1.031680468383841393e-01
-1.015134666898533516e-01
-9.968559635428488053e-02
-9.768829106438089993e-02
-9.552558251299345105e-02
-9.320164885639793673e-02
-9.072078801433466899e-02
-8.808739549779030786e-02
-8.530594776943802027e-02
-8.238099186536743113e-02
-7.931714169833370409e-02
-7.611908113847133672e-02
-7.279157364123818585e-02
-6.933947787634579807e-02
-6.576776851647155031e-02
-6.208156108116362482e-02
-5.828613951035178931e-02
-5.438698497454732411e-02
-5.038980432649842883e-02
-4.630055657213464487e-02
-4.212547579493465533e-02
-3.787108911089906438e-02
-3.354422845854812540e-02
-2.915203532993134589e-02
-2.470195790698907767e-02
-2.020174045828481910e-02
-1.565940524472494294e-02
-1.108322754807138100e-02
-6.481704743265368981e-03
-1.863520560784328282e-03
2.762494186823634575e-03
7.387403113862022093e-03
1.200220677398281324e-02
1.659788509024817324e-02
2.116543881496770613e-02
2.569592935298172995e-02
3.018051649770521136e-02
3.461049381400051195e-02
3.897732153785005149e-02
4.327265694092588544e-02
4.748838212909629181e-02
5.161662921687900502e-02
5.564980276060737391e-02
5.958059926111798632e-02
6.340202348223862583e-02
6.710740129215413130e-02
7.069038873422588132e-02
7.414497707946857141e-02
7.746549370569409676e-02
8.064659878345646626e-02
8.368327791678360772e-02
8.657083107453959758e-02
8.930485834197132711e-02
9.188124320748469742e-02
9.429613426410739241e-02
9.654592633742609120e-02
9.862724214307733162e-02
1.005369156200486003e-01
1.022719780755954599e-01
1.038296482092745110e-01
1.052073269544556849e-01
1.064025978843340520e-01
1.074132336769097057e-01
1.082372088241545377e-01
1.088727184139754722e-01
1.093182024249630818e-01
1.095723745753146572e-01
1.096342543872129288e-01
1.095032007997621681e-01
1.091789454228667966e-01
1.086616234046938884e-01
1.079517999131315020e-01
1.070504904215021230e-01
1.059591733391645058e-01
1.046797940185860976e-01
1.032147597639251485e-01
1.015669261091300124e-01
9.973957526393437134e-02
9.773638818032129305e-02
9.556141211322385920e-02
9.321902579480387252e-02
9.071390438861384742e-02
8.805098623755656939e-02
8.523544308885161458e-02
8.227265500976729817e-02
7.916819065243624332e-02
7.592779294406268309e-02
7.255736972954668351e-02
6.906298842991247244e-02
6.545087344333311297e-02
6.172740483224941482e-02
5.789911681931961956e-02
5.397269474887447793e-02
4.995496943603031093e-02
4.585290818747453367e-02
4.167360219355267792e-02
3.742425041571262323e-02
3.311214048448520020e-02
2.874462744612275855e-02
2.432911142626016654e-02
1.987301540381993664e-02
1.538376430676734012e-02
1.086876656203204783e-02
6.335399070904341665e-03
1.790996358415805276e-03
-2.757155618519501958e-03
-7.301820804778481368e-03
-1.183580961384550836e-02
-1.635197110272457177e-02
-2.084318139720797020e-02
-2.530232925387433662e-02
-2.972229986008899025e-02
-3.409595815232604327e-02
-3.841613306785920251e-02
-4.267560422440629803e-02
-4.686709253366656142e-02
-5.098325618402243381e-02
-5.501669326257821457e-02
-5.895995201923522055e-02
-6.280554940557581123e-02
-6.654599805983266170e-02
-7.017384138007365380e-02
-7.368169576816054056e-02
-7.706229858548448164e-02
-8.030855989297852604e-02
-8.341361570726502084e-02
-8.637088033849353585e-02
-8.917409541361420722e-02
-9.181737343901552606e-02
-9.429523420027169367e-02
-9.660263289076259641e-02
-9.873497954158064194e-02
-1.006881500170590804e-01
-1.024584894666144552e-01
-1.040428096166092220e-01
-1.054383815958182813e-01
-1.066429260890374986e-01
-1.076546025059594430e-01
-1.084719985621879212e-01
-1.090941212421122769e-01
-1.095203896088450257e-01
-1.097506294096586427e-01
-1.097850689589358747e-01
-1.096243354174144397e-01
-1.092694503639547871e-01
-1.087218234929257926e-01
-1.079832433656435359e-01
-1.070558643790161385e-01
-1.059421894550742899e-01
-1.046450483585719682e-01
-1.031675719701660304e-01
-1.015131632360985608e-01
-9.968546584529626442e-02
-9.768833192526735210e-02
-9.552579018480167328e-02
-9.320201596133126376e-02
-9.072130456052510117e-02
-8.808804911881877586e-02
-8.530672399363503633e-02
-8.238187440986058374e-02
-7.931811278282646649e-02
-7.612012181382114828e-02
-7.279266412803203634e-02
-6.934059790882904362e-02
-6.576889768735315334e-02
-6.208267918298233934e-02
-5.828722686923086538e-02
-5.438802277228057397e-02
-5.039077490699381268e-02
-4.630144372829339550e-02
-4.212626503207153594e-02
-3.787176788282708984e-02
-3.354478637248028972e-02
-2.915246431642202346e-02
-2.470225235128248320e-02
-2.020189728969441420e-02
-1.565942398107099398e-02
-1.108311029278315728e-02
-6.481456133527415710e-03
-1.863147666075394386e-03
2.762982015300886190e-03
7.387994441067221099e-03
1.200288832305882250e-02
1.659864202408211503e-02
2.116625505133525736e-02
2.569678790608720398e-02
3.018139983790824390e-02
3.461138423677484477e-02
3.897820153260425635e-02
4.327350955026293411e-02
4.748919128940961437e-02
5.161738007186422728e-02
5.565048194027538697e-02
5.958119512016969016e-02
6.340252629313186672e-02
6.710780338977606618e-02
7.069068461069237530e-02
7.414516342912330638e-02
7.746556942180060634e-02
8.064656490930846577e-02
8.368313755496313566e-02
8.657058925881011557e-02
8.930452187680323894e-02
9.188082048049132922e-02
9.429563503674955049e-02
9.654536151926164378e-02
9.862662355463011621e-02
1.005362557490895453e-01
1.022712898313047486e-01
1.038289446784155245e-01
1.052066211633593262e-01
1.064019025701761767e-01
1.074125610714650042e-01
1.082365704529211908e-01
1.088721249132728469e-01
1.093176633792962704e-01
1.095718983769598809e-01
1.096338481195992670e-01
1.095028701458043568e-01
1.091786945989492164e-01
1.086614551205323520e-01
1.079517153572710775e-01
1.070504892717730472e-01
1.059592537970424908e-01
1.046799528661097323e-01
1.032149924416255887e-01
1.015672268133262640e-01
9.973993706172759599e-02
9.773680314065646968e-02
9.556187145243928704e-02
9.321952003511631279e-02
9.071442352794836794e-02
8.805151992899326596e-02
8.523598082770712792e-02
8.227318632595771730e-02
7.916870530530162320e-02
7.592828111631336196e-02
7.255782221647724683e-02
6.906339681959036692e-02
6.545123028317804958e-02
6.172770377734019404e-02
5.789935275794459019e-02
5.397286390130166811e-02
4.995506942320592642e-02
4.585293806732528704e-02
4.167356246370377409e-02
3.742414298265593631e-02
3.311196860044986201e-02
2.874439561602422366e-02
2.432882528805891537e-02
1.987268158635311158e-02
1.538339026959735685e-02
1.086836042208314673e-02
6.334969420651912798e-03
1.790552080192908679e-03
-2.757605537879050973e-03
-7.302267455176732550e-03
-1.183624433572783713e-02
-1.635238565061908345e-02
-2.084356809058985488e-02
-2.530268111332177258e-02
-2.972261072700546972e-02
-3.409622279075242429e-02
-3.841634724710330656e-02
-4.267576478140246848e-02
-4.686719741417023910e-02
-5.098330446197428534e-02
-5.501668513726321041e-02
-5.895988879023082718e-02
-6.280543342593485068e-02
-6.654583266847086120e-02
-7.017363081490475551e-02
-7.368144506210523581e-02
-7.706201344802518505e-02
-8.030824658038962505e-02
-8.341328088496957616e-02
-8.637053093914701107e-02
-8.917373849447603196e-02
-9.181701604194360267e-02
