0.000000000000000000e+00
0.000000000000000000e+00
-2.437195575819940468e-04
-1.055680660855966551e-03
-2.587680025322062777e-03
-4.888311973058100460e-03
-7.728707047426638596e-03
-1.056992406841590626e-02
-1.274849333981706301e-02
-1.376851617965790288e-02
-1.347948419464271332e-02
-1.203782664415744760e-02
-9.737448965870029033e-03
-6.844256854963869617e-03
-3.500654705412484680e-03
3.011070990741348576e-04
4.694674349235360492e-03
9.871291844789392006e-03
1.597028303594686185e-02
2.295364590082495104e-02
3.052835856819453852e-02
3.818635587182829527e-02
4.536620105346555326e-02
5.164454255828825752e-02
5.684157622471957411e-02
6.099989675895666624e-02
6.428442539338952155e-02
6.687534805811982952e-02
6.889645097441750299e-02
7.038645641458718405e-02
7.130581433057758822e-02
7.157141021633477151e-02
7.111284135578020693e-02
6.993680326876416942e-02
6.817283981280979066e-02
6.606985862768154083e-02
6.393442351970100856e-02
6.204038708826725701e-02
6.056036887273542196e-02
5.955134101854967638e-02
5.898860080873075812e-02
5.881892340777201272e-02
5.900518338979484495e-02
5.954781897698707693e-02
6.047913606586761970e-02
6.183213131502306170e-02
6.359167103427838807e-02
6.564664474867562549e-02
6.777188361201975930e-02
6.966332488416307478e-02
7.102048728332360783e-02
7.163477061351515573e-02
7.143484873063819796e-02
7.047097469313831630e-02
6.885851493886062380e-02
6.671559080122949070e-02
6.411924874731285418e-02
6.108800473439328360e-02
5.758924441437351938e-02
5.356759435284313975e-02
4.898816924320991556e-02
4.388191610637755952e-02
3.837247353267508876e-02
3.266574255170453384e-02
2.700154959781498124e-02
2.159107111991848821e-02
1.657256440699889088e-02
1.200311666840347610e-02
7.880451034721520920e-03
4.175587440627220176e-03
8.588373312490285225e-04
-2.089641729661063929e-03
-4.685401853502189559e-03
-6.956558468986889093e-03
-8.963160875753471007e-03
-1.080799802613565883e-02
-1.262978929974437406e-02
-1.457801328465405284e-02
-1.677972990577956958e-02
-1.931442040801535642e-02
-2.220800986436287719e-02
-2.544589598708564548e-02
-2.899585154959850170e-02
-3.282984892169550639e-02
-3.693722486952017575e-02
-4.132592361804330455e-02
-4.601172120003427235e-02
-5.099796553825389905e-02
-5.625176971529907005e-02
-6.168634145855733664e-02
-6.716008705442574889e-02
-7.249764477195595747e-02
-7.752674756428562519e-02
-8.211497007898992118e-02
-8.619015578798625010e-02
-8.973816482599365763e-02
-9.278358298475480881e-02
-9.536509000972133443e-02
-9.751587092609488583e-02
-9.925459930985622292e-02
-1.005879518828536739e-01
-1.015224136923290194e-01
-1.020805734260531172e-01
-1.023149200184362839e-01
-1.023117885993760218e-01
-1.021815942349342948e-01
-1.020384274931663837e-01
-1.019782117795638571e-01
-1.020650915333567582e-01
-1.023301415637906525e-01
-1.027793972939623213e-01
-1.034043765538941867e-01
-1.041888710758158282e-01
-1.051090466991205230e-01
-1.061277101847669102e-01
-1.071867836719142403e-01
-1.082037122511036731e-01
-1.090766123447374641e-01
-1.096989244118087709e-01
-1.099787786006821838e-01
-1.098548604950666530e-01
-1.093020467968533610e-01
-1.083254765142330628e-01
-1.069471088752073917e-01
-1.051910512007002974e-01
-1.030729040897880450e-01
-1.005959179478909254e-01
-9.775446928867410901e-02
-9.454358855397450301e-02
-9.097164646053909620e-02
-8.707182051812333012e-02
-8.290746637932272511e-02
-7.856814876130331637e-02
-7.415688949211923786e-02
-6.977330518564259232e-02
-6.549906317553749746e-02
-6.139031064916763286e-02
-5.747782120944408546e-02
-5.377215761970544766e-02
-5.026984515948416249e-02
-4.695735737898577150e-02
-4.381164198364358858e-02
-4.079797658497048146e-02
-3.786748855225186006e-02
-3.495720191436139240e-02
-3.199460015704808785e-02
-2.890652124793303968e-02
-2.562972113614543634e-02
-2.211919292774492882e-02
-1.835125279064752854e-02
-1.432095645453724218e-02
-1.003597415328874587e-02
-5.510252170206368302e-03
-7.603468929560531359e-04
4.194187602677569571e-03
9.326812851716839714e-03
1.459850752061522469e-02
1.995381363497389718e-02
2.532127115553090002e-02
3.061941482590393310e-02
3.576690623088624871e-02
4.069323690418717027e-02
4.534614608300221311e-02
4.969364829897170849e-02
5.372117441495583012e-02
5.742623750724709653e-02
6.081345660557854055e-02
6.389193174376921192e-02
6.667555526963533929e-02
6.918547188599745434e-02
7.145294208878548436e-02
7.352058656338132658e-02
7.544056293739284658e-02
7.726953459167007487e-02
7.906177454391186132e-02
8.086260888980595363e-02
8.270414714202378725e-02
8.460407004053294155e-02
8.656688730524039754e-02
8.858626039422688725e-02
9.064698348197344768e-02
9.272584448369020071e-02
9.479145426168490707e-02
9.680385959663503903e-02
9.871506843327539082e-02
1.004713690232615642e-01
1.020175691798488188e-01
1.033023271832924778e-01
1.042830789316288864e-01
1.049290840215757054e-01
1.052218427829328673e-01
1.051531945188980133e-01
1.047222635651457318e-01
1.039327235205282779e-01
1.027915646206543354e-01
1.013098584927705215e-01
9.950516777184513495e-02
9.740449312815699368e-02
9.504624291847191264e-02
9.247987950726113682e-02
8.976269419329299670e-02
8.695430984666929763e-02
8.411044402668900466e-02
8.127767000502068850e-02
7.849029635585291764e-02
7.576945210157021160e-02
7.312361372202111354e-02
7.054954294145306115e-02
6.803294230004400256e-02
6.554880631215211084e-02
6.306206762833196922e-02
6.052937816277977751e-02
5.790256431936988829e-02
5.513355899493935230e-02
5.217981378403245551e-02
4.900879691805721389e-02
4.560044633898995003e-02
4.194723846856257543e-02
3.805241517356629938e-02
3.392744734342308111e-02
2.958981909059245005e-02
2.506179346015361201e-02
2.037022083276827933e-02
1.554692784178798512e-02
1.062895418677750961e-02
5.657964866013605147e-03
6.785211773291622769e-04
-4.264606635082185404e-03
-9.129484272622345048e-03
-1.387967245301476027e-02
-1.848594273933391180e-02
-2.292689056459484495e-02
-2.718868715121122367e-02
-3.126443881636906813e-02
-3.515360708743538870e-02
-3.886173131870462177e-02
-4.240039836177637161e-02
-4.578714847505236524e-02
-4.904490011535049543e-02
-5.220057491659794296e-02
-5.528288385803108163e-02
-5.831958190254779573e-02
-6.133474558356113299e-02
-6.434664529159254964e-02
-6.736655714994393973e-02
-7.039850440970819856e-02
-7.343961218219041687e-02
-7.648063951737993360e-02
-7.950635461480372312e-02
-8.249567665839853403e-02
-8.542179682904410543e-02
-8.825267755655596957e-02
-9.095231484192856097e-02
-9.348291326443930460e-02
-9.580775212736231117e-02
-9.789418572197194912e-02
-9.971609797173282275e-02
-1.012552979059749420e-01
-1.025017187612472930e-01
-1.034526829050338576e-01
-1.041117350890248400e-01
-1.044875458813540048e-01
-1.045931842568457171e-01
-1.044457685597720981e-01
-1.040662580592717629e-01
-1.034790394257188995e-01
-1.027110284843674032e-01
-1.017902096065644996e-01
-1.007437750435350166e-01
-9.959618978931054911e-02
-9.836752262606654473e-02
-9.707226123212002455e-02
-9.571865005341897992e-02
-9.430845366915374672e-02
-9.283701667925781109e-02
-9.129356008765651675e-02
-8.966176673885747905e-02
-8.792078746161684222e-02
-8.604678480873323432e-02
-8.401500762132460554e-02
-8.180219901920018910e-02
-7.938896817256639593e-02
-7.676169182049481787e-02
-7.391360012785268274e-02
-7.084491573849037438e-02
-6.756216772932607806e-02
-6.407699357757305758e-02
-6.040480869566491190e-02
-5.656366010515574000e-02
-5.257343226729411373e-02
-4.845540267665941758e-02
-4.423200987680116214e-02
-3.992663341532087795e-02
-3.556320444737867681e-02
-3.116555206395471567e-02
-2.675650756599601970e-02
-2.235689062166252433e-02
-1.798454955602181785e-02
-1.365361026680415174e-02
-9.374022440208833878e-03
-5.151415409593471453e-03
-9.872250302421885226e-04
3.120956851773899060e-03
7.178837202280307500e-03
1.119468180360505896e-02
1.517837863875349906e-02
1.914033533680595950e-02
2.309029778288031881e-02
2.703622737560561901e-02
3.098338654385456026e-02
3.493374112305515367e-02
3.888570705633889735e-02
4.283418258882870644e-02
4.677075360771459911e-02
5.068396024823731971e-02
5.455956267860494896e-02
5.838081697083646188e-02
6.212883348543348644e-02
6.578311141276438345e-02
6.932231204905724142e-02
7.272525990738436252e-02
7.597207363761286636e-02
7.904526433777078753e-02
8.193062509163646923e-02
8.461777869165532096e-02
8.710033242453674163e-02
8.937567687907725655e-02
9.144452894556587275e-02
9.331034116870459694e-02
9.497868257864662545e-02
9.645665565343494730e-02
9.775236992446893758e-02
9.887446067446921394e-02
9.983162856595360901e-02
1.006321815457105889e-01
1.012835765888271955e-01
1.017919764220581308e-01
1.021618481091101788e-01
1.023956338320138881e-01
1.024935216683500461e-01
1.024533402854586883e-01
1.022705996750362667e-01
1.019386998176286530e-01
1.014493257168260359e-01
1.007930340440581773e-01
9.996000976330855770e-02
9.894093334818479524e-02
9.772786136597037820e-02
9.631500092906010446e-02
9.469926520963892203e-02
9.288053641343484157e-02
9.086162439728655282e-02
8.864797339525669340e-02
8.624721456300100952e-02
8.366867468181572731e-02
8.092293075208691067e-02
7.802145741374585941e-02
7.497636619370458277e-02
7.180019873907737826e-02
6.850572077634080326e-02
6.510567155372910808e-02
6.161244904046296600e-02
5.803774305762009894e-02
5.439215491647345774e-02
5.068485489752627693e-02
4.692332626880919150e-02
4.311323068885603016e-02
3.925841170731622642e-02
3.536103651587652746e-02
3.142186353398155468e-02
2.744061401287612584e-02
2.341641764072429840e-02
1.934829441551110668e-02
1.523562948413017919e-02
1.107859748331774946e-02
6.878500853671724521e-03
2.638002575989204651e-03
-1.638745841509417316e-03
-5.946061657409034210e-03
-1.027674328772523911e-02
-1.462210846686997495e-02
-1.897204093140776593e-02
-2.331504739603851989e-02
-2.763834574821336099e-02
-3.192801748360885039e-02
-3.616925706901681636e-02
-4.034673647937274399e-02
-4.444507763048802240e-02
-4.844939610965565829e-02
-5.234585595025394861e-02
-5.612216547251661775e-02
-5.976795217364803958e-02
-6.327497784266815362e-02
-6.663718576745701616e-02
-6.985060028028337864e-02
-7.291311696480029525e-02
-7.582422624293672087e-02
-7.858470559405865419e-02
-8.119630184914490567e-02
-8.366141144356269155e-02
-8.598275830984902779e-02
-8.816306825522345070e-02
-9.020474387620323886e-02
-9.210955175296239861e-02
-9.387833992525784765e-02
-9.551080603156721083e-02
-9.700533487360198104e-02
-9.835892025185541399e-02
-9.956718171252816607e-02
-1.006244831079709801e-01
-1.015241555065655166e-01
-1.022588198344222682e-01
-1.028207932314071232e-01
-1.032025484075276417e-01
-1.033971811858431511e-01
-1.033988335399429054e-01
-1.032030225698295223e-01
-1.028068413331259950e-01
-1.022090219095307395e-01
-1.014098775215967196e-01
-1.004111610763227525e-01
-9.921588644016871017e-02
-9.782815453955230611e-02
-9.625301161346530576e-02
-9.449634704890630399e-02
-9.256481938495361717e-02
-9.046578639867348948e-02
-8.820721154546894149e-02
-8.579752455083675122e-02
-8.324542628895857665e-02
-8.055964326783517093e-02
-7.774865076780212991e-02
-7.482039262786602252e-02
-7.178202838176442335e-02
-6.863973543761808793e-02
-6.539858716114335668e-02
-6.206251930910167830e-02
-5.863438897360214591e-02
-5.511612279827400596e-02
-5.150894469442709317e-02
-4.781366736169229831e-02
-4.403102666608532667e-02
-4.016203398088772497e-02
-3.620831995000214215e-02
-3.217244460293609831e-02
-2.805815337260617395e-02
-2.387056532467191072e-02
-1.961628697630564064e-02
-1.530345054557683861e-02
-1.094167817630757253e-02
-6.541973816530469513e-03
-2.116543510862204346e-03
2.321454902166574658e-03
6.758228472521044666e-03
1.117972124779378906e-02
1.557202185444250125e-02
1.992177800592385278e-02
2.421658427004347303e-02
2.844530991720074092e-02
3.259834006674736800e-02
3.666771397998208615e-02
4.064715633168501652e-02
4.453200775057528787e-02
4.831906805960051177e-02
5.200636921342623176e-02
5.559289591619077237e-02
5.907827177724538775e-02
6.246242875540598122e-02
6.574527786803091578e-02
6.892639923237652011e-02
7.200476864989183157e-02
7.497853554209545079e-02
7.784486310047541990e-02
8.059983664823378025e-02
8.323844137494311457e-02
8.575460662063651152e-02
8.814131111604915636e-02
9.039074185429751829e-02
9.249449805643929212e-02
9.444383047938038900e-02
9.622990488938118481e-02
9.784407711434010835e-02
9.927816624660826261e-02
1.005247128872711199e-01
1.015772111014204837e-01
1.024303057779993864e-01
1.030799506300291851e-01
1.035235251227518138e-01
1.037599102686414532e-01
1.037895230497061783e-01
1.036143075000555136e-01
1.032376781762623513e-01
1.026644102338888087e-01
1.019004709215991650e-01
1.009527907366786631e-01
9.982897858472350450e-02
9.853699293891873823e-02
9.708478847147689050e-02
9.547996315604326267e-02
9.372943317955273468e-02
9.183916180876647295e-02
8.981396414209086299e-02
8.765740344525027594e-02
8.537178753152545319e-02
8.295826608225279064e-02
8.041702222434640723e-02
7.774754428600169631e-02
7.494895685573617350e-02
7.202038487944042999e-02
6.896132159314705135e-02
6.577197147107288755e-02
6.245354327288674817e-02
5.900847499171725519e-02
5.544058056165274140e-02
5.175511585039428014e-02
4.795876738163518116e-02
4.405957086808418716e-02
4.006676835104887313e-02
3.599061348192529597e-02
3.184213525304199766e-02
2.763287187948474874e-02
2.337458848660792926e-02
1.907899414317246536e-02
1.475747474394095704e-02
1.042085761649474106e-02
6.079221307696644309e-03
1.741760134768190714e-03
-2.583291524900901102e-03
-6.888674788854140009e-03
-1.116806515286705367e-02
-1.541598115471762981e-02
-1.962765135071250014e-02
-2.379884954397382471e-02
-2.792570914879114255e-02
-3.200452813727101831e-02
-3.603157610734112476e-02
-4.000291445842090593e-02
-4.391423932951214054e-02
-4.776075488160992644e-02
-5.153708195753653465e-02
-5.523720457327913058e-02
-5.885445457082150861e-02
-6.238153343623435015e-02
-6.581056981059839328e-02
-6.913321130664620839e-02
-7.234074934135067969e-02
-7.542427518650364482e-02
-7.837486388458679565e-02
-8.118378001986813197e-02
-8.384269599016165586e-02
-8.634391019485081198e-02
-8.868055038278359337e-02
-9.084674705063676414e-02
-9.283776355040515571e-02
-9.465007318322372909e-02
-9.628137828409251420e-02
-9.773057119882409827e-02
-9.899764130786144201e-02
-1.000835354114287812e-01
-1.009899808275604022e-01
-1.017192817404546923e-01
-1.022741000263141381e-01
-1.026572322160674289e-01
-1.028713944588985074e-01
-1.029190271863954786e-01
-1.028021304567397209e-01
-1.025221395749221082e-01
-1.020798485726066573e-01
-1.014753866347469780e-01
-1.007082497479889482e-01
-9.977738683182649226e-02
-9.868133644028283247e-02
-9.741840682226719783e-02
-9.598688882608795436e-02
-9.438528811910204541e-02
-9.261256092287419028e-02
-9.066833645552249688e-02
-8.855310993674821163e-02
-8.626839248151046968e-02
-8.381680824814614905e-02
-8.120213423152743137e-02
-7.842928330941617565e-02
-7.550423576501441580e-02
-7.243392791858641044e-02
-6.922610842149014287e-02
-6.588917325136668668e-02
-6.243198981654273644e-02
-5.886371928311169566e-02
-5.519364472548619199e-02
-5.143101130296097445e-02
-4.758488354806533760e-02
-4.366402402273356076e-02
-3.967679694456988093e-02
-3.563109974404957830e-02
-3.153432472913899470e-02
-2.739335200341554838e-02
-2.321457347723435150e-02
-1.900394627272545753e-02
-1.476707215849898044e-02
-1.050929800941759890e-02
-6.235830845447497099e-03
-1.951859937551164541e-03
2.337322071509076622e-03
6.626207001898505068e-03
1.090897517855087852e-02
1.517942165291013591e-02
1.943090889863616222e-02
2.365634840579507875e-02
2.784821174654217996e-02
3.199857001164309322e-02
3.609915910199190670e-02
4.014146720400402907e-02
4.411683983414971255e-02
4.801659705405163930e-02
5.183215682041623917e-02
5.555515799003226535e-02
5.917757634529875049e-02
6.269182725017803659e-02
6.609084926692590511e-02
6.936816426533834457e-02
7.251791115590545955e-02
7.553485221846158171e-02
7.841435288069405207e-02
8.115233753170102149e-02
8.374522538161603691e-02
8.618985140960262747e-02
8.848337805620230812e-02
9.062320354280249679e-02
9.260687260399748377e-02
9.443199507061030007e-02
9.609617720559862630e-02
9.759697001371939185e-02
9.893183793360493805e-02
1.000981503684023333e-01
1.010931973946480045e-01
1.019142296877319914e-01
1.025585212202843877e-01
1.030234516787229410e-01
1.033066039177051587e-01
1.034058703102288673e-01
1.033195607722823539e-01
1.030465047631225067e-01
1.025861398439271155e-01
1.019385804623067215e-01
1.011046624131626687e-01
1.000859606590808332e-01
9.888478053121707578e-02
9.750412441399960994e-02
9.594763755692550800e-02
9.421953751033460001e-02
9.232453187563550989e-02
9.026772876693522907e-02
8.805454385443231557e-02
8.569060735110847760e-02
8.318167398535700197e-02
8.053353892312448137e-02
7.775196269052167541e-02
7.484260824234496845e-02
7.181099323796685807e-02
6.866246017282232050e-02
6.540216619961752853e-02
6.203509328431366238e-02
5.856607789415314846e-02
5.499985788965831845e-02
5.134113290080597608e-02
4.759463341313044382e-02
4.376519323255177035e-02
3.985782002409157809e-02
3.587775921970754595e-02
3.183054765440455902e-02
2.772205462410766430e-02
2.355850942445677360e-02
1.934651559416336597e-02
1.509305287656649563e-02
1.080546825287578838e-02
6.491457325255186456e-03
2.159036967584630068e-03
-2.183490296340125786e-03
-6.527580088507474627e-03
-1.086449815695889921e-02
-1.518538032832303722e-02
-1.948129967338879664e-02
-2.374333934668316354e-02
-2.796266869851827402e-02
-3.213061948770935816e-02
-3.623875850760480133e-02
-4.027895279497523823e-02
-4.424342387259726228e-02
-4.812478816146064514e-02
-5.191608170235995773e-02
-5.561076851935909532e-02
-5.920273319078235563e-02
-6.268625932634749875e-02
-6.605599657014561699e-02
-6.930691938801229746e-02
-7.243428122794677571e-02
-7.543356767557454767e-02
-7.830045200326452015e-02
-8.103075608780395400e-02
-8.362041910963538549e-02
-8.606547580607376569e-02
-8.836204538239592066e-02
-9.050633152599323050e-02
-9.249463334252351621e-02
-9.432336644748175181e-02
-9.598909290063481481e-02
-9.748855816257588625e-02
-9.881873279102569574e-02
-9.997685620803621609e-02
-1.009604796089901141e-01
-1.017675050162532291e-01
-1.023962176678325092e-01
-1.028453094116184158e-01
-1.031138915385743648e-01
-1.032014964654131423e-01
-1.031080687483039854e-01
-1.028339469228648495e-01
-1.023798384727117178e-01
-1.017467907146114986e-01
-1.009361604974362420e-01
-9.994958535760620211e-02
-9.878895822969348262e-02
-9.745640709278528824e-02
-9.595428017158509626e-02
-9.428513662587229005e-02
-9.245174214199303186e-02
-9.045706853278492887e-02
-8.830429636122844039e-02
-8.599681969401010151e-02
-8.353825230399720969e-02
-8.093243490368644266e-02
-7.818344323573553356e-02
-7.529559701615938516e-02
-7.227346978593898741e-02
-6.912189966626984539e-02
-6.584600084188277358e-02
-6.245117534359124339e-02
-5.894312440472043030e-02
-5.532785837100957782e-02
-5.161170389459340813e-02
-4.780130698004016188e-02
-4.390363040675827194e-02
-3.992594414976426836e-02
-3.587580766993820475e-02
-3.176104334163748488e-02
-2.758970081097545518e-02
-2.337001269804669240e-02
-1.911034272287603225e-02
-1.481912798932416911e-02
-1.050481773989055123e-02
-6.175811335488859584e-03
-1.840398465608354857e-03
2.493295379701852832e-03
6.817355357536807221e-03
1.112411326253738564e-02
1.540617131963030462e-02
1.965641281816336849e-02
2.386799948358848608e-02
2.803435634691301553e-02
3.214914567395708161e-02
3.620623219451031549e-02
4.019964237691644321e-02
4.412352079367453522e-02
4.797208670360784272e-02
5.173959383969502224e-02
5.542029605971595524e-02
5.900842102504105791e-02
6.249815346771400021e-02
6.588362894035051931e-02
6.915893827174310338e-02
7.231814232470573645e-02
7.535529611555191742e-02
7.826448093982329990e-02
8.103984287629659167e-02
8.367563591587898197e-02
8.616626797361233436e-02
8.850634816649088910e-02
9.069073394168730706e-02
9.271457687657726210e-02
9.457336619975854897e-02
9.626296926225834383e-02
9.777966829304836349e-02
9.912019279260246563e-02
1.002817468626535091e-01
1.012620306702148865e-01
1.020592551469435838e-01
1.026721489880633303e-01
1.030999570940543675e-01
1.033424298352732668e-01
1.033998029316814532e-01
1.032727683111245021e-01
1.029624369895045521e-01
1.024702957246049068e-01
1.017981598346838351e-01
1.009481250448041739e-01
9.992252144652363777e-02
9.872387258006738719e-02
9.735486226342918159e-02
9.581831113399845445e-02
9.411716400723524334e-02
9.225448819265488765e-02
9.023348195139395400e-02
8.805749143942026569e-02
8.573003384385492753e-02
8.325482404236306255e-02
8.063580201309948625e-02
7.787715837203459945e-02
7.498335576153616899e-02
7.195914428856034495e-02
6.880956974346023880e-02
6.553997386777438150e-02
6.215598645148675411e-02
5.866350951944153402e-02
5.506869431801104248e-02
5.137791224150505681e-02
4.759772123572664909e-02
4.373482955826683144e-02
3.979605902123768690e-02
3.578830994669246479e-02
3.171852999086024333e-02
2.759368872407729628e-02
2.342075940024516273e-02
1.920670875196182903e-02
1.495849496578076886e-02
1.068307329788532010e-02
6.387408154627455606e-03
2.078489944884925715e-03
-2.236645345593852793e-03
-6.550896082175110095e-03
-1.085707662712051894e-02
-1.514790274314577363e-02
-1.941598248269620422e-02
-2.365381388061512519e-02
-2.785379030097605291e-02
-3.200821380572731883e-02
-3.610931644930977930e-02
-4.014928898850980699e-02
-4.412031615120379918e-02
-4.801461734319409369e-02
-5.182449149200312605e-02
-5.554236462485975800e-02
-5.916083874250990110e-02
-6.267274056306856855e-02
-6.607116875103034859e-02
-6.934953829795474645e-02
-7.250162077189420406e-02
-7.552157920117301415e-02
-7.840399641546440257e-02
-8.114389575487915285e-02
-8.373675320394878552e-02
-8.617850023905755663e-02
-8.846551701284303959e-02
-9.059461593834250426e-02
-9.256301625905087593e-02
-9.436831075750223841e-02
-9.600842630764083729e-02
-9.748158045148747064e-02
-9.878623651885881651e-02
-9.992105996484386410e-02
-1.008848785498189238e-01
-1.016766487326330459e-01
-1.022954302151700134e-01
-1.027403700113107554e-01
-1.030106967730161777e-01
-1.031057254518154137e-01
-1.030248717612183285e-01
-1.027676753781705948e-01
-1.023338304070981059e-01
-1.017232213388414158e-01
-1.009359625649589864e-01
-9.997243944214688482e-02
-9.883334892500346414e-02
-9.751973788274849453e-02
-9.603303737603198498e-02
-9.437509138769842321e-02
-9.254817877301639573e-02
-9.055502751628484448e-02
-8.839882074343247131e-02
-8.608319432943037364e-02
-8.361222633394185810e-02
-8.099041887342332824e-02
-7.822267336717060593e-02
-7.531426035642481420e-02
-7.227078527436606170e-02
-6.909815163417615258e-02
-6.580252310478965083e-02
-6.239028586931805870e-02
-5.886801252408795093e-02
-5.524242859331082722e-02
-5.152038252135596186e-02
-4.770881977456314926e-02
-4.381476144723246008e-02
-3.984528752841499238e-02
-3.580752475184358075e-02
-3.170863872463056815e-02
-2.755582981602741968e-02
-2.335633209255217474e-02
-1.911741441978387010e-02
-1.484638272605405193e-02
-1.055058235214228167e-02
-6.237399405950976201e-03
-1.914260110640260068e-03
2.411372718295634945e-03
6.732006711766007692e-03
1.104013086693898457e-02
1.532823039518024788e-02
1.958880521436419039e-02
2.381439148804936901e-02
2.799758534537409582e-02
3.213106771592665056e-02
3.620762910003698376e-02
4.022019307504010044e-02
4.416183741132844592e-02
4.802581182974864638e-02
5.180555165917340166e-02
5.549468693079596948e-02
5.908704675268160178e-02
6.257665912298128463e-02
6.595774664287963607e-02
6.922471886315599565e-02
7.237216222671720434e-02
7.539482874271617729e-02
7.828762463858791876e-02
8.104560028045934561e-02
8.366394262853645014e-02
8.613797140282944409e-02
8.846313997788336769e-02
9.063504180602753590e-02
9.264942289127414687e-02
9.450220050665436577e-02
9.618948797611989732e-02
9.770762494277245025e-02
9.905321213910461831e-02
1.002231492900819421e-01
1.012146744502371160e-01
1.020254028385989692e-01
1.026533631255688583e-01
1.030970291708785402e-01
1.033553454235850294e-01
1.034277445652875410e-01
1.033141564752380892e-01
1.030150081690473229e-01
1.025312149460299305e-01
1.018641635060641842e-01
1.010156882073093981e-01
9.998804189456540759e-02
9.878386282588981493e-02
9.740613918241143587e-02
9.585817250577487181e-02
9.414354122320332807e-02
9.226606524308418600e-02
9.022977247039261350e-02
8.803886801396264283e-02
8.569770682437398424e-02
8.321077047994300535e-02
8.058264878740147019e-02
7.781802674505916562e-02
7.492167720650394491e-02
7.189845928220092719e-02
6.875332214983642665e-02
6.549131355793413878e-02
6.211759195862527616e-02
5.863744095093642583e-02
5.505628459837118294e-02
5.137970222317636559e-02
4.761344146551876877e-02
4.376342869327762286e-02
3.983577620287846732e-02
3.583678600233090872e-02
3.177295025956434343e-02
2.765094869497402436e-02
2.347764328330113198e-02
1.926007061712365145e-02
1.500543220154053163e-02
1.072108283589126056e-02
6.414517131886269055e-03
2.093354147705865295e-03
-2.234679900143681647e-03
-6.561770850656111279e-03
-1.088003766569074077e-02
-1.518155518131156408e-02
-1.945837827482781515e-02
-2.370256709662858785e-02
-2.790621296052528746e-02
-3.206146446241016357e-02
-3.616055340290789261e-02
-4.019582011989927123e-02
-4.415973788456464127e-02
-4.804493607372375963e-02
-5.184422189699650768e-02
-5.555060052625209605e-02
-5.915729354394909378e-02
-6.265775569259067479e-02
-6.604568996447114648e-02
-6.931506111263266434e-02
-7.246010768362999566e-02
-7.547535266502326812e-02
-7.835561280393343875e-02
-8.109600659146123935e-02
-8.369196083142503573e-02
-8.613921563612118859e-02
-8.843382763479913644e-02
-9.057217115946068764e-02
-9.255093719964757604e-02
-9.436712999702273619e-02
-9.601806127587837747e-02
-9.750134226210070698e-02
-9.881487380906112117e-02
-9.995683510077219003e-02
-1.009256715194953025e-01
-1.017200823325430520e-01
-1.023390088659974356e-01
-1.027816237953158157e-01
-1.030473221054060140e-01
-1.031357141707130165e-01
-1.030466212942454246e-01
-1.027800739350831077e-01
-1.023363127531875388e-01
-1.017157925089214321e-01
-1.009191887685895600e-01
-9.994740728027763643e-02
-9.880159579054713370e-02
-9.748315796938214484e-02
-9.599376899989314760e-02
-9.433539227701460972e-02
-9.251029655566075927e-02
-9.052107280488186358e-02
-8.837064997097673902e-02
-8.606230883684713728e-02
-8.359969319059236403e-02
-8.098681758262091246e-02
-7.822807105309716180e-02
-7.532821634394999688e-02
-7.229238426494920267e-02
-6.912606305501048376e-02
-6.583508276232348522e-02
-6.242559485503711147e-02
-5.890404746261934665e-02
-5.527715682972630246e-02
-5.155187573042742388e-02
-4.773535972983286579e-02
-4.383493228038722045e-02
-3.985804968992300024e-02
-3.581226698960997268e-02
-3.170520565890593695e-02
-2.754452403471063793e-02
-2.333789105304703848e-02
-1.909296375926371192e-02
-1.481736879591225020e-02
-1.051868785564292509e-02
-6.204446886966843468e-03
-1.882108676349945192e-03
2.440931692050592530e-03
6.757349076152713643e-03
1.105988883016636656e-02
1.534136629109241270e-02
1.959466578973227679e-02
2.381273972987737672e-02
2.798860821165682217e-02
3.211535959048871652e-02
3.618615226345863606e-02
4.019421786290952592e-02
4.413286591751137966e-02
4.799548992201187886e-02
5.177557464887314054e-02
5.546670445003321070e-02
5.906257224623361057e-02
6.255698889262824303e-02
6.594389264537588169e-02
6.921735853092658708e-02
7.237160752790516849e-02
7.540101559629486250e-02
7.830012271297749626e-02
8.106364217963840657e-02
8.368647054404991514e-02
8.616369850830771226e-02
8.849062318202212396e-02
9.066276197388570268e-02
9.267586830487577199e-02
9.452594917767351279e-02
9.620928445985972577e-02
9.772244754605328987e-02
9.906232687199778564e-02
1.002261475795998003e-01
1.012114924954761741e-01
1.020163215058692979e-01
1.026389884042293310e-01
1.030782543646698857e-01
1.033332973558685614e-01
1.034037170450488180e-01
1.032895350273648205e-01
1.029911905188529153e-01
1.025095319318743009e-01
1.018458049723304643e-01
1.010016380279892129e-01
9.997902564214714016e-02
9.878031079070524745e-02
9.740816652673361942e-02
9.586557736274001207e-02
9.415582057204618938e-02
9.228244744889746443e-02
9.024926450172983394e-02
8.806031457571289467e-02
8.571985799809296591e-02
8.323235398323616807e-02
8.060244268280133961e-02
7.783492837840429168e-02
7.493476435694712556e-02
7.190703996678193821e-02
6.875697023035343136e-02
6.548988820831490310e-02
6.211124010560504366e-02
5.862658291896758606e-02
5.504158427934471853e-02
5.136202406003499005e-02
4.759379730478400378e-02
4.374291806598737398e-02
3.981552380807259345e-02
3.581788009720741905e-02
3.175638534163524596e-02
2.763757535249879507e-02
2.346812746080756060e-02
1.925486386215651685e-02
1.500475378553389229e-02
1.072491401810076253e-02
6.422607284014347079e-03
2.105237985311555690e-03
-2.219655129419626123e-03
-6.544409702371342674e-03
-1.086125411215119532e-02
-1.516232548253251128e-02
-1.943969126015567678e-02
-2.368537412767065045e-02
-2.789137989536179599e-02
-3.204972790839723945e-02
-3.615248341712627711e-02
-4.019179128221689323e-02
-4.415991032425300306e-02
-4.804924758088689740e-02
-5.185239170884101828e-02
-5.556214476968357463e-02
-5.917155167351338674e-02
-6.267392662662907288e-02
-6.606287603619259707e-02
-6.933231745957718628e-02
-7.247649433669253738e-02
-7.548998639608836547e-02
-7.836771576703606412e-02
-8.110494895114592206e-02
-8.369729490555979923e-02
-8.614069956887238089e-02
-8.843143722881736946e-02
-9.056609919694789956e-02
-9.254158032713548365e-02
-9.435506399306328729e-02
-9.600400621892492270e-02
-9.748611972428912475e-02
-9.879935868142003530e-02
-9.994190497424558506e-02
-1.009121566805074588e-01
-1.017087193690943137e-01
-1.023304006207656769e-01
-1.027762079605733375e-01
-1.030453501601228533e-01
-1.031372416561458921e-01
-1.030515096647088846e-01
-1.027880034658638919e-01
-1.023468052982281495e-01
-1.017282423308223938e-01
-1.009328992535119540e-01
-9.996163112363780356e-02
-9.881557619936352788e-02
-9.749616855818206418e-02
-9.600515032822634631e-02
-9.434458334694569015e-02
-9.251686001265474468e-02
-9.052471302330010461e-02
-8.837122362137100895e-02
-8.605982790217635292e-02
-8.359432070958808247e-02
-8.097885664854477528e-02
-7.821794779108028062e-02
-7.531645774110222458e-02
-7.227959184726145958e-02
-6.911288350500893740e-02
-6.582217665869220802e-02
-6.241360479163108460e-02
-5.889356686500669957e-02
-5.526870082277667018e-02
-5.154585540685432260e-02
-4.773206111192648815e-02
-4.383450114172354056e-02
-3.986048320107962728e-02
-3.581741286900513854e-02
-3.171276915239720079e-02
-2.755408263037791364e-02
-2.334891638436507183e-02
-1.910484969172598566e-02
-1.482946426493443604e-02
-1.053033266436288751e-02
-6.215008415797257033e-03
-1.891017329564349814e-03
2.434150456268890234e-03
6.753048112028970512e-03
1.105827972933502018e-02
1.534250808915756624e-02
1.959846264856494880e-02
2.381894771190104163e-02
2.799685067859315410e-02
3.212515021206480831e-02
3.619692414985295481e-02
4.020535696974427559e-02
4.414374663672608612e-02
4.800551067888494949e-02
5.178419137741818723e-02
5.547346000841443803e-02
5.906712014360054885e-02
6.255911010348505497e-02
6.594350475561727709e-02
6.921451695568030249e-02
7.236649902940289758e-02
7.539394477675062656e-02
7.829149253480593984e-02
8.105392985264878170e-02
8.367620030449587909e-02
8.615341289470074271e-02
8.848085439244021688e-02
9.065400478092185133e-02
9.266855582409773417e-02
9.452043255311068370e-02
9.620581726603723294e-02
9.772117542989888772e-02
9.906328268648181834e-02
1.002292520075502846e-01
1.012165599357259388e-01
1.020230707994633085e-01
1.026470578165761954e-01
1.030872201078297662e-01
1.033426948292753139e-01
1.034130638881112368e-01
1.032983550100477765e-01
1.029990372456749403e-01
1.025160113036844289e-01
1.018505953457014696e-01
1.010045070444356985e-01
9.997984278068905439e-02
9.877905483867985281e-02
9.740492737228313713e-02
9.586055178799642029e-02
9.414930205919593009e-02
9.227481038229794208e-02
9.024094352923890672e-02
8.805178024661351743e-02
8.571159008743398089e-02
8.322481411116551542e-02
8.059604791964843085e-02
7.783002748140127602e-02
7.493161811576522224e-02
7.190580685837325015e-02
6.875769822464007641e-02
6.549251315671028584e-02
6.211559071770298562e-02
5.863239192080662437e-02
5.504850497692460182e-02
5.136965122579502385e-02
4.760169107756287432e-02
4.375062941513230275e-02
3.982262006252960951e-02
3.582396907822697762e-02
3.176113675662511904e-02
2.764073829765048215e-02
2.346954312880686691e-02
1.925447284373581203e-02
1.500259767318871951e-02
1.072113134898145838e-02
6.417424178135153028e-03
2.098954126393074923e-03
-2.226684276844849604e-03
-6.551793358555159721e-03
-1.086858813085023190e-02
-1.516921453855657811e-02
-1.944577006016614401e-02
-2.369032652530864841e-02
-2.789495494657118907e-02
-3.205175210276633296e-02
-3.615286855147037404e-02
-4.019053768828775852e-02
-4.415710540896537056e-02
-4.804505987206008494e-02
-5.184706081178067083e-02
-5.555596782230515923e-02
-5.916486703523608087e-02
-6.266709564655073561e-02
-6.605626381863315133e-02
-6.932627358062135037e-02
-7.247133446479128716e-02
-7.548597573350061818e-02
-7.836505515642797071e-02
-8.110376438184133119e-02
-8.369763100571661618e-02
-8.614251748369969319e-02
-8.843461706434195546e-02
