0.000000000000000000e+00
0.000000000000000000e+00
-1.969852935888416479e-03
-7.850859765460460604e-03
-1.703181315202995094e-02
-2.806549150834330986e-02
-3.870672225201896022e-02
-4.618460549302680351e-02
-4.773131756045636415e-02
-4.124247939021535164e-02
-2.583419037703474364e-02
-2.071135529029044520e-03
2.823042310463030891e-02
6.253805676106022338e-02
9.824858326894764238e-02
1.331976952622955235e-01
1.659002402881755156e-01
1.955382356561286561e-01
2.218027114781010445e-01
2.446995608270357558e-01
2.643888739076590277e-01
2.810853895448606199e-01
2.950222347143161561e-01
3.064682912941184556e-01
3.157826636842291368e-01
3.234822050253928771e-01
3.302907649282214586e-01
3.371385623722949476e-01
3.450943496357675722e-01
3.552411746543536197e-01
3.685350616397093382e-01
3.856961862102861183e-01
4.071664286248185549e-01
4.331362739113217564e-01
4.636171857457243028e-01
4.985249620612974830e-01
5.377443411021253228e-01
5.811570759805858577e-01
6.286274326333852747e-01
6.799478434956166550e-01
7.347544584897811593e-01
7.924299106914312052e-01
8.520192854790998860e-01
9.121918085146460964e-01
9.712786662946135685e-01
1.027401382000501462e+00
1.078677851365613227e+00
1.123466779343486044e+00
1.160599593016913067e+00
1.189554944399039194e+00
1.210545019041860737e+00
1.224494776540822505e+00
1.232906018607044185e+00
1.237617135960243031e+00
1.240498752064708388e+00
1.243151147168069404e+00
1.246671688069882489e+00
1.251534943512072395e+00
1.257590695899972077e+00
1.264156497336280438e+00
1.270170738177835545e+00
1.274375231627578486e+00
1.275504802345591049e+00
1.272469627928553004e+00
1.264521301751909688e+00
1.251393741287614159e+00
1.233404072423189168e+00
1.211489274768908109e+00
1.187150625921694846e+00
1.162291221053795676e+00
1.138964736537364297e+00
1.119090825060330197e+00
1.104208288220155376e+00
1.095318298959744752e+00
1.092829666428341229e+00
1.096583309575775100e+00
1.105920712917955573e+00
1.119769325151113160e+00
1.136734234295599943e+00
1.155198484969204742e+00
1.173438737110829688e+00
1.189759243586101078e+00
1.202639528157086302e+00
1.210884191650732911e+00
1.213758976180000726e+00
1.211094471593963995e+00
1.203336090822541893e+00
1.191518132736082869e+00
1.177147182474769016e+00
1.162000805963081973e+00
1.147876666035485327e+00
1.136348729809584235e+00
1.128585499545673665e+00
1.125259813027541522e+00
1.126546589272861443e+00
1.132181967648152154e+00
1.141551802384898728e+00
1.153785134836041282e+00
1.167840611549071372e+00
1.182584381139256902e+00
1.196863942992561602e+00
1.209583449455107651e+00
1.219782992059379900e+00
1.226718829152401602e+00
1.229935081175065115e+00
1.229312320390504087e+00
1.225077286588009073e+00
1.217762892318803081e+00
1.208118999097515411e+00
1.196988879213002122e+00
1.185177528939427516e+00
1.173340257793309194e+00
1.161912119682358746e+00
1.151085246645855875e+00
1.140828659497944209e+00
1.130938082005103151e+00
1.121102065519451019e+00
1.110973000885291828e+00
1.100234598176446088e+00
1.088659477630841144e+00
1.076151372962741659e+00
1.062766882569638804e+00
1.048712918901464786e+00
1.034318915013854090e+00
1.019987413981307434e+00
1.006131634014538090e+00
9.931119662815426352e-01
9.811835073224703940e-01
9.704634833199285993e-01
9.609222077317833843e-01
9.523961353688521481e-01
9.446182262035383026e-01
9.372596303551248287e-01
9.299770551896118231e-01
9.224610758567221014e-01
9.144812832134014968e-01
9.059242044360289459e-01
8.968195957675020313e-01
8.873506008638885056e-01
8.778441148945007599e-01
8.687399627076963782e-01
8.605410523884717833e-01
8.537506366263706292e-01
8.488058877854045559e-01
8.460180263700802783e-01
8.455278651325182082e-01
8.472824020593813232e-01
8.510341444201009464e-01
8.563612962096317505e-01
8.627045093611651616e-01
8.694148116384420311e-01
8.758074240028903557e-01
8.812170510355670228e-01
8.850512920591724342e-01
8.868394734050650818e-01
8.862740313285110139e-01
8.832406190456898454e-01
8.778320207951690879e-01
8.703408732601305431e-01
8.612282331168911176e-01
8.510694700692126302e-01
8.404846629795766910e-01
8.300653099476699159e-01
8.203104662470828146e-01
8.115826446422944596e-01
8.040882193655043420e-01
7.978810931419720864e-01
7.928841234094261559e-01
7.889210992547290857e-01
7.857525210735170074e-01
7.831100749884558621e-01
7.807265764535862296e-01
7.783597119779565032e-01
7.758089483535532960e-01
7.729255762284165110e-01
7.696161933238429009e-01
7.658401996662560496e-01
7.616021957639294016e-01
7.569405701341007653e-01
7.519139646890184991e-01
7.465875850985748130e-01
7.410213488152554984e-01
7.352615686396638539e-01
7.293372838111633616e-01
7.232615899239231982e-01
7.170375398376824805e-01
7.106675287460707535e-01
7.041646191489879802e-01
6.975640242027494331e-01
6.909329290263475087e-01
6.843769594482089769e-01
6.780418918376487358e-01
6.721096387791480886e-01
6.667881462804505777e-01
6.622955770144990373e-01
6.588399664159290126e-01
6.565963182460718972e-01
6.556837254299261453e-01
6.561454390468086650e-01
6.579347731828166790e-01
6.609092824766302776e-01
6.648347960926501710e-01
6.693997180301348715e-01
6.742386654385988942e-01
6.789632301509651580e-01
6.831966402769842350e-01
6.866085334591007783e-01
6.889459831275384083e-01
6.900572897199852562e-01
6.899057663151783037e-01
6.885717520646089662e-01
6.862423651093669807e-01
6.831900265218212587e-01
6.797423910010198522e-01
6.762476855988341917e-01
6.730401855884478035e-01
6.704103633324890454e-01
6.685831359611966729e-01
6.677059308397412796e-01
6.678464798620475928e-01
6.689988008299916356e-01
6.710949828293060193e-01
6.740201822484481742e-01
6.776285078059297584e-01
6.817580139961605390e-01
6.862436407878523825e-01
6.909275026847062628e-01
6.956663770678348513e-01
7.003365543379449498e-01
7.048364043358994468e-01
7.090871107528862183e-01
7.130320546746127253e-01
7.166353119713769759e-01
7.198796819585775442e-01
7.227645955442265624e-01
7.253041651712748283e-01
7.275255404693432570e-01
7.294676279651740591e-01
7.311801278096650147e-01
7.327227443875005131e-01
7.341643507638335731e-01
7.355818386295222000e-01
7.370583738063766210e-01
7.386808086029629239e-01
7.405360800340601291e-01
7.427065473558642772e-01
7.452643885783666322e-01
7.482653711263462792e-01
7.517425144202882770e-01
7.557003391783445601e-01
7.601105090769119110e-01
7.649096734710238987e-01
7.700001841197848806e-01
7.752540773145631947e-01
7.805203131146296602e-01
7.856348091432802105e-01
7.904323851051452410e-01
7.947594335533898491e-01
7.984860132796417487e-01
8.015161394489273006e-01
8.037952880800252053e-01
8.053144799426004141e-01
8.061106924730013779e-01
8.062637141171798971e-01
8.058898719200811023e-01
8.051333159366372838e-01
8.041557255100946211e-01
8.031254032615922078e-01
8.022067308780396200e-01
8.015508686019947593e-01
8.012883926636105159e-01
8.015243046049078668e-01
8.023355521595897377e-01
8.037709187627699592e-01
8.058529092512171088e-01
8.085811105165260360e-01
8.119364472828836110e-01
8.158857771956069538e-01
8.203863562650995922e-01
8.253898299241870795e-01
8.308455411841374483e-01
8.367030745679788772e-01
8.429140580239422587e-01
8.494333170523947762e-01
8.562195140420703066e-01
8.632354142333715785e-01
8.704479039382416738e-01
8.778278545834186097e-01
8.853498863550249842e-01
8.929920458838294106e-01
9.007353805324008755e-01
9.085633726593291826e-01
9.164611937839495237e-01
9.244147515212446375e-01
9.324095298203070037e-01
9.404292616197988952e-01
9.484545169721821933e-01
9.564613321407544611e-01
9.644200386039309958e-01
9.722944678671272545e-01
9.800417021791669736e-01
9.876125088011291631e-01
9.949525362879652057e-01
1.002004270042524681e+00
1.008709650945401215e+00
1.015013168911420571e+00
1.020865168173645365e+00
1.026225056714566763e+00
1.031064107393259821e+00
1.035367574625939202e+00
1.039135922051810379e+00
1.042385051538490703e+00
1.045145527230261662e+00
1.047460885581644074e+00
1.049385202024123664e+00
1.050980140189471612e+00
1.052311738115123907e+00
1.053447188822587366e+00
1.054451853546521267e+00
1.055386709166356463e+00
1.056306381761972002e+00
1.057257860331612287e+00
1.058279923173107262e+00
1.059403248856983559e+00
1.060651128697626566e+00
1.062040652450906508e+00
1.063584207210439336e+00
1.065291113522298438e+00
1.067169223401618794e+00
1.069226321300718041e+00
1.071471198630167709e+00
1.073914311427174972e+00
1.076567974772669523e+00
1.079446092068266916e+00
1.082563458239631071e+00
1.085934710129856651e+00
1.089573022656304957e+00
1.093488664719642012e+00
1.097687534392803199e+00
1.102169789428995683e+00
1.106928678044469816e+00
1.111949658013498654e+00
1.117209871212053729e+00
1.122678017618456758e+00
1.128314648952213117e+00
1.134072878842305343e+00
1.139899484600992885e+00
1.145736356020953917e+00
1.151522229612236714e+00
1.157194632749932950e+00
1.162691951679965863e+00
1.167955530598386860e+00
1.172931706444645394e+00
1.177573685942236326e+00
1.181843177951919621e+00
1.185711705308057251e+00
1.189161535602944353e+00
1.192186189122604656e+00
1.194790503234384627e+00
1.196990254639215046e+00
1.198811362569484729e+00
1.200288715826812069e+00
1.201464683314623416e+00
1.202387380566441122e+00
1.203108773238785734e+00
1.203682702556130302e+00
1.204162917518598608e+00
1.204601194787280338e+00
1.205045620132673578e+00
1.205539095767800051e+00
1.206118126339278618e+00
1.206811923296359002e+00
1.207641853219131978e+00
1.208621240854714340e+00
1.209755522485288282e+00
1.211042730273537149e+00
1.212474273888018761e+00
1.214035972535754571e+00
1.215709279077624050e+00
1.217472628726499195e+00
1.219302838451303383e+00
1.221176480104150253e+00
1.223071150855691069e+00
1.224966569081003875e+00
1.226845432580854656e+00
1.228693988977002771e+00
1.230502285067098356e+00
1.232264082312903408e+00
1.233976448496360234e+00
1.235639059480703628e+00
1.237253268095375169e+00
1.238821017261837687e+00
1.240343689374178382e+00
1.241820991696203080e+00
1.243249976809589041e+00
1.244624287534514373e+00
1.245933697900741599e+00
1.247163997354276299e+00
1.248297236906553920e+00
1.249312326229279346e+00
1.250185942584627785e+00
1.250893688350354083e+00
1.251411415487162282e+00
1.251716623622744828e+00
1.251789833897123394e+00
1.251615843284668461e+00
1.251184773442151954e+00
1.250492843657646791e+00
1.249542818333122085e+00
1.248344104352367534e+00
1.246912500868333273e+00
1.245269631167381652e+00
1.243442110660946343e+00
1.241460524054457615e+00
1.239358296156891637e+00
1.237170543345242013e+00
1.234932986316138237e+00
1.232680990622403439e+00
1.230448781816037007e+00
1.228268859614873199e+00
1.226171613279037675e+00
1.224185120834870633e+00
1.222335099698026450e+00
1.220644966524751851e+00
1.219135959819168002e+00
1.217827279335978341e+00
1.216736200618510511e+00
1.215878129926731388e+00
1.215266573242186343e+00
1.214913002130753039e+00
1.214826608467503455e+00
1.215013949174653440e+00
1.215478491242635073e+00
1.216220076569348718e+00
1.217234335691728564e+00
1.218512089196722492e+00
1.220038784997705239e+00
1.221794027776458513e+00
1.223751262281433716e+00
1.225877673092294895e+00
1.228134358168026186e+00
1.230476820701261076e+00
1.232855803157335117e+00
1.235218459886779474e+00
1.237509832897200512e+00
1.239674563134180563e+00
1.241658741596333160e+00
1.243411785311013595e+00
1.244888216005974879e+00
1.246049225654696446e+00
1.246863932036682332e+00
1.247310255978129723e+00
1.247375385532646597e+00
1.247055826135170076e+00
1.246357065456808133e+00
1.245292904433914272e+00
1.243884520567214658e+00
1.242159336458076080e+00
1.240149767103010170e+00
1.237891915580198177e+00
1.235424280192969793e+00
1.232786528169837137e+00
1.230018382363425200e+00
1.227158658277138326e+00
1.224244479185217171e+00
1.221310687129308015e+00
1.218389457398980857e+00
1.215510114196067137e+00
1.212699136149542500e+00
1.209980332769558187e+00
1.207375167181804709e+00
1.204903196616308403e+00
1.202582599839309596e+00
1.200430759445925144e+00
1.198464865993726924e+00
1.196702509739776987e+00
1.195162223862995088e+00
1.193863940465845763e+00
1.192829317689638291e+00
1.192081893639228785e+00
1.191647021479295576e+00
1.191551541220161603e+00
1.191823148644238550e+00
1.192489431822290502e+00
1.193576561895352217e+00
1.195107648119000165e+00
1.197100797894380397e+00
1.199566960048413344e+00
1.202507672032496089e+00
1.205912875265575224e+00
1.209759001793441424e+00
1.214007562110222871e+00
1.218604469621885400e+00
1.223480313549912157e+00
1.228551733607061269e+00
1.233723956428157686e+00
1.238894432765796916e+00
1.243957380895811315e+00
1.248808916446558559e+00
1.253352354610666630e+00
1.257503226277281838e+00
1.261193565041579978e+00
1.264375095635094981e+00
1.267021073226922923e+00
1.269126666848595875e+00
1.270707926202802707e+00
1.271799499487636709e+00
1.272451367007713552e+00
1.272724914950051689e+00
1.272688695820426208e+00
1.272414211030542530e+00
1.271972013566794679e+00
1.271428371771925692e+00
1.270842666085722161e+00
1.270265615785160396e+00
1.269738358623208718e+00
1.269292338632932893e+00
1.268949901360648225e+00
1.268725455339933195e+00
1.268627035925098179e+00
1.268658102809277599e+00
1.268819413695455811e+00
1.269110839932375390e+00
1.269533020606897988e+00
1.270088784422206407e+00
1.270784299006144424e+00
1.271629931549361769e+00
1.272640820859678445e+00
1.273837168643904061e+00
1.275244258140674880e+00
1.276892203261094316e+00
1.278815423917453398e+00
1.281051836190210569e+00
1.283641742163194710e+00
1.286626405942565388e+00
1.290046311228928211e+00
1.293939112773688116e+00
1.298337319271752666e+00
1.303265777986480911e+00
1.308739069869268912e+00
1.314758965017786885e+00
1.321312127363606370e+00
1.328368288232576244e+00
1.335879123332194052e+00
1.343778058873787096e+00
1.351981193261241110e+00
1.360389447783166839e+00
1.368891955293266349e+00
1.377370569170245140e+00
1.385705241886065364e+00
1.393779903715394397e+00
1.401488388236287186e+00
1.408739918418485226e+00
1.415463692630402726e+00
1.421612190576612145e+00
1.427162942241954280e+00
1.432118649595093718e+00
1.436505700872914293e+00
1.440371253077924463e+00
1.443779167185559986e+00
1.446805155281302380e+00
1.449531536919028696e+00
1.452042004287548149e+00
1.454416765468841799e+00
1.456728377080054981e+00
1.459038498396919792e+00
1.461395706624845747e+00
1.463834416405243033e+00
1.466374855360859764e+00
1.469023970181509320e+00
1.471777081170785761e+00
1.474620071146325317e+00
1.477531887552643308e+00
1.480487151780671473e+00
1.483458701582769601e+00
1.486419934208348170e+00
1.489346862258015047e+00
1.492219834890779584e+00
1.495024909213736652e+00
1.497754877849507338e+00
1.500409968410977291e+00
1.502998230444308803e+00
1.505535618316271584e+00
1.508045768371419681e+00
1.510559459555275597e+00
1.513113742313419108e+00
1.515750723763884533e+00
1.518516009428470870e+00
1.521456823159938798e+00
1.524619855640274579e+00
1.528048924773881545e+00
1.531782564135943048e+00
1.535851683436646908e+00
1.540277462877583714e+00
1.545069647254654788e+00
1.550225393110769234e+00
1.555728792539251337e+00
1.561551151998208375e+00
1.567652047525346148e+00
1.573981114672659221e+00
1.580480469076187333e+00
1.587087598811078859e+00
1.593738528716881042e+00
1.600371034135876114e+00
1.606927679048551383e+00
1.613358470927913402e+00
1.619622959024284325e+00
1.625691649897415436e+00
1.631546668734651817e+00
1.637181652238625107e+00
1.642600914071228324e+00
1.647817973194038110e+00
1.652853575892168969e+00
1.657733371413935952e+00
1.662485417243667607e+00
1.667137692042927277e+00
1.671715782230967617e+00
1.676240883254319192e+00
1.680728221402216782e+00
1.685185960368660751e+00
1.689614613262879317e+00
1.694006940221264301e+00
1.698348278425878544e+00
1.702617228261648519e+00
1.706786608036006569e+00
1.710824589934321960e+00
1.714695939970678928e+00
1.718363301781282271e+00
1.721788484761479054e+00
1.724933737742940121e+00
1.727763006959348813e+00
1.730243188906722462e+00
1.732345393119918198e+00
1.734046225983015610e+00
1.735329094482497281e+00
1.736185509222472945e+00
1.736616340923023305e+00
1.736632956885997281e+00
1.736258137407000746e+00
1.735526651570186818e+00
1.734485362491645866e+00
1.733192738844297809e+00
1.731717676085451352e+00
1.730137578399275178e+00
1.728535718552814071e+00
1.726997971108907626e+00
1.725609094473756988e+00
1.724448806591825534e+00
1.723587945461503068e+00
1.723085019740541846e+00
1.722983432518661040e+00
1.723309605155026736e+00
1.724072145991928151e+00
1.725262112688854543e+00
1.726854319964382434e+00
1.728809558361456666e+00
1.731077522726913731e+00
1.733600205964489049e+00
1.736315495200774661e+00
1.739160711988979813e+00
1.742075862099076611e+00
1.745006399560972143e+00
1.747905359460996788e+00
1.750734770058070655e+00
1.753466312654644810e+00
1.756081253005485898e+00
1.758569716822281137e+00
1.760929420659723466e+00
1.763163995642440085e+00
1.765281053929295130e+00
1.767290146853861099e+00
1.769200751150904694e+00
1.771020398584120636e+00
1.772753038314449192e+00
1.774397694257577207e+00
1.775947454757243582e+00
1.777388811522633727e+00
1.778701350185742269e+00
1.779857786126793906e+00
1.780824335514406442e+00
1.781561411238319570e+00
1.782024634631317106e+00
1.782166154572121020e+00
1.781936263898115325e+00
1.781285297543958590e+00
1.780165786409888540e+00
1.778534825108719186e+00
1.776356590478826991e+00
1.773604921813196178e+00
1.770265844746174100e+00
1.766339891347243451e+00
1.761844043123987014e+00
1.756813106477403963e+00
1.751300327656954536e+00
1.745377072371676164e+00
1.739131438472101721e+00
1.732665740005435051e+00
1.726092894339724459e+00
1.719531852414010409e+00
1.713102322032044267e+00
1.706919129102669741e+00
1.701086625827349597e+00
1.695693576045582462e+00
1.690808921171774282e+00
1.686478758340943518e+00
1.682724755593071775e+00
1.679544101776584863e+00
1.676910957256147361e+00
1.674779249859913888e+00
1.673086559925203609e+00
1.671758766121614226e+00
1.670715083742837503e+00
1.669873120197361560e+00
1.669153596814679563e+00
1.668484437848561708e+00
1.667804000589340863e+00
1.667063306852269555e+00
1.666227226681082030e+00
1.665274650627682096e+00
1.664197759200711779e+00
1.663000550911268638e+00
1.661696820582499790e+00
1.660307787210453023e+00
1.658859558565075387e+00
1.657380593007434788e+00
1.655899283985579729e+00
1.654441755801029590e+00
1.653029926117002502e+00
1.651679865356836086e+00
1.650400467708492025e+00
1.649192442967927441e+00
1.648047641153986387e+00
1.646948729537053513e+00
1.645869250425125330e+00
1.644774093520608549e+00
1.643620415127897250e+00
1.642359025253488092e+00
1.640936241570624565e+00
1.639296177087432804e+00
1.637383388882011737e+00
1.635145772872969694e+00
1.632537549847955738e+00
1.629522156796217924e+00
1.626074840352282447e+00
1.622184749818490701e+00
1.617856347696531305e+00
1.613109995415276554e+00
1.607981628072836733e+00
1.602521499498795299e+00
1.596792051267493129e+00
1.590865029215818183e+00
1.584818031476106892e+00
1.578730717032422515e+00
1.572680929177713516e+00
1.566740992123731635e+00
1.560974421926113909e+00
1.555433257457543350e+00
1.550156167500413629e+00
1.545167431000167735e+00
1.540476824096575825e+00
1.536080384406961041e+00
1.531961964391161501e+00
1.528095435254987589e+00
1.524447364088499679e+00
1.520979962577698519e+00
1.517654097605702468e+00
1.514432163024656219e+00
1.511280636827493806e+00
1.508172186066525811e+00
1.505087228732196802e+00
1.502014911949463905e+00
1.498953513561129824e+00
1.495910314376209138e+00
1.492901017378167161e+00
1.489948806166603301e+00
1.487083137951399348e+00
1.484338358366801280e+00
1.481752209333550230e+00
1.479364280977284229e+00
1.477214438142901765e+00
1.475341234898772225e+00
1.473780319460355592e+00
1.472562829106326188e+00
1.471713780786927384e+00
1.471250477993898187e+00
1.471180976669665519e+00
1.471502679868665009e+00
1.472201158720691794e+00
1.473249321060214445e+00
1.474607063197133971e+00
1.476221538961747459e+00
1.478028158590601882e+00
1.479952385769741863e+00
1.481912335376643242e+00
1.483822092800787473e+00
1.485595588231817477e+00
1.487150779169986059e+00
1.488413835511300132e+00
1.489322995387643678e+00
1.489831772811588184e+00
1.489911249566857165e+00
1.489551266436767829e+00
1.488760430558100811e+00
1.487564962119846790e+00
1.486006501402001856e+00
1.484139076071629093e+00
1.482025482798943639e+00
1.479733364855666755e+00
1.477331269848872752e+00
1.474884952526248405e+00
1.472454150937875017e+00
1.470090014624807040e+00
1.467833305340092043e+00
1.465713428484633152e+00
1.463748291421246961e+00
1.461944927614576395e+00
1.460300777406020156e+00
1.458805480756384165e+00
1.457443016830848759e+00
1.456194020548776891e+00
1.455038116011817539e+00
1.453956128203314435e+00
1.452932063459069889e+00
1.451954781375810022e+00
1.451019311726686301e+00
1.450127796159444760e+00
1.449290053833797831e+00
1.448523782025315176e+00
1.447854407724667336e+00
1.447314606052874986e+00
1.446943498169724895e+00
1.446785537750301609e+00
1.446889093369761348e+00
1.447304736188016916e+00
1.448083249522384541e+00
1.449273389960727965e+00
1.450919448653317900e+00
1.453058685668900285e+00
1.455718738354979447e+00
1.458915134130641444e+00
1.462649065649054503e+00
1.466905607323887750e+00
1.471652561507778234e+00
1.476840114586660313e+00
1.482401453149072346e+00
1.488254435629456474e+00
1.494304336480881457e+00
1.500447583771764126e+00
1.506576307677835125e+00
1.512583420767756426e+00
1.518367876406420347e+00
1.523839711946014308e+00
1.528924486295364371e+00
1.533566767518849350e+00
1.537732408812924056e+00
1.541409458759317452e+00
1.544607669959571439e+00
1.547356685306126245e+00
1.549703082109325836e+00
1.551706533407034794e+00
1.553435398662521560e+00
1.554962080937861479e+00
1.556358484665583131e+00
1.557691879066327001e+00
1.559021420419096859e+00
1.560395516888174683e+00
1.561850139277316529e+00
1.563408098026197068e+00
1.565079229479991119e+00
1.566861370653663599e+00
1.568741957118327202e+00
1.570700056168795378e+00
1.572708646822606804e+00
1.574736976248433562e+00
1.576752853534133969e+00
1.578724779760687591e+00
1.580623851628119247e+00
1.582425408848025628e+00
1.584110419310786444e+00
1.585666608795521793e+00
1.587089343866601387e+00
1.588382269492230270e+00
1.589557690052452621e+00
1.590636667803497106e+00
1.591648800805336883e+00
1.592631636754426427e+00
1.593629683190654234e+00
1.594692989922026571e+00
1.595875306271996141e+00
1.597231852029938892e+00
1.598816783045267975e+00
1.600680475019019333e+00
1.602866786138217536e+00
1.605410484735147136e+00
1.608335037124719147e+00
1.611650940079594196e+00
1.615354751482312112e+00
1.619428923746277782e+00
1.623842482359812989e+00
1.628552523009531239e+00
1.633506432753681459e+00
1.638644681062754183e+00
1.643903981440943962e+00
1.649220597983814374e+00
1.654533565346444357e+00
1.659787604464270983e+00
1.664935547214384748e+00
1.669940126907898836e+00
1.674775043365771321e+00
1.679425266721716437e+00
1.683886598848416405e+00
1.688164561830456822e+00
1.692272726141792250e+00
1.696230624488261007e+00
1.700061418456548790e+00
1.703789492624183888e+00
1.707438144059667096e+00
1.711027514916626746e+00
1.714572884329951252e+00
1.718083396673831142e+00
1.721561261034198598e+00
1.725001416386912734e+00
1.728391622918776349e+00
1.731712915518713203e+00
1.734940342465080887e+00
1.738043910786205348e+00
1.740989668153980041e+00
1.743740866782095722e+00
1.746259174258360858e+00
1.748505915991084958e+00
1.750443350699162348e+00
1.752035991398985360e+00
1.753251987666601952e+00
1.754064579456263928e+00
1.754453618216482713e+00
1.754407128212990941e+00
1.753922851672113481e+00
1.753009688629830753e+00
1.751688910529018539e+00
1.749995001166596342e+00
1.747975965863867831e+00
1.745692955973245697e+00
1.743219085937641744e+00
1.740637376021837435e+00
1.738037833027096246e+00
1.735513776002334474e+00
1.733157611531091158e+00
1.731056347984470278e+00
1.729287194750362078e+00
1.727913609255368410e+00
1.726982126757043545e+00
1.726520238675476548e+00
1.726535485216051935e+00
1.727015812406908601e+00
1.727931128722637100e+00
1.729235896270579609e+00
1.730872515792895694e+00
1.732775218158659092e+00
1.734874157807075878e+00
1.737099412833165157e+00
1.739384627433091524e+00
1.741670079971433305e+00
1.743905018702426313e+00
1.746049172053338649e+00
1.748073406402647967e+00
1.749959566655604037e+00
1.751699589142060809e+00
1.753294018599092841e+00
1.754750088532420760e+00
1.756079535894178756e+00
1.757296317362763372e+00
1.758414377871165613e+00
1.759445596055248195e+00
1.760398000368214255e+00
1.761274318136351713e+00
1.762070891573196185e+00
1.762776972352374294e+00
1.763374391024110199e+00
1.763837589259565464e+00
1.764134000413767334e+00
1.764224765240621995e+00
1.764065772432800383e+00
1.763609015649313605e+00
1.762804257761806603e+00
1.761600987578797017e+00
1.759950643228460399e+00
1.757809059230799775e+00
1.755139071263834616e+00
1.751913184683648428e+00
1.748116181886898435e+00
1.743747512637826791e+00
1.738823284836896965e+00
1.733377656424017532e+00
1.727463428496176512e+00
1.721151661386115306e+00
1.714530183814831688e+00
1.707700941256898197e+00
1.700776229287257690e+00
1.693873971141471202e+00
1.687112311278922583e+00
1.680603891061092092e+00
1.674450232429554930e+00
1.668736669221452473e+00
1.663528229684263726e+00
1.658866792527962986e+00
1.654769724262953989e+00
1.651230073486997352e+00
1.648218264662573818e+00
1.645685113958633483e+00
1.643565893282665780e+00
1.641785101987528250e+00
1.640261571682188002e+00
1.638913528151303645e+00
1.637663263444894657e+00
1.636441126594477380e+00
1.635188617066771322e+00
1.633860453160094206e+00
1.632425579078162325e+00
1.630867160146186379e+00
1.629181687287622360e+00
1.627377363292412227e+00
1.625471971369002677e+00
1.623490431059070094e+00
1.621462230928863324e+00
1.619418896968308097e+00
1.617391617019140027e+00
1.615409101616871457e+00
1.613495726252759610e+00
1.611669973459630700e+00
1.609943177451895524e+00
1.608318569338960780e+00
1.606790625332376932e+00
1.605344730589653102e+00
1.603957183218721827e+00
1.602595572101843224e+00
1.601219564579106969e+00
1.599782132652535882e+00
1.598231227735491089e+00
1.596511884445110052e+00
1.594568695868805897e+00
1.592348560296356075e+00
1.589803558100325143e+00
1.586893783359068610e+00
1.583589933707505448e+00
1.579875458271856381e+00
1.575748079865454399e+00
1.571220543855545104e+00
1.566320499608759631e+00
1.561089486215966993e+00
1.555581065619149550e+00
1.549858215824384322e+00
1.543990157272836505e+00
1.538048830497052322e+00
1.532105268705169721e+00
1.526226113124654837e+00
1.520470502485254283e+00
1.514887533721504198e+00
1.509514443064631006e+00
1.504375600081500064e+00
1.499482346820078194e+00
1.494833654539716505e+00
1.490417515485832345e+00
1.486212940237576330e+00
1.482192395281307640e+00
1.478324493093172265e+00
1.474576739844255524e+00
1.470918154437220959e+00
1.467321596025570551e+00
1.463765672885497082e+00
1.460236149429643859e+00
1.456726815176309087e+00
1.453239824240726730e+00
1.449785551566263653e+00
1.446382039098521588e+00
1.443054119592059426e+00
1.439832307760419594e+00
1.436751539745728667e+00
1.433849825355946628e+00
1.431166856860343284e+00
1.428742597162018679e+00
1.426615852379455873e+00
1.424822822115701992e+00
1.423395616970320354e+00
1.422360738197964825e+00
1.421737528872332845e+00
1.421536628447474637e+00
1.421758491054517570e+00
1.422392058851624785e+00
1.423413710661757037e+00
1.424786627362184088e+00
1.426460722896358835e+00
1.428373277652105422e+00
1.430450375328257584e+00
1.432609184577623651e+00
1.434761046443556953e+00
1.436815236638513182e+00
1.438683180979117182e+00
1.440282827783617936e+00
1.441542836653705972e+00
1.442406238292106568e+00
1.442833257484031906e+00
1.442803066143642177e+00
1.442314334100862627e+00
1.441384557203101657e+00
1.440048250214036818e+00
1.438354183432881017e+00
1.436361908804112408e+00
1.434137860092441485e+00
1.431751322945206351e+00
1.429270557482290593e+00
1.426759322929855189e+00
1.424274005673074717e+00
1.421861493846826363e+00
1.419557877994734874e+00
1.417387993122631418e+00
1.415365757297435856e+00
1.413495210178161265e+00
1.411772115241602510e+00
1.410185964569257600e+00
1.408722215908847275e+00
1.407364597535462725e+00
1.406097334734704551e+00
1.404907178739745355e+00
1.403785150247353952e+00
1.402727940855562405e+00
1.401738943273990845e+00
1.400828902508519436e+00
1.400016194354565480e+00
1.399326744721542948e+00
1.398793604909065902e+00
1.398456196026417464e+00
1.398359232663493934e+00
1.398551334009832114e+00
1.399083331888551385e+00
1.400006291149837656e+00
1.401369269508843551e+00
1.403216861556099815e+00
1.405586594990450688e+00
1.408506275037658462e+00
1.411991403512077969e+00
1.416042828936283193e+00
1.420644809212539217e+00
1.425763683076924915e+00
1.431347344862419213e+00
1.437325693204221544e+00
1.443612174306146745e+00
1.450106463820236335e+00
1.456698232767086765e+00
1.463271832199393607e+00
1.469711623034614778e+00
1.475907588380674040e+00
1.481760811146345613e+00
1.487188390215363087e+00
1.492127406931260669e+00
1.496537634958539531e+00
1.500402799027527712e+00
1.503730316271535639e+00
1.506549582153406286e+00
1.508908978010863322e+00
1.510871869379991628e+00
1.512511927674685452e+00
1.513908139937077957e+00
1.515139872162282852e+00
1.516282323104756191e+00
1.517402651360289401e+00
1.518556984667953857e+00
1.519788434336076577e+00
1.521126148246769283e+00
1.522585352108834833e+00
1.524168258681914079e+00
1.525865674688246409e+00
1.527659108238715202e+00
1.529523175735048479e+00
1.531428123246307393e+00
1.533342307878132971e+00
1.535234523004499474e+00
1.537076090671108952e+00
1.538842679194375673e+00
1.540515829826549332e+00
1.542084191249436076e+00
1.543544464610570044e+00
1.544902056702472937e+00
1.546171428005669757e+00
1.547376109829057045e+00
1.548548355089847339e+00
1.549728384396770853e+00
1.550963196070065608e+00
1.552304927092507558e+00
1.553808781425629393e+00
1.555530580341256019e+00
1.557524032267409542e+00
1.559837861611101495e+00
1.562512970950759694e+00
1.565579833034817847e+00
1.569056313568571781e+00
1.572946110245510010e+00
1.577237957846475691e+00
1.581905696106003401e+00
1.586909231409581178e+00
1.592196351942504640e+00
1.597705286196251961e+00
1.603367834103345269e+00
1.609112854696425288e+00
1.614869868284407595e+00
1.620572526491803389e+00
1.626161719431742370e+00
1.631588122997727153e+00
1.636814036554159912e+00
1.641814417311177721e+00
1.646577077515843035e+00
1.651102069822894869e+00
1.655400340919934710e+00
1.659491780279501505e+00
1.663402826842532711e+00
1.667163819051443507e+00
1.670806281231251189e+00
1.674360331257843892e+00
1.677852371616889826e+00
1.681303190853022267e+00
1.684726559053001171e+00
1.688128354445544321e+00
1.691506213779224499e+00
1.694849661678044628e+00
1.698140647243570278e+00
1.701354401626725465e+00
1.704460528128658670e+00
1.707424244929949708e+00
1.710207716858530569e+00
1.712771433047546088e+00
1.715075608104839056e+00
1.717081602023091680e+00
1.718753365653895138e+00
1.720058922146274094e+00
1.720971889257186138e+00
1.721473032832966599e+00
1.721551819056492239e+00
1.721207904419911561e+00
1.720452471206979528e+00
1.719309287173303780e+00
1.717815346759664186e+00
1.716020943746114025e+00
1.713989037511533864e+00
1.711793811000789756e+00
1.709518378840689135e+00
1.707251684970625849e+00
1.705084721838300954e+00
1.703106294597533932e+00
1.701398628708976846e+00
1.700033163876378373e+00
1.699066881811359009e+00
1.698539477299913614e+00
1.698471606492159669e+00
1.698864344690788286e+00
1.699699873199310485e+00
1.700943306246081921e+00
1.702545477169455035e+00
1.704446436076000104e+00
1.706579372483986612e+00
1.708874665496310286e+00
1.711263777617089588e+00
1.713682741886279448e+00
1.716075040585147038e+00
1.718393732426604315e+00
1.720602749083517402e+00
1.722677346394390074e+00
1.724603755964779328e+00
1.726378134766835881e+00
1.728004949996957196e+00
1.729494961297887823e+00
1.730862971482280521e+00
1.732125510905135224e+00
1.733298602125374455e+00
1.734395724271532213e+00
1.735426065036703935e+00
1.736393116851621565e+00
1.737293646166719441e+00
1.738117043364007186e+00
1.738845046670760564e+00
1.739451826272204737e+00
1.739904413249157011e+00
1.740163459919268130e+00
1.740184321250489496e+00
1.739918448907206816e+00
1.739315088168755130e+00
1.738323261902773087e+00
1.736894014035199385e+00
1.734982867209411861e+00
1.732552425916217498e+00
1.729575028422569716e+00
1.726035320377633298e+00
1.721932593187673000e+00
1.717282705501439910e+00
1.712119391913614619e+00
1.706494765355614618e+00
1.700478844282111268e+00
1.694157986493503909e+00
1.687632188532860678e+00
1.681011308397819093e+00
1.674410379722995224e+00
1.667944293018258417e+00
1.661722207335602608e+00
1.655842108676174540e+00
